
********** Local Data Warehouse and Analytical Reporting System **********
Filename: Stock Market and Macroeconomic Intelligence
User ID: 800338
Username: Shalini Tata
File Path: /Users/shalinitata/Desktop/stocks/watcher.py
********** Stock Market and Macroeconomic Intelligence **********
2025-11-25 15:27:41,019 - INFO - ===== started running the process ======
2025-11-25 15:27:41,064 - INFO - ============================================================
2025-11-25 15:27:41,064 - INFO - HISTORICAL PROCESSING FROM CONFIG
2025-11-25 15:27:41,064 - INFO - Range: 2021-01-01 to 2021-12-31
2025-11-25 15:27:41,064 - INFO - ============================================================
2025-11-25 15:27:41,064 - INFO - 
============================================================
2025-11-25 15:27:41,064 - INFO - Fetching HISTORICAL data for 2021
2025-11-25 15:27:41,064 - INFO - Period: 2021-01-01 to 2021-12-31
2025-11-25 15:27:41,066 - INFO - total companies with tickers: 97
2025-11-25 15:27:41,069 - INFO - found 260 days already saved
2025-11-25 15:27:41,069 - INFO - 
[1] ->  Walmart (WMT)
2025-11-25 15:27:42,970 - INFO - Got 251 days of data
2025-11-25 15:27:42,983 - INFO - 
[2] ->  Amazon (AMZN)
2025-11-25 15:27:43,275 - INFO - Got 251 days of data
2025-11-25 15:27:43,287 - INFO - 
[3] ->  Apple (APLE)
2025-11-25 15:27:43,592 - INFO - Got 251 days of data
2025-11-25 15:27:43,605 - INFO - 
[4] ->  CVS Health (CVS)
2025-11-25 15:27:43,978 - INFO - Got 251 days of data
2025-11-25 15:27:43,991 - INFO - 
[5] ->  UnitedHealth Group (UNH)
2025-11-25 15:27:44,319 - INFO - Got 251 days of data
2025-11-25 15:27:44,331 - INFO - 
[6] ->  Berkshire Hathaway (BRK.A)
2025-11-25 15:27:46,037 - INFO - No data available
2025-11-25 15:27:46,037 - INFO - 
[7] ->  McKesson (MCK)
2025-11-25 15:27:46,367 - INFO - Got 251 days of data
2025-11-25 15:27:46,380 - INFO - 
[8] ->  AmerisourceBergen (ABC.VI)
2025-11-25 15:27:47,223 - INFO - No data available
2025-11-25 15:27:47,223 - INFO - 
[9] ->  Alphabet (GOOGL)
2025-11-25 15:27:47,515 - INFO - Got 251 days of data
2025-11-25 15:27:47,527 - INFO - 
[10] ->  Exxon Mobil (XOM)
2025-11-25 15:27:47,923 - INFO - Got 251 days of data
2025-11-25 15:27:47,936 - INFO - 
[11] ->  AT&T (ATT.L)
2025-11-25 15:27:48,226 - INFO - Got 252 days of data
2025-11-25 15:27:48,238 - INFO - 
[12] ->  Costco Wholesale (COST)
2025-11-25 15:27:48,561 - INFO - Got 251 days of data
2025-11-25 15:27:48,572 - INFO - 
[13] ->  Cigna (CI)
2025-11-25 15:27:48,908 - INFO - Got 251 days of data
2025-11-25 15:27:48,920 - INFO - 
[14] ->  Cardinal Health (CAH)
2025-11-25 15:27:49,275 - INFO - Got 251 days of data
2025-11-25 15:27:49,287 - INFO - 
[15] ->  Microsoft (MSFT)
2025-11-25 15:27:49,603 - INFO - Got 251 days of data
2025-11-25 15:27:49,615 - INFO - 
[16] ->  Walgreens Boots Alliance (WBA)
2025-11-25 15:27:51,898 - INFO - No data available
2025-11-25 15:27:51,898 - INFO - 
[17] ->  Kroger (KR)
2025-11-25 15:27:52,277 - INFO - Got 251 days of data
2025-11-25 15:27:52,288 - INFO - 
[18] ->  Home Depot (HD)
2025-11-25 15:27:52,655 - INFO - Got 251 days of data
2025-11-25 15:27:52,667 - INFO - 
[19] ->  JPMorgan Chase (JPM)
2025-11-25 15:27:53,048 - INFO - Got 251 days of data
2025-11-25 15:27:53,059 - INFO - 
[20] ->  Verizon Communications (VZ)
2025-11-25 15:27:53,420 - INFO - Got 251 days of data
2025-11-25 15:27:53,432 - INFO - 
[21] ->  Ford Motor (F)
2025-11-25 15:27:53,800 - INFO - Got 251 days of data
2025-11-25 15:27:53,812 - INFO - 
[22] ->  General Motors (GM)
2025-11-25 15:27:54,115 - INFO - Got 251 days of data
2025-11-25 15:27:54,127 - INFO - 
[23] ->  Elevance Health (ELV)
2025-11-25 15:27:54,432 - INFO - Got 251 days of data
2025-11-25 15:27:54,445 - INFO - 
[24] ->  Centene (CNC)
2025-11-25 15:27:54,760 - INFO - Got 251 days of data
2025-11-25 15:27:54,773 - INFO - 
[25] ->  Fannie Mae (FNMA)
2025-11-25 15:27:55,111 - INFO - Got 251 days of data
2025-11-25 15:27:55,124 - INFO - 
[26] ->  Comcast (CMCSA)
2025-11-25 15:27:55,482 - INFO - Got 251 days of data
2025-11-25 15:27:55,494 - INFO - 
[27] ->  Chevron (CVX)
2025-11-25 15:27:55,885 - INFO - Got 251 days of data
2025-11-25 15:27:55,898 - INFO - 
[28] ->  Dell Technologies (DELL)
2025-11-25 15:27:56,201 - INFO - Got 251 days of data
2025-11-25 15:27:56,213 - INFO - 
[29] ->  Bank of America (BAC)
2025-11-25 15:27:56,562 - INFO - Got 251 days of data
2025-11-25 15:27:56,574 - INFO - 
[30] ->  Target (TGT)
2025-11-25 15:27:56,918 - INFO - Got 251 days of data
2025-11-25 15:27:56,931 - INFO - 
[31] ->  Lowe's (X1G.PA)
2025-11-25 15:27:57,224 - INFO - Got 257 days of data
2025-11-25 15:27:57,237 - INFO - 
[32] ->  Marathon Petroleum (MPC)
2025-11-25 15:27:57,548 - INFO - Got 251 days of data
2025-11-25 15:27:57,561 - INFO - 
[33] ->  Citigroup (C)
2025-11-25 15:27:57,893 - INFO - Got 251 days of data
2025-11-25 15:27:57,904 - INFO - 
[34] ->  Meta Platforms (META)
2025-11-25 15:27:58,198 - INFO - Got 251 days of data
2025-11-25 15:27:58,211 - INFO - 
[35] ->  UPS (UPS)
2025-11-25 15:27:58,541 - INFO - Got 251 days of data
2025-11-25 15:27:58,553 - INFO - 
[36] ->  Johnson & Johnson (JNJ)
2025-11-25 15:27:58,946 - INFO - Got 251 days of data
2025-11-25 15:27:58,956 - INFO - 
[37] ->  Wells Fargo (WFC)
2025-11-25 15:27:59,300 - INFO - Got 251 days of data
2025-11-25 15:27:59,312 - INFO - 
[38] ->  General Electric (GE)
2025-11-25 15:27:59,704 - INFO - Got 251 days of data
2025-11-25 15:27:59,717 - INFO - 
[40] ->  Intel (INTC)
2025-11-25 15:28:00,057 - INFO - Got 251 days of data
2025-11-25 15:28:00,070 - INFO - 
[41] ->  Humana (HUM.ST)
2025-11-25 15:28:00,397 - INFO - Got 253 days of data
2025-11-25 15:28:00,410 - INFO - 
[42] ->  IBM (IBM)
2025-11-25 15:28:00,803 - INFO - Got 251 days of data
2025-11-25 15:28:00,816 - INFO - 
[43] ->  Procter & Gamble (PG)
2025-11-25 15:28:01,205 - INFO - Got 251 days of data
2025-11-25 15:28:01,218 - INFO - 
[44] ->  PepsiCo (PEP)
2025-11-25 15:28:01,589 - INFO - Got 251 days of data
2025-11-25 15:28:01,602 - INFO - 
[45] ->  FedEx (FDX)
2025-11-25 15:28:01,935 - INFO - Got 251 days of data
2025-11-25 15:28:01,948 - INFO - 
[46] ->  MetLife (MET)
2025-11-25 15:28:02,268 - INFO - Got 251 days of data
2025-11-25 15:28:02,281 - INFO - 
[47] ->  Freddie Mac (FMCC)
2025-11-25 15:28:02,556 - INFO - Got 251 days of data
2025-11-25 15:28:02,569 - INFO - 
[48] ->  Phillips 66 (PSX)
2025-11-25 15:28:02,882 - INFO - Got 251 days of data
2025-11-25 15:28:02,894 - INFO - 
[49] ->  Lockheed Martin (LMT)
2025-11-25 15:28:03,313 - INFO - Got 251 days of data
2025-11-25 15:28:03,325 - INFO - 
[50] ->  Walt Disney (DIS)
2025-11-25 15:28:03,759 - INFO - Got 251 days of data
2025-11-25 15:28:03,770 - INFO - 
[51] ->  Archer Daniels Midland (ADM)
2025-11-25 15:28:04,130 - INFO - Got 251 days of data
2025-11-25 15:28:04,142 - INFO - 
[52] ->  Albertsons (ACI)
2025-11-25 15:28:04,435 - INFO - Got 251 days of data
2025-11-25 15:28:04,448 - INFO - 
[53] ->  Valero Energy (VLO)
2025-11-25 15:28:04,791 - INFO - Got 251 days of data
2025-11-25 15:28:04,803 - INFO - 
[54] ->  Boeing (BA)
2025-11-25 15:28:05,155 - INFO - Got 251 days of data
2025-11-25 15:28:05,168 - INFO - 
[55] ->  Prudential Financial (PRU)
2025-11-25 15:28:05,522 - INFO - Got 251 days of data
2025-11-25 15:28:05,533 - INFO - 
[56] ->  HP (HP)
2025-11-25 15:28:05,887 - INFO - Got 251 days of data
2025-11-25 15:28:05,899 - INFO - 
[57] ->  Raytheon Technologies (^RTX)
2025-11-25 15:28:06,179 - INFO - No data available
2025-11-25 15:28:06,179 - INFO - 
[58] ->  StoneX Group (SNEX)
2025-11-25 15:28:06,468 - INFO - Got 251 days of data
2025-11-25 15:28:06,481 - INFO - 
[59] ->  Goldman Sachs Group (GS)
2025-11-25 15:28:06,856 - INFO - Got 251 days of data
2025-11-25 15:28:06,868 - INFO - 
[60] ->  Sysco (SYY)
2025-11-25 15:28:07,214 - INFO - Got 251 days of data
2025-11-25 15:28:07,227 - INFO - 
[61] ->  Morgan Stanley (MS)
2025-11-25 15:28:07,584 - INFO - Got 251 days of data
2025-11-25 15:28:07,597 - INFO - 
[62] ->  HCA Healthcare (HCA)
2025-11-25 15:28:07,918 - INFO - Got 251 days of data
2025-11-25 15:28:07,931 - INFO - 
[63] ->  Cisco Systems (CSCO)
2025-11-25 15:28:08,252 - INFO - Got 251 days of data
2025-11-25 15:28:08,265 - INFO - 
[64] ->  Charter Communications (CHTR)
2025-11-25 15:28:08,551 - INFO - Got 251 days of data
2025-11-25 15:28:08,563 - INFO - 
[65] ->  Merck (MRK)
2025-11-25 15:28:08,946 - INFO - Got 251 days of data
2025-11-25 15:28:08,957 - INFO - 
[66] ->  Best Buy (BBY)
2025-11-25 15:28:09,278 - INFO - Got 251 days of data
2025-11-25 15:28:09,290 - INFO - 
[67] ->  New York Life Insurance (601336.SS)
2025-11-25 15:28:09,654 - INFO - Got 242 days of data
2025-11-25 15:28:09,667 - INFO - 
[68] ->  AbbVie (ABBV)
2025-11-25 15:28:09,968 - INFO - Got 251 days of data
2025-11-25 15:28:09,981 - INFO - 
[70] ->  Allstate (ALL)
2025-11-25 15:28:10,314 - INFO - Got 251 days of data
2025-11-25 15:28:10,326 - INFO - 
[71] ->  Liberty Mutual Insurance Group (LFG.AX)
2025-11-25 15:28:10,623 - INFO - Got 253 days of data
2025-11-25 15:28:10,636 - INFO - 
[72] ->  AIG (AIG)
2025-11-25 15:28:10,989 - INFO - Got 251 days of data
2025-11-25 15:28:11,001 - INFO - 
[73] ->  Tyson Foods (TSN)
2025-11-25 15:28:11,359 - INFO - Got 251 days of data
2025-11-25 15:28:11,371 - INFO - 
[74] ->  Progressive (PGR)
2025-11-25 15:28:11,720 - INFO - Got 251 days of data
2025-11-25 15:28:11,733 - INFO - 
[76] ->  Nationwide (NATWIDE.KL)
2025-11-25 15:28:12,568 - INFO - No data available
2025-11-25 15:28:12,568 - INFO - 
[77] ->  Pfizer (PFIZER.NS)
2025-11-25 15:28:12,889 - INFO - Got 247 days of data
2025-11-25 15:28:12,901 - INFO - 
[78] ->  Caterpillar (CAT)
2025-11-25 15:28:13,292 - INFO - Got 251 days of data
2025-11-25 15:28:13,305 - INFO - 
[79] ->  TIAA (TILIX)
2025-11-25 15:28:13,636 - INFO - Got 251 days of data
2025-11-25 15:28:13,648 - INFO - 
[80] ->  Oracle (ORCL)
2025-11-25 15:28:13,958 - INFO - Got 251 days of data
2025-11-25 15:28:13,970 - INFO - 
[81] ->  Energy Transfer (ET)
2025-11-25 15:28:14,287 - INFO - Got 251 days of data
2025-11-25 15:28:14,300 - INFO - 
[82] ->  Dow (DOW)
2025-11-25 15:28:14,598 - INFO - Got 251 days of data
2025-11-25 15:28:14,611 - INFO - 
[83] ->  American Express (AXP)
2025-11-25 15:28:14,970 - INFO - Got 251 days of data
2025-11-25 15:28:14,983 - INFO - 
[84] ->  General Dynamics (GD)
2025-11-25 15:28:15,361 - INFO - Got 251 days of data
2025-11-25 15:28:15,373 - INFO - 
[85] ->  Nike (NKE)
2025-11-25 15:28:15,720 - INFO - Got 251 days of data
2025-11-25 15:28:15,732 - INFO - 
[86] ->  Northrop Grumman (NOC)
2025-11-25 15:28:16,092 - INFO - Got 251 days of data
2025-11-25 15:28:16,105 - INFO - 
[87] ->  USAA (UIPMX)
2025-11-25 15:28:16,410 - INFO - Got 251 days of data
2025-11-25 15:28:16,420 - INFO - 
[88] ->  Deere (DE)
2025-11-25 15:28:16,797 - INFO - Got 251 days of data
2025-11-25 15:28:16,810 - INFO - 
[89] ->  Abbott Laboratories (ABT)
2025-11-25 15:28:17,170 - INFO - Got 251 days of data
2025-11-25 15:28:17,181 - INFO - 
[90] ->  Northwestern Mutual (NWE)
2025-11-25 15:28:17,496 - INFO - Got 251 days of data
2025-11-25 15:28:17,508 - INFO - 
[91] ->  Dollar General (DG)
2025-11-25 15:28:17,820 - INFO - Got 251 days of data
2025-11-25 15:28:17,833 - INFO - 
[92] ->  Exelon (EXC)
2025-11-25 15:28:18,205 - INFO - Got 251 days of data
2025-11-25 15:28:18,218 - INFO - 
[93] ->  Coca-Cola (COLA.WA)
2025-11-25 15:28:19,087 - INFO - No data available
2025-11-25 15:28:19,088 - INFO - 
[94] ->  Honeywell International (HON)
2025-11-25 15:28:19,489 - INFO - Got 251 days of data
2025-11-25 15:28:19,501 - INFO - 
[95] ->  Thermo Fisher Scientific (TMO)
2025-11-25 15:28:19,847 - INFO - Got 251 days of data
2025-11-25 15:28:19,860 - INFO - 
[96] ->  3M (MMM)
2025-11-25 15:28:20,240 - INFO - Got 251 days of data
2025-11-25 15:28:20,250 - INFO - 
[97] ->  TJX (TJX)
2025-11-25 15:28:20,619 - INFO - Got 251 days of data
2025-11-25 15:28:20,632 - INFO - 
[98] ->  Travelers (TRV)
2025-11-25 15:28:20,973 - INFO - Got 251 days of data
2025-11-25 15:28:20,986 - INFO - 
[99] ->  Capital One Financial (COF)
2025-11-25 15:28:21,326 - INFO - Got 251 days of data
2025-11-25 15:28:21,339 - INFO - 
[100] ->  Tesla (TSLA)
2025-11-25 15:28:21,639 - INFO - Got 251 days of data
2025-11-25 15:28:21,651 - INFO - Historic stocks data collected
2025-11-25 15:28:21,652 - INFO - 
============================================================
2025-11-25 15:28:21,652 - INFO - Creating HISTORICAL company metadata
2025-11-25 15:28:21,652 - INFO - Years: 2021 to 2021
2025-11-25 15:28:21,652 - INFO - 
2021: Metadata already exists — skipping
2025-11-25 15:28:21,652 - INFO - 
Metadata creation completed
2025-11-25 15:28:21,652 - INFO - 
============================================================
2025-11-25 15:28:21,652 - INFO - Creating HISTORICAL macro data
2025-11-25 15:28:21,652 - INFO - Years: 2021 to 2021
2025-11-25 15:28:21,652 - INFO - 
2021: already exists — skipping
2025-11-25 15:28:21,652 - INFO - 
Macro data creation complete
2025-11-25 15:28:21,652 - INFO - 
============================================================
2025-11-25 15:28:21,652 - INFO - Fetching HISTORICAL exchange rates (USD-INR) from FRED
2025-11-25 15:28:21,652 - INFO - Years: 2021 to 2021
2025-11-25 15:28:21,652 - INFO - 
2021: Already exists — skipping
2025-11-25 15:28:21,652 - INFO - 
Exchange rate data complete
2025-11-25 15:28:21,652 - INFO - Starting merge process
2025-11-25 15:28:21,652 - INFO - Mode: Historical
2025-11-25 15:28:21,652 - INFO - Date range: 2021-01-01 to 2021-12-31
2025-11-25 15:28:21,652 - INFO - Execution dir: /Users/shalinitata/Desktop/stocks/Execution/2025/11/25/2025:11:25_15:28:21
2025-11-25 15:28:21,652 - INFO - 
============================================================
2025-11-25 15:28:21,652 - INFO - Processing BASE TABLE (stocks_raw)
2025-11-25 15:28:21,652 - INFO - Processing stocks_raw (BASE TABLE)
2025-11-25 15:28:21,653 - INFO - Read 91 rows from 2021/03/03/stocks.csv
2025-11-25 15:28:21,653 - INFO - Read 91 rows from 2021/03/04/stocks.csv
2025-11-25 15:28:21,654 - INFO - Read 91 rows from 2021/03/05/stocks.csv
2025-11-25 15:28:21,654 - INFO - Read 91 rows from 2021/03/02/stocks.csv
2025-11-25 15:28:21,654 - INFO - Read 91 rows from 2021/03/18/stocks.csv
2025-11-25 15:28:21,654 - INFO - Read 90 rows from 2021/03/11/stocks.csv
2025-11-25 15:28:21,655 - INFO - Read 90 rows from 2021/03/29/stocks.csv
2025-11-25 15:28:21,655 - INFO - Read 91 rows from 2021/03/16/stocks.csv
2025-11-25 15:28:21,655 - INFO - Read 91 rows from 2021/03/17/stocks.csv
2025-11-25 15:28:21,656 - INFO - Read 91 rows from 2021/03/10/stocks.csv
2025-11-25 15:28:21,656 - INFO - Read 91 rows from 2021/03/19/stocks.csv
2025-11-25 15:28:21,656 - INFO - Read 91 rows from 2021/03/26/stocks.csv
2025-11-25 15:28:21,657 - INFO - Read 91 rows from 2021/03/09/stocks.csv
2025-11-25 15:28:21,657 - INFO - Read 91 rows from 2021/03/31/stocks.csv
2025-11-25 15:28:21,657 - INFO - Read 91 rows from 2021/03/30/stocks.csv
2025-11-25 15:28:21,658 - INFO - Read 91 rows from 2021/03/08/stocks.csv
2025-11-25 15:28:21,658 - INFO - Read 91 rows from 2021/03/01/stocks.csv
2025-11-25 15:28:21,658 - INFO - Read 91 rows from 2021/03/24/stocks.csv
2025-11-25 15:28:21,659 - INFO - Read 91 rows from 2021/03/23/stocks.csv
2025-11-25 15:28:21,659 - INFO - Read 91 rows from 2021/03/15/stocks.csv
2025-11-25 15:28:21,659 - INFO - Read 91 rows from 2021/03/12/stocks.csv
2025-11-25 15:28:21,660 - INFO - Read 91 rows from 2021/03/22/stocks.csv
2025-11-25 15:28:21,660 - INFO - Read 91 rows from 2021/03/25/stocks.csv
2025-11-25 15:28:21,660 - INFO - Read 86 rows from 2021/04/05/stocks.csv
2025-11-25 15:28:21,660 - INFO - Read 1 rows from 2021/04/02/stocks.csv
2025-11-25 15:28:21,661 - INFO - Read 91 rows from 2021/04/20/stocks.csv
2025-11-25 15:28:21,661 - INFO - Read 91 rows from 2021/04/27/stocks.csv
2025-11-25 15:28:21,661 - INFO - Read 91 rows from 2021/04/29/stocks.csv
2025-11-25 15:28:21,662 - INFO - Read 91 rows from 2021/04/16/stocks.csv
2025-11-25 15:28:21,662 - INFO - Read 91 rows from 2021/04/28/stocks.csv
2025-11-25 15:28:21,663 - INFO - Read 91 rows from 2021/04/19/stocks.csv
2025-11-25 15:28:21,663 - INFO - Read 91 rows from 2021/04/26/stocks.csv
2025-11-25 15:28:21,663 - INFO - Read 90 rows from 2021/04/21/stocks.csv
2025-11-25 15:28:21,663 - INFO - Read 91 rows from 2021/04/07/stocks.csv
2025-11-25 15:28:21,664 - INFO - Read 91 rows from 2021/04/09/stocks.csv
2025-11-25 15:28:21,664 - INFO - Read 91 rows from 2021/04/30/stocks.csv
2025-11-25 15:28:21,664 - INFO - Read 91 rows from 2021/04/08/stocks.csv
2025-11-25 15:28:21,665 - INFO - Read 91 rows from 2021/04/01/stocks.csv
2025-11-25 15:28:21,665 - INFO - Read 91 rows from 2021/04/06/stocks.csv
2025-11-25 15:28:21,665 - INFO - Read 91 rows from 2021/04/23/stocks.csv
2025-11-25 15:28:21,665 - INFO - Read 91 rows from 2021/04/15/stocks.csv
2025-11-25 15:28:21,666 - INFO - Read 91 rows from 2021/04/12/stocks.csv
2025-11-25 15:28:21,666 - INFO - Read 91 rows from 2021/04/13/stocks.csv
2025-11-25 15:28:21,666 - INFO - Read 90 rows from 2021/04/14/stocks.csv
2025-11-25 15:28:21,666 - INFO - Read 91 rows from 2021/04/22/stocks.csv
2025-11-25 15:28:21,667 - INFO - Read 89 rows from 2021/05/03/stocks.csv
2025-11-25 15:28:21,667 - INFO - Read 90 rows from 2021/05/04/stocks.csv
2025-11-25 15:28:21,667 - INFO - Read 90 rows from 2021/05/05/stocks.csv
2025-11-25 15:28:21,668 - INFO - Read 91 rows from 2021/05/20/stocks.csv
2025-11-25 15:28:21,668 - INFO - Read 91 rows from 2021/05/18/stocks.csv
2025-11-25 15:28:21,668 - INFO - Read 91 rows from 2021/05/27/stocks.csv
2025-11-25 15:28:21,668 - INFO - Read 91 rows from 2021/05/11/stocks.csv
2025-11-25 15:28:21,669 - INFO - Read 91 rows from 2021/05/28/stocks.csv
2025-11-25 15:28:21,669 - INFO - Read 91 rows from 2021/05/17/stocks.csv
2025-11-25 15:28:21,669 - INFO - Read 91 rows from 2021/05/10/stocks.csv
2025-11-25 15:28:21,669 - INFO - Read 91 rows from 2021/05/19/stocks.csv
2025-11-25 15:28:21,670 - INFO - Read 91 rows from 2021/05/26/stocks.csv
2025-11-25 15:28:21,671 - INFO - Read 91 rows from 2021/05/21/stocks.csv
2025-11-25 15:28:21,671 - INFO - Read 91 rows from 2021/05/07/stocks.csv
2025-11-25 15:28:21,672 - INFO - Read 5 rows from 2021/05/31/stocks.csv
2025-11-25 15:28:21,672 - INFO - Read 91 rows from 2021/05/06/stocks.csv
2025-11-25 15:28:21,673 - INFO - Read 91 rows from 2021/05/24/stocks.csv
2025-11-25 15:28:21,673 - INFO - Read 91 rows from 2021/05/12/stocks.csv
2025-11-25 15:28:21,673 - INFO - Read 89 rows from 2021/05/13/stocks.csv
2025-11-25 15:28:21,674 - INFO - Read 91 rows from 2021/05/14/stocks.csv
2025-11-25 15:28:21,674 - INFO - Read 91 rows from 2021/05/25/stocks.csv
2025-11-25 15:28:21,674 - INFO - Read 91 rows from 2021/02/03/stocks.csv
2025-11-25 15:28:21,675 - INFO - Read 91 rows from 2021/02/04/stocks.csv
2025-11-25 15:28:21,675 - INFO - Read 91 rows from 2021/02/05/stocks.csv
2025-11-25 15:28:21,675 - INFO - Read 91 rows from 2021/02/02/stocks.csv
2025-11-25 15:28:21,676 - INFO - Read 91 rows from 2021/02/18/stocks.csv
2025-11-25 15:28:21,676 - INFO - Read 90 rows from 2021/02/11/stocks.csv
2025-11-25 15:28:21,676 - INFO - Read 90 rows from 2021/02/16/stocks.csv
2025-11-25 15:28:21,677 - INFO - Read 90 rows from 2021/02/17/stocks.csv
2025-11-25 15:28:21,677 - INFO - Read 91 rows from 2021/02/10/stocks.csv
2025-11-25 15:28:21,677 - INFO - Read 91 rows from 2021/02/19/stocks.csv
2025-11-25 15:28:21,678 - INFO - Read 91 rows from 2021/02/26/stocks.csv
2025-11-25 15:28:21,678 - INFO - Read 91 rows from 2021/02/09/stocks.csv
2025-11-25 15:28:21,678 - INFO - Read 91 rows from 2021/02/08/stocks.csv
2025-11-25 15:28:21,679 - INFO - Read 91 rows from 2021/02/01/stocks.csv
2025-11-25 15:28:21,679 - INFO - Read 91 rows from 2021/02/24/stocks.csv
2025-11-25 15:28:21,680 - INFO - Read 91 rows from 2021/02/23/stocks.csv
2025-11-25 15:28:21,680 - INFO - Read 5 rows from 2021/02/15/stocks.csv
2025-11-25 15:28:21,680 - INFO - Read 90 rows from 2021/02/12/stocks.csv
2025-11-25 15:28:21,681 - INFO - Read 91 rows from 2021/02/22/stocks.csv
2025-11-25 15:28:21,681 - INFO - Read 91 rows from 2021/02/25/stocks.csv
2025-11-25 15:28:21,681 - INFO - Read 91 rows from 2021/11/03/stocks.csv
2025-11-25 15:28:21,682 - INFO - Read 91 rows from 2021/11/04/stocks.csv
2025-11-25 15:28:21,682 - INFO - Read 90 rows from 2021/11/05/stocks.csv
2025-11-25 15:28:21,682 - INFO - Read 91 rows from 2021/11/02/stocks.csv
2025-11-25 15:28:21,683 - INFO - Read 91 rows from 2021/11/18/stocks.csv
2025-11-25 15:28:21,683 - INFO - Read 91 rows from 2021/11/11/stocks.csv
2025-11-25 15:28:21,684 - INFO - Read 91 rows from 2021/11/29/stocks.csv
2025-11-25 15:28:21,684 - INFO - Read 91 rows from 2021/11/16/stocks.csv
2025-11-25 15:28:21,684 - INFO - Read 91 rows from 2021/11/17/stocks.csv
2025-11-25 15:28:21,684 - INFO - Read 91 rows from 2021/11/10/stocks.csv
2025-11-25 15:28:21,685 - INFO - Read 90 rows from 2021/11/19/stocks.csv
2025-11-25 15:28:21,685 - INFO - Read 91 rows from 2021/11/26/stocks.csv
2025-11-25 15:28:21,685 - INFO - Read 91 rows from 2021/11/09/stocks.csv
2025-11-25 15:28:21,685 - INFO - Read 91 rows from 2021/11/30/stocks.csv
2025-11-25 15:28:21,686 - INFO - Read 91 rows from 2021/11/08/stocks.csv
2025-11-25 15:28:21,686 - INFO - Read 91 rows from 2021/11/01/stocks.csv
2025-11-25 15:28:21,686 - INFO - Read 91 rows from 2021/11/24/stocks.csv
2025-11-25 15:28:21,687 - INFO - Read 91 rows from 2021/11/23/stocks.csv
2025-11-25 15:28:21,687 - INFO - Read 91 rows from 2021/11/15/stocks.csv
2025-11-25 15:28:21,687 - INFO - Read 91 rows from 2021/11/12/stocks.csv
2025-11-25 15:28:21,688 - INFO - Read 91 rows from 2021/11/22/stocks.csv
2025-11-25 15:28:21,688 - INFO - Read 6 rows from 2021/11/25/stocks.csv
2025-11-25 15:28:21,688 - INFO - Read 90 rows from 2021/10/04/stocks.csv
2025-11-25 15:28:21,689 - INFO - Read 90 rows from 2021/10/05/stocks.csv
2025-11-25 15:28:21,689 - INFO - Read 91 rows from 2021/10/20/stocks.csv
2025-11-25 15:28:21,689 - INFO - Read 91 rows from 2021/10/18/stocks.csv
2025-11-25 15:28:21,690 - INFO - Read 91 rows from 2021/10/27/stocks.csv
2025-11-25 15:28:21,690 - INFO - Read 91 rows from 2021/10/11/stocks.csv
2025-11-25 15:28:21,690 - INFO - Read 91 rows from 2021/10/29/stocks.csv
2025-11-25 15:28:21,691 - INFO - Read 91 rows from 2021/10/28/stocks.csv
2025-11-25 15:28:21,691 - INFO - Read 91 rows from 2021/10/19/stocks.csv
2025-11-25 15:28:21,691 - INFO - Read 91 rows from 2021/10/26/stocks.csv
2025-11-25 15:28:21,691 - INFO - Read 91 rows from 2021/10/21/stocks.csv
2025-11-25 15:28:21,692 - INFO - Read 90 rows from 2021/10/07/stocks.csv
2025-11-25 15:28:21,692 - INFO - Read 91 rows from 2021/10/08/stocks.csv
2025-11-25 15:28:21,692 - INFO - Read 90 rows from 2021/10/01/stocks.csv
2025-11-25 15:28:21,693 - INFO - Read 90 rows from 2021/10/06/stocks.csv
2025-11-25 15:28:21,693 - INFO - Read 90 rows from 2021/10/15/stocks.csv
2025-11-25 15:28:21,693 - INFO - Read 91 rows from 2021/10/12/stocks.csv
2025-11-25 15:28:21,694 - INFO - Read 91 rows from 2021/10/13/stocks.csv
2025-11-25 15:28:21,694 - INFO - Read 91 rows from 2021/10/14/stocks.csv
2025-11-25 15:28:21,694 - INFO - Read 91 rows from 2021/10/22/stocks.csv
2025-11-25 15:28:21,695 - INFO - Read 91 rows from 2021/10/25/stocks.csv
2025-11-25 15:28:21,695 - INFO - Read 6 rows from 2021/07/05/stocks.csv
2025-11-25 15:28:21,695 - INFO - Read 91 rows from 2021/07/02/stocks.csv
2025-11-25 15:28:21,696 - INFO - Read 91 rows from 2021/07/20/stocks.csv
2025-11-25 15:28:21,696 - INFO - Read 91 rows from 2021/07/27/stocks.csv
2025-11-25 15:28:21,696 - INFO - Read 91 rows from 2021/07/29/stocks.csv
2025-11-25 15:28:21,697 - INFO - Read 91 rows from 2021/07/16/stocks.csv
2025-11-25 15:28:21,697 - INFO - Read 91 rows from 2021/07/28/stocks.csv
2025-11-25 15:28:21,697 - INFO - Read 91 rows from 2021/07/19/stocks.csv
2025-11-25 15:28:21,698 - INFO - Read 91 rows from 2021/07/26/stocks.csv
2025-11-25 15:28:21,698 - INFO - Read 90 rows from 2021/07/21/stocks.csv
2025-11-25 15:28:21,698 - INFO - Read 91 rows from 2021/07/07/stocks.csv
2025-11-25 15:28:21,699 - INFO - Read 91 rows from 2021/07/09/stocks.csv
2025-11-25 15:28:21,699 - INFO - Read 91 rows from 2021/07/30/stocks.csv
2025-11-25 15:28:21,699 - INFO - Read 91 rows from 2021/07/08/stocks.csv
2025-11-25 15:28:21,699 - INFO - Read 91 rows from 2021/07/01/stocks.csv
2025-11-25 15:28:21,700 - INFO - Read 91 rows from 2021/07/06/stocks.csv
2025-11-25 15:28:21,700 - INFO - Read 91 rows from 2021/07/23/stocks.csv
2025-11-25 15:28:21,700 - INFO - Read 91 rows from 2021/07/15/stocks.csv
2025-11-25 15:28:21,701 - INFO - Read 91 rows from 2021/07/12/stocks.csv
2025-11-25 15:28:21,701 - INFO - Read 91 rows from 2021/07/13/stocks.csv
2025-11-25 15:28:21,701 - INFO - Read 91 rows from 2021/07/14/stocks.csv
2025-11-25 15:28:21,702 - INFO - Read 91 rows from 2021/07/22/stocks.csv
2025-11-25 15:28:21,702 - INFO - Read 91 rows from 2021/09/03/stocks.csv
2025-11-25 15:28:21,702 - INFO - Read 91 rows from 2021/09/02/stocks.csv
2025-11-25 15:28:21,702 - INFO - Read 90 rows from 2021/09/20/stocks.csv
2025-11-25 15:28:21,703 - INFO - Read 91 rows from 2021/09/27/stocks.csv
2025-11-25 15:28:21,703 - INFO - Read 91 rows from 2021/09/29/stocks.csv
2025-11-25 15:28:21,703 - INFO - Read 91 rows from 2021/09/16/stocks.csv
2025-11-25 15:28:21,704 - INFO - Read 91 rows from 2021/09/28/stocks.csv
2025-11-25 15:28:21,704 - INFO - Read 91 rows from 2021/09/17/stocks.csv
2025-11-25 15:28:21,704 - INFO - Read 90 rows from 2021/09/10/stocks.csv
2025-11-25 15:28:21,705 - INFO - Read 90 rows from 2021/09/21/stocks.csv
2025-11-25 15:28:21,705 - INFO - Read 91 rows from 2021/09/07/stocks.csv
2025-11-25 15:28:21,705 - INFO - Read 91 rows from 2021/09/09/stocks.csv
2025-11-25 15:28:21,705 - INFO - Read 91 rows from 2021/09/30/stocks.csv
2025-11-25 15:28:21,706 - INFO - Read 91 rows from 2021/09/08/stocks.csv
2025-11-25 15:28:21,706 - INFO - Read 91 rows from 2021/09/01/stocks.csv
2025-11-25 15:28:21,706 - INFO - Read 6 rows from 2021/09/06/stocks.csv
2025-11-25 15:28:21,707 - INFO - Read 91 rows from 2021/09/24/stocks.csv
2025-11-25 15:28:21,707 - INFO - Read 91 rows from 2021/09/23/stocks.csv
2025-11-25 15:28:21,707 - INFO - Read 91 rows from 2021/09/15/stocks.csv
2025-11-25 15:28:21,707 - INFO - Read 91 rows from 2021/09/13/stocks.csv
2025-11-25 15:28:21,708 - INFO - Read 91 rows from 2021/09/14/stocks.csv
2025-11-25 15:28:21,708 - INFO - Read 91 rows from 2021/09/22/stocks.csv
2025-11-25 15:28:21,708 - INFO - Read 91 rows from 2021/08/03/stocks.csv
2025-11-25 15:28:21,708 - INFO - Read 91 rows from 2021/08/04/stocks.csv
2025-11-25 15:28:21,709 - INFO - Read 91 rows from 2021/08/05/stocks.csv
2025-11-25 15:28:21,709 - INFO - Read 91 rows from 2021/08/02/stocks.csv
2025-11-25 15:28:21,709 - INFO - Read 91 rows from 2021/08/20/stocks.csv
2025-11-25 15:28:21,709 - INFO - Read 91 rows from 2021/08/18/stocks.csv
2025-11-25 15:28:21,710 - INFO - Read 91 rows from 2021/08/27/stocks.csv
2025-11-25 15:28:21,710 - INFO - Read 91 rows from 2021/08/11/stocks.csv
2025-11-25 15:28:21,710 - INFO - Read 91 rows from 2021/08/16/stocks.csv
2025-11-25 15:28:21,710 - INFO - Read 91 rows from 2021/08/17/stocks.csv
2025-11-25 15:28:21,711 - INFO - Read 91 rows from 2021/08/10/stocks.csv
2025-11-25 15:28:21,711 - INFO - Read 90 rows from 2021/08/19/stocks.csv
2025-11-25 15:28:21,711 - INFO - Read 91 rows from 2021/08/26/stocks.csv
2025-11-25 15:28:21,712 - INFO - Read 91 rows from 2021/08/09/stocks.csv
2025-11-25 15:28:21,712 - INFO - Read 91 rows from 2021/08/31/stocks.csv
2025-11-25 15:28:21,712 - INFO - Read 90 rows from 2021/08/30/stocks.csv
2025-11-25 15:28:21,712 - INFO - Read 91 rows from 2021/08/06/stocks.csv
2025-11-25 15:28:21,713 - INFO - Read 91 rows from 2021/08/24/stocks.csv
2025-11-25 15:28:21,713 - INFO - Read 91 rows from 2021/08/23/stocks.csv
2025-11-25 15:28:21,714 - INFO - Read 91 rows from 2021/08/12/stocks.csv
2025-11-25 15:28:21,714 - INFO - Read 91 rows from 2021/08/13/stocks.csv
2025-11-25 15:28:21,714 - INFO - Read 91 rows from 2021/08/25/stocks.csv
2025-11-25 15:28:21,715 - INFO - Read 91 rows from 2021/01/04/stocks.csv
2025-11-25 15:28:21,715 - INFO - Read 91 rows from 2021/01/05/stocks.csv
2025-11-25 15:28:21,715 - INFO - Read 91 rows from 2021/01/20/stocks.csv
2025-11-25 15:28:21,716 - INFO - Read 6 rows from 2021/01/18/stocks.csv
2025-11-25 15:28:21,716 - INFO - Read 91 rows from 2021/01/27/stocks.csv
2025-11-25 15:28:21,716 - INFO - Read 91 rows from 2021/01/11/stocks.csv
2025-11-25 15:28:21,716 - INFO - Read 91 rows from 2021/01/29/stocks.csv
2025-11-25 15:28:21,717 - INFO - Read 91 rows from 2021/01/28/stocks.csv
2025-11-25 15:28:21,717 - INFO - Read 91 rows from 2021/01/19/stocks.csv
2025-11-25 15:28:21,717 - INFO - Read 89 rows from 2021/01/26/stocks.csv
2025-11-25 15:28:21,718 - INFO - Read 91 rows from 2021/01/21/stocks.csv
2025-11-25 15:28:21,718 - INFO - Read 91 rows from 2021/01/07/stocks.csv
2025-11-25 15:28:21,718 - INFO - Read 91 rows from 2021/01/08/stocks.csv
2025-11-25 15:28:21,718 - INFO - Read 1 rows from 2021/01/01/stocks.csv
2025-11-25 15:28:21,719 - INFO - Read 90 rows from 2021/01/06/stocks.csv
2025-11-25 15:28:21,719 - INFO - Read 91 rows from 2021/01/15/stocks.csv
2025-11-25 15:28:21,719 - INFO - Read 91 rows from 2021/01/12/stocks.csv
2025-11-25 15:28:21,720 - INFO - Read 91 rows from 2021/01/13/stocks.csv
2025-11-25 15:28:21,720 - INFO - Read 91 rows from 2021/01/14/stocks.csv
2025-11-25 15:28:21,720 - INFO - Read 91 rows from 2021/01/22/stocks.csv
2025-11-25 15:28:21,721 - INFO - Read 91 rows from 2021/01/25/stocks.csv
2025-11-25 15:28:21,721 - INFO - Read 91 rows from 2021/06/03/stocks.csv
2025-11-25 15:28:21,721 - INFO - Read 91 rows from 2021/06/04/stocks.csv
2025-11-25 15:28:21,722 - INFO - Read 91 rows from 2021/06/02/stocks.csv
2025-11-25 15:28:21,722 - INFO - Read 91 rows from 2021/06/18/stocks.csv
2025-11-25 15:28:21,722 - INFO - Read 91 rows from 2021/06/11/stocks.csv
2025-11-25 15:28:21,723 - INFO - Read 91 rows from 2021/06/29/stocks.csv
2025-11-25 15:28:21,723 - INFO - Read 91 rows from 2021/06/16/stocks.csv
2025-11-25 15:28:21,723 - INFO - Read 91 rows from 2021/06/28/stocks.csv
2025-11-25 15:28:21,724 - INFO - Read 91 rows from 2021/06/17/stocks.csv
2025-11-25 15:28:21,724 - INFO - Read 91 rows from 2021/06/10/stocks.csv
2025-11-25 15:28:21,724 - INFO - Read 91 rows from 2021/06/21/stocks.csv
2025-11-25 15:28:21,725 - INFO - Read 91 rows from 2021/06/07/stocks.csv
2025-11-25 15:28:21,725 - INFO - Read 91 rows from 2021/06/09/stocks.csv
2025-11-25 15:28:21,725 - INFO - Read 91 rows from 2021/06/30/stocks.csv
2025-11-25 15:28:21,726 - INFO - Read 91 rows from 2021/06/08/stocks.csv
2025-11-25 15:28:21,726 - INFO - Read 91 rows from 2021/06/01/stocks.csv
2025-11-25 15:28:21,726 - INFO - Read 91 rows from 2021/06/24/stocks.csv
2025-11-25 15:28:21,727 - INFO - Read 91 rows from 2021/06/23/stocks.csv
2025-11-25 15:28:21,727 - INFO - Read 91 rows from 2021/06/15/stocks.csv
2025-11-25 15:28:21,727 - INFO - Read 89 rows from 2021/06/14/stocks.csv
2025-11-25 15:28:21,727 - INFO - Read 91 rows from 2021/06/22/stocks.csv
2025-11-25 15:28:21,728 - INFO - Read 90 rows from 2021/06/25/stocks.csv
2025-11-25 15:28:21,728 - INFO - Read 91 rows from 2021/12/03/stocks.csv
2025-11-25 15:28:21,728 - INFO - Read 91 rows from 2021/12/02/stocks.csv
2025-11-25 15:28:21,728 - INFO - Read 91 rows from 2021/12/20/stocks.csv
2025-11-25 15:28:21,729 - INFO - Read 89 rows from 2021/12/27/stocks.csv
2025-11-25 15:28:21,729 - INFO - Read 91 rows from 2021/12/29/stocks.csv
2025-11-25 15:28:21,729 - INFO - Read 91 rows from 2021/12/16/stocks.csv
2025-11-25 15:28:21,730 - INFO - Read 89 rows from 2021/12/28/stocks.csv
2025-11-25 15:28:21,730 - INFO - Read 91 rows from 2021/12/17/stocks.csv
2025-11-25 15:28:21,730 - INFO - Read 91 rows from 2021/12/10/stocks.csv
2025-11-25 15:28:21,731 - INFO - Read 91 rows from 2021/12/21/stocks.csv
2025-11-25 15:28:21,731 - INFO - Read 91 rows from 2021/12/07/stocks.csv
2025-11-25 15:28:21,731 - INFO - Read 91 rows from 2021/12/09/stocks.csv
2025-11-25 15:28:21,731 - INFO - Read 91 rows from 2021/12/30/stocks.csv
2025-11-25 15:28:21,732 - INFO - Read 91 rows from 2021/12/08/stocks.csv
2025-11-25 15:28:21,732 - INFO - Read 91 rows from 2021/12/01/stocks.csv
2025-11-25 15:28:21,732 - INFO - Read 91 rows from 2021/12/06/stocks.csv
2025-11-25 15:28:21,733 - INFO - Read 5 rows from 2021/12/24/stocks.csv
2025-11-25 15:28:21,733 - INFO - Read 91 rows from 2021/12/23/stocks.csv
2025-11-25 15:28:21,733 - INFO - Read 91 rows from 2021/12/15/stocks.csv
2025-11-25 15:28:21,734 - INFO - Read 91 rows from 2021/12/13/stocks.csv
2025-11-25 15:28:21,734 - INFO - Read 91 rows from 2021/12/14/stocks.csv
2025-11-25 15:28:21,734 - INFO - Read 91 rows from 2021/12/22/stocks.csv
2025-11-25 15:28:21,777 - INFO - Merged 22839 rows for stocks_raw
2025-11-25 15:28:25,269 - INFO - Validation complete for stocks_raw: valid=22839, invalid=0
2025-11-25 15:28:25,478 - INFO - Valid: 22839, Invalid: 0
2025-11-25 15:28:25,486 - INFO - Table stocks_raw created
2025-11-25 15:28:27,307 - ERROR - Failed to load stocks_raw: 1213 (40001): Deadlock found when trying to get lock; try restarting transaction
2025-11-25 15:28:27,307 - ERROR - Failed to load stocks_raw: 1213 (40001): Deadlock found when trying to get lock; try restarting transaction
2025-11-25 15:28:27,312 - ERROR - ============================================================
2025-11-25 15:28:27,313 - ERROR - Base table stocks_raw failed to process
2025-11-25 15:28:27,313 - ERROR - Cannot continue without base table - terminating pipeline

********** END OF LOG FILE **********
