
********** Local Data Warehouse and Analytical Reporting System **********
Filename: Stock Market and Macroeconomic Intelligence
User ID: 800338
Username: Shalini Tata
File Path: /Users/shalinitata/Desktop/stocks/watcher.py
********** Stock Market and Macroeconomic Intelligence **********
2025-11-25 19:22:43,689 - INFO - ===== started running the process ======
2025-11-25 19:22:43,689 - INFO - ============================================================
2025-11-25 19:22:43,689 - INFO - Stock Data Watcher Started
2025-11-25 19:22:43,689 - INFO - ============================================================
2025-11-25 19:22:43,689 - INFO - Starting live data scheduler...
2025-11-25 19:22:43,690 - INFO - Live scheduler started successfully
2025-11-25 19:22:43,690 - INFO - Watching 'watch_folder/' for config files...
2025-11-25 19:22:43,691 - INFO - Drop JSON configs with start_date and end_date for historical processing
2025-11-25 19:26:30,676 - INFO - New config detected: /Users/shalinitata/Desktop/stocks/watch_folder/config_20251125_192630_5e396d87.json
2025-11-25 19:26:30,681 - INFO - Processing historical range: 2025-11-11 to 2025-11-15
2025-11-25 19:26:30,681 - INFO - Triggering check.py for historical processing
2025-11-25 19:26:30,685 - INFO - Modified config detected: /Users/shalinitata/Desktop/stocks/watch_folder/config_20251125_192630_5e396d87.json
2025-11-25 19:26:30,686 - INFO - Processing historical range: 2025-11-11 to 2025-11-15
2025-11-25 19:26:30,686 - INFO - Triggering check.py for historical processing
2025-11-25 19:26:31,080 - INFO - Modified config detected: /Users/shalinitata/Desktop/stocks/watch_folder/config_20251125_192630_5e396d87.json
2025-11-25 19:26:31,080 - INFO - Processing historical range: 2025-11-11 to 2025-11-15
2025-11-25 19:26:31,080 - INFO - Triggering check.py for historical processing
2025-11-25 19:26:31,118 - INFO - Modified config detected: /Users/shalinitata/Desktop/stocks/watch_folder/config_20251125_192630_5e396d87.json
2025-11-25 19:26:31,119 - INFO - Processing historical range: 2025-11-11 to 2025-11-15
2025-11-25 19:26:31,119 - INFO - Triggering check.py for historical processing
2025-11-25 19:29:06,768 - INFO - New config detected: /Users/shalinitata/Desktop/stocks/watch_folder/config_20251125_192906_253c8f18.json
2025-11-25 19:29:06,770 - INFO - Processing historical range: 2025-11-10 to 2025-11-15
2025-11-25 19:29:06,770 - INFO - Triggering check.py for historical processing
2025-11-25 19:29:06,775 - INFO - Modified config detected: /Users/shalinitata/Desktop/stocks/watch_folder/config_20251125_192906_253c8f18.json
2025-11-25 19:29:06,775 - INFO - Processing historical range: 2025-11-10 to 2025-11-15
2025-11-25 19:29:06,776 - INFO - Triggering check.py for historical processing
2025-11-25 19:29:06,970 - INFO - Modified config detected: /Users/shalinitata/Desktop/stocks/watch_folder/config_20251125_192906_253c8f18.json
2025-11-25 19:29:06,971 - INFO - Processing historical range: 2025-11-10 to 2025-11-15
2025-11-25 19:29:06,971 - INFO - Triggering check.py for historical processing
2025-11-25 19:29:07,066 - INFO - Modified config detected: /Users/shalinitata/Desktop/stocks/watch_folder/config_20251125_192906_253c8f18.json
2025-11-25 19:29:07,067 - INFO - Processing historical range: 2025-11-10 to 2025-11-15
2025-11-25 19:29:07,067 - INFO - Triggering check.py for historical processing
2025-11-25 19:32:30,393 - INFO - New config detected: /Users/shalinitata/Desktop/stocks/watch_folder/config_20251125_193230_8af7011f.json
2025-11-25 19:32:30,394 - INFO - Processing historical range: 2024-03-10 to 2024-03-15
2025-11-25 19:32:30,394 - INFO - Triggering check.py for historical processing
2025-11-25 19:32:30,399 - INFO - Modified config detected: /Users/shalinitata/Desktop/stocks/watch_folder/config_20251125_193230_8af7011f.json
2025-11-25 19:32:30,400 - INFO - Processing historical range: 2024-03-10 to 2024-03-15
2025-11-25 19:32:30,401 - INFO - Triggering check.py for historical processing
2025-11-25 19:32:30,790 - INFO - Modified config detected: /Users/shalinitata/Desktop/stocks/watch_folder/config_20251125_193230_8af7011f.json
2025-11-25 19:32:30,790 - INFO - Processing historical range: 2024-03-10 to 2024-03-15
2025-11-25 19:32:30,790 - INFO - Triggering check.py for historical processing
2025-11-25 19:32:30,836 - INFO - Modified config detected: /Users/shalinitata/Desktop/stocks/watch_folder/config_20251125_193230_8af7011f.json
2025-11-25 19:32:30,836 - INFO - Processing historical range: 2024-03-10 to 2024-03-15
2025-11-25 19:32:30,836 - INFO - Triggering check.py for historical processing
2025-11-25 19:44:34,438 - INFO - 
Shutting down watcher...
2025-11-25 19:44:34,442 - INFO - Live scheduler stopped
2025-11-25 19:44:34,442 - INFO - Watcher stopped
