
********** Local Data Warehouse and Analytical Reporting System **********
Filename: Stock Market and Macroeconomic Intelligence
User ID: 800338
Username: Shalini Tata
File Path: /Users/shalinitata/Desktop/stocks/watcher.py
********** Stock Market and Macroeconomic Intelligence **********
2025-11-25 19:01:39,074 - INFO - ===== started running the process ======
2025-11-25 19:01:39,117 - INFO - ============================================================
2025-11-25 19:01:39,117 - INFO - LIVE SCHEDULER STARTED
2025-11-25 19:01:39,117 - INFO - ============================================================
2025-11-25 19:01:39,117 - INFO - Scheduled task:
2025-11-25 19:01:39,117 - INFO - - Daily live data collection: Every day
2025-11-25 19:01:39,117 - INFO -   (Stocks -> Metadata -> Macro -> Sentiment -> Exchange -> Merge)
2025-11-25 19:01:39,117 - INFO - ============================================================
2025-11-25 19:01:39,117 - INFO - Scheduler is now running.
2025-11-25 19:03:09,132 - INFO - ============================================================
2025-11-25 19:03:09,133 - INFO - DAILY LIVE DATA COLLECTION STARTED
2025-11-25 19:03:09,134 - INFO - Time: 2025-11-25 19:03:09
2025-11-25 19:03:09,134 - INFO - ============================================================
2025-11-25 19:03:09,134 - INFO - 
[1/5] Collecting live stocks data...
2025-11-25 19:03:09,134 - INFO - 
============================================================
2025-11-25 19:03:09,134 - INFO - Fetching LIVE data for 2025
2025-11-25 19:03:09,135 - INFO - Date: 2025-11-25
2025-11-25 19:03:09,144 - INFO - Total companies with tickers: 96
2025-11-25 19:03:09,144 - INFO - Today's data already exists — skipping
2025-11-25 19:03:09,144 - INFO - 
[2/5] Collecting company metadata...
2025-11-25 19:03:09,144 - INFO - 
============================================================
2025-11-25 19:03:09,144 - INFO - Creating LIVE company metadata for 2025
2025-11-25 19:03:09,144 - INFO - Metadata already exists — skipping
2025-11-25 19:03:09,145 - INFO - 
[3/5] Collecting macroeconomic data...
2025-11-25 19:03:09,145 - INFO - 
============================================================
2025-11-25 19:03:09,145 - INFO - creating LIVE macro data for 2025
2025-11-25 19:03:09,145 - INFO - current year data already exists — skipping
2025-11-25 19:03:09,145 - INFO - 
[4/5] Collecting sentiment analysis...
2025-11-25 19:03:09,145 - INFO - sentiment already exists — skipping
2025-11-25 19:03:09,145 - INFO - 
[5/5] Collecting exchange rates...
2025-11-25 19:03:09,145 - INFO - 
============================================================
2025-11-25 19:03:09,145 - INFO - Fetching LIVE exchange rates (USD-INR) from FRED for 2025
2025-11-25 19:03:09,145 - INFO - Current year data already exists — skipping
2025-11-25 19:03:09,145 - INFO - 
[MERGE] Merging all collected data...
2025-11-25 19:03:09,145 - INFO - Starting merge process
2025-11-25 19:03:09,145 - INFO - Mode: Live
2025-11-25 19:03:09,145 - INFO - Execution dir: /Users/shalinitata/Desktop/stocks/Execution/2025/11/25/2025:11:25_19:03:09
2025-11-25 19:03:09,145 - INFO - 
============================================================
2025-11-25 19:03:09,145 - INFO - Processing BASE TABLE (stocks_raw)
2025-11-25 19:03:09,146 - INFO - Processing stocks_raw (BASE TABLE)
2025-11-25 19:03:09,147 - INFO - Read 93 rows from stocks_raw
2025-11-25 19:03:09,175 - INFO - Validation complete for stocks_raw: valid=93, invalid=0
2025-11-25 19:03:09,177 - INFO - Removed 1 duplicate records based on ticker-date
2025-11-25 19:03:09,178 - INFO - Valid: 92, Invalid: 0
2025-11-25 19:03:09,191 - INFO - Table stocks_raw created
2025-11-25 19:03:09,208 - INFO - Inserted 92 rows into stocks_raw
2025-11-25 19:03:09,209 - INFO - Loaded 92 rows to stocks_raw
2025-11-25 19:03:09,209 - INFO - Base table established with 92 records
2025-11-25 19:03:09,209 - INFO - Found 92 unique tickers: 601336.SS, AAL, ABBV, ACI, ADM, ALL, AMZN, APLE, ATT.L, AVGO, AXP, BA, BAC, CAH, CAT, CHTR, CI, CITI.NE, CMCSA, CNC, COLA.WA, COP, COR, COST, CSCO, CVS, CVX, DAL, DE, DELL, DIS, ELV, EPD, ET, F, FDX, FMCC, FNMA, GD, GM, GOOGL, GSBD, HCA, HD, HP, HUM.ST, IBM, INGM, INTC, JNJ, JPM, KR, LLY, LMT, MCK, MET, META, MPC, MRK, MS, MSFT, NKE, NVDA, ORCL, PAGP, PEP, PFGC, PFIZER.NS, PG, PGR, PRU, PSX, RTX, SNEX, SNX, SYY, TGT, TILIX, TJX, TRV, TSLA, TSN, UAL, UIPMX, UNH, UPS, VLO, VZ, WFC, WMT, X1G.PA, XOM
2025-11-25 19:03:09,209 - INFO - 
============================================================
2025-11-25 19:03:09,209 - INFO - Processing DEPENDENT TABLES
2025-11-25 19:03:09,209 - INFO - Processing company_metadata
2025-11-25 19:03:09,210 - INFO - Read 93 rows from company_metadata/2025/company_details.csv
2025-11-25 19:03:09,210 - INFO - Filtered to 6 columns matching table structure
2025-11-25 19:03:09,215 - INFO - Validation complete for company_metadata: valid=93, invalid=0
2025-11-25 19:03:09,217 - INFO - Valid: 93, Invalid: 0
2025-11-25 19:03:09,222 - INFO - Table company_metadata created successfully
2025-11-25 19:03:09,234 - INFO - Successfully inserted 93/93 rows into company_metadata
2025-11-25 19:03:09,234 - INFO - Loaded 93 rows to company_metadata
2025-11-25 19:03:09,234 - INFO - company_metadata processed and linked to stocks_raw
2025-11-25 19:03:09,234 - INFO - 
============================================================
2025-11-25 19:03:09,234 - INFO - Processing INDEPENDENT TABLES
2025-11-25 19:03:09,234 - INFO - Processing exchange_rates
2025-11-25 19:03:09,235 - INFO - Read 219 rows from exchange_rates
2025-11-25 19:03:09,262 - INFO - Validation complete for exchange_rates: valid=219, invalid=0
2025-11-25 19:03:09,265 - INFO - Valid: 219, Invalid: 0
2025-11-25 19:03:09,271 - INFO - Table exchange_rates created
2025-11-25 19:03:09,294 - INFO - Inserted 219 rows into exchange_rates
2025-11-25 19:03:09,294 - INFO - Loaded 219 rows to exchange_rates
2025-11-25 19:03:09,294 - INFO - exchange_rates processed
2025-11-25 19:03:09,294 - INFO - Processing macro_raw
2025-11-25 19:03:09,295 - INFO - Read 4 rows from macro_raw
2025-11-25 19:03:09,295 - INFO - Validation complete for macro_raw: valid=4, invalid=0
2025-11-25 19:03:09,296 - INFO - Valid: 4, Invalid: 0
2025-11-25 19:03:09,299 - INFO - Table macro_raw created
2025-11-25 19:03:09,299 - INFO - Inserted 4 rows into macro_raw
2025-11-25 19:03:09,299 - INFO - Loaded 4 rows to macro_raw
2025-11-25 19:03:09,299 - INFO - macro_raw processed
2025-11-25 19:03:09,299 - INFO - 
============================================================
2025-11-25 19:03:09,299 - INFO - Processing SENTIMENT DATA
2025-11-25 19:03:09,299 - INFO - Processing sentiment
2025-11-25 19:03:09,300 - INFO - Read 4 rows from sentiment
2025-11-25 19:03:09,301 - INFO - Validation complete for sentiment: valid=4, invalid=0
2025-11-25 19:03:09,302 - INFO - Valid: 4, Invalid: 0
2025-11-25 19:03:09,304 - INFO - Table sentiment created
2025-11-25 19:03:09,305 - INFO - Inserted 4 rows into sentiment
2025-11-25 19:03:09,305 - INFO - Loaded 4 rows to sentiment
2025-11-25 19:03:09,305 - INFO - sentiment processed and linked to stocks_raw
2025-11-25 19:03:09,305 - INFO - 
============================================================
2025-11-25 19:03:09,305 - INFO - KPI CALCULATIONS AND FACT TABLE GENERATION
2025-11-25 19:03:09,305 - INFO - Starting KPI calculations
2025-11-25 19:03:09,306 - INFO - Loaded stocks_raw: 92 rows
2025-11-25 19:03:09,306 - INFO - Loaded macro_raw: 4 rows
2025-11-25 19:03:09,306 - INFO - Loaded company_metadata: 93 rows
2025-11-25 19:03:09,306 - INFO - Loaded exchange_rates: 219 rows
2025-11-25 19:03:09,307 - INFO - Calculating stock_facts metrics...
2025-11-25 19:03:09,327 - INFO - Stock facts calculated: 92 rows
2025-11-25 19:03:09,327 - INFO - Calculating macro_facts metrics...
2025-11-25 19:03:09,330 - INFO - Macro facts calculated: 4 rows
2025-11-25 19:03:09,330 - INFO - Creating sector_lookup...
2025-11-25 19:03:09,331 - INFO - Sector lookup created: 38 sectors
2025-11-25 19:03:09,331 - INFO - Calculating analytics_summary metrics...
2025-11-25 19:03:09,404 - INFO - Removed 1 duplicate analytics_summary records based on ticker-year-quarter
2025-11-25 19:03:09,405 - INFO - Analytics summary calculated: 92 rows
2025-11-25 19:03:09,405 - INFO - 
============================================================
2025-11-25 19:03:09,405 - INFO - KPI calculations completed successfully
2025-11-25 19:03:09,405 - INFO - Generated files: stock_facts.csv, macro_facts.csv, sector_lookup.csv, analytics_summary.csv, pipeline_logs.csv
2025-11-25 19:03:09,405 - INFO - KPI calculations completed successfully
2025-11-25 19:03:09,413 - INFO - Table stock_facts created
2025-11-25 19:03:09,432 - INFO - Inserted 92 rows into stock_facts
2025-11-25 19:03:09,432 - INFO - Loaded stock_facts to database
2025-11-25 19:03:09,437 - INFO - Table macro_facts created
2025-11-25 19:03:09,438 - INFO - Inserted 4 rows into macro_facts
2025-11-25 19:03:09,438 - INFO - Loaded macro_facts to database
2025-11-25 19:03:09,441 - INFO - Table sector_lookup created
2025-11-25 19:03:09,445 - INFO - Inserted 38 rows into sector_lookup
2025-11-25 19:03:09,445 - INFO - Loaded sector_lookup to database
2025-11-25 19:03:09,447 - INFO - Table analytics_summary created
2025-11-25 19:03:09,458 - INFO - Inserted 92 rows into analytics_summary
2025-11-25 19:03:09,459 - INFO - Loaded analytics_summary to database
2025-11-25 19:03:09,459 - ERROR - Error during daily collection: name 'exec_dir' is not defined
