
********** Local Data Warehouse and Analytical Reporting System **********
Filename: Stock Market and Macroeconomic Intelligence
User ID: 800338
Username: Shalini Tata
File Path: /Users/shalinitata/Desktop/stocks/watcher.py
********** Stock Market and Macroeconomic Intelligence **********
2025-11-25 16:31:23,195 - INFO - ===== started running the process ======
2025-11-25 16:31:23,237 - INFO - ============================================================
2025-11-25 16:31:23,237 - INFO - HISTORICAL PROCESSING FROM CONFIG
2025-11-25 16:31:23,237 - INFO - Range: 2021-12-01 to 2021-12-31
2025-11-25 16:31:23,237 - INFO - ============================================================
2025-11-25 16:31:23,237 - INFO - 
============================================================
2025-11-25 16:31:23,237 - INFO - Fetching HISTORICAL data for 2021
2025-11-25 16:31:23,237 - INFO - Period: 2021-12-01 to 2021-12-31
2025-11-25 16:31:23,238 - INFO - total companies with tickers: 97
2025-11-25 16:31:23,243 - INFO - found 260 days already saved
2025-11-25 16:31:23,243 - INFO - 
[1] ->  Walmart (WMT)
2025-11-25 16:31:24,006 - INFO - Got 21 days of data
2025-11-25 16:31:24,019 - INFO - 
[2] ->  Amazon (AMZN)
2025-11-25 16:31:24,098 - INFO - Got 21 days of data
2025-11-25 16:31:24,110 - INFO - 
[3] ->  Apple (APLE)
2025-11-25 16:31:24,211 - INFO - Got 21 days of data
2025-11-25 16:31:24,223 - INFO - 
[4] ->  CVS Health (CVS)
2025-11-25 16:31:24,351 - INFO - Got 21 days of data
2025-11-25 16:31:24,364 - INFO - 
[5] ->  UnitedHealth Group (UNH)
2025-11-25 16:31:24,475 - INFO - Got 21 days of data
2025-11-25 16:31:24,488 - INFO - 
[6] ->  Berkshire Hathaway (BRK.A)
2025-11-25 16:31:26,115 - INFO - No data available
2025-11-25 16:31:26,115 - INFO - 
[7] ->  McKesson (MCK)
2025-11-25 16:31:26,217 - INFO - Got 21 days of data
2025-11-25 16:31:26,229 - INFO - 
[8] ->  AmerisourceBergen (ABC.VI)
2025-11-25 16:31:26,830 - INFO - No data available
2025-11-25 16:31:26,830 - INFO - 
[9] ->  Alphabet (GOOGL)
2025-11-25 16:31:26,913 - INFO - Got 21 days of data
2025-11-25 16:31:26,925 - INFO - 
[10] ->  Exxon Mobil (XOM)
2025-11-25 16:31:27,079 - INFO - Got 21 days of data
2025-11-25 16:31:27,092 - INFO - 
[11] ->  AT&T (ATT.L)
2025-11-25 16:31:27,184 - INFO - Got 20 days of data
2025-11-25 16:31:27,197 - INFO - 
[12] ->  Costco Wholesale (COST)
2025-11-25 16:31:27,314 - INFO - Got 21 days of data
2025-11-25 16:31:27,327 - INFO - 
[13] ->  Cigna (CI)
2025-11-25 16:31:27,485 - INFO - Got 21 days of data
2025-11-25 16:31:27,497 - INFO - 
[14] ->  Cardinal Health (CAH)
2025-11-25 16:31:27,631 - INFO - Got 21 days of data
2025-11-25 16:31:27,644 - INFO - 
[15] ->  Microsoft (MSFT)
2025-11-25 16:31:27,841 - INFO - Got 21 days of data
2025-11-25 16:31:27,854 - INFO - 
[16] ->  Walgreens Boots Alliance (WBA)
2025-11-25 16:31:28,965 - INFO - No data available
2025-11-25 16:31:28,965 - INFO - 
[17] ->  Kroger (KR)
2025-11-25 16:31:29,101 - INFO - Got 21 days of data
2025-11-25 16:31:29,114 - INFO - 
[18] ->  Home Depot (HD)
2025-11-25 16:31:29,278 - INFO - Got 21 days of data
2025-11-25 16:31:29,291 - INFO - 
[19] ->  JPMorgan Chase (JPM)
2025-11-25 16:31:29,430 - INFO - Got 21 days of data
2025-11-25 16:31:29,441 - INFO - 
[20] ->  Verizon Communications (VZ)
2025-11-25 16:31:29,581 - INFO - Got 21 days of data
2025-11-25 16:31:29,594 - INFO - 
[21] ->  Ford Motor (F)
2025-11-25 16:31:29,744 - INFO - Got 21 days of data
2025-11-25 16:31:29,756 - INFO - 
[22] ->  General Motors (GM)
2025-11-25 16:31:29,845 - INFO - Got 21 days of data
2025-11-25 16:31:29,856 - INFO - 
[23] ->  Elevance Health (ELV)
2025-11-25 16:31:29,953 - INFO - Got 21 days of data
2025-11-25 16:31:29,966 - INFO - 
[24] ->  Centene (CNC)
2025-11-25 16:31:30,050 - INFO - Got 21 days of data
2025-11-25 16:31:30,063 - INFO - 
[25] ->  Fannie Mae (FNMA)
2025-11-25 16:31:30,238 - INFO - Got 21 days of data
2025-11-25 16:31:30,251 - INFO - 
[26] ->  Comcast (CMCSA)
2025-11-25 16:31:30,396 - INFO - Got 21 days of data
2025-11-25 16:31:30,407 - INFO - 
[27] ->  Chevron (CVX)
2025-11-25 16:31:30,554 - INFO - Got 21 days of data
2025-11-25 16:31:30,567 - INFO - 
[28] ->  Dell Technologies (DELL)
2025-11-25 16:31:30,690 - INFO - Got 21 days of data
2025-11-25 16:31:30,703 - INFO - 
[29] ->  Bank of America (BAC)
2025-11-25 16:31:30,863 - INFO - Got 21 days of data
2025-11-25 16:31:30,876 - INFO - 
[30] ->  Target (TGT)
2025-11-25 16:31:30,994 - INFO - Got 21 days of data
2025-11-25 16:31:31,007 - INFO - 
[31] ->  Lowe's (X1G.PA)
2025-11-25 16:31:31,091 - INFO - Got 22 days of data
2025-11-25 16:31:31,104 - INFO - 
[32] ->  Marathon Petroleum (MPC)
2025-11-25 16:31:31,194 - INFO - Got 21 days of data
2025-11-25 16:31:31,207 - INFO - 
[33] ->  Citigroup (C)
2025-11-25 16:31:31,582 - INFO - Got 21 days of data
2025-11-25 16:31:31,595 - INFO - 
[34] ->  Meta Platforms (META)
2025-11-25 16:31:31,666 - INFO - Got 21 days of data
2025-11-25 16:31:31,679 - INFO - 
[35] ->  UPS (UPS)
2025-11-25 16:31:31,806 - INFO - Got 21 days of data
2025-11-25 16:31:31,819 - INFO - 
[36] ->  Johnson & Johnson (JNJ)
2025-11-25 16:31:31,988 - INFO - Got 21 days of data
2025-11-25 16:31:32,001 - INFO - 
[37] ->  Wells Fargo (WFC)
2025-11-25 16:31:32,143 - INFO - Got 21 days of data
2025-11-25 16:31:32,156 - INFO - 
[38] ->  General Electric (GE)
2025-11-25 16:31:32,366 - INFO - Got 21 days of data
2025-11-25 16:31:32,378 - INFO - 
[40] ->  Intel (INTC)
2025-11-25 16:31:32,510 - INFO - Got 21 days of data
2025-11-25 16:31:32,523 - INFO - 
[41] ->  Humana (HUM.ST)
2025-11-25 16:31:32,623 - INFO - Got 21 days of data
2025-11-25 16:31:32,636 - INFO - 
[42] ->  IBM (IBM)
2025-11-25 16:31:32,776 - INFO - Got 21 days of data
2025-11-25 16:31:32,788 - INFO - 
[43] ->  Procter & Gamble (PG)
2025-11-25 16:31:32,982 - INFO - Got 21 days of data
2025-11-25 16:31:32,995 - INFO - 
[44] ->  PepsiCo (PEP)
2025-11-25 16:31:33,131 - INFO - Got 21 days of data
2025-11-25 16:31:33,144 - INFO - 
[45] ->  FedEx (FDX)
2025-11-25 16:31:33,240 - INFO - Got 21 days of data
2025-11-25 16:31:33,253 - INFO - 
[46] ->  MetLife (MET)
2025-11-25 16:31:33,379 - INFO - Got 21 days of data
2025-11-25 16:31:33,392 - INFO - 
[47] ->  Freddie Mac (FMCC)
2025-11-25 16:31:33,500 - INFO - Got 21 days of data
2025-11-25 16:31:33,513 - INFO - 
[48] ->  Phillips 66 (PSX)
2025-11-25 16:31:33,603 - INFO - Got 21 days of data
2025-11-25 16:31:33,616 - INFO - 
[49] ->  Lockheed Martin (LMT)
2025-11-25 16:31:33,788 - INFO - Got 21 days of data
2025-11-25 16:31:33,800 - INFO - 
[50] ->  Walt Disney (DIS)
2025-11-25 16:31:33,967 - INFO - Got 21 days of data
2025-11-25 16:31:33,979 - INFO - 
[51] ->  Archer Daniels Midland (ADM)
2025-11-25 16:31:34,110 - INFO - Got 21 days of data
2025-11-25 16:31:34,121 - INFO - 
[52] ->  Albertsons (ACI)
2025-11-25 16:31:34,199 - INFO - Got 21 days of data
2025-11-25 16:31:34,211 - INFO - 
[53] ->  Valero Energy (VLO)
2025-11-25 16:31:34,331 - INFO - Got 21 days of data
2025-11-25 16:31:34,344 - INFO - 
[54] ->  Boeing (BA)
2025-11-25 16:31:34,573 - INFO - Got 21 days of data
2025-11-25 16:31:34,583 - INFO - 
[55] ->  Prudential Financial (PRU)
2025-11-25 16:31:34,687 - INFO - Got 21 days of data
2025-11-25 16:31:34,700 - INFO - 
[56] ->  HP (HP)
2025-11-25 16:31:34,821 - INFO - Got 21 days of data
2025-11-25 16:31:34,833 - INFO - 
[57] ->  Raytheon Technologies (^RTX)
2025-11-25 16:31:34,901 - INFO - No data available
2025-11-25 16:31:34,901 - INFO - 
[58] ->  StoneX Group (SNEX)
2025-11-25 16:31:34,992 - INFO - Got 21 days of data
2025-11-25 16:31:35,005 - INFO - 
[59] ->  Goldman Sachs Group (GS)
2025-11-25 16:31:35,128 - INFO - Got 21 days of data
2025-11-25 16:31:35,141 - INFO - 
[60] ->  Sysco (SYY)
2025-11-25 16:31:35,295 - INFO - Got 21 days of data
2025-11-25 16:31:35,308 - INFO - 
[61] ->  Morgan Stanley (MS)
2025-11-25 16:31:35,493 - INFO - Got 21 days of data
2025-11-25 16:31:35,506 - INFO - 
[62] ->  HCA Healthcare (HCA)
2025-11-25 16:31:35,614 - INFO - Got 21 days of data
2025-11-25 16:31:35,627 - INFO - 
[63] ->  Cisco Systems (CSCO)
2025-11-25 16:31:35,795 - INFO - Got 21 days of data
2025-11-25 16:31:35,808 - INFO - 
[64] ->  Charter Communications (CHTR)
2025-11-25 16:31:35,890 - INFO - Got 21 days of data
2025-11-25 16:31:35,903 - INFO - 
[65] ->  Merck (MRK)
2025-11-25 16:31:36,080 - INFO - Got 21 days of data
2025-11-25 16:31:36,091 - INFO - 
[66] ->  Best Buy (BBY)
2025-11-25 16:31:36,284 - INFO - Got 21 days of data
2025-11-25 16:31:36,296 - INFO - 
[67] ->  New York Life Insurance (601336.SS)
2025-11-25 16:31:36,476 - INFO - Got 22 days of data
2025-11-25 16:31:36,489 - INFO - 
[68] ->  AbbVie (ABBV)
2025-11-25 16:31:36,601 - INFO - Got 21 days of data
2025-11-25 16:31:36,613 - INFO - 
[70] ->  Allstate (ALL)
2025-11-25 16:31:36,742 - INFO - Got 21 days of data
2025-11-25 16:31:36,754 - INFO - 
[71] ->  Liberty Mutual Insurance Group (LFG.AX)
2025-11-25 16:31:36,842 - INFO - Got 20 days of data
2025-11-25 16:31:36,854 - INFO - 
[72] ->  AIG (AIG)
2025-11-25 16:31:36,989 - INFO - Got 21 days of data
2025-11-25 16:31:37,002 - INFO - 
[73] ->  Tyson Foods (TSN)
2025-11-25 16:31:37,313 - INFO - Got 21 days of data
2025-11-25 16:31:37,326 - INFO - 
[74] ->  Progressive (PGR)
2025-11-25 16:31:37,460 - INFO - Got 21 days of data
2025-11-25 16:31:37,473 - INFO - 
[76] ->  Nationwide (NATWIDE.KL)
2025-11-25 16:31:37,880 - INFO - No data available
2025-11-25 16:31:37,880 - INFO - 
[77] ->  Pfizer (PFIZER.NS)
2025-11-25 16:31:37,980 - INFO - Got 22 days of data
2025-11-25 16:31:37,993 - INFO - 
[78] ->  Caterpillar (CAT)
2025-11-25 16:31:38,132 - INFO - Got 21 days of data
2025-11-25 16:31:38,145 - INFO - 
[79] ->  TIAA (TILIX)
2025-11-25 16:31:38,259 - INFO - Got 21 days of data
2025-11-25 16:31:38,270 - INFO - 
[80] ->  Oracle (ORCL)
2025-11-25 16:31:38,428 - INFO - Got 21 days of data
2025-11-25 16:31:38,441 - INFO - 
[81] ->  Energy Transfer (ET)
2025-11-25 16:31:38,541 - INFO - Got 21 days of data
2025-11-25 16:31:38,554 - INFO - 
[82] ->  Dow (DOW)
2025-11-25 16:31:38,647 - INFO - Got 21 days of data
2025-11-25 16:31:38,659 - INFO - 
[83] ->  American Express (AXP)
2025-11-25 16:31:38,829 - INFO - Got 21 days of data
2025-11-25 16:31:38,841 - INFO - 
[84] ->  General Dynamics (GD)
2025-11-25 16:31:38,982 - INFO - Got 21 days of data
2025-11-25 16:31:38,994 - INFO - 
[85] ->  Nike (NKE)
2025-11-25 16:31:39,184 - INFO - Got 21 days of data
2025-11-25 16:31:39,197 - INFO - 
[86] ->  Northrop Grumman (NOC)
2025-11-25 16:31:39,318 - INFO - Got 21 days of data
2025-11-25 16:31:39,330 - INFO - 
[87] ->  USAA (UIPMX)
2025-11-25 16:31:39,456 - INFO - Got 21 days of data
2025-11-25 16:31:39,469 - INFO - 
[88] ->  Deere (DE)
2025-11-25 16:31:39,616 - INFO - Got 21 days of data
2025-11-25 16:31:39,629 - INFO - 
[89] ->  Abbott Laboratories (ABT)
2025-11-25 16:31:39,774 - INFO - Got 21 days of data
2025-11-25 16:31:39,787 - INFO - 
[90] ->  Northwestern Mutual (NWE)
2025-11-25 16:31:39,886 - INFO - Got 21 days of data
2025-11-25 16:31:39,898 - INFO - 
[91] ->  Dollar General (DG)
2025-11-25 16:31:39,989 - INFO - Got 21 days of data
2025-11-25 16:31:40,002 - INFO - 
[92] ->  Exelon (EXC)
2025-11-25 16:31:40,232 - INFO - Got 21 days of data
2025-11-25 16:31:40,245 - INFO - 
[93] ->  Coca-Cola (COLA.WA)
2025-11-25 16:31:40,946 - INFO - No data available
2025-11-25 16:31:40,946 - INFO - 
[94] ->  Honeywell International (HON)
2025-11-25 16:31:41,109 - INFO - Got 21 days of data
2025-11-25 16:31:41,122 - INFO - 
[95] ->  Thermo Fisher Scientific (TMO)
2025-11-25 16:31:41,246 - INFO - Got 21 days of data
2025-11-25 16:31:41,257 - INFO - 
[96] ->  3M (MMM)
2025-11-25 16:31:41,407 - INFO - Got 21 days of data
2025-11-25 16:31:41,419 - INFO - 
[97] ->  TJX (TJX)
2025-11-25 16:31:41,557 - INFO - Got 21 days of data
2025-11-25 16:31:41,570 - INFO - 
[98] ->  Travelers (TRV)
2025-11-25 16:31:41,701 - INFO - Got 21 days of data
2025-11-25 16:31:41,713 - INFO - 
[99] ->  Capital One Financial (COF)
2025-11-25 16:31:41,823 - INFO - Got 21 days of data
2025-11-25 16:31:41,836 - INFO - 
[100] ->  Tesla (TSLA)
2025-11-25 16:31:41,917 - INFO - Got 21 days of data
2025-11-25 16:31:41,930 - INFO - Historic stocks data collected
2025-11-25 16:31:41,931 - INFO - 
============================================================
2025-11-25 16:31:41,931 - INFO - Creating HISTORICAL company metadata
2025-11-25 16:31:41,931 - INFO - Years: 2021 to 2021
2025-11-25 16:31:41,931 - INFO - 
2021: Metadata already exists — skipping
2025-11-25 16:31:41,932 - INFO - 
Metadata creation completed
2025-11-25 16:31:41,932 - INFO - 
============================================================
2025-11-25 16:31:41,932 - INFO - Creating HISTORICAL macro data
2025-11-25 16:31:41,932 - INFO - Years: 2021 to 2021
2025-11-25 16:31:41,932 - INFO - 
2021: already exists — skipping
2025-11-25 16:31:41,932 - INFO - 
Macro data creation complete
2025-11-25 16:31:41,932 - INFO - 
============================================================
2025-11-25 16:31:41,932 - INFO - Fetching HISTORICAL exchange rates (USD-INR) from FRED
2025-11-25 16:31:41,932 - INFO - Years: 2021 to 2021
2025-11-25 16:31:41,932 - INFO - 
2021: Already exists — skipping
2025-11-25 16:31:41,932 - INFO - 
Exchange rate data complete
2025-11-25 16:31:41,932 - INFO - Starting merge process
2025-11-25 16:31:41,932 - INFO - Mode: Historical
2025-11-25 16:31:41,932 - INFO - Date range: 2021-12-01 to 2021-12-31
2025-11-25 16:31:41,932 - INFO - Execution dir: /Users/shalinitata/Desktop/stocks/Execution/2025/11/25/2025:11:25_16:31:41
2025-11-25 16:31:41,932 - INFO - 
============================================================
2025-11-25 16:31:41,932 - INFO - Processing BASE TABLE (stocks_raw)
2025-11-25 16:31:41,932 - INFO - Processing stocks_raw (BASE TABLE)
2025-11-25 16:31:41,934 - INFO - Read 91 rows from 2021/12/03/stocks.csv
2025-11-25 16:31:41,935 - INFO - Read 91 rows from 2021/12/02/stocks.csv
2025-11-25 16:31:41,937 - INFO - Read 91 rows from 2021/12/20/stocks.csv
2025-11-25 16:31:41,937 - INFO - Read 89 rows from 2021/12/27/stocks.csv
2025-11-25 16:31:41,938 - INFO - Read 91 rows from 2021/12/29/stocks.csv
2025-11-25 16:31:41,939 - INFO - Read 91 rows from 2021/12/16/stocks.csv
2025-11-25 16:31:41,939 - INFO - Read 89 rows from 2021/12/28/stocks.csv
2025-11-25 16:31:41,940 - INFO - Read 91 rows from 2021/12/17/stocks.csv
2025-11-25 16:31:41,941 - INFO - Read 91 rows from 2021/12/10/stocks.csv
2025-11-25 16:31:41,942 - INFO - Read 91 rows from 2021/12/21/stocks.csv
2025-11-25 16:31:41,943 - INFO - Read 91 rows from 2021/12/07/stocks.csv
2025-11-25 16:31:41,944 - INFO - Read 91 rows from 2021/12/09/stocks.csv
2025-11-25 16:31:41,944 - INFO - Read 91 rows from 2021/12/30/stocks.csv
2025-11-25 16:31:41,945 - INFO - Read 91 rows from 2021/12/08/stocks.csv
2025-11-25 16:31:41,945 - INFO - Read 91 rows from 2021/12/01/stocks.csv
2025-11-25 16:31:41,946 - INFO - Read 91 rows from 2021/12/06/stocks.csv
2025-11-25 16:31:41,946 - INFO - Read 5 rows from 2021/12/24/stocks.csv
2025-11-25 16:31:41,947 - INFO - Read 91 rows from 2021/12/23/stocks.csv
2025-11-25 16:31:41,947 - INFO - Read 91 rows from 2021/12/15/stocks.csv
2025-11-25 16:31:41,948 - INFO - Read 91 rows from 2021/12/13/stocks.csv
2025-11-25 16:31:41,949 - INFO - Read 91 rows from 2021/12/14/stocks.csv
2025-11-25 16:31:41,950 - INFO - Read 91 rows from 2021/12/22/stocks.csv
2025-11-25 16:31:41,957 - INFO - Merged 1912 rows for stocks_raw
2025-11-25 16:31:42,231 - INFO - Validation complete for stocks_raw: valid=1912, invalid=0
2025-11-25 16:31:42,248 - INFO - Valid: 1912, Invalid: 0
2025-11-25 16:31:42,259 - INFO - Table stocks_raw created
2025-11-25 16:31:42,411 - INFO - Inserted 1912 rows into stocks_raw
2025-11-25 16:31:42,412 - INFO - Loaded 1912 rows to stocks_raw
2025-11-25 16:31:42,412 - INFO - Base table established with 1912 records
2025-11-25 16:31:42,412 - INFO - Found 91 unique tickers: 601336.SS, ABBV, ABT, ACI, ADM, AIG, ALL, AMZN, APLE, ATT.L, AXP, BA, BAC, BBY, C, CAH, CAT, CHTR, CI, CMCSA, CNC, COF, COST, CSCO, CVS, CVX, DE, DELL, DG, DIS, DOW, ELV, ET, EXC, F, FDX, FMCC, FNMA, GD, GE, GM, GOOGL, GS, HCA, HD, HON, HP, HUM.ST, IBM, INTC, JNJ, JPM, KR, LFG.AX, LMT, MCK, MET, META, MMM, MPC, MRK, MS, MSFT, NKE, NOC, NWE, ORCL, PEP, PFIZER.NS, PG, PGR, PRU, PSX, SNEX, SYY, TGT, TILIX, TJX, TMO, TRV, TSLA, TSN, UIPMX, UNH, UPS, VLO, VZ, WFC, WMT, X1G.PA, XOM
2025-11-25 16:31:42,412 - INFO - 
============================================================
2025-11-25 16:31:42,412 - INFO - Processing DEPENDENT TABLES
2025-11-25 16:31:42,412 - INFO - Processing company_metadata
2025-11-25 16:31:42,413 - INFO - Read 91 rows from 2021/company_details.csv
2025-11-25 16:31:42,413 - INFO - Merged 91 rows for company_metadata
2025-11-25 16:31:42,418 - INFO - Validation complete for company_metadata: valid=91, invalid=0
2025-11-25 16:31:42,420 - INFO - Valid: 91, Invalid: 0
2025-11-25 16:31:42,422 - INFO - Table company_metadata created successfully
2025-11-25 16:31:42,428 - INFO - Successfully inserted 91/91 rows into company_metadata
2025-11-25 16:31:42,428 - INFO - Loaded 91 rows to company_metadata
2025-11-25 16:31:42,428 - INFO - company_metadata processed and linked to stocks_raw
2025-11-25 16:31:42,428 - INFO - 
============================================================
2025-11-25 16:31:42,428 - INFO - Processing INDEPENDENT TABLES
2025-11-25 16:31:42,428 - INFO - Processing exchange_rates
2025-11-25 16:31:42,429 - INFO - Read 249 rows from 2021.csv
2025-11-25 16:31:42,429 - INFO - Merged 249 rows for exchange_rates
2025-11-25 16:31:42,459 - INFO - Validation complete for exchange_rates: valid=249, invalid=0
2025-11-25 16:31:42,462 - INFO - Valid: 249, Invalid: 0
2025-11-25 16:31:42,464 - INFO - Table exchange_rates created
2025-11-25 16:31:42,476 - INFO - Inserted 249 rows into exchange_rates
2025-11-25 16:31:42,477 - INFO - Loaded 249 rows to exchange_rates
2025-11-25 16:31:42,477 - INFO - exchange_rates processed
2025-11-25 16:31:42,477 - INFO - Processing macro_raw
2025-11-25 16:31:42,478 - INFO - Read 4 rows from 2021.csv
2025-11-25 16:31:42,478 - INFO - Merged 1 rows for macro_raw from Q4 2021 to Q4 2021
2025-11-25 16:31:42,478 - INFO - Years included: [np.int64(2021)]
2025-11-25 16:31:42,479 - INFO - Quarters included: ['2021-Q4']
2025-11-25 16:31:42,479 - INFO - Validation complete for macro_raw: valid=1, invalid=0
2025-11-25 16:31:42,479 - INFO - Valid: 1, Invalid: 0
2025-11-25 16:31:42,481 - INFO - Table macro_raw created
2025-11-25 16:31:42,482 - INFO - Inserted 1 rows into macro_raw
2025-11-25 16:31:42,482 - INFO - Loaded 1 rows to macro_raw
2025-11-25 16:31:42,482 - INFO - macro_raw processed
2025-11-25 16:31:42,482 - INFO - 
============================================================
2025-11-25 16:31:42,482 - INFO - Processing SENTIMENT DATA
2025-11-25 16:31:42,482 - INFO - Processing sentiment
2025-11-25 16:31:42,482 - WARNING - No historical data available for sentiment - only live data exists
2025-11-25 16:31:42,482 - WARNING - sentiment not available
2025-11-25 16:31:42,482 - INFO - 
============================================================
2025-11-25 16:31:42,482 - INFO - KPI CALCULATIONS AND FACT TABLE GENERATION
2025-11-25 16:31:42,482 - INFO - Starting KPI calculations
2025-11-25 16:31:42,484 - INFO - Loaded stocks_raw: 1912 rows
2025-11-25 16:31:42,484 - INFO - Loaded macro_raw: 1 rows
2025-11-25 16:31:42,484 - INFO - Loaded company_metadata: 91 rows
2025-11-25 16:31:42,484 - INFO - Loaded exchange_rates: 249 rows
2025-11-25 16:31:42,485 - INFO - Calculating stock_facts metrics...
2025-11-25 16:31:42,512 - INFO - Stock facts calculated: 1912 rows
2025-11-25 16:31:42,513 - INFO - Calculating macro_facts metrics...
2025-11-25 16:31:42,516 - INFO - Macro facts calculated: 1 rows
2025-11-25 16:31:42,516 - INFO - Creating sector_lookup...
2025-11-25 16:31:42,516 - INFO - Sector lookup created: 39 sectors
2025-11-25 16:31:42,516 - INFO - Calculating analytics_summary metrics...
2025-11-25 16:31:42,663 - INFO - Analytics summary calculated: 91 rows
2025-11-25 16:31:42,663 - INFO - 
============================================================
2025-11-25 16:31:42,663 - INFO - KPI calculations completed successfully
2025-11-25 16:31:42,663 - INFO - Generated files: stock_facts.csv, macro_facts.csv, sector_lookup.csv, analytics_summary.csv, pipeline_logs.csv
2025-11-25 16:31:42,663 - INFO - KPI calculations completed successfully
2025-11-25 16:31:42,669 - INFO - Table stock_facts created
2025-11-25 16:31:42,859 - INFO - Inserted 1912 rows into stock_facts
2025-11-25 16:31:42,859 - INFO - Loaded stock_facts to database
2025-11-25 16:31:42,862 - INFO - Table macro_facts created
2025-11-25 16:31:42,862 - INFO - Inserted 1 rows into macro_facts
2025-11-25 16:31:42,862 - INFO - Loaded macro_facts to database
2025-11-25 16:31:42,864 - INFO - Table sector_lookup created
2025-11-25 16:31:42,866 - INFO - Inserted 39 rows into sector_lookup
2025-11-25 16:31:42,866 - INFO - Loaded sector_lookup to database
2025-11-25 16:31:42,868 - INFO - Table analytics_summary created
2025-11-25 16:31:42,878 - INFO - Inserted 91 rows into analytics_summary
2025-11-25 16:31:42,878 - INFO - Loaded analytics_summary to database
2025-11-25 16:31:42,878 - INFO - 
============================================================
2025-11-25 16:31:42,878 - INFO - GENERATING REPORTS
2025-11-25 16:31:42,878 - INFO - Date Range: 2021-12-01 to 2021-12-31
2025-11-25 16:31:42,878 - INFO - ============================================================
2025-11-25 16:31:42,878 - INFO - 
================================================================================
2025-11-25 16:31:42,878 - INFO - REPORT GENERATION STARTED
2025-11-25 16:31:42,878 - INFO - Created directory: /Users/shalinitata/Desktop/stocks/Execution/2025/11/25/2025:11:25_16:31:41/reports
2025-11-25 16:31:42,878 - INFO - 
============================================================
2025-11-25 16:31:42,878 - INFO - Generating Report 1: Annual Market Intelligence Report
2025-11-25 16:31:43,043 - INFO - Fetched 1 rows for yearly performance
2025-11-25 16:31:43,154 - INFO - Fetched 20 rows for company performance
2025-11-25 16:31:43,155 - INFO - Saved intermediate CSV: /Users/shalinitata/Desktop/stocks/Execution/2025/11/25/2025:11:25_16:31:41/report1_yearly_performance.csv
2025-11-25 16:31:43,155 - INFO - Saved intermediate CSV: /Users/shalinitata/Desktop/stocks/Execution/2025/11/25/2025:11:25_16:31:41/report1_company_performance.csv
2025-11-25 16:31:43,159 - INFO - Saved PDF: /Users/shalinitata/Desktop/stocks/Execution/2025/11/25/2025:11:25_16:31:41/reports/report1_annual_market_intelligence_20251125_163143.pdf
2025-11-25 16:31:43,160 - INFO - Report 1 completed: {'csv': ['/Users/shalinitata/Desktop/stocks/Execution/2025/11/25/2025:11:25_16:31:41/report1_yearly_performance.csv', '/Users/shalinitata/Desktop/stocks/Execution/2025/11/25/2025:11:25_16:31:41/report1_company_performance.csv'], 'pdf': '/Users/shalinitata/Desktop/stocks/Execution/2025/11/25/2025:11:25_16:31:41/reports/report1_annual_market_intelligence_20251125_163143.pdf'}
2025-11-25 16:31:43,160 - INFO - 
============================================================
2025-11-25 16:31:43,160 - INFO - Generating Report 2: Sector Stability & Volatility Report
2025-11-25 16:31:43,165 - INFO - Fetched 31 rows for sector metrics
2025-11-25 16:31:43,166 - INFO - Saved intermediate CSV: /Users/shalinitata/Desktop/stocks/Execution/2025/11/25/2025:11:25_16:31:41/report2_sector_stability.csv
2025-11-25 16:31:43,212 - INFO - Saved Excel: /Users/shalinitata/Desktop/stocks/Execution/2025/11/25/2025:11:25_16:31:41/reports/report2_sector_stability_20251125_163143.xlsx
2025-11-25 16:31:43,217 - INFO - Saved PDF: /Users/shalinitata/Desktop/stocks/Execution/2025/11/25/2025:11:25_16:31:41/reports/report2_sector_stability_20251125_163143.pdf
2025-11-25 16:31:43,217 - INFO - Report 2 completed: {'csv': '/Users/shalinitata/Desktop/stocks/Execution/2025/11/25/2025:11:25_16:31:41/report2_sector_stability.csv', 'excel': '/Users/shalinitata/Desktop/stocks/Execution/2025/11/25/2025:11:25_16:31:41/reports/report2_sector_stability_20251125_163143.xlsx', 'pdf': '/Users/shalinitata/Desktop/stocks/Execution/2025/11/25/2025:11:25_16:31:41/reports/report2_sector_stability_20251125_163143.pdf'}
2025-11-25 16:31:43,217 - INFO - 
============================================================
2025-11-25 16:31:43,217 - INFO - Generating Report 3: Cross-Market Analysis Report
2025-11-25 16:31:43,332 - INFO - Fetched 1 rows for yearly currency data
2025-11-25 16:31:43,335 - INFO - Fetched 20 rows for company currency data
2025-11-25 16:31:43,335 - INFO - Saved intermediate CSV: /Users/shalinitata/Desktop/stocks/Execution/2025/11/25/2025:11:25_16:31:41/report3_currency_yearly.csv
2025-11-25 16:31:43,336 - INFO - Saved intermediate CSV: /Users/shalinitata/Desktop/stocks/Execution/2025/11/25/2025:11:25_16:31:41/report3_company_currency.csv
2025-11-25 16:31:43,403 - INFO - Saved PDF: /Users/shalinitata/Desktop/stocks/Execution/2025/11/25/2025:11:25_16:31:41/reports/report3_cross_market_20251125_163143.pdf
2025-11-25 16:31:43,404 - INFO - Report 3 completed: {'csv': ['/Users/shalinitata/Desktop/stocks/Execution/2025/11/25/2025:11:25_16:31:41/report3_currency_yearly.csv', '/Users/shalinitata/Desktop/stocks/Execution/2025/11/25/2025:11:25_16:31:41/report3_company_currency.csv'], 'pdf': '/Users/shalinitata/Desktop/stocks/Execution/2025/11/25/2025:11:25_16:31:41/reports/report3_cross_market_20251125_163143.pdf'}
2025-11-25 16:31:43,404 - INFO - 
============================================================
2025-11-25 16:31:43,404 - INFO - Generating Report 4: Forecasting & Prediction Summary
2025-11-25 16:31:43,408 - INFO - Fetched 4 rows for quarterly trends
2025-11-25 16:31:43,410 - INFO - Fetched 32 rows for sector forecast
2025-11-25 16:31:43,411 - INFO - Saved intermediate CSV: /Users/shalinitata/Desktop/stocks/Execution/2025/11/25/2025:11:25_16:31:41/report4_quarterly_trends.csv
2025-11-25 16:31:43,412 - INFO - Saved intermediate CSV: /Users/shalinitata/Desktop/stocks/Execution/2025/11/25/2025:11:25_16:31:41/report4_sector_forecast.csv
2025-11-25 16:31:43,416 - INFO - Saved PDF: /Users/shalinitata/Desktop/stocks/Execution/2025/11/25/2025:11:25_16:31:41/reports/report4_forecasting_20251125_163143.pdf
2025-11-25 16:31:43,416 - INFO - Report 4 completed: {'csv': ['/Users/shalinitata/Desktop/stocks/Execution/2025/11/25/2025:11:25_16:31:41/report4_quarterly_trends.csv', '/Users/shalinitata/Desktop/stocks/Execution/2025/11/25/2025:11:25_16:31:41/report4_sector_forecast.csv'], 'pdf': '/Users/shalinitata/Desktop/stocks/Execution/2025/11/25/2025:11:25_16:31:41/reports/report4_forecasting_20251125_163143.pdf'}
2025-11-25 16:31:43,416 - INFO - 
================================================================================
2025-11-25 16:31:43,416 - INFO - REPORT GENERATION COMPLETED SUCCESSFULLY
2025-11-25 16:31:43,416 - INFO - 
================================================================================
2025-11-25 16:31:43,416 - INFO - Reports generated successfully
2025-11-25 16:31:43,416 - INFO - Reports saved to: /Users/shalinitata/Desktop/stocks/Execution/2025/11/25/2025:11:25_16:31:41/reports

********** END OF LOG FILE **********
