
********** Local Data Warehouse and Analytical Reporting System **********
Filename: Stock Market and Macroeconomic Intelligence
User ID: 800338
Username: Shalini Tata
File Path: /Users/shalinitata/Desktop/stocks/watcher.py
********** Stock Market and Macroeconomic Intelligence **********
2025-11-25 10:22:11,699 - INFO - ===== started running the process ======
2025-11-25 10:22:11,750 - INFO - 
============================================================
2025-11-25 10:22:11,750 - INFO - Fetching LIVE data for 2025
2025-11-25 10:22:11,750 - INFO - Date: 2025-11-25
2025-11-25 10:22:11,750 - INFO - ============================================================
2025-11-25 10:22:11,752 - INFO - Total companies with tickers: 96
2025-11-25 10:22:11,752 - INFO - Today's data already exists — skipping
2025-11-25 10:22:11,752 - INFO - 
============================================================
2025-11-25 10:22:11,752 - INFO - Creating LIVE company metadata for 2025
2025-11-25 10:22:11,752 - INFO - Metadata already exists — skipping
2025-11-25 10:22:11,752 - INFO - 
============================================================
2025-11-25 10:22:11,752 - INFO - creating LIVE macro data for 2025
2025-11-25 10:22:11,752 - INFO - current year data already exists — skipping
2025-11-25 10:22:11,752 - INFO - sentiment already exists — skipping
2025-11-25 10:22:11,752 - INFO - 
============================================================
2025-11-25 10:22:11,752 - INFO - Fetching LIVE exchange rates (USD-INR) from FRED for 2025
2025-11-25 10:22:11,752 - INFO - Current year data already exists — skipping
2025-11-25 10:22:11,753 - INFO - ============================================================
2025-11-25 10:22:11,753 - INFO - Starting merge process
2025-11-25 10:22:11,753 - INFO - Mode: Live
2025-11-25 10:22:11,753 - INFO - Execution dir: /Users/shalinitata/Desktop/stocks/Execution/2025/11/25/2025:11:25_10:22:11
2025-11-25 10:22:11,753 - INFO - 
============================================================
2025-11-25 10:22:11,753 - INFO - Processing BASE TABLE (stocks_raw)
2025-11-25 10:22:11,753 - INFO - Processing stocks_raw (BASE TABLE)
2025-11-25 10:22:11,753 - INFO - Read 93 rows from stocks_raw
2025-11-25 10:22:11,767 - INFO - Validation complete for stocks_raw: valid=93, invalid=0
2025-11-25 10:22:11,769 - WARNING - Removed 1 duplicate records based on ticker-date
2025-11-25 10:22:11,770 - INFO - Valid: 92, Invalid: 0
2025-11-25 10:22:11,778 - INFO - Table stocks_raw created
2025-11-25 10:22:11,799 - INFO - Inserted 92 rows into stocks_raw
2025-11-25 10:22:11,799 - INFO - Loaded 92 rows to stocks_raw
2025-11-25 10:22:11,799 - INFO - Base table established with 92 records
2025-11-25 10:22:11,799 - INFO - Found 92 unique tickers: 601336.SS, AAL, ABBV, ACI, ADM, ALL, AMZN, APLE, ATT.L, AVGO, AXP, BA, BAC, CAH, CAT, CHTR, CI, CITI.NE, CMCSA, CNC, COLA.WA, COP, COR, COST, CSCO, CVS, CVX, DAL, DE, DELL, DIS, ELV, EPD, ET, F, FDX, FMCC, FNMA, GD, GM, GOOGL, GSBD, HCA, HD, HP, HUM.ST, IBM, INGM, INTC, JNJ, JPM, KR, LLY, LMT, MCK, MET, META, MPC, MRK, MS, MSFT, NKE, NVDA, ORCL, PAGP, PEP, PFGC, PFIZER.NS, PG, PGR, PRU, PSX, RTX, SNEX, SNX, SYY, TGT, TILIX, TJX, TRV, TSLA, TSN, UAL, UIPMX, UNH, UPS, VLO, VZ, WFC, WMT, X1G.PA, XOM
2025-11-25 10:22:11,799 - INFO - 
============================================================
2025-11-25 10:22:11,799 - INFO - Processing DEPENDENT TABLES
2025-11-25 10:22:11,799 - INFO - Processing company_metadata
2025-11-25 10:22:11,800 - INFO - Read 93 rows from company_metadata/2025/company_details.csv
2025-11-25 10:22:11,800 - INFO - Filtered to 6 columns matching table structure
2025-11-25 10:22:11,804 - INFO - Validation complete for company_metadata: valid=93, invalid=0
2025-11-25 10:22:11,806 - INFO - Valid: 93, Invalid: 0
2025-11-25 10:22:11,810 - INFO - Table company_metadata created successfully
2025-11-25 10:22:11,813 - INFO - Table company_metadata truncated
2025-11-25 10:22:11,823 - INFO - Successfully inserted 93/93 rows into company_metadata
2025-11-25 10:22:11,823 - INFO - Loaded 93 rows to company_metadata
2025-11-25 10:22:11,823 - INFO - company_metadata processed and linked to stocks_raw
2025-11-25 10:22:11,823 - INFO - 
============================================================
2025-11-25 10:22:11,823 - INFO - Processing INDEPENDENT TABLES
2025-11-25 10:22:11,823 - INFO - Processing exchange_rates
2025-11-25 10:22:11,823 - INFO - Read 219 rows from exchange_rates
2025-11-25 10:22:11,850 - INFO - Validation complete for exchange_rates: valid=219, invalid=0
2025-11-25 10:22:11,853 - INFO - Valid: 219, Invalid: 0
2025-11-25 10:22:11,857 - INFO - Table exchange_rates created
2025-11-25 10:22:11,879 - INFO - Inserted 219 rows into exchange_rates
2025-11-25 10:22:11,880 - INFO - Loaded 219 rows to exchange_rates
2025-11-25 10:22:11,880 - INFO - exchange_rates processed
2025-11-25 10:22:11,880 - INFO - Processing macro_raw
2025-11-25 10:22:11,880 - INFO - Read 4 rows from macro_raw
2025-11-25 10:22:11,881 - INFO - Validation complete for macro_raw: valid=4, invalid=0
2025-11-25 10:22:11,881 - INFO - Valid: 4, Invalid: 0
2025-11-25 10:22:11,884 - INFO - Table macro_raw created
2025-11-25 10:22:11,887 - INFO - Inserted 4 rows into macro_raw
2025-11-25 10:22:11,887 - INFO - Loaded 4 rows to macro_raw
2025-11-25 10:22:11,887 - INFO - macro_raw processed
2025-11-25 10:22:11,887 - INFO - 
============================================================
2025-11-25 10:22:11,887 - INFO - Processing SENTIMENT DATA
2025-11-25 10:22:11,887 - INFO - Processing sentiment
2025-11-25 10:22:11,887 - INFO - Read 4 rows from sentiment
2025-11-25 10:22:11,888 - INFO - Validation complete for sentiment: valid=4, invalid=0
2025-11-25 10:22:11,889 - INFO - Valid: 4, Invalid: 0
2025-11-25 10:22:11,892 - INFO - Table sentiment created
2025-11-25 10:22:11,895 - INFO - Inserted 4 rows into sentiment
2025-11-25 10:22:11,895 - INFO - Loaded 4 rows to sentiment
2025-11-25 10:22:11,895 - INFO - sentiment processed and linked to stocks_raw
2025-11-25 10:22:11,895 - INFO - 
============================================================
2025-11-25 10:22:11,895 - INFO - KPI CALCULATIONS AND FACT TABLE GENERATION
2025-11-25 10:22:11,895 - INFO - ============================================================
2025-11-25 10:22:11,895 - INFO - Starting KPI calculations
2025-11-25 10:22:11,896 - INFO - Loaded stocks_raw: 92 rows
2025-11-25 10:22:11,896 - INFO - Loaded macro_raw: 4 rows
2025-11-25 10:22:11,896 - INFO - Loaded company_metadata: 93 rows
2025-11-25 10:22:11,897 - INFO - Loaded exchange_rates: 219 rows
2025-11-25 10:22:11,897 - INFO - Calculating stock_facts metrics...
2025-11-25 10:22:11,917 - INFO - Stock facts calculated: 92 rows
2025-11-25 10:22:11,917 - INFO - Calculating macro_facts metrics...
2025-11-25 10:22:11,921 - INFO - Macro facts calculated: 4 rows
2025-11-25 10:22:11,921 - INFO - Creating sector_lookup...
2025-11-25 10:22:11,922 - INFO - Sector lookup created: 38 sectors
2025-11-25 10:22:11,922 - INFO - Calculating analytics_summary metrics...
2025-11-25 10:22:12,002 - INFO - Analytics summary calculated: 93 rows
2025-11-25 10:22:12,002 - INFO - 
============================================================
2025-11-25 10:22:12,002 - INFO - KPI calculations completed successfully
2025-11-25 10:22:12,002 - INFO - Generated files: stock_facts.csv, macro_facts.csv, sector_lookup.csv, analytics_summary.csv, pipeline_logs.csv
2025-11-25 10:22:12,002 - INFO - KPI calculations completed successfully
2025-11-25 10:22:12,011 - INFO - Table stock_facts created
2025-11-25 10:22:12,036 - INFO - Inserted 92 rows into stock_facts
2025-11-25 10:22:12,036 - INFO - Loaded stock_facts to database
2025-11-25 10:22:12,039 - INFO - Table macro_facts created
2025-11-25 10:22:12,042 - INFO - Inserted 4 rows into macro_facts
2025-11-25 10:22:12,042 - INFO - Loaded macro_facts to database
2025-11-25 10:22:12,044 - INFO - Table sector_lookup created
2025-11-25 10:22:12,051 - INFO - Inserted 38 rows into sector_lookup
2025-11-25 10:22:12,051 - INFO - Loaded sector_lookup to database
2025-11-25 10:22:12,053 - INFO - Table analytics_summary created
2025-11-25 10:22:12,058 - ERROR - Failed to load analytics_summary: 1062 (23000): Duplicate entry 'ALL-2025-4' for key 'analytics_summary.unique_analytics'
2025-11-25 10:22:12,058 - INFO - Loaded analytics_summary to database
2025-11-25 10:22:12,058 - INFO - 
============================================================
2025-11-25 10:22:12,058 - INFO -  ANALYTICS LAYER
2025-11-25 10:22:12,058 - INFO - 
================================================================================
2025-11-25 10:22:12,058 - INFO - REPORT GENERATION STARTED
2025-11-25 10:22:12,058 - INFO - ================================================================================
2025-11-25 10:22:12,058 - INFO - ================================================================================
2025-11-25 10:22:12,058 - INFO - Created directory: /Users/shalinitata/Desktop/stocks/Execution/2025/11/25/2025:11:25_10:22:11/reports
2025-11-25 10:22:12,058 - INFO - 
============================================================
2025-11-25 10:22:12,058 - INFO - Generating Report 1: Annual Market Intelligence Report
2025-11-25 10:22:12,058 - INFO - ============================================================
2025-11-25 10:22:12,061 - INFO - Fetched 1 rows for yearly performance
2025-11-25 10:22:12,061 - INFO - Fetched 20 rows for company performance
2025-11-25 10:22:12,062 - INFO - Saved intermediate CSV: /Users/shalinitata/Desktop/stocks/Execution/2025/11/25/2025:11:25_10:22:11/report1_yearly_performance.csv
2025-11-25 10:22:12,062 - INFO - Saved intermediate CSV: /Users/shalinitata/Desktop/stocks/Execution/2025/11/25/2025:11:25_10:22:11/report1_company_performance.csv
2025-11-25 10:22:12,065 - INFO - Report 1 completed: {'csv': ['/Users/shalinitata/Desktop/stocks/Execution/2025/11/25/2025:11:25_10:22:11/report1_yearly_performance.csv', '/Users/shalinitata/Desktop/stocks/Execution/2025/11/25/2025:11:25_10:22:11/report1_company_performance.csv'], 'pdf': '/Users/shalinitata/Desktop/stocks/Execution/2025/11/25/2025:11:25_10:22:11/reports/report1_annual_market_intelligence_20251125_102212.pdf'}
2025-11-25 10:22:12,065 - INFO - 
============================================================
2025-11-25 10:22:12,065 - INFO - Generating Report 2: Sector Stability & Volatility Report
2025-11-25 10:22:12,065 - INFO - ============================================================
2025-11-25 10:22:12,068 - INFO - Fetched 0 rows for sector metrics
2025-11-25 10:22:12,068 - INFO - Saved intermediate CSV: /Users/shalinitata/Desktop/stocks/Execution/2025/11/25/2025:11:25_10:22:11/report2_sector_stability.csv
2025-11-25 10:22:12,097 - INFO - Saved Excel: /Users/shalinitata/Desktop/stocks/Execution/2025/11/25/2025:11:25_10:22:11/reports/report2_sector_stability_20251125_102212.xlsx
2025-11-25 10:22:12,098 - INFO - Report 2 completed: {'csv': '/Users/shalinitata/Desktop/stocks/Execution/2025/11/25/2025:11:25_10:22:11/report2_sector_stability.csv', 'excel': '/Users/shalinitata/Desktop/stocks/Execution/2025/11/25/2025:11:25_10:22:11/reports/report2_sector_stability_20251125_102212.xlsx', 'pdf': '/Users/shalinitata/Desktop/stocks/Execution/2025/11/25/2025:11:25_10:22:11/reports/report2_sector_stability_20251125_102212.pdf'}
2025-11-25 10:22:12,098 - INFO - 
============================================================
2025-11-25 10:22:12,098 - INFO - Generating Report 3: Cross-Market Analysis Report
2025-11-25 10:22:12,098 - INFO - ============================================================
2025-11-25 10:22:12,100 - INFO - Fetched 1 rows for yearly currency data
2025-11-25 10:22:12,101 - INFO - Fetched 0 rows for company currency data
2025-11-25 10:22:12,101 - INFO - Saved intermediate CSV: /Users/shalinitata/Desktop/stocks/Execution/2025/11/25/2025:11:25_10:22:11/report3_currency_yearly.csv
2025-11-25 10:22:12,102 - INFO - Saved intermediate CSV: /Users/shalinitata/Desktop/stocks/Execution/2025/11/25/2025:11:25_10:22:11/report3_company_currency.csv
2025-11-25 10:22:12,103 - INFO - Report 3 completed: {'csv': ['/Users/shalinitata/Desktop/stocks/Execution/2025/11/25/2025:11:25_10:22:11/report3_currency_yearly.csv', '/Users/shalinitata/Desktop/stocks/Execution/2025/11/25/2025:11:25_10:22:11/report3_company_currency.csv'], 'pdf': '/Users/shalinitata/Desktop/stocks/Execution/2025/11/25/2025:11:25_10:22:11/reports/report3_cross_market_20251125_102212.pdf'}
2025-11-25 10:22:12,103 - INFO - 
============================================================
2025-11-25 10:22:12,103 - INFO - Generating Report 4: Forecasting & Prediction Summary
2025-11-25 10:22:12,103 - INFO - ============================================================
2025-11-25 10:22:12,105 - INFO - Fetched 0 rows for quarterly trends
2025-11-25 10:22:12,105 - INFO - Fetched 0 rows for sector forecast
2025-11-25 10:22:12,106 - INFO - Saved intermediate CSV: /Users/shalinitata/Desktop/stocks/Execution/2025/11/25/2025:11:25_10:22:11/report4_quarterly_trends.csv
2025-11-25 10:22:12,106 - INFO - Saved intermediate CSV: /Users/shalinitata/Desktop/stocks/Execution/2025/11/25/2025:11:25_10:22:11/report4_sector_forecast.csv
2025-11-25 10:22:12,107 - INFO - Saved PDF: /Users/shalinitata/Desktop/stocks/Execution/2025/11/25/2025:11:25_10:22:11/reports/report4_forecasting_20251125_102212.pdf
2025-11-25 10:22:12,107 - INFO - Report 4 completed: {'csv': ['/Users/shalinitata/Desktop/stocks/Execution/2025/11/25/2025:11:25_10:22:11/report4_quarterly_trends.csv', '/Users/shalinitata/Desktop/stocks/Execution/2025/11/25/2025:11:25_10:22:11/report4_sector_forecast.csv'], 'pdf': '/Users/shalinitata/Desktop/stocks/Execution/2025/11/25/2025:11:25_10:22:11/reports/report4_forecasting_20251125_102212.pdf'}
2025-11-25 10:22:12,107 - INFO - 
================================================================================
2025-11-25 10:22:12,107 - INFO - REPORT GENERATION COMPLETED SUCCESSFULLY
2025-11-25 10:22:12,107 - INFO - ================================================================================
2025-11-25 10:22:12,107 - INFO - 
Generated Reports:
2025-11-25 10:22:12,107 - INFO - 1. Annual Market Intelligence Report
2025-11-25 10:22:12,107 - INFO - 2. Sector Stability & Volatility Report
2025-11-25 10:22:12,107 - INFO - 3. Cross-Market Analysis Report
2025-11-25 10:22:12,107 - INFO - 4. Forecasting & Prediction Summary
2025-11-25 10:22:12,107 - INFO - ================================================================================

********** END OF LOG FILE **********
