
********** Local Data Warehouse and Analytical Reporting System **********
Filename: Stock Market and Macroeconomic Intelligence
User ID: 800338
Username: Shalini Tata
File Path: /Users/shalinitata/Desktop/stocks/watcher.py
********** Stock Market and Macroeconomic Intelligence **********
2025-11-25 20:26:16,174 - INFO - ===== started running the process ======
2025-11-25 20:26:47,390 - INFO - Created config file: watch_folder/config_20251125_202647_2f3b4f41.json
2025-11-25 20:26:47,390 - INFO - Date range: 2025-04-02 to 2025-05-20
2025-11-25 20:26:47,395 - INFO - Reports directory does not exist yet: Execution/2025/11/25/20:25/reports
2025-11-25 20:26:47,398 - INFO - Reports directory does not exist yet: Execution/2025/11/25/20:26/reports
2025-11-25 20:26:47,401 - INFO - Reports directory does not exist yet: Execution/2025/11/25/20:27/reports
2025-11-25 20:26:47,403 - INFO - Reports directory does not exist yet: Execution/2025/11/25/20:28/reports
2025-11-25 20:26:47,405 - INFO - Reports directory does not exist yet: Execution/2025/11/25/20:29/reports
2025-11-25 20:26:47,407 - INFO - Reports directory does not exist yet: Execution/2025/11/25/20:30/reports
2025-11-25 20:26:47,409 - INFO - Reports directory does not exist yet: Execution/2025/11/25/20:31/reports
2025-11-25 20:26:47,412 - INFO - Reports directory does not exist yet: Execution/2025/11/25/20:32/reports
2025-11-25 20:26:50,713 - INFO - Reports directory does not exist yet: Execution/2025/11/25/20:25/reports
2025-11-25 20:26:50,716 - INFO - Reports directory does not exist yet: Execution/2025/11/25/20:26/reports
2025-11-25 20:26:50,718 - INFO - Reports directory does not exist yet: Execution/2025/11/25/20:27/reports
2025-11-25 20:26:50,721 - INFO - Reports directory does not exist yet: Execution/2025/11/25/20:28/reports
2025-11-25 20:26:50,723 - INFO - Reports directory does not exist yet: Execution/2025/11/25/20:29/reports
2025-11-25 20:26:50,725 - INFO - Reports directory does not exist yet: Execution/2025/11/25/20:30/reports
2025-11-25 20:26:50,726 - INFO - Reports directory does not exist yet: Execution/2025/11/25/20:31/reports
2025-11-25 20:26:50,728 - INFO - Reports directory does not exist yet: Execution/2025/11/25/20:32/reports
2025-11-25 20:26:53,711 - INFO - Reports directory does not exist yet: Execution/2025/11/25/20:25/reports
2025-11-25 20:26:53,714 - INFO - Reports directory does not exist yet: Execution/2025/11/25/20:26/reports
2025-11-25 20:26:53,717 - INFO - Reports directory does not exist yet: Execution/2025/11/25/20:27/reports
2025-11-25 20:26:53,718 - INFO - Reports directory does not exist yet: Execution/2025/11/25/20:28/reports
2025-11-25 20:26:53,720 - INFO - Reports directory does not exist yet: Execution/2025/11/25/20:29/reports
2025-11-25 20:26:53,721 - INFO - Reports directory does not exist yet: Execution/2025/11/25/20:30/reports
2025-11-25 20:26:53,723 - INFO - Reports directory does not exist yet: Execution/2025/11/25/20:31/reports
2025-11-25 20:26:53,724 - INFO - Reports directory does not exist yet: Execution/2025/11/25/20:32/reports
2025-11-25 20:26:56,712 - INFO - Reports directory does not exist yet: Execution/2025/11/25/20:25/reports
2025-11-25 20:26:56,717 - INFO - Reports directory does not exist yet: Execution/2025/11/25/20:26/reports
2025-11-25 20:26:56,722 - INFO - Reports directory does not exist yet: Execution/2025/11/25/20:27/reports
2025-11-25 20:26:56,726 - INFO - Reports directory does not exist yet: Execution/2025/11/25/20:28/reports
2025-11-25 20:26:56,729 - INFO - Reports directory does not exist yet: Execution/2025/11/25/20:29/reports
2025-11-25 20:26:56,732 - INFO - Reports directory does not exist yet: Execution/2025/11/25/20:30/reports
2025-11-25 20:26:56,734 - INFO - Reports directory does not exist yet: Execution/2025/11/25/20:31/reports
2025-11-25 20:26:56,735 - INFO - Reports directory does not exist yet: Execution/2025/11/25/20:32/reports
2025-11-25 20:26:59,712 - INFO - Reports directory does not exist yet: Execution/2025/11/25/20:25/reports
2025-11-25 20:26:59,713 - INFO - Reports directory does not exist yet: Execution/2025/11/25/20:26/reports
2025-11-25 20:26:59,715 - INFO - Reports directory does not exist yet: Execution/2025/11/25/20:27/reports
2025-11-25 20:26:59,716 - INFO - Reports directory does not exist yet: Execution/2025/11/25/20:28/reports
2025-11-25 20:26:59,718 - INFO - Reports directory does not exist yet: Execution/2025/11/25/20:29/reports
2025-11-25 20:26:59,719 - INFO - Reports directory does not exist yet: Execution/2025/11/25/20:30/reports
2025-11-25 20:26:59,721 - INFO - Reports directory does not exist yet: Execution/2025/11/25/20:31/reports
2025-11-25 20:26:59,722 - INFO - Reports directory does not exist yet: Execution/2025/11/25/20:32/reports
2025-11-25 20:27:02,710 - INFO - Reports directory does not exist yet: Execution/2025/11/25/20:25/reports
2025-11-25 20:27:02,712 - INFO - Reports directory does not exist yet: Execution/2025/11/25/20:26/reports
2025-11-25 20:27:02,713 - INFO - Reports directory does not exist yet: Execution/2025/11/25/20:27/reports
2025-11-25 20:27:02,715 - INFO - Reports directory does not exist yet: Execution/2025/11/25/20:28/reports
2025-11-25 20:27:02,716 - INFO - Reports directory does not exist yet: Execution/2025/11/25/20:29/reports
2025-11-25 20:27:02,717 - INFO - Reports directory does not exist yet: Execution/2025/11/25/20:30/reports
2025-11-25 20:27:02,718 - INFO - Reports directory does not exist yet: Execution/2025/11/25/20:31/reports
2025-11-25 20:27:02,719 - INFO - Reports directory does not exist yet: Execution/2025/11/25/20:32/reports
2025-11-25 20:27:08,892 - INFO - Reports directory does not exist yet: Execution/2025/11/25/20:25/reports
2025-11-25 20:27:08,932 - INFO - Reports directory does not exist yet: Execution/2025/11/25/20:26/reports
2025-11-25 20:27:08,967 - INFO - Found 4 reports in Execution/2025/11/25/20:27/reports
2025-11-25 20:31:18,081 - INFO - Created config file: watch_folder/config_20251125_203118_0a6f7232.json
2025-11-25 20:31:18,081 - INFO - Date range: 2024-04-02 to 2024-05-20
2025-11-25 20:31:18,084 - INFO - Reports directory does not exist yet: Execution/2025/11/25/20:30/reports
2025-11-25 20:31:18,086 - INFO - Reports directory does not exist yet: Execution/2025/11/25/20:31/reports
2025-11-25 20:31:18,089 - INFO - Reports directory does not exist yet: Execution/2025/11/25/20:32/reports
2025-11-25 20:31:18,092 - INFO - Reports directory does not exist yet: Execution/2025/11/25/20:33/reports
2025-11-25 20:31:18,093 - INFO - Reports directory does not exist yet: Execution/2025/11/25/20:34/reports
2025-11-25 20:31:18,095 - INFO - Reports directory does not exist yet: Execution/2025/11/25/20:35/reports
2025-11-25 20:31:18,098 - INFO - Reports directory does not exist yet: Execution/2025/11/25/20:36/reports
2025-11-25 20:31:18,099 - INFO - Reports directory does not exist yet: Execution/2025/11/25/20:37/reports
2025-11-25 20:31:21,104 - INFO - Reports directory does not exist yet: Execution/2025/11/25/20:30/reports
2025-11-25 20:31:21,108 - INFO - Reports directory does not exist yet: Execution/2025/11/25/20:31/reports
2025-11-25 20:31:21,112 - INFO - Reports directory does not exist yet: Execution/2025/11/25/20:32/reports
2025-11-25 20:31:21,114 - INFO - Reports directory does not exist yet: Execution/2025/11/25/20:33/reports
2025-11-25 20:31:21,116 - INFO - Reports directory does not exist yet: Execution/2025/11/25/20:34/reports
2025-11-25 20:31:21,118 - INFO - Reports directory does not exist yet: Execution/2025/11/25/20:35/reports
2025-11-25 20:31:21,120 - INFO - Reports directory does not exist yet: Execution/2025/11/25/20:36/reports
2025-11-25 20:31:21,122 - INFO - Reports directory does not exist yet: Execution/2025/11/25/20:37/reports
2025-11-25 20:31:24,105 - INFO - Reports directory does not exist yet: Execution/2025/11/25/20:30/reports
2025-11-25 20:31:24,108 - INFO - Reports directory does not exist yet: Execution/2025/11/25/20:31/reports
2025-11-25 20:31:24,109 - INFO - Reports directory does not exist yet: Execution/2025/11/25/20:32/reports
2025-11-25 20:31:24,111 - INFO - Reports directory does not exist yet: Execution/2025/11/25/20:33/reports
2025-11-25 20:31:24,112 - INFO - Reports directory does not exist yet: Execution/2025/11/25/20:34/reports
2025-11-25 20:31:24,113 - INFO - Reports directory does not exist yet: Execution/2025/11/25/20:35/reports
2025-11-25 20:31:24,114 - INFO - Reports directory does not exist yet: Execution/2025/11/25/20:36/reports
2025-11-25 20:31:24,115 - INFO - Reports directory does not exist yet: Execution/2025/11/25/20:37/reports
2025-11-25 20:31:27,105 - INFO - Reports directory does not exist yet: Execution/2025/11/25/20:30/reports
2025-11-25 20:31:27,109 - INFO - Reports directory does not exist yet: Execution/2025/11/25/20:31/reports
2025-11-25 20:31:27,112 - INFO - Reports directory does not exist yet: Execution/2025/11/25/20:32/reports
2025-11-25 20:31:27,114 - INFO - Reports directory does not exist yet: Execution/2025/11/25/20:33/reports
2025-11-25 20:31:27,115 - INFO - Reports directory does not exist yet: Execution/2025/11/25/20:34/reports
2025-11-25 20:31:27,116 - INFO - Reports directory does not exist yet: Execution/2025/11/25/20:35/reports
2025-11-25 20:31:27,117 - INFO - Reports directory does not exist yet: Execution/2025/11/25/20:36/reports
2025-11-25 20:31:27,119 - INFO - Reports directory does not exist yet: Execution/2025/11/25/20:37/reports
2025-11-25 20:31:30,107 - INFO - Reports directory does not exist yet: Execution/2025/11/25/20:30/reports
2025-11-25 20:31:30,112 - INFO - Reports directory does not exist yet: Execution/2025/11/25/20:31/reports
2025-11-25 20:31:30,115 - INFO - Reports directory does not exist yet: Execution/2025/11/25/20:32/reports
2025-11-25 20:31:30,117 - INFO - Reports directory does not exist yet: Execution/2025/11/25/20:33/reports
2025-11-25 20:31:30,119 - INFO - Reports directory does not exist yet: Execution/2025/11/25/20:34/reports
2025-11-25 20:31:30,120 - INFO - Reports directory does not exist yet: Execution/2025/11/25/20:35/reports
2025-11-25 20:31:30,122 - INFO - Reports directory does not exist yet: Execution/2025/11/25/20:36/reports
2025-11-25 20:31:30,123 - INFO - Reports directory does not exist yet: Execution/2025/11/25/20:37/reports
2025-11-25 20:31:33,106 - INFO - Reports directory does not exist yet: Execution/2025/11/25/20:30/reports
2025-11-25 20:31:33,112 - INFO - Reports directory does not exist yet: Execution/2025/11/25/20:31/reports
2025-11-25 20:31:33,115 - INFO - Reports directory does not exist yet: Execution/2025/11/25/20:32/reports
2025-11-25 20:31:33,117 - INFO - Reports directory does not exist yet: Execution/2025/11/25/20:33/reports
2025-11-25 20:31:33,119 - INFO - Reports directory does not exist yet: Execution/2025/11/25/20:34/reports
2025-11-25 20:31:33,121 - INFO - Reports directory does not exist yet: Execution/2025/11/25/20:35/reports
2025-11-25 20:31:33,123 - INFO - Reports directory does not exist yet: Execution/2025/11/25/20:36/reports
2025-11-25 20:31:33,124 - INFO - Reports directory does not exist yet: Execution/2025/11/25/20:37/reports
2025-11-25 20:31:36,103 - INFO - Reports directory does not exist yet: Execution/2025/11/25/20:30/reports
2025-11-25 20:31:36,106 - INFO - Found 4 reports in Execution/2025/11/25/20:31/reports
