
********** Local Data Warehouse and Analytical Reporting System **********
Filename: Stock Market and Macroeconomic Intelligence
User ID: 800338
Username: Shalini Tata
File Path: /Users/shalinitata/Desktop/stocks/watcher.py
********** Stock Market and Macroeconomic Intelligence **********
2025-11-25 15:58:01,906 - INFO - ===== started running the process ======
2025-11-25 15:58:01,906 - INFO - ============================================================
2025-11-25 15:58:01,906 - INFO - Stock Data Watcher Started
2025-11-25 15:58:01,906 - INFO - ============================================================
2025-11-25 15:58:01,906 - INFO - Starting live data scheduler...
2025-11-25 15:58:01,907 - INFO - Live scheduler started successfully
2025-11-25 15:58:01,908 - INFO - Watching 'watch_folder/' for config files...
2025-11-25 15:58:01,908 - INFO - Drop JSON configs with start_date and end_date for historical processing
2025-11-25 15:58:10,514 - INFO - Modified config detected: /Users/shalinitata/Desktop/stocks/watch_folder/test.json
2025-11-25 15:58:10,519 - INFO - Processing historical range: 2021-12-01 to 2021-12-31
2025-11-25 15:58:10,519 - INFO - Triggering check.py for historical processing
2025-11-25 15:58:13,532 - INFO - Modified config detected: /Users/shalinitata/Desktop/stocks/watch_folder/test.json
2025-11-25 15:58:13,533 - INFO - Processing historical range: 2021-12-01 to 2021-12-31
2025-11-25 15:58:13,533 - INFO - Triggering check.py for historical processing
2025-11-25 16:13:52,208 - INFO - 
Shutting down watcher...
2025-11-25 16:13:52,209 - INFO - Live scheduler stopped
2025-11-25 16:13:52,209 - INFO - Watcher stopped
