
********** Local Data Warehouse and Analytical Reporting System **********
Filename: Stock Market and Macroeconomic Intelligence
User ID: 800338
Username: Shalini Tata
File Path: /Users/shalinitata/Desktop/stocks/watcher.py
********** Stock Market and Macroeconomic Intelligence **********
2025-11-25 19:48:08,719 - INFO - ===== started running the process ======
2025-11-25 19:48:08,719 - INFO - ============================================================
2025-11-25 19:48:08,719 - INFO - Stock Data Watcher Started
2025-11-25 19:48:08,719 - INFO - ============================================================
2025-11-25 19:48:08,719 - INFO - Starting live data scheduler...
2025-11-25 19:48:08,720 - INFO - Live scheduler started successfully
2025-11-25 19:48:08,721 - INFO - Watching 'watch_folder/' for config files...
2025-11-25 19:48:08,721 - INFO - Drop JSON configs with start_date and end_date for historical processing
2025-11-25 19:48:55,981 - INFO - New config detected: /Users/shalinitata/Desktop/stocks/watch_folder/config_20251125_194855_23065a6b.json
2025-11-25 19:48:55,987 - INFO - Processing historical range: 2025-10-26 to 2025-11-25
2025-11-25 19:48:55,987 - INFO - Triggering check.py for historical processing
2025-11-25 19:48:55,994 - INFO - Modified config detected: /Users/shalinitata/Desktop/stocks/watch_folder/config_20251125_194855_23065a6b.json
2025-11-25 19:48:55,995 - INFO - Processing historical range: 2025-10-26 to 2025-11-25
2025-11-25 19:48:55,995 - INFO - Triggering check.py for historical processing
2025-11-25 19:48:56,182 - INFO - Modified config detected: /Users/shalinitata/Desktop/stocks/watch_folder/config_20251125_194855_23065a6b.json
2025-11-25 19:48:56,182 - INFO - Processing historical range: 2025-10-26 to 2025-11-25
2025-11-25 19:48:56,182 - INFO - Triggering check.py for historical processing
2025-11-25 19:48:56,222 - INFO - Modified config detected: /Users/shalinitata/Desktop/stocks/watch_folder/config_20251125_194855_23065a6b.json
2025-11-25 19:48:56,223 - INFO - Processing historical range: 2025-10-26 to 2025-11-25
2025-11-25 19:48:56,223 - INFO - Triggering check.py for historical processing
2025-11-25 20:06:13,684 - INFO - 
Shutting down watcher...
2025-11-25 20:06:13,687 - INFO - Live scheduler stopped
2025-11-25 20:06:13,687 - INFO - Watcher stopped
