
********** Local Data Warehouse and Analytical Reporting System **********
Filename: Stock Market and Macroeconomic Intelligence
User ID: 800338
Username: Shalini Tata
File Path: /Users/shalinitata/Desktop/stocks/watcher.py
********** Stock Market and Macroeconomic Intelligence **********
2025-11-25 16:14:02,132 - INFO - ===== started running the process ======
2025-11-25 16:14:02,132 - INFO - ============================================================
2025-11-25 16:14:02,132 - INFO - Stock Data Watcher Started
2025-11-25 16:14:02,132 - INFO - ============================================================
2025-11-25 16:14:02,132 - INFO - Starting live data scheduler...
2025-11-25 16:14:02,133 - INFO - Live scheduler started successfully
2025-11-25 16:14:02,134 - INFO - Watching 'watch_folder/' for config files...
2025-11-25 16:14:02,134 - INFO - Drop JSON configs with start_date and end_date for historical processing
2025-11-25 16:14:10,553 - INFO - Modified config detected: /Users/shalinitata/Desktop/stocks/watch_folder/test.json
2025-11-25 16:14:10,557 - INFO - Processing historical range: 2021-12-01 to 2021-12-31
2025-11-25 16:14:10,558 - INFO - Triggering check.py for historical processing
2025-11-25 16:14:13,450 - INFO - Modified config detected: /Users/shalinitata/Desktop/stocks/watch_folder/test.json
2025-11-25 16:14:13,451 - INFO - Processing historical range: 2021-12-01 to 2021-12-31
2025-11-25 16:14:13,451 - INFO - Triggering check.py for historical processing
2025-11-25 16:21:59,941 - INFO - 
Shutting down watcher...
2025-11-25 16:21:59,942 - INFO - Live scheduler stopped
2025-11-25 16:21:59,943 - INFO - Watcher stopped
