
********** Local Data Warehouse and Analytical Reporting System **********
Filename: Stock Market and Macroeconomic Intelligence
User ID: 800338
Username: Shalini Tata
File Path: /Users/shalinitata/Desktop/stocks/watcher.py
********** Stock Market and Macroeconomic Intelligence **********
2025-11-25 16:22:04,151 - INFO - ===== started running the process ======
2025-11-25 16:22:04,151 - INFO - ============================================================
2025-11-25 16:22:04,152 - INFO - Stock Data Watcher Started
2025-11-25 16:22:04,152 - INFO - ============================================================
2025-11-25 16:22:04,152 - INFO - Starting live data scheduler...
2025-11-25 16:22:04,153 - INFO - Live scheduler started successfully
2025-11-25 16:22:04,153 - INFO - Watching 'watch_folder/' for config files...
2025-11-25 16:22:04,153 - INFO - Drop JSON configs with start_date and end_date for historical processing
2025-11-25 16:22:12,575 - INFO - Modified config detected: /Users/shalinitata/Desktop/stocks/watch_folder/test.json
2025-11-25 16:22:12,578 - INFO - Processing historical range: 2021-11-01 to 2021-12-31
2025-11-25 16:22:12,578 - INFO - Triggering check.py for historical processing
2025-11-25 16:22:16,404 - INFO - Modified config detected: /Users/shalinitata/Desktop/stocks/watch_folder/test.json
2025-11-25 16:22:16,405 - INFO - Processing historical range: 2021-11-01 to 2021-12-31
2025-11-25 16:22:16,405 - INFO - Triggering check.py for historical processing
2025-11-25 16:30:51,109 - INFO - 
Shutting down watcher...
2025-11-25 16:30:51,111 - INFO - Live scheduler stopped
2025-11-25 16:30:51,112 - INFO - Watcher stopped
