
********** Local Data Warehouse and Analytical Reporting System **********
Filename: Stock Market and Macroeconomic Intelligence
User ID: 800338
Username: Shalini Tata
File Path: /Users/shalinitata/Desktop/stocks/watcher.py
********** Stock Market and Macroeconomic Intelligence **********
2025-11-25 16:22:12,837 - INFO - ===== started running the process ======
2025-11-25 16:22:12,884 - INFO - ============================================================
2025-11-25 16:22:12,884 - INFO - HISTORICAL PROCESSING FROM CONFIG
2025-11-25 16:22:12,884 - INFO - Range: 2021-11-01 to 2021-12-31
2025-11-25 16:22:12,884 - INFO - ============================================================
2025-11-25 16:22:12,884 - INFO - 
============================================================
2025-11-25 16:22:12,884 - INFO - Fetching HISTORICAL data for 2021
2025-11-25 16:22:12,884 - INFO - Period: 2021-11-01 to 2021-12-31
2025-11-25 16:22:12,887 - INFO - total companies with tickers: 97
2025-11-25 16:22:12,892 - INFO - found 260 days already saved
2025-11-25 16:22:12,892 - INFO - 
[1] ->  Walmart (WMT)
2025-11-25 16:22:13,568 - INFO - Got 42 days of data
2025-11-25 16:22:13,581 - INFO - 
[2] ->  Amazon (AMZN)
2025-11-25 16:22:13,666 - INFO - Got 42 days of data
2025-11-25 16:22:13,679 - INFO - 
[3] ->  Apple (APLE)
2025-11-25 16:22:13,876 - INFO - Got 42 days of data
2025-11-25 16:22:13,889 - INFO - 
[4] ->  CVS Health (CVS)
2025-11-25 16:22:14,104 - INFO - Got 42 days of data
2025-11-25 16:22:14,117 - INFO - 
[5] ->  UnitedHealth Group (UNH)
2025-11-25 16:22:14,311 - INFO - Got 42 days of data
2025-11-25 16:22:14,323 - INFO - 
[6] ->  Berkshire Hathaway (BRK.A)
2025-11-25 16:22:14,986 - INFO - No data available
2025-11-25 16:22:14,987 - INFO - 
[7] ->  McKesson (MCK)
2025-11-25 16:22:15,117 - INFO - Got 42 days of data
2025-11-25 16:22:15,128 - INFO - 
[8] ->  AmerisourceBergen (ABC.VI)
2025-11-25 16:22:15,711 - INFO - No data available
2025-11-25 16:22:15,711 - INFO - 
[9] ->  Alphabet (GOOGL)
2025-11-25 16:22:15,809 - INFO - Got 42 days of data
2025-11-25 16:22:15,820 - INFO - 
[10] ->  Exxon Mobil (XOM)
2025-11-25 16:22:16,067 - INFO - Got 42 days of data
2025-11-25 16:22:16,077 - INFO - 
[11] ->  AT&T (ATT.L)
2025-11-25 16:22:16,183 - INFO - Got 42 days of data
2025-11-25 16:22:16,196 - INFO - 
[12] ->  Costco Wholesale (COST)
2025-11-25 16:22:16,376 - INFO - Got 42 days of data
2025-11-25 16:22:16,388 - INFO - 
[13] ->  Cigna (CI)
2025-11-25 16:22:16,531 - INFO - Got 42 days of data
2025-11-25 16:22:16,543 - INFO - 
[14] ->  Cardinal Health (CAH)
2025-11-25 16:22:16,713 - INFO - Got 42 days of data
2025-11-25 16:22:16,726 - INFO - 
[15] ->  Microsoft (MSFT)
2025-11-25 16:22:16,832 - INFO - Got 42 days of data
2025-11-25 16:22:16,845 - INFO - 
[16] ->  Walgreens Boots Alliance (WBA)
2025-11-25 16:22:18,637 - INFO - No data available
2025-11-25 16:22:18,638 - INFO - 
[17] ->  Kroger (KR)
2025-11-25 16:22:18,870 - INFO - Got 42 days of data
2025-11-25 16:22:18,883 - INFO - 
[18] ->  Home Depot (HD)
2025-11-25 16:22:19,004 - INFO - Got 42 days of data
2025-11-25 16:22:19,017 - INFO - 
[19] ->  JPMorgan Chase (JPM)
2025-11-25 16:22:19,180 - INFO - Got 42 days of data
2025-11-25 16:22:19,193 - INFO - 
[20] ->  Verizon Communications (VZ)
2025-11-25 16:22:19,422 - INFO - Got 42 days of data
2025-11-25 16:22:19,435 - INFO - 
[21] ->  Ford Motor (F)
2025-11-25 16:22:19,584 - INFO - Got 42 days of data
2025-11-25 16:22:19,596 - INFO - 
[22] ->  General Motors (GM)
2025-11-25 16:22:19,680 - INFO - Got 42 days of data
2025-11-25 16:22:19,693 - INFO - 
[23] ->  Elevance Health (ELV)
2025-11-25 16:22:19,798 - INFO - Got 42 days of data
2025-11-25 16:22:19,811 - INFO - 
[24] ->  Centene (CNC)
2025-11-25 16:22:19,892 - INFO - Got 42 days of data
2025-11-25 16:22:19,904 - INFO - 
[25] ->  Fannie Mae (FNMA)
2025-11-25 16:22:20,018 - INFO - Got 42 days of data
2025-11-25 16:22:20,030 - INFO - 
[26] ->  Comcast (CMCSA)
2025-11-25 16:22:20,142 - INFO - Got 42 days of data
2025-11-25 16:22:20,155 - INFO - 
[27] ->  Chevron (CVX)
2025-11-25 16:22:20,324 - INFO - Got 42 days of data
2025-11-25 16:22:20,337 - INFO - 
[28] ->  Dell Technologies (DELL)
2025-11-25 16:22:20,414 - INFO - Got 42 days of data
2025-11-25 16:22:20,427 - INFO - 
[29] ->  Bank of America (BAC)
2025-11-25 16:22:20,628 - INFO - Got 42 days of data
2025-11-25 16:22:20,640 - INFO - 
[30] ->  Target (TGT)
2025-11-25 16:22:20,788 - INFO - Got 42 days of data
2025-11-25 16:22:20,801 - INFO - 
[31] ->  Lowe's (X1G.PA)
2025-11-25 16:22:20,888 - INFO - Got 44 days of data
2025-11-25 16:22:20,900 - INFO - 
[32] ->  Marathon Petroleum (MPC)
2025-11-25 16:22:21,064 - INFO - Got 42 days of data
2025-11-25 16:22:21,077 - INFO - 
[33] ->  Citigroup (C)
2025-11-25 16:22:21,245 - INFO - Got 42 days of data
2025-11-25 16:22:21,256 - INFO - 
[34] ->  Meta Platforms (META)
2025-11-25 16:22:21,345 - INFO - Got 42 days of data
2025-11-25 16:22:21,358 - INFO - 
[35] ->  UPS (UPS)
2025-11-25 16:22:21,466 - INFO - Got 42 days of data
2025-11-25 16:22:21,479 - INFO - 
[36] ->  Johnson & Johnson (JNJ)
2025-11-25 16:22:21,740 - INFO - Got 42 days of data
2025-11-25 16:22:21,753 - INFO - 
[37] ->  Wells Fargo (WFC)
2025-11-25 16:22:22,003 - INFO - Got 42 days of data
2025-11-25 16:22:22,015 - INFO - 
[38] ->  General Electric (GE)
2025-11-25 16:22:22,247 - INFO - Got 42 days of data
2025-11-25 16:22:22,257 - INFO - 
[40] ->  Intel (INTC)
2025-11-25 16:22:22,389 - INFO - Got 42 days of data
2025-11-25 16:22:22,401 - INFO - 
[41] ->  Humana (HUM.ST)
2025-11-25 16:22:22,504 - INFO - Got 43 days of data
2025-11-25 16:22:22,515 - INFO - 
[42] ->  IBM (IBM)
2025-11-25 16:22:22,811 - INFO - Got 42 days of data
2025-11-25 16:22:22,823 - INFO - 
[43] ->  Procter & Gamble (PG)
2025-11-25 16:22:23,038 - INFO - Got 42 days of data
2025-11-25 16:22:23,051 - INFO - 
[44] ->  PepsiCo (PEP)
2025-11-25 16:22:23,209 - INFO - Got 42 days of data
2025-11-25 16:22:23,222 - INFO - 
[45] ->  FedEx (FDX)
2025-11-25 16:22:23,340 - INFO - Got 42 days of data
2025-11-25 16:22:23,353 - INFO - 
[46] ->  MetLife (MET)
2025-11-25 16:22:23,667 - INFO - Got 42 days of data
2025-11-25 16:22:23,680 - INFO - 
[47] ->  Freddie Mac (FMCC)
2025-11-25 16:22:23,831 - INFO - Got 42 days of data
2025-11-25 16:22:23,844 - INFO - 
[48] ->  Phillips 66 (PSX)
2025-11-25 16:22:23,960 - INFO - Got 42 days of data
2025-11-25 16:22:23,973 - INFO - 
[49] ->  Lockheed Martin (LMT)
2025-11-25 16:22:24,172 - INFO - Got 42 days of data
2025-11-25 16:22:24,185 - INFO - 
[50] ->  Walt Disney (DIS)
2025-11-25 16:22:24,380 - INFO - Got 42 days of data
2025-11-25 16:22:24,392 - INFO - 
[51] ->  Archer Daniels Midland (ADM)
2025-11-25 16:22:24,534 - INFO - Got 42 days of data
2025-11-25 16:22:24,547 - INFO - 
[52] ->  Albertsons (ACI)
2025-11-25 16:22:24,640 - INFO - Got 42 days of data
2025-11-25 16:22:24,652 - INFO - 
[53] ->  Valero Energy (VLO)
2025-11-25 16:22:24,855 - INFO - Got 42 days of data
2025-11-25 16:22:24,866 - INFO - 
[54] ->  Boeing (BA)
2025-11-25 16:22:24,992 - INFO - Got 42 days of data
2025-11-25 16:22:25,004 - INFO - 
[55] ->  Prudential Financial (PRU)
2025-11-25 16:22:25,182 - INFO - Got 42 days of data
2025-11-25 16:22:25,193 - INFO - 
[56] ->  HP (HP)
2025-11-25 16:22:25,299 - INFO - Got 42 days of data
2025-11-25 16:22:25,312 - INFO - 
[57] ->  Raytheon Technologies (^RTX)
2025-11-25 16:22:25,380 - INFO - No data available
2025-11-25 16:22:25,380 - INFO - 
[58] ->  StoneX Group (SNEX)
2025-11-25 16:22:25,465 - INFO - Got 42 days of data
2025-11-25 16:22:25,478 - INFO - 
[59] ->  Goldman Sachs Group (GS)
2025-11-25 16:22:25,588 - INFO - Got 42 days of data
2025-11-25 16:22:25,601 - INFO - 
[60] ->  Sysco (SYY)
2025-11-25 16:22:25,800 - INFO - Got 42 days of data
2025-11-25 16:22:25,813 - INFO - 
[61] ->  Morgan Stanley (MS)
2025-11-25 16:22:25,933 - INFO - Got 42 days of data
2025-11-25 16:22:25,945 - INFO - 
[62] ->  HCA Healthcare (HCA)
2025-11-25 16:22:26,050 - INFO - Got 42 days of data
2025-11-25 16:22:26,063 - INFO - 
[63] ->  Cisco Systems (CSCO)
2025-11-25 16:22:26,231 - INFO - Got 42 days of data
2025-11-25 16:22:26,244 - INFO - 
[64] ->  Charter Communications (CHTR)
2025-11-25 16:22:26,329 - INFO - Got 42 days of data
2025-11-25 16:22:26,342 - INFO - 
[65] ->  Merck (MRK)
2025-11-25 16:22:26,481 - INFO - Got 42 days of data
2025-11-25 16:22:26,494 - INFO - 
[66] ->  Best Buy (BBY)
2025-11-25 16:22:26,595 - INFO - Got 42 days of data
2025-11-25 16:22:26,608 - INFO - 
[67] ->  New York Life Insurance (601336.SS)
2025-11-25 16:22:26,774 - INFO - Got 44 days of data
2025-11-25 16:22:26,787 - INFO - 
[68] ->  AbbVie (ABBV)
2025-11-25 16:22:26,877 - INFO - Got 42 days of data
2025-11-25 16:22:26,890 - INFO - 
[70] ->  Allstate (ALL)
2025-11-25 16:22:26,993 - INFO - Got 42 days of data
2025-11-25 16:22:27,005 - INFO - 
[71] ->  Liberty Mutual Insurance Group (LFG.AX)
2025-11-25 16:22:27,109 - INFO - Got 42 days of data
2025-11-25 16:22:27,122 - INFO - 
[72] ->  AIG (AIG)
2025-11-25 16:22:27,236 - INFO - Got 42 days of data
2025-11-25 16:22:27,248 - INFO - 
[73] ->  Tyson Foods (TSN)
2025-11-25 16:22:27,466 - INFO - Got 42 days of data
2025-11-25 16:22:27,479 - INFO - 
[74] ->  Progressive (PGR)
2025-11-25 16:22:27,694 - INFO - Got 42 days of data
2025-11-25 16:22:27,706 - INFO - 
[76] ->  Nationwide (NATWIDE.KL)
2025-11-25 16:22:28,424 - INFO - No data available
2025-11-25 16:22:28,424 - INFO - 
[77] ->  Pfizer (PFIZER.NS)
2025-11-25 16:22:28,523 - INFO - Got 42 days of data
2025-11-25 16:22:28,534 - INFO - 
[78] ->  Caterpillar (CAT)
2025-11-25 16:22:28,796 - INFO - Got 42 days of data
2025-11-25 16:22:28,808 - INFO - 
[79] ->  TIAA (TILIX)
2025-11-25 16:22:28,932 - INFO - Got 42 days of data
2025-11-25 16:22:28,945 - INFO - 
[80] ->  Oracle (ORCL)
2025-11-25 16:22:29,049 - INFO - Got 42 days of data
2025-11-25 16:22:29,060 - INFO - 
[81] ->  Energy Transfer (ET)
2025-11-25 16:22:29,208 - INFO - Got 42 days of data
2025-11-25 16:22:29,219 - INFO - 
[82] ->  Dow (DOW)
2025-11-25 16:22:29,383 - INFO - Got 42 days of data
2025-11-25 16:22:29,396 - INFO - 
[83] ->  American Express (AXP)
2025-11-25 16:22:29,533 - INFO - Got 42 days of data
2025-11-25 16:22:29,546 - INFO - 
[84] ->  General Dynamics (GD)
2025-11-25 16:22:29,705 - INFO - Got 42 days of data
2025-11-25 16:22:29,718 - INFO - 
[85] ->  Nike (NKE)
2025-11-25 16:22:29,854 - INFO - Got 42 days of data
2025-11-25 16:22:29,867 - INFO - 
[86] ->  Northrop Grumman (NOC)
2025-11-25 16:22:30,008 - INFO - Got 42 days of data
2025-11-25 16:22:30,020 - INFO - 
[87] ->  USAA (UIPMX)
2025-11-25 16:22:30,129 - INFO - Got 42 days of data
2025-11-25 16:22:30,142 - INFO - 
[88] ->  Deere (DE)
2025-11-25 16:22:30,295 - INFO - Got 42 days of data
2025-11-25 16:22:30,308 - INFO - 
[89] ->  Abbott Laboratories (ABT)
2025-11-25 16:22:30,445 - INFO - Got 42 days of data
2025-11-25 16:22:30,457 - INFO - 
[90] ->  Northwestern Mutual (NWE)
2025-11-25 16:22:30,568 - INFO - Got 42 days of data
2025-11-25 16:22:30,580 - INFO - 
[91] ->  Dollar General (DG)
2025-11-25 16:22:30,780 - INFO - Got 42 days of data
2025-11-25 16:22:30,793 - INFO - 
[92] ->  Exelon (EXC)
2025-11-25 16:22:30,968 - INFO - Got 42 days of data
2025-11-25 16:22:30,981 - INFO - 
[93] ->  Coca-Cola (COLA.WA)
2025-11-25 16:22:31,525 - INFO - No data available
2025-11-25 16:22:31,526 - INFO - 
[94] ->  Honeywell International (HON)
2025-11-25 16:22:31,746 - INFO - Got 42 days of data
2025-11-25 16:22:31,759 - INFO - 
[95] ->  Thermo Fisher Scientific (TMO)
2025-11-25 16:22:31,894 - INFO - Got 42 days of data
2025-11-25 16:22:31,906 - INFO - 
[96] ->  3M (MMM)
2025-11-25 16:22:32,148 - INFO - Got 42 days of data
2025-11-25 16:22:32,159 - INFO - 
[97] ->  TJX (TJX)
2025-11-25 16:22:32,295 - INFO - Got 42 days of data
2025-11-25 16:22:32,305 - INFO - 
[98] ->  Travelers (TRV)
2025-11-25 16:22:32,445 - INFO - Got 42 days of data
2025-11-25 16:22:32,457 - INFO - 
[99] ->  Capital One Financial (COF)
2025-11-25 16:22:32,593 - INFO - Got 42 days of data
2025-11-25 16:22:32,605 - INFO - 
[100] ->  Tesla (TSLA)
2025-11-25 16:22:32,687 - INFO - Got 42 days of data
2025-11-25 16:22:32,700 - INFO - Historic stocks data collected
2025-11-25 16:22:32,700 - INFO - 
============================================================
2025-11-25 16:22:32,701 - INFO - Creating HISTORICAL company metadata
2025-11-25 16:22:32,701 - INFO - Years: 2021 to 2021
2025-11-25 16:22:32,701 - INFO - 
2021: Metadata already exists — skipping
2025-11-25 16:22:32,701 - INFO - 
Metadata creation completed
2025-11-25 16:22:32,701 - INFO - 
============================================================
2025-11-25 16:22:32,701 - INFO - Creating HISTORICAL macro data
2025-11-25 16:22:32,701 - INFO - Years: 2021 to 2021
2025-11-25 16:22:32,701 - INFO - 
2021: already exists — skipping
2025-11-25 16:22:32,701 - INFO - 
Macro data creation complete
2025-11-25 16:22:32,701 - INFO - 
============================================================
2025-11-25 16:22:32,702 - INFO - Fetching HISTORICAL exchange rates (USD-INR) from FRED
2025-11-25 16:22:32,702 - INFO - Years: 2021 to 2021
2025-11-25 16:22:32,702 - INFO - 
2021: Already exists — skipping
2025-11-25 16:22:32,702 - INFO - 
Exchange rate data complete
2025-11-25 16:22:32,702 - INFO - Starting merge process
2025-11-25 16:22:32,702 - INFO - Mode: Historical
2025-11-25 16:22:32,702 - INFO - Date range: 2021-11-01 to 2021-12-31
2025-11-25 16:22:32,702 - INFO - Execution dir: /Users/shalinitata/Desktop/stocks/Execution/2025/11/25/2025:11:25_16:22:32
2025-11-25 16:22:32,702 - INFO - 
============================================================
2025-11-25 16:22:32,702 - INFO - Processing BASE TABLE (stocks_raw)
2025-11-25 16:22:32,702 - INFO - Processing stocks_raw (BASE TABLE)
2025-11-25 16:22:32,703 - INFO - Read 91 rows from 2021/11/03/stocks.csv
2025-11-25 16:22:32,703 - INFO - Read 91 rows from 2021/11/04/stocks.csv
2025-11-25 16:22:32,704 - INFO - Read 90 rows from 2021/11/05/stocks.csv
2025-11-25 16:22:32,704 - INFO - Read 91 rows from 2021/11/02/stocks.csv
2025-11-25 16:22:32,704 - INFO - Read 91 rows from 2021/11/18/stocks.csv
2025-11-25 16:22:32,705 - INFO - Read 91 rows from 2021/11/11/stocks.csv
2025-11-25 16:22:32,705 - INFO - Read 91 rows from 2021/11/29/stocks.csv
2025-11-25 16:22:32,706 - INFO - Read 91 rows from 2021/11/16/stocks.csv
2025-11-25 16:22:32,706 - INFO - Read 91 rows from 2021/11/17/stocks.csv
2025-11-25 16:22:32,706 - INFO - Read 91 rows from 2021/11/10/stocks.csv
2025-11-25 16:22:32,707 - INFO - Read 90 rows from 2021/11/19/stocks.csv
2025-11-25 16:22:32,707 - INFO - Read 91 rows from 2021/11/26/stocks.csv
2025-11-25 16:22:32,708 - INFO - Read 91 rows from 2021/11/09/stocks.csv
2025-11-25 16:22:32,708 - INFO - Read 91 rows from 2021/11/30/stocks.csv
2025-11-25 16:22:32,708 - INFO - Read 91 rows from 2021/11/08/stocks.csv
2025-11-25 16:22:32,709 - INFO - Read 91 rows from 2021/11/01/stocks.csv
2025-11-25 16:22:32,709 - INFO - Read 91 rows from 2021/11/24/stocks.csv
2025-11-25 16:22:32,709 - INFO - Read 91 rows from 2021/11/23/stocks.csv
2025-11-25 16:22:32,710 - INFO - Read 91 rows from 2021/11/15/stocks.csv
2025-11-25 16:22:32,710 - INFO - Read 91 rows from 2021/11/12/stocks.csv
2025-11-25 16:22:32,710 - INFO - Read 91 rows from 2021/11/22/stocks.csv
2025-11-25 16:22:32,710 - INFO - Read 6 rows from 2021/11/25/stocks.csv
2025-11-25 16:22:32,711 - INFO - Read 91 rows from 2021/12/03/stocks.csv
2025-11-25 16:22:32,711 - INFO - Read 91 rows from 2021/12/02/stocks.csv
2025-11-25 16:22:32,711 - INFO - Read 91 rows from 2021/12/20/stocks.csv
2025-11-25 16:22:32,712 - INFO - Read 89 rows from 2021/12/27/stocks.csv
2025-11-25 16:22:32,712 - INFO - Read 91 rows from 2021/12/29/stocks.csv
2025-11-25 16:22:32,712 - INFO - Read 91 rows from 2021/12/16/stocks.csv
2025-11-25 16:22:32,712 - INFO - Read 89 rows from 2021/12/28/stocks.csv
2025-11-25 16:22:32,713 - INFO - Read 91 rows from 2021/12/17/stocks.csv
2025-11-25 16:22:32,713 - INFO - Read 91 rows from 2021/12/10/stocks.csv
2025-11-25 16:22:32,713 - INFO - Read 91 rows from 2021/12/21/stocks.csv
2025-11-25 16:22:32,714 - INFO - Read 91 rows from 2021/12/07/stocks.csv
2025-11-25 16:22:32,714 - INFO - Read 91 rows from 2021/12/09/stocks.csv
2025-11-25 16:22:32,715 - INFO - Read 91 rows from 2021/12/30/stocks.csv
2025-11-25 16:22:32,715 - INFO - Read 91 rows from 2021/12/08/stocks.csv
2025-11-25 16:22:32,715 - INFO - Read 91 rows from 2021/12/01/stocks.csv
2025-11-25 16:22:32,715 - INFO - Read 91 rows from 2021/12/06/stocks.csv
2025-11-25 16:22:32,716 - INFO - Read 5 rows from 2021/12/24/stocks.csv
2025-11-25 16:22:32,716 - INFO - Read 91 rows from 2021/12/23/stocks.csv
2025-11-25 16:22:32,716 - INFO - Read 91 rows from 2021/12/15/stocks.csv
2025-11-25 16:22:32,716 - INFO - Read 91 rows from 2021/12/13/stocks.csv
2025-11-25 16:22:32,717 - INFO - Read 91 rows from 2021/12/14/stocks.csv
2025-11-25 16:22:32,717 - INFO - Read 91 rows from 2021/12/22/stocks.csv
2025-11-25 16:22:32,729 - INFO - Merged 3827 rows for stocks_raw
2025-11-25 16:22:33,250 - INFO - Validation complete for stocks_raw: valid=3827, invalid=0
2025-11-25 16:22:33,282 - INFO - Valid: 3827, Invalid: 0
2025-11-25 16:22:33,293 - INFO - Table stocks_raw created
2025-11-25 16:22:33,586 - INFO - Inserted 3827 rows into stocks_raw
2025-11-25 16:22:33,586 - INFO - Loaded 3827 rows to stocks_raw
2025-11-25 16:22:33,586 - INFO - Base table established with 3827 records
2025-11-25 16:22:33,586 - INFO - Found 91 unique tickers: 601336.SS, ABBV, ABT, ACI, ADM, AIG, ALL, AMZN, APLE, ATT.L, AXP, BA, BAC, BBY, C, CAH, CAT, CHTR, CI, CMCSA, CNC, COF, COST, CSCO, CVS, CVX, DE, DELL, DG, DIS, DOW, ELV, ET, EXC, F, FDX, FMCC, FNMA, GD, GE, GM, GOOGL, GS, HCA, HD, HON, HP, HUM.ST, IBM, INTC, JNJ, JPM, KR, LFG.AX, LMT, MCK, MET, META, MMM, MPC, MRK, MS, MSFT, NKE, NOC, NWE, ORCL, PEP, PFIZER.NS, PG, PGR, PRU, PSX, SNEX, SYY, TGT, TILIX, TJX, TMO, TRV, TSLA, TSN, UIPMX, UNH, UPS, VLO, VZ, WFC, WMT, X1G.PA, XOM
2025-11-25 16:22:33,586 - INFO - 
============================================================
2025-11-25 16:22:33,586 - INFO - Processing DEPENDENT TABLES
2025-11-25 16:22:33,586 - INFO - Processing company_metadata
2025-11-25 16:22:33,587 - INFO - Read 91 rows from 2021/company_details.csv
2025-11-25 16:22:33,587 - INFO - Merged 91 rows for company_metadata
2025-11-25 16:22:33,591 - INFO - Validation complete for company_metadata: valid=91, invalid=0
2025-11-25 16:22:33,593 - INFO - Valid: 91, Invalid: 0
2025-11-25 16:22:33,596 - INFO - Table company_metadata created successfully
2025-11-25 16:22:33,602 - INFO - Successfully inserted 91/91 rows into company_metadata
2025-11-25 16:22:33,602 - INFO - Loaded 91 rows to company_metadata
2025-11-25 16:22:33,602 - INFO - company_metadata processed and linked to stocks_raw
2025-11-25 16:22:33,602 - INFO - 
============================================================
2025-11-25 16:22:33,602 - INFO - Processing INDEPENDENT TABLES
2025-11-25 16:22:33,602 - INFO - Processing exchange_rates
2025-11-25 16:22:33,603 - INFO - Read 249 rows from 2021.csv
2025-11-25 16:22:33,603 - INFO - Merged 249 rows for exchange_rates
2025-11-25 16:22:33,635 - INFO - Validation complete for exchange_rates: valid=249, invalid=0
2025-11-25 16:22:33,637 - INFO - Valid: 249, Invalid: 0
2025-11-25 16:22:33,639 - INFO - Table exchange_rates created
2025-11-25 16:22:33,653 - INFO - Inserted 249 rows into exchange_rates
2025-11-25 16:22:33,654 - INFO - Loaded 249 rows to exchange_rates
2025-11-25 16:22:33,654 - INFO - exchange_rates processed
2025-11-25 16:22:33,654 - INFO - Processing macro_raw
2025-11-25 16:22:33,655 - INFO - Read 4 rows from 2021.csv
2025-11-25 16:22:33,655 - INFO - Merged 1 rows for macro_raw from Q4 2021 to Q4 2021
2025-11-25 16:22:33,655 - INFO - Years included: [np.int64(2021)]
2025-11-25 16:22:33,655 - INFO - Quarters included: ['2021-Q4']
2025-11-25 16:22:33,656 - INFO - Validation complete for macro_raw: valid=1, invalid=0
2025-11-25 16:22:33,656 - INFO - Valid: 1, Invalid: 0
2025-11-25 16:22:33,659 - INFO - Table macro_raw created
2025-11-25 16:22:33,659 - INFO - Inserted 1 rows into macro_raw
2025-11-25 16:22:33,659 - INFO - Loaded 1 rows to macro_raw
2025-11-25 16:22:33,659 - INFO - macro_raw processed
2025-11-25 16:22:33,659 - INFO - 
============================================================
2025-11-25 16:22:33,659 - INFO - Processing SENTIMENT DATA
2025-11-25 16:22:33,659 - INFO - Processing sentiment
2025-11-25 16:22:33,659 - WARNING - No historical data available for sentiment - only live data exists
2025-11-25 16:22:33,659 - WARNING - sentiment not available
2025-11-25 16:22:33,659 - INFO - 
============================================================
2025-11-25 16:22:33,659 - INFO - KPI CALCULATIONS AND FACT TABLE GENERATION
2025-11-25 16:22:33,659 - INFO - Starting KPI calculations
2025-11-25 16:22:33,662 - INFO - Loaded stocks_raw: 3827 rows
2025-11-25 16:22:33,662 - INFO - Loaded macro_raw: 1 rows
2025-11-25 16:22:33,662 - INFO - Loaded company_metadata: 91 rows
2025-11-25 16:22:33,662 - INFO - Loaded exchange_rates: 249 rows
2025-11-25 16:22:33,663 - INFO - Calculating stock_facts metrics...
2025-11-25 16:22:33,699 - INFO - Stock facts calculated: 3827 rows
2025-11-25 16:22:33,699 - INFO - Calculating macro_facts metrics...
2025-11-25 16:22:33,703 - INFO - Macro facts calculated: 1 rows
2025-11-25 16:22:33,703 - INFO - Creating sector_lookup...
2025-11-25 16:22:33,703 - INFO - Sector lookup created: 39 sectors
2025-11-25 16:22:33,703 - INFO - Calculating analytics_summary metrics...
2025-11-25 16:22:33,842 - INFO - Analytics summary calculated: 91 rows
2025-11-25 16:22:33,842 - INFO - 
============================================================
2025-11-25 16:22:33,842 - INFO - KPI calculations completed successfully
2025-11-25 16:22:33,842 - INFO - Generated files: stock_facts.csv, macro_facts.csv, sector_lookup.csv, analytics_summary.csv, pipeline_logs.csv
2025-11-25 16:22:33,842 - INFO - KPI calculations completed successfully
2025-11-25 16:22:33,847 - INFO - Table stock_facts created
2025-11-25 16:22:34,224 - INFO - Inserted 3827 rows into stock_facts
2025-11-25 16:22:34,225 - INFO - Loaded stock_facts to database
2025-11-25 16:22:34,227 - INFO - Table macro_facts created
2025-11-25 16:22:34,227 - INFO - Inserted 1 rows into macro_facts
2025-11-25 16:22:34,227 - INFO - Loaded macro_facts to database
2025-11-25 16:22:34,229 - INFO - Table sector_lookup created
2025-11-25 16:22:34,231 - INFO - Inserted 39 rows into sector_lookup
2025-11-25 16:22:34,231 - INFO - Loaded sector_lookup to database
2025-11-25 16:22:34,233 - INFO - Table analytics_summary created
2025-11-25 16:22:34,242 - INFO - Inserted 91 rows into analytics_summary
2025-11-25 16:22:34,242 - INFO - Loaded analytics_summary to database
2025-11-25 16:22:34,243 - INFO - 
============================================================
2025-11-25 16:22:34,243 - INFO - GENERATING REPORTS
2025-11-25 16:22:34,243 - INFO - Date Range: 2021-11-01 to 2021-12-31
2025-11-25 16:22:34,243 - INFO - ============================================================
2025-11-25 16:22:34,243 - INFO - 
================================================================================
2025-11-25 16:22:34,243 - INFO - REPORT GENERATION STARTED
2025-11-25 16:22:34,243 - INFO - Created directory: /Users/shalinitata/Desktop/stocks/Execution/2025/11/25/2025:11:25_16:22:32/reports
2025-11-25 16:22:34,243 - INFO - 
============================================================
2025-11-25 16:22:34,243 - INFO - Generating Report 1: Annual Market Intelligence Report
2025-11-25 16:22:34,413 - INFO - Fetched 1 rows for yearly performance
2025-11-25 16:22:34,525 - INFO - Fetched 20 rows for company performance
2025-11-25 16:22:34,526 - INFO - Saved intermediate CSV: /Users/shalinitata/Desktop/stocks/Execution/2025/11/25/2025:11:25_16:22:32/report1_yearly_performance.csv
2025-11-25 16:22:34,526 - INFO - Saved intermediate CSV: /Users/shalinitata/Desktop/stocks/Execution/2025/11/25/2025:11:25_16:22:32/report1_company_performance.csv
2025-11-25 16:22:34,530 - INFO - Saved PDF: /Users/shalinitata/Desktop/stocks/Execution/2025/11/25/2025:11:25_16:22:32/reports/report1_annual_market_intelligence_20251125_162234.pdf
2025-11-25 16:22:34,531 - INFO - Report 1 completed: {'csv': ['/Users/shalinitata/Desktop/stocks/Execution/2025/11/25/2025:11:25_16:22:32/report1_yearly_performance.csv', '/Users/shalinitata/Desktop/stocks/Execution/2025/11/25/2025:11:25_16:22:32/report1_company_performance.csv'], 'pdf': '/Users/shalinitata/Desktop/stocks/Execution/2025/11/25/2025:11:25_16:22:32/reports/report1_annual_market_intelligence_20251125_162234.pdf'}
2025-11-25 16:22:34,531 - INFO - 
============================================================
2025-11-25 16:22:34,531 - INFO - Generating Report 2: Sector Stability & Volatility Report
2025-11-25 16:22:34,535 - INFO - Fetched 31 rows for sector metrics
2025-11-25 16:22:34,536 - INFO - Saved intermediate CSV: /Users/shalinitata/Desktop/stocks/Execution/2025/11/25/2025:11:25_16:22:32/report2_sector_stability.csv
2025-11-25 16:22:34,589 - INFO - Saved Excel: /Users/shalinitata/Desktop/stocks/Execution/2025/11/25/2025:11:25_16:22:32/reports/report2_sector_stability_20251125_162234.xlsx
2025-11-25 16:22:34,595 - INFO - Saved PDF: /Users/shalinitata/Desktop/stocks/Execution/2025/11/25/2025:11:25_16:22:32/reports/report2_sector_stability_20251125_162234.pdf
2025-11-25 16:22:34,595 - INFO - Report 2 completed: {'csv': '/Users/shalinitata/Desktop/stocks/Execution/2025/11/25/2025:11:25_16:22:32/report2_sector_stability.csv', 'excel': '/Users/shalinitata/Desktop/stocks/Execution/2025/11/25/2025:11:25_16:22:32/reports/report2_sector_stability_20251125_162234.xlsx', 'pdf': '/Users/shalinitata/Desktop/stocks/Execution/2025/11/25/2025:11:25_16:22:32/reports/report2_sector_stability_20251125_162234.pdf'}
2025-11-25 16:22:34,595 - INFO - 
============================================================
2025-11-25 16:22:34,595 - INFO - Generating Report 3: Cross-Market Analysis Report
2025-11-25 16:22:34,708 - INFO - Fetched 1 rows for yearly currency data
2025-11-25 16:22:34,710 - INFO - Fetched 20 rows for company currency data
2025-11-25 16:22:34,711 - INFO - Saved intermediate CSV: /Users/shalinitata/Desktop/stocks/Execution/2025/11/25/2025:11:25_16:22:32/report3_currency_yearly.csv
2025-11-25 16:22:34,712 - INFO - Saved intermediate CSV: /Users/shalinitata/Desktop/stocks/Execution/2025/11/25/2025:11:25_16:22:32/report3_company_currency.csv
2025-11-25 16:22:34,766 - INFO - Saved PDF: /Users/shalinitata/Desktop/stocks/Execution/2025/11/25/2025:11:25_16:22:32/reports/report3_cross_market_20251125_162234.pdf
2025-11-25 16:22:34,767 - INFO - Report 3 completed: {'csv': ['/Users/shalinitata/Desktop/stocks/Execution/2025/11/25/2025:11:25_16:22:32/report3_currency_yearly.csv', '/Users/shalinitata/Desktop/stocks/Execution/2025/11/25/2025:11:25_16:22:32/report3_company_currency.csv'], 'pdf': '/Users/shalinitata/Desktop/stocks/Execution/2025/11/25/2025:11:25_16:22:32/reports/report3_cross_market_20251125_162234.pdf'}
2025-11-25 16:22:34,767 - INFO - 
============================================================
2025-11-25 16:22:34,767 - INFO - Generating Report 4: Forecasting & Prediction Summary
2025-11-25 16:22:34,770 - INFO - Fetched 4 rows for quarterly trends
2025-11-25 16:22:34,772 - INFO - Fetched 32 rows for sector forecast
2025-11-25 16:22:34,773 - INFO - Saved intermediate CSV: /Users/shalinitata/Desktop/stocks/Execution/2025/11/25/2025:11:25_16:22:32/report4_quarterly_trends.csv
2025-11-25 16:22:34,773 - INFO - Saved intermediate CSV: /Users/shalinitata/Desktop/stocks/Execution/2025/11/25/2025:11:25_16:22:32/report4_sector_forecast.csv
2025-11-25 16:22:34,778 - INFO - Saved PDF: /Users/shalinitata/Desktop/stocks/Execution/2025/11/25/2025:11:25_16:22:32/reports/report4_forecasting_20251125_162234.pdf
2025-11-25 16:22:34,778 - INFO - Report 4 completed: {'csv': ['/Users/shalinitata/Desktop/stocks/Execution/2025/11/25/2025:11:25_16:22:32/report4_quarterly_trends.csv', '/Users/shalinitata/Desktop/stocks/Execution/2025/11/25/2025:11:25_16:22:32/report4_sector_forecast.csv'], 'pdf': '/Users/shalinitata/Desktop/stocks/Execution/2025/11/25/2025:11:25_16:22:32/reports/report4_forecasting_20251125_162234.pdf'}
2025-11-25 16:22:34,779 - INFO - 
================================================================================
2025-11-25 16:22:34,779 - INFO - REPORT GENERATION COMPLETED SUCCESSFULLY
2025-11-25 16:22:34,779 - INFO - 
================================================================================
2025-11-25 16:22:34,779 - INFO - Reports generated successfully
2025-11-25 16:22:34,779 - INFO - Reports saved to: /Users/shalinitata/Desktop/stocks/Execution/2025/11/25/2025:11:25_16:22:32/reports

********** END OF LOG FILE **********
