
********** Local Data Warehouse and Analytical Reporting System **********
Filename: Stock Market and Macroeconomic Intelligence
User ID: 800338
Username: Shalini Tata
File Path: /Users/shalinitata/Desktop/stocks/watcher.py
********** Stock Market and Macroeconomic Intelligence **********
2025-11-25 19:47:54,965 - INFO - ===== started running the process ======
2025-11-25 19:48:55,958 - INFO - Created config file: watch_folder/config_20251125_194855_23065a6b.json
2025-11-25 19:48:55,958 - INFO - Date range: 2025-10-26 to 2025-11-25
2025-11-25 19:49:00,966 - INFO - Reports directory does not exist yet: Execution/2025/11/25/19:48/reports
2025-11-25 19:49:05,967 - INFO - Reports directory does not exist yet: Execution/2025/11/25/19:48/reports
2025-11-25 19:49:10,967 - INFO - Reports directory does not exist yet: Execution/2025/11/25/19:48/reports
2025-11-25 19:49:15,964 - INFO - Reports directory does not exist yet: Execution/2025/11/25/19:48/reports
2025-11-25 19:49:20,969 - INFO - Reports directory does not exist yet: Execution/2025/11/25/19:48/reports
2025-11-25 19:49:25,967 - INFO - Reports directory does not exist yet: Execution/2025/11/25/19:48/reports
2025-11-25 19:49:30,967 - INFO - Reports directory does not exist yet: Execution/2025/11/25/19:48/reports
2025-11-25 19:49:35,967 - INFO - Reports directory does not exist yet: Execution/2025/11/25/19:48/reports
2025-11-25 19:49:40,967 - INFO - Reports directory does not exist yet: Execution/2025/11/25/19:48/reports
2025-11-25 19:49:45,967 - INFO - Reports directory does not exist yet: Execution/2025/11/25/19:48/reports
2025-11-25 19:49:50,967 - INFO - Reports directory does not exist yet: Execution/2025/11/25/19:48/reports
2025-11-25 19:49:55,967 - INFO - Reports directory does not exist yet: Execution/2025/11/25/19:48/reports
2025-11-25 19:50:00,967 - INFO - Reports directory does not exist yet: Execution/2025/11/25/19:48/reports
2025-11-25 19:50:05,967 - INFO - Reports directory does not exist yet: Execution/2025/11/25/19:48/reports
2025-11-25 19:50:10,967 - INFO - Reports directory does not exist yet: Execution/2025/11/25/19:48/reports
2025-11-25 19:50:15,967 - INFO - Reports directory does not exist yet: Execution/2025/11/25/19:48/reports
2025-11-25 19:50:20,967 - INFO - Reports directory does not exist yet: Execution/2025/11/25/19:48/reports
2025-11-25 19:50:25,965 - INFO - Reports directory does not exist yet: Execution/2025/11/25/19:48/reports
2025-11-25 19:50:31,694 - INFO - Reports directory does not exist yet: Execution/2025/11/25/19:48/reports
2025-11-25 19:50:36,694 - INFO - Reports directory does not exist yet: Execution/2025/11/25/19:48/reports
2025-11-25 19:50:41,698 - INFO - Reports directory does not exist yet: Execution/2025/11/25/19:48/reports
2025-11-25 19:50:46,696 - INFO - Reports directory does not exist yet: Execution/2025/11/25/19:48/reports
2025-11-25 19:50:51,695 - INFO - Reports directory does not exist yet: Execution/2025/11/25/19:48/reports
2025-11-25 19:50:56,695 - INFO - Reports directory does not exist yet: Execution/2025/11/25/19:48/reports
2025-11-25 19:51:01,696 - INFO - Reports directory does not exist yet: Execution/2025/11/25/19:48/reports
2025-11-25 19:51:06,696 - INFO - Reports directory does not exist yet: Execution/2025/11/25/19:48/reports
2025-11-25 19:51:11,694 - INFO - Reports directory does not exist yet: Execution/2025/11/25/19:48/reports
2025-11-25 19:51:16,695 - INFO - Reports directory does not exist yet: Execution/2025/11/25/19:48/reports
2025-11-25 19:51:21,695 - INFO - Reports directory does not exist yet: Execution/2025/11/25/19:48/reports
2025-11-25 19:51:26,693 - INFO - Reports directory does not exist yet: Execution/2025/11/25/19:48/reports
2025-11-25 19:51:30,968 - INFO - Reports directory does not exist yet: Execution/2025/11/25/19:48/reports
2025-11-25 19:51:35,968 - INFO - Reports directory does not exist yet: Execution/2025/11/25/19:48/reports
2025-11-25 19:51:40,968 - INFO - Reports directory does not exist yet: Execution/2025/11/25/19:48/reports
2025-11-25 19:51:45,968 - INFO - Reports directory does not exist yet: Execution/2025/11/25/19:48/reports
2025-11-25 19:51:50,969 - INFO - Reports directory does not exist yet: Execution/2025/11/25/19:48/reports
2025-11-25 19:51:55,969 - INFO - Reports directory does not exist yet: Execution/2025/11/25/19:48/reports
2025-11-25 19:52:00,968 - INFO - Reports directory does not exist yet: Execution/2025/11/25/19:48/reports
2025-11-25 19:52:05,968 - INFO - Reports directory does not exist yet: Execution/2025/11/25/19:48/reports
2025-11-25 19:52:10,968 - INFO - Reports directory does not exist yet: Execution/2025/11/25/19:48/reports
2025-11-25 19:52:15,969 - INFO - Reports directory does not exist yet: Execution/2025/11/25/19:48/reports
2025-11-25 19:52:20,969 - INFO - Reports directory does not exist yet: Execution/2025/11/25/19:48/reports
2025-11-25 19:52:25,969 - INFO - Reports directory does not exist yet: Execution/2025/11/25/19:48/reports
2025-11-25 19:52:30,969 - INFO - Reports directory does not exist yet: Execution/2025/11/25/19:48/reports
2025-11-25 19:52:35,968 - INFO - Reports directory does not exist yet: Execution/2025/11/25/19:48/reports
2025-11-25 19:52:40,969 - INFO - Reports directory does not exist yet: Execution/2025/11/25/19:48/reports
2025-11-25 19:52:45,969 - INFO - Reports directory does not exist yet: Execution/2025/11/25/19:48/reports
2025-11-25 19:52:50,969 - INFO - Reports directory does not exist yet: Execution/2025/11/25/19:48/reports
2025-11-25 19:52:55,969 - INFO - Reports directory does not exist yet: Execution/2025/11/25/19:48/reports
2025-11-25 19:53:00,969 - INFO - Reports directory does not exist yet: Execution/2025/11/25/19:48/reports
2025-11-25 19:53:06,697 - INFO - Reports directory does not exist yet: Execution/2025/11/25/19:48/reports
2025-11-25 19:53:11,696 - INFO - Reports directory does not exist yet: Execution/2025/11/25/19:48/reports
2025-11-25 19:53:16,695 - INFO - Reports directory does not exist yet: Execution/2025/11/25/19:48/reports
2025-11-25 19:53:21,696 - INFO - Reports directory does not exist yet: Execution/2025/11/25/19:48/reports
2025-11-25 19:53:25,966 - INFO - Reports directory does not exist yet: Execution/2025/11/25/19:48/reports
2025-11-25 19:53:30,968 - INFO - Reports directory does not exist yet: Execution/2025/11/25/19:48/reports
2025-11-25 19:53:35,968 - INFO - Reports directory does not exist yet: Execution/2025/11/25/19:48/reports
2025-11-25 19:53:40,968 - INFO - Reports directory does not exist yet: Execution/2025/11/25/19:48/reports
2025-11-25 19:53:45,968 - INFO - Reports directory does not exist yet: Execution/2025/11/25/19:48/reports
2025-11-25 19:53:50,968 - INFO - Reports directory does not exist yet: Execution/2025/11/25/19:48/reports
2025-11-25 19:53:55,968 - INFO - Reports directory does not exist yet: Execution/2025/11/25/19:48/reports
2025-11-25 19:54:00,968 - INFO - Reports directory does not exist yet: Execution/2025/11/25/19:48/reports
2025-11-25 19:54:05,968 - INFO - Reports directory does not exist yet: Execution/2025/11/25/19:48/reports
2025-11-25 19:54:10,968 - INFO - Reports directory does not exist yet: Execution/2025/11/25/19:48/reports
2025-11-25 19:54:15,975 - INFO - Reports directory does not exist yet: Execution/2025/11/25/19:48/reports
2025-11-25 19:54:20,968 - INFO - Reports directory does not exist yet: Execution/2025/11/25/19:48/reports
2025-11-25 19:54:25,969 - INFO - Reports directory does not exist yet: Execution/2025/11/25/19:48/reports
2025-11-25 19:54:30,968 - INFO - Reports directory does not exist yet: Execution/2025/11/25/19:48/reports
2025-11-25 19:54:35,967 - INFO - Reports directory does not exist yet: Execution/2025/11/25/19:48/reports
2025-11-25 19:54:40,968 - INFO - Reports directory does not exist yet: Execution/2025/11/25/19:48/reports
2025-11-25 19:54:45,968 - INFO - Reports directory does not exist yet: Execution/2025/11/25/19:48/reports
2025-11-25 19:54:50,968 - INFO - Reports directory does not exist yet: Execution/2025/11/25/19:48/reports
2025-11-25 19:54:55,968 - INFO - Reports directory does not exist yet: Execution/2025/11/25/19:48/reports
2025-11-25 19:55:00,968 - INFO - Reports directory does not exist yet: Execution/2025/11/25/19:48/reports
2025-11-25 19:55:05,968 - INFO - Reports directory does not exist yet: Execution/2025/11/25/19:48/reports
2025-11-25 19:55:10,968 - INFO - Reports directory does not exist yet: Execution/2025/11/25/19:48/reports
2025-11-25 19:55:15,968 - INFO - Reports directory does not exist yet: Execution/2025/11/25/19:48/reports
2025-11-25 19:55:20,968 - INFO - Reports directory does not exist yet: Execution/2025/11/25/19:48/reports
2025-11-25 19:55:25,969 - INFO - Reports directory does not exist yet: Execution/2025/11/25/19:48/reports
2025-11-25 19:55:31,697 - INFO - Reports directory does not exist yet: Execution/2025/11/25/19:48/reports
2025-11-25 19:55:36,696 - INFO - Reports directory does not exist yet: Execution/2025/11/25/19:48/reports
2025-11-25 19:55:41,696 - INFO - Reports directory does not exist yet: Execution/2025/11/25/19:48/reports
2025-11-25 19:55:46,696 - INFO - Reports directory does not exist yet: Execution/2025/11/25/19:48/reports
2025-11-25 19:55:51,697 - INFO - Reports directory does not exist yet: Execution/2025/11/25/19:48/reports
2025-11-25 19:55:56,696 - INFO - Reports directory does not exist yet: Execution/2025/11/25/19:48/reports
2025-11-25 19:56:01,696 - INFO - Reports directory does not exist yet: Execution/2025/11/25/19:48/reports
2025-11-25 19:56:06,697 - INFO - Reports directory does not exist yet: Execution/2025/11/25/19:48/reports
2025-11-25 19:56:11,696 - INFO - Reports directory does not exist yet: Execution/2025/11/25/19:48/reports
2025-11-25 19:56:16,697 - INFO - Reports directory does not exist yet: Execution/2025/11/25/19:48/reports
2025-11-25 19:56:21,696 - INFO - Reports directory does not exist yet: Execution/2025/11/25/19:48/reports
2025-11-25 19:56:26,697 - INFO - Reports directory does not exist yet: Execution/2025/11/25/19:48/reports
2025-11-25 19:56:50,785 - INFO - Reports directory does not exist yet: Execution/2025/11/25/19:48/reports
2025-11-25 19:56:55,969 - INFO - Reports directory does not exist yet: Execution/2025/11/25/19:48/reports
2025-11-25 19:57:00,968 - INFO - Reports directory does not exist yet: Execution/2025/11/25/19:48/reports
2025-11-25 19:57:05,969 - INFO - Reports directory does not exist yet: Execution/2025/11/25/19:48/reports
2025-11-25 19:57:10,969 - INFO - Reports directory does not exist yet: Execution/2025/11/25/19:48/reports
2025-11-25 19:57:16,698 - INFO - Reports directory does not exist yet: Execution/2025/11/25/19:48/reports
2025-11-25 19:57:21,696 - INFO - Reports directory does not exist yet: Execution/2025/11/25/19:48/reports
2025-11-25 19:57:26,696 - INFO - Reports directory does not exist yet: Execution/2025/11/25/19:48/reports
2025-11-25 19:57:31,697 - INFO - Reports directory does not exist yet: Execution/2025/11/25/19:48/reports
2025-11-25 19:57:36,694 - INFO - Reports directory does not exist yet: Execution/2025/11/25/19:48/reports
2025-11-25 19:57:41,697 - INFO - Reports directory does not exist yet: Execution/2025/11/25/19:48/reports
2025-11-25 19:57:46,697 - INFO - Reports directory does not exist yet: Execution/2025/11/25/19:48/reports
2025-11-25 19:57:51,696 - INFO - Reports directory does not exist yet: Execution/2025/11/25/19:48/reports
2025-11-25 19:57:55,969 - INFO - Reports directory does not exist yet: Execution/2025/11/25/19:48/reports
2025-11-25 19:58:00,969 - INFO - Reports directory does not exist yet: Execution/2025/11/25/19:48/reports
2025-11-25 19:58:05,968 - INFO - Reports directory does not exist yet: Execution/2025/11/25/19:48/reports
2025-11-25 19:58:10,969 - INFO - Reports directory does not exist yet: Execution/2025/11/25/19:48/reports
2025-11-25 19:58:15,969 - INFO - Reports directory does not exist yet: Execution/2025/11/25/19:48/reports
2025-11-25 19:58:20,969 - INFO - Reports directory does not exist yet: Execution/2025/11/25/19:48/reports
2025-11-25 19:58:25,969 - INFO - Reports directory does not exist yet: Execution/2025/11/25/19:48/reports
2025-11-25 19:58:30,969 - INFO - Reports directory does not exist yet: Execution/2025/11/25/19:48/reports
2025-11-25 19:58:35,968 - INFO - Reports directory does not exist yet: Execution/2025/11/25/19:48/reports
2025-11-25 19:58:40,968 - INFO - Reports directory does not exist yet: Execution/2025/11/25/19:48/reports
2025-11-25 19:58:45,969 - INFO - Reports directory does not exist yet: Execution/2025/11/25/19:48/reports
2025-11-25 19:58:50,967 - INFO - Reports directory does not exist yet: Execution/2025/11/25/19:48/reports
2025-11-25 19:58:55,969 - INFO - Reports directory does not exist yet: Execution/2025/11/25/19:48/reports
2025-11-25 19:59:00,968 - INFO - Reports directory does not exist yet: Execution/2025/11/25/19:48/reports
2025-11-25 19:59:05,968 - INFO - Reports directory does not exist yet: Execution/2025/11/25/19:48/reports
2025-11-25 19:59:10,969 - INFO - Reports directory does not exist yet: Execution/2025/11/25/19:48/reports
2025-11-25 19:59:15,970 - INFO - Reports directory does not exist yet: Execution/2025/11/25/19:48/reports
