
********** Local Data Warehouse and Analytical Reporting System **********
Filename: Stock Market and Macroeconomic Intelligence
User ID: 800338
Username: Shalini Tata
File Path: /Users/shalinitata/Desktop/stocks/watcher.py
********** Stock Market and Macroeconomic Intelligence **********
2025-11-25 20:06:14,819 - INFO - ===== started running the process ======
2025-11-25 20:06:14,819 - INFO - ============================================================
2025-11-25 20:06:14,819 - INFO - Stock Data Watcher Started
2025-11-25 20:06:14,819 - INFO - ============================================================
2025-11-25 20:06:14,819 - INFO - Starting live data scheduler...
2025-11-25 20:06:14,820 - INFO - Live scheduler started successfully
2025-11-25 20:06:14,821 - INFO - Watching 'watch_folder/' for config files...
2025-11-25 20:06:14,822 - INFO - Drop JSON configs with start_date and end_date for historical processing
2025-11-25 20:06:35,362 - INFO - New config detected: /Users/shalinitata/Desktop/stocks/watch_folder/config_20251125_200635_c9198a1a.json
2025-11-25 20:06:35,369 - INFO - Processing historical range: 2025-10-26 to 2025-11-25
2025-11-25 20:06:35,369 - INFO - Triggering check.py for historical processing
2025-11-25 20:06:35,376 - INFO - Modified config detected: /Users/shalinitata/Desktop/stocks/watch_folder/config_20251125_200635_c9198a1a.json
2025-11-25 20:06:35,376 - INFO - Processing historical range: 2025-10-26 to 2025-11-25
2025-11-25 20:06:35,377 - INFO - Triggering check.py for historical processing
2025-11-25 20:06:35,425 - INFO - Modified config detected: /Users/shalinitata/Desktop/stocks/watch_folder/config_20251125_200635_c9198a1a.json
2025-11-25 20:06:35,425 - INFO - Processing historical range: 2025-10-26 to 2025-11-25
2025-11-25 20:06:35,426 - INFO - Triggering check.py for historical processing
2025-11-25 20:06:35,460 - INFO - Modified config detected: /Users/shalinitata/Desktop/stocks/watch_folder/config_20251125_200635_c9198a1a.json
2025-11-25 20:06:35,460 - INFO - Processing historical range: 2025-10-26 to 2025-11-25
2025-11-25 20:06:35,460 - INFO - Triggering check.py for historical processing
2025-11-25 20:14:54,627 - INFO - New config detected: /Users/shalinitata/Desktop/stocks/watch_folder/config_20251125_201454_c821af8b.json
2025-11-25 20:14:54,628 - INFO - Processing historical range: 2025-10-26 to 2025-11-20
2025-11-25 20:14:54,628 - INFO - Triggering check.py for historical processing
2025-11-25 20:14:54,633 - INFO - Modified config detected: /Users/shalinitata/Desktop/stocks/watch_folder/config_20251125_201454_c821af8b.json
2025-11-25 20:14:54,633 - INFO - Processing historical range: 2025-10-26 to 2025-11-20
2025-11-25 20:14:54,634 - INFO - Triggering check.py for historical processing
2025-11-25 20:14:55,030 - INFO - Modified config detected: /Users/shalinitata/Desktop/stocks/watch_folder/config_20251125_201454_c821af8b.json
2025-11-25 20:14:55,031 - INFO - Processing historical range: 2025-10-26 to 2025-11-20
2025-11-25 20:14:55,031 - INFO - Triggering check.py for historical processing
2025-11-25 20:14:55,069 - INFO - Modified config detected: /Users/shalinitata/Desktop/stocks/watch_folder/config_20251125_201454_c821af8b.json
2025-11-25 20:14:55,069 - INFO - Processing historical range: 2025-10-26 to 2025-11-20
2025-11-25 20:14:55,069 - INFO - Triggering check.py for historical processing
2025-11-25 20:26:06,581 - INFO - 
Shutting down watcher...
2025-11-25 20:26:06,584 - INFO - Live scheduler stopped
2025-11-25 20:26:06,584 - INFO - Watcher stopped
