
********** Local Data Warehouse and Analytical Reporting System **********
Filename: Stock Market and Macroeconomic Intelligence
User ID: 800338
Username: Shalini Tata
File Path: /Users/shalinitata/Desktop/stocks/watcher.py
********** Stock Market and Macroeconomic Intelligence **********
2025-11-25 15:26:13,753 - INFO - ===== started running the process ======
2025-11-25 15:26:13,754 - INFO - ============================================================
2025-11-25 15:26:13,754 - INFO - Stock Data Watcher Started
2025-11-25 15:26:13,754 - INFO - ============================================================
2025-11-25 15:26:13,754 - INFO - Starting live data scheduler...
2025-11-25 15:26:13,755 - INFO - Live scheduler started successfully
2025-11-25 15:26:13,756 - INFO - Watching 'watch_folder/' for config files...
2025-11-25 15:26:13,756 - INFO - Drop JSON configs with start_date and end_date for historical processing
2025-11-25 15:27:40,539 - INFO - New config detected: /Users/shalinitata/Desktop/stocks/watch_folder/test.json
2025-11-25 15:27:40,542 - INFO - Processing historical range: 2021-01-01 to 2021-12-31
2025-11-25 15:27:40,542 - INFO - Triggering check.py for historical processing
2025-11-25 15:27:40,544 - INFO - Modified config detected: /Users/shalinitata/Desktop/stocks/watch_folder/test.json
2025-11-25 15:27:40,545 - INFO - Processing historical range: 2021-01-01 to 2021-12-31
2025-11-25 15:27:40,545 - INFO - Triggering check.py for historical processing
2025-11-25 15:27:40,550 - INFO - Modified config detected: /Users/shalinitata/Desktop/stocks/watch_folder/test.json
2025-11-25 15:27:40,550 - INFO - Processing historical range: 2021-01-01 to 2021-12-31
2025-11-25 15:27:40,550 - INFO - Triggering check.py for historical processing
2025-11-25 15:27:40,741 - INFO - Modified config detected: /Users/shalinitata/Desktop/stocks/watch_folder/test.json
2025-11-25 15:27:40,741 - INFO - Processing historical range: 2021-01-01 to 2021-12-31
2025-11-25 15:27:40,741 - INFO - Triggering check.py for historical processing
2025-11-25 15:27:40,777 - INFO - Modified config detected: /Users/shalinitata/Desktop/stocks/watch_folder/test.json
2025-11-25 15:27:40,777 - INFO - Processing historical range: 2021-01-01 to 2021-12-31
2025-11-25 15:27:40,777 - INFO - Triggering check.py for historical processing
2025-11-25 15:27:45,413 - INFO - Modified config detected: /Users/shalinitata/Desktop/stocks/watch_folder/test.json
2025-11-25 15:27:45,414 - INFO - Processing historical range: 2021-01-01 to 2021-12-31
2025-11-25 15:27:45,414 - INFO - Triggering check.py for historical processing
2025-11-25 15:32:18,493 - INFO - 
Shutting down watcher...
2025-11-25 15:32:18,496 - INFO - Live scheduler stopped
2025-11-25 15:32:18,496 - INFO - Watcher stopped
