
********** Local Data Warehouse and Analytical Reporting System **********
Filename: Stock Market and Macroeconomic Intelligence
User ID: 800338
Username: Shalini Tata
File Path: /Users/shalinitata/Desktop/stocks/watcher.py
********** Stock Market and Macroeconomic Intelligence **********
2025-11-25 15:58:10,756 - INFO - ===== started running the process ======
2025-11-25 15:58:10,800 - INFO - ============================================================
2025-11-25 15:58:10,800 - INFO - HISTORICAL PROCESSING FROM CONFIG
2025-11-25 15:58:10,800 - INFO - Range: 2021-12-01 to 2021-12-31
2025-11-25 15:58:10,800 - INFO - ============================================================
2025-11-25 15:58:10,800 - INFO - 
============================================================
2025-11-25 15:58:10,800 - INFO - Fetching HISTORICAL data for 2021
2025-11-25 15:58:10,800 - INFO - Period: 2021-12-01 to 2021-12-31
2025-11-25 15:58:10,802 - INFO - total companies with tickers: 97
2025-11-25 15:58:10,807 - INFO - found 260 days already saved
2025-11-25 15:58:10,807 - INFO - 
[1] ->  Walmart (WMT)
2025-11-25 15:58:11,496 - INFO - Got 21 days of data
2025-11-25 15:58:11,508 - INFO - 
[2] ->  Amazon (AMZN)
2025-11-25 15:58:11,927 - INFO - Got 21 days of data
2025-11-25 15:58:11,940 - INFO - 
[3] ->  Apple (APLE)
2025-11-25 15:58:12,060 - INFO - Got 21 days of data
2025-11-25 15:58:12,073 - INFO - 
[4] ->  CVS Health (CVS)
2025-11-25 15:58:12,257 - INFO - Got 21 days of data
2025-11-25 15:58:12,269 - INFO - 
[5] ->  UnitedHealth Group (UNH)
2025-11-25 15:58:12,431 - INFO - Got 21 days of data
2025-11-25 15:58:12,442 - INFO - 
[6] ->  Berkshire Hathaway (BRK.A)
2025-11-25 15:58:13,914 - INFO - No data available
2025-11-25 15:58:13,915 - INFO - 
[7] ->  McKesson (MCK)
2025-11-25 15:58:14,097 - INFO - Got 21 days of data
2025-11-25 15:58:14,108 - INFO - 
[8] ->  AmerisourceBergen (ABC.VI)
2025-11-25 15:58:14,761 - INFO - No data available
2025-11-25 15:58:14,762 - INFO - 
[9] ->  Alphabet (GOOGL)
2025-11-25 15:58:14,892 - INFO - Got 21 days of data
2025-11-25 15:58:14,905 - INFO - 
[10] ->  Exxon Mobil (XOM)
2025-11-25 15:58:15,123 - INFO - Got 21 days of data
2025-11-25 15:58:15,135 - INFO - 
[11] ->  AT&T (ATT.L)
2025-11-25 15:58:15,375 - INFO - Got 20 days of data
2025-11-25 15:58:15,387 - INFO - 
[12] ->  Costco Wholesale (COST)
2025-11-25 15:58:15,522 - INFO - Got 21 days of data
2025-11-25 15:58:15,535 - INFO - 
[13] ->  Cigna (CI)
2025-11-25 15:58:16,075 - INFO - Got 21 days of data
2025-11-25 15:58:16,088 - INFO - 
[14] ->  Cardinal Health (CAH)
2025-11-25 15:58:16,516 - INFO - Got 21 days of data
2025-11-25 15:58:16,528 - INFO - 
[15] ->  Microsoft (MSFT)
2025-11-25 15:58:16,717 - INFO - Got 21 days of data
2025-11-25 15:58:16,729 - INFO - 
[16] ->  Walgreens Boots Alliance (WBA)
2025-11-25 15:58:18,152 - INFO - No data available
2025-11-25 15:58:18,153 - INFO - 
[17] ->  Kroger (KR)
2025-11-25 15:58:18,359 - INFO - Got 21 days of data
2025-11-25 15:58:18,370 - INFO - 
[18] ->  Home Depot (HD)
2025-11-25 15:58:18,562 - INFO - Got 21 days of data
2025-11-25 15:58:18,575 - INFO - 
[19] ->  JPMorgan Chase (JPM)
2025-11-25 15:58:18,777 - INFO - Got 21 days of data
2025-11-25 15:58:18,790 - INFO - 
[20] ->  Verizon Communications (VZ)
2025-11-25 15:58:18,951 - INFO - Got 21 days of data
2025-11-25 15:58:18,962 - INFO - 
[21] ->  Ford Motor (F)
2025-11-25 15:58:19,152 - INFO - Got 21 days of data
2025-11-25 15:58:19,165 - INFO - 
[22] ->  General Motors (GM)
2025-11-25 15:58:19,292 - INFO - Got 21 days of data
2025-11-25 15:58:19,304 - INFO - 
[23] ->  Elevance Health (ELV)
2025-11-25 15:58:19,426 - INFO - Got 21 days of data
2025-11-25 15:58:19,437 - INFO - 
[24] ->  Centene (CNC)
2025-11-25 15:58:19,546 - INFO - Got 21 days of data
2025-11-25 15:58:19,559 - INFO - 
[25] ->  Fannie Mae (FNMA)
2025-11-25 15:58:19,699 - INFO - Got 21 days of data
2025-11-25 15:58:19,712 - INFO - 
[26] ->  Comcast (CMCSA)
2025-11-25 15:58:19,870 - INFO - Got 21 days of data
2025-11-25 15:58:19,883 - INFO - 
[27] ->  Chevron (CVX)
2025-11-25 15:58:20,130 - INFO - Got 21 days of data
2025-11-25 15:58:20,142 - INFO - 
[28] ->  Dell Technologies (DELL)
2025-11-25 15:58:20,250 - INFO - Got 21 days of data
2025-11-25 15:58:20,262 - INFO - 
[29] ->  Bank of America (BAC)
2025-11-25 15:58:20,422 - INFO - Got 21 days of data
2025-11-25 15:58:20,435 - INFO - 
[30] ->  Target (TGT)
2025-11-25 15:58:20,601 - INFO - Got 21 days of data
2025-11-25 15:58:20,611 - INFO - 
[31] ->  Lowe's (X1G.PA)
2025-11-25 15:58:20,944 - INFO - Got 22 days of data
2025-11-25 15:58:20,955 - INFO - 
[32] ->  Marathon Petroleum (MPC)
2025-11-25 15:58:21,083 - INFO - Got 21 days of data
2025-11-25 15:58:21,095 - INFO - 
[33] ->  Citigroup (C)
2025-11-25 15:58:21,281 - INFO - Got 21 days of data
2025-11-25 15:58:21,294 - INFO - 
[34] ->  Meta Platforms (META)
2025-11-25 15:58:21,415 - INFO - Got 21 days of data
2025-11-25 15:58:21,428 - INFO - 
[35] ->  UPS (UPS)
2025-11-25 15:58:21,581 - INFO - Got 21 days of data
2025-11-25 15:58:21,593 - INFO - 
[36] ->  Johnson & Johnson (JNJ)
2025-11-25 15:58:21,793 - INFO - Got 21 days of data
2025-11-25 15:58:21,806 - INFO - 
[37] ->  Wells Fargo (WFC)
2025-11-25 15:58:22,109 - INFO - Got 21 days of data
2025-11-25 15:58:22,122 - INFO - 
[38] ->  General Electric (GE)
2025-11-25 15:58:22,349 - INFO - Got 21 days of data
2025-11-25 15:58:22,362 - INFO - 
[40] ->  Intel (INTC)
2025-11-25 15:58:22,520 - INFO - Got 21 days of data
2025-11-25 15:58:22,533 - INFO - 
[41] ->  Humana (HUM.ST)
2025-11-25 15:58:22,652 - INFO - Got 21 days of data
2025-11-25 15:58:22,664 - INFO - 
[42] ->  IBM (IBM)
2025-11-25 15:58:22,865 - INFO - Got 21 days of data
2025-11-25 15:58:22,878 - INFO - 
[43] ->  Procter & Gamble (PG)
2025-11-25 15:58:23,196 - INFO - Got 21 days of data
2025-11-25 15:58:23,209 - INFO - 
[44] ->  PepsiCo (PEP)
2025-11-25 15:58:23,389 - INFO - Got 21 days of data
2025-11-25 15:58:23,400 - INFO - 
[45] ->  FedEx (FDX)
2025-11-25 15:58:23,540 - INFO - Got 21 days of data
2025-11-25 15:58:23,553 - INFO - 
[46] ->  MetLife (MET)
2025-11-25 15:58:23,699 - INFO - Got 21 days of data
2025-11-25 15:58:23,712 - INFO - 
[47] ->  Freddie Mac (FMCC)
2025-11-25 15:58:23,832 - INFO - Got 21 days of data
2025-11-25 15:58:23,843 - INFO - 
[48] ->  Phillips 66 (PSX)
2025-11-25 15:58:23,992 - INFO - Got 21 days of data
2025-11-25 15:58:24,003 - INFO - 
[49] ->  Lockheed Martin (LMT)
2025-11-25 15:58:24,204 - INFO - Got 21 days of data
2025-11-25 15:58:24,216 - INFO - 
[50] ->  Walt Disney (DIS)
2025-11-25 15:58:24,429 - INFO - Got 21 days of data
2025-11-25 15:58:24,442 - INFO - 
[51] ->  Archer Daniels Midland (ADM)
2025-11-25 15:58:24,620 - INFO - Got 21 days of data
2025-11-25 15:58:24,633 - INFO - 
[52] ->  Albertsons (ACI)
2025-11-25 15:58:24,749 - INFO - Got 21 days of data
2025-11-25 15:58:24,762 - INFO - 
[53] ->  Valero Energy (VLO)
2025-11-25 15:58:24,948 - INFO - Got 21 days of data
2025-11-25 15:58:24,960 - INFO - 
[54] ->  Boeing (BA)
2025-11-25 15:58:25,138 - INFO - Got 21 days of data
2025-11-25 15:58:25,148 - INFO - 
[55] ->  Prudential Financial (PRU)
2025-11-25 15:58:25,271 - INFO - Got 21 days of data
2025-11-25 15:58:25,283 - INFO - 
[56] ->  HP (HP)
2025-11-25 15:58:25,454 - INFO - Got 21 days of data
2025-11-25 15:58:25,466 - INFO - 
[57] ->  Raytheon Technologies (^RTX)
2025-11-25 15:58:25,584 - INFO - No data available
2025-11-25 15:58:25,584 - INFO - 
[58] ->  StoneX Group (SNEX)
2025-11-25 15:58:25,713 - INFO - Got 21 days of data
2025-11-25 15:58:25,726 - INFO - 
[59] ->  Goldman Sachs Group (GS)
2025-11-25 15:58:25,868 - INFO - Got 21 days of data
2025-11-25 15:58:25,881 - INFO - 
[60] ->  Sysco (SYY)
2025-11-25 15:58:26,035 - INFO - Got 21 days of data
2025-11-25 15:58:26,048 - INFO - 
[61] ->  Morgan Stanley (MS)
2025-11-25 15:58:26,212 - INFO - Got 21 days of data
2025-11-25 15:58:26,225 - INFO - 
[62] ->  HCA Healthcare (HCA)
2025-11-25 15:58:26,363 - INFO - Got 21 days of data
2025-11-25 15:58:26,376 - INFO - 
[63] ->  Cisco Systems (CSCO)
2025-11-25 15:58:29,801 - INFO - Got 21 days of data
2025-11-25 15:58:29,814 - INFO - 
[64] ->  Charter Communications (CHTR)
2025-11-25 15:58:29,923 - INFO - Got 21 days of data
2025-11-25 15:58:29,936 - INFO - 
[65] ->  Merck (MRK)
2025-11-25 15:58:30,134 - INFO - Got 21 days of data
2025-11-25 15:58:30,146 - INFO - 
[66] ->  Best Buy (BBY)
2025-11-25 15:58:30,282 - INFO - Got 21 days of data
2025-11-25 15:58:30,295 - INFO - 
[67] ->  New York Life Insurance (601336.SS)
2025-11-25 15:58:30,416 - INFO - Got 22 days of data
2025-11-25 15:58:30,428 - INFO - 
[68] ->  AbbVie (ABBV)
2025-11-25 15:58:30,590 - INFO - Got 21 days of data
2025-11-25 15:58:30,603 - INFO - 
[70] ->  Allstate (ALL)
2025-11-25 15:58:30,958 - INFO - Got 21 days of data
2025-11-25 15:58:30,971 - INFO - 
[71] ->  Liberty Mutual Insurance Group (LFG.AX)
2025-11-25 15:58:31,096 - INFO - Got 20 days of data
2025-11-25 15:58:31,109 - INFO - 
[72] ->  AIG (AIG)
2025-11-25 15:58:31,283 - INFO - Got 21 days of data
2025-11-25 15:58:31,296 - INFO - 
[73] ->  Tyson Foods (TSN)
2025-11-25 15:58:31,469 - INFO - Got 21 days of data
2025-11-25 15:58:31,482 - INFO - 
[74] ->  Progressive (PGR)
2025-11-25 15:58:31,625 - INFO - Got 21 days of data
2025-11-25 15:58:31,637 - INFO - 
[76] ->  Nationwide (NATWIDE.KL)
2025-11-25 15:58:32,197 - INFO - No data available
2025-11-25 15:58:32,197 - INFO - 
[77] ->  Pfizer (PFIZER.NS)
2025-11-25 15:58:32,462 - INFO - Got 22 days of data
2025-11-25 15:58:32,475 - INFO - 
[78] ->  Caterpillar (CAT)
2025-11-25 15:58:32,642 - INFO - Got 21 days of data
2025-11-25 15:58:32,654 - INFO - 
[79] ->  TIAA (TILIX)
2025-11-25 15:58:32,967 - INFO - Got 21 days of data
2025-11-25 15:58:32,979 - INFO - 
[80] ->  Oracle (ORCL)
2025-11-25 15:58:33,094 - INFO - Got 21 days of data
2025-11-25 15:58:33,106 - INFO - 
[81] ->  Energy Transfer (ET)
2025-11-25 15:58:33,236 - INFO - Got 21 days of data
2025-11-25 15:58:33,248 - INFO - 
[82] ->  Dow (DOW)
2025-11-25 15:58:33,413 - INFO - Got 21 days of data
2025-11-25 15:58:33,424 - INFO - 
[83] ->  American Express (AXP)
2025-11-25 15:58:33,592 - INFO - Got 21 days of data
2025-11-25 15:58:33,605 - INFO - 
[84] ->  General Dynamics (GD)
2025-11-25 15:58:33,772 - INFO - Got 21 days of data
2025-11-25 15:58:33,785 - INFO - 
[85] ->  Nike (NKE)
2025-11-25 15:58:33,946 - INFO - Got 21 days of data
2025-11-25 15:58:33,958 - INFO - 
[86] ->  Northrop Grumman (NOC)
2025-11-25 15:58:34,100 - INFO - Got 21 days of data
2025-11-25 15:58:34,113 - INFO - 
[87] ->  USAA (UIPMX)
2025-11-25 15:58:34,242 - INFO - Got 21 days of data
2025-11-25 15:58:34,255 - INFO - 
[88] ->  Deere (DE)
2025-11-25 15:58:34,450 - INFO - Got 21 days of data
2025-11-25 15:58:34,462 - INFO - 
[89] ->  Abbott Laboratories (ABT)
2025-11-25 15:58:34,765 - INFO - Got 21 days of data
2025-11-25 15:58:34,777 - INFO - 
[90] ->  Northwestern Mutual (NWE)
2025-11-25 15:58:34,932 - INFO - Got 21 days of data
2025-11-25 15:58:34,943 - INFO - 
[91] ->  Dollar General (DG)
2025-11-25 15:58:35,074 - INFO - Got 21 days of data
2025-11-25 15:58:35,085 - INFO - 
[92] ->  Exelon (EXC)
2025-11-25 15:58:35,256 - INFO - Got 21 days of data
2025-11-25 15:58:35,267 - INFO - 
[93] ->  Coca-Cola (COLA.WA)
2025-11-25 15:58:35,862 - INFO - No data available
2025-11-25 15:58:35,862 - INFO - 
[94] ->  Honeywell International (HON)
2025-11-25 15:58:36,090 - INFO - Got 21 days of data
2025-11-25 15:58:36,103 - INFO - 
[95] ->  Thermo Fisher Scientific (TMO)
2025-11-25 15:58:36,356 - INFO - Got 21 days of data
2025-11-25 15:58:36,369 - INFO - 
[96] ->  3M (MMM)
2025-11-25 15:58:36,698 - INFO - Got 21 days of data
2025-11-25 15:58:36,711 - INFO - 
[97] ->  TJX (TJX)
2025-11-25 15:58:36,887 - INFO - Got 21 days of data
2025-11-25 15:58:36,900 - INFO - 
[98] ->  Travelers (TRV)
2025-11-25 15:58:37,097 - INFO - Got 21 days of data
2025-11-25 15:58:37,110 - INFO - 
[99] ->  Capital One Financial (COF)
2025-11-25 15:58:37,260 - INFO - Got 21 days of data
2025-11-25 15:58:37,273 - INFO - 
[100] ->  Tesla (TSLA)
2025-11-25 15:58:37,398 - INFO - Got 21 days of data
2025-11-25 15:58:37,411 - INFO - Historic stocks data collected
2025-11-25 15:58:37,412 - INFO - 
============================================================
2025-11-25 15:58:37,413 - INFO - Creating HISTORICAL company metadata
2025-11-25 15:58:37,413 - INFO - Years: 2021 to 2021
2025-11-25 15:58:37,413 - INFO - 
2021: Metadata already exists — skipping
2025-11-25 15:58:37,413 - INFO - 
Metadata creation completed
2025-11-25 15:58:37,413 - INFO - 
============================================================
2025-11-25 15:58:37,413 - INFO - Creating HISTORICAL macro data
2025-11-25 15:58:37,413 - INFO - Years: 2021 to 2021
2025-11-25 15:58:37,413 - INFO - 
2021: already exists — skipping
2025-11-25 15:58:37,413 - INFO - 
Macro data creation complete
2025-11-25 15:58:37,413 - INFO - 
============================================================
2025-11-25 15:58:37,413 - INFO - Fetching HISTORICAL exchange rates (USD-INR) from FRED
2025-11-25 15:58:37,413 - INFO - Years: 2021 to 2021
2025-11-25 15:58:37,413 - INFO - 
2021: Already exists — skipping
2025-11-25 15:58:37,413 - INFO - 
Exchange rate data complete
2025-11-25 15:58:37,414 - INFO - Starting merge process
2025-11-25 15:58:37,414 - INFO - Mode: Historical
2025-11-25 15:58:37,414 - INFO - Date range: 2021-12-01 to 2021-12-31
2025-11-25 15:58:37,414 - INFO - Execution dir: /Users/shalinitata/Desktop/stocks/Execution/2025/11/25/2025:11:25_15:58:37
2025-11-25 15:58:37,414 - INFO - 
============================================================
2025-11-25 15:58:37,414 - INFO - Processing BASE TABLE (stocks_raw)
2025-11-25 15:58:37,414 - INFO - Processing stocks_raw (BASE TABLE)
2025-11-25 15:58:37,416 - INFO - Read 91 rows from 2021/12/03/stocks.csv
2025-11-25 15:58:37,417 - INFO - Read 91 rows from 2021/12/02/stocks.csv
2025-11-25 15:58:37,418 - INFO - Read 91 rows from 2021/12/20/stocks.csv
2025-11-25 15:58:37,419 - INFO - Read 89 rows from 2021/12/27/stocks.csv
2025-11-25 15:58:37,419 - INFO - Read 91 rows from 2021/12/29/stocks.csv
2025-11-25 15:58:37,420 - INFO - Read 91 rows from 2021/12/16/stocks.csv
2025-11-25 15:58:37,421 - INFO - Read 89 rows from 2021/12/28/stocks.csv
2025-11-25 15:58:37,422 - INFO - Read 91 rows from 2021/12/17/stocks.csv
2025-11-25 15:58:37,422 - INFO - Read 91 rows from 2021/12/10/stocks.csv
2025-11-25 15:58:37,423 - INFO - Read 91 rows from 2021/12/21/stocks.csv
2025-11-25 15:58:37,423 - INFO - Read 91 rows from 2021/12/07/stocks.csv
2025-11-25 15:58:37,424 - INFO - Read 91 rows from 2021/12/09/stocks.csv
2025-11-25 15:58:37,425 - INFO - Read 91 rows from 2021/12/30/stocks.csv
2025-11-25 15:58:37,425 - INFO - Read 91 rows from 2021/12/08/stocks.csv
2025-11-25 15:58:37,426 - INFO - Read 91 rows from 2021/12/01/stocks.csv
2025-11-25 15:58:37,426 - INFO - Read 91 rows from 2021/12/06/stocks.csv
2025-11-25 15:58:37,427 - INFO - Read 5 rows from 2021/12/24/stocks.csv
2025-11-25 15:58:37,427 - INFO - Read 91 rows from 2021/12/23/stocks.csv
2025-11-25 15:58:37,428 - INFO - Read 91 rows from 2021/12/15/stocks.csv
2025-11-25 15:58:37,429 - INFO - Read 91 rows from 2021/12/13/stocks.csv
2025-11-25 15:58:37,429 - INFO - Read 91 rows from 2021/12/14/stocks.csv
2025-11-25 15:58:37,430 - INFO - Read 91 rows from 2021/12/22/stocks.csv
2025-11-25 15:58:37,437 - INFO - Merged 1912 rows for stocks_raw
2025-11-25 15:58:37,711 - INFO - Validation complete for stocks_raw: valid=1912, invalid=0
2025-11-25 15:58:37,727 - INFO - Valid: 1912, Invalid: 0
2025-11-25 15:58:37,736 - INFO - Table stocks_raw created
2025-11-25 15:58:37,887 - INFO - Inserted 1912 rows into stocks_raw
2025-11-25 15:58:37,887 - INFO - Loaded 1912 rows to stocks_raw
2025-11-25 15:58:37,888 - INFO - Base table established with 1912 records
2025-11-25 15:58:37,888 - INFO - Found 91 unique tickers: 601336.SS, ABBV, ABT, ACI, ADM, AIG, ALL, AMZN, APLE, ATT.L, AXP, BA, BAC, BBY, C, CAH, CAT, CHTR, CI, CMCSA, CNC, COF, COST, CSCO, CVS, CVX, DE, DELL, DG, DIS, DOW, ELV, ET, EXC, F, FDX, FMCC, FNMA, GD, GE, GM, GOOGL, GS, HCA, HD, HON, HP, HUM.ST, IBM, INTC, JNJ, JPM, KR, LFG.AX, LMT, MCK, MET, META, MMM, MPC, MRK, MS, MSFT, NKE, NOC, NWE, ORCL, PEP, PFIZER.NS, PG, PGR, PRU, PSX, SNEX, SYY, TGT, TILIX, TJX, TMO, TRV, TSLA, TSN, UIPMX, UNH, UPS, VLO, VZ, WFC, WMT, X1G.PA, XOM
2025-11-25 15:58:37,888 - INFO - 
============================================================
2025-11-25 15:58:37,888 - INFO - Processing DEPENDENT TABLES
2025-11-25 15:58:37,888 - INFO - Processing company_metadata
2025-11-25 15:58:37,888 - INFO - Read 91 rows from 2021/company_details.csv
2025-11-25 15:58:37,889 - INFO - Merged 91 rows for company_metadata
2025-11-25 15:58:37,893 - INFO - Validation complete for company_metadata: valid=91, invalid=0
2025-11-25 15:58:37,894 - INFO - Valid: 91, Invalid: 0
2025-11-25 15:58:37,897 - INFO - Table company_metadata created successfully
2025-11-25 15:58:37,902 - INFO - Successfully inserted 91/91 rows into company_metadata
2025-11-25 15:58:37,902 - INFO - Loaded 91 rows to company_metadata
2025-11-25 15:58:37,902 - INFO - company_metadata processed and linked to stocks_raw
2025-11-25 15:58:37,902 - INFO - 
============================================================
2025-11-25 15:58:37,902 - INFO - Processing INDEPENDENT TABLES
2025-11-25 15:58:37,902 - INFO - Processing exchange_rates
2025-11-25 15:58:37,903 - INFO - Read 249 rows from 2021.csv
2025-11-25 15:58:37,903 - INFO - Merged 249 rows for exchange_rates
2025-11-25 15:58:37,933 - INFO - Validation complete for exchange_rates: valid=249, invalid=0
2025-11-25 15:58:37,936 - INFO - Valid: 249, Invalid: 0
2025-11-25 15:58:37,938 - INFO - Table exchange_rates created
2025-11-25 15:58:37,952 - INFO - Inserted 249 rows into exchange_rates
2025-11-25 15:58:37,952 - INFO - Loaded 249 rows to exchange_rates
2025-11-25 15:58:37,952 - INFO - exchange_rates processed
2025-11-25 15:58:37,952 - INFO - Processing macro_raw
2025-11-25 15:58:37,953 - INFO - Read 4 rows from 2021.csv
2025-11-25 15:58:37,954 - INFO - Merged 1 rows for macro_raw from Q4 2021 to Q4 2021
2025-11-25 15:58:37,954 - INFO - Years included: [np.int64(2021)]
2025-11-25 15:58:37,954 - INFO - Quarters included: ['2021-Q4']
2025-11-25 15:58:37,954 - INFO - Validation complete for macro_raw: valid=1, invalid=0
2025-11-25 15:58:37,955 - INFO - Valid: 1, Invalid: 0
2025-11-25 15:58:37,957 - INFO - Table macro_raw created
2025-11-25 15:58:37,957 - INFO - Inserted 1 rows into macro_raw
2025-11-25 15:58:37,957 - INFO - Loaded 1 rows to macro_raw
2025-11-25 15:58:37,957 - INFO - macro_raw processed
2025-11-25 15:58:37,957 - INFO - 
============================================================
2025-11-25 15:58:37,957 - INFO - Processing SENTIMENT DATA
2025-11-25 15:58:37,957 - INFO - Processing sentiment
2025-11-25 15:58:37,957 - WARNING - No historical data available for sentiment - only live data exists
2025-11-25 15:58:37,957 - WARNING - sentiment not available
2025-11-25 15:58:37,957 - INFO - 
============================================================
2025-11-25 15:58:37,957 - INFO - KPI CALCULATIONS AND FACT TABLE GENERATION
2025-11-25 15:58:37,957 - INFO - Starting KPI calculations
2025-11-25 15:58:37,959 - INFO - Loaded stocks_raw: 1912 rows
2025-11-25 15:58:37,959 - INFO - Loaded macro_raw: 1 rows
2025-11-25 15:58:37,959 - INFO - Loaded company_metadata: 91 rows
2025-11-25 15:58:37,959 - INFO - Loaded exchange_rates: 249 rows
2025-11-25 15:58:37,960 - INFO - Calculating stock_facts metrics...
2025-11-25 15:58:37,987 - INFO - Stock facts calculated: 1912 rows
2025-11-25 15:58:37,987 - INFO - Calculating macro_facts metrics...
2025-11-25 15:58:37,990 - INFO - Macro facts calculated: 1 rows
2025-11-25 15:58:37,990 - INFO - Creating sector_lookup...
2025-11-25 15:58:37,991 - INFO - Sector lookup created: 39 sectors
2025-11-25 15:58:37,991 - INFO - Calculating analytics_summary metrics...
2025-11-25 15:58:38,128 - INFO - Analytics summary calculated: 91 rows
2025-11-25 15:58:38,128 - INFO - 
============================================================
2025-11-25 15:58:38,128 - INFO - KPI calculations completed successfully
2025-11-25 15:58:38,128 - INFO - Generated files: stock_facts.csv, macro_facts.csv, sector_lookup.csv, analytics_summary.csv, pipeline_logs.csv
2025-11-25 15:58:38,128 - INFO - KPI calculations completed successfully
2025-11-25 15:58:38,132 - INFO - Table stock_facts created
2025-11-25 15:58:38,313 - INFO - Inserted 1912 rows into stock_facts
2025-11-25 15:58:38,314 - INFO - Loaded stock_facts to database
2025-11-25 15:58:38,316 - INFO - Table macro_facts created
2025-11-25 15:58:38,316 - INFO - Inserted 1 rows into macro_facts
2025-11-25 15:58:38,316 - INFO - Loaded macro_facts to database
2025-11-25 15:58:38,318 - INFO - Table sector_lookup created
2025-11-25 15:58:38,320 - INFO - Inserted 39 rows into sector_lookup
2025-11-25 15:58:38,320 - INFO - Loaded sector_lookup to database
2025-11-25 15:58:38,322 - INFO - Table analytics_summary created
2025-11-25 15:58:38,332 - INFO - Inserted 91 rows into analytics_summary
2025-11-25 15:58:38,332 - INFO - Loaded analytics_summary to database
2025-11-25 15:58:38,332 - INFO - 
============================================================
2025-11-25 15:58:38,332 - INFO - GENERATING REPORTS
2025-11-25 15:58:38,332 - INFO - Date Range: 2021-12-01 to 2021-12-31
2025-11-25 15:58:38,332 - INFO - ============================================================
2025-11-25 15:58:38,332 - INFO - 
================================================================================
2025-11-25 15:58:38,332 - INFO - REPORT GENERATION STARTED
2025-11-25 15:58:38,332 - INFO - Created directory: /Users/shalinitata/Desktop/stocks/Execution/2025/11/25/2025:11:25_15:58:37/reports
2025-11-25 15:58:38,332 - INFO - 
============================================================
2025-11-25 15:58:38,332 - INFO - Generating Report 1: Annual Market Intelligence Report
2025-11-25 15:58:39,281 - INFO - Fetched 30 rows for yearly performance
2025-11-25 15:58:39,570 - INFO - Fetched 20 rows for company performance
2025-11-25 15:58:39,571 - INFO - Saved intermediate CSV: /Users/shalinitata/Desktop/stocks/Execution/2025/11/25/2025:11:25_15:58:37/report1_yearly_performance.csv
2025-11-25 15:58:39,571 - INFO - Saved intermediate CSV: /Users/shalinitata/Desktop/stocks/Execution/2025/11/25/2025:11:25_15:58:37/report1_company_performance.csv
2025-11-25 15:58:39,577 - INFO - Saved PDF: /Users/shalinitata/Desktop/stocks/Execution/2025/11/25/2025:11:25_15:58:37/reports/report1_annual_market_intelligence_20251125_155839.pdf
2025-11-25 15:58:39,577 - INFO - Report 1 completed: {'csv': ['/Users/shalinitata/Desktop/stocks/Execution/2025/11/25/2025:11:25_15:58:37/report1_yearly_performance.csv', '/Users/shalinitata/Desktop/stocks/Execution/2025/11/25/2025:11:25_15:58:37/report1_company_performance.csv'], 'pdf': '/Users/shalinitata/Desktop/stocks/Execution/2025/11/25/2025:11:25_15:58:37/reports/report1_annual_market_intelligence_20251125_155839.pdf'}
2025-11-25 15:58:39,577 - INFO - 
============================================================
2025-11-25 15:58:39,577 - INFO - Generating Report 2: Sector Stability & Volatility Report
2025-11-25 15:58:39,585 - INFO - Fetched 63 rows for sector metrics
2025-11-25 15:58:39,586 - INFO - Saved intermediate CSV: /Users/shalinitata/Desktop/stocks/Execution/2025/11/25/2025:11:25_15:58:37/report2_sector_stability.csv
2025-11-25 15:58:39,625 - INFO - Saved Excel: /Users/shalinitata/Desktop/stocks/Execution/2025/11/25/2025:11:25_15:58:37/reports/report2_sector_stability_20251125_155839.xlsx
2025-11-25 15:58:39,630 - INFO - Saved PDF: /Users/shalinitata/Desktop/stocks/Execution/2025/11/25/2025:11:25_15:58:37/reports/report2_sector_stability_20251125_155839.pdf
2025-11-25 15:58:39,630 - INFO - Report 2 completed: {'csv': '/Users/shalinitata/Desktop/stocks/Execution/2025/11/25/2025:11:25_15:58:37/report2_sector_stability.csv', 'excel': '/Users/shalinitata/Desktop/stocks/Execution/2025/11/25/2025:11:25_15:58:37/reports/report2_sector_stability_20251125_155839.xlsx', 'pdf': '/Users/shalinitata/Desktop/stocks/Execution/2025/11/25/2025:11:25_15:58:37/reports/report2_sector_stability_20251125_155839.pdf'}
2025-11-25 15:58:39,630 - INFO - 
============================================================
2025-11-25 15:58:39,630 - INFO - Generating Report 3: Cross-Market Analysis Report
2025-11-25 15:58:40,023 - INFO - Fetched 30 rows for yearly currency data
2025-11-25 15:58:40,027 - INFO - Fetched 20 rows for company currency data
2025-11-25 15:58:40,028 - INFO - Saved intermediate CSV: /Users/shalinitata/Desktop/stocks/Execution/2025/11/25/2025:11:25_15:58:37/report3_currency_yearly.csv
2025-11-25 15:58:40,029 - INFO - Saved intermediate CSV: /Users/shalinitata/Desktop/stocks/Execution/2025/11/25/2025:11:25_15:58:37/report3_company_currency.csv
2025-11-25 15:58:40,085 - INFO - Saved PDF: /Users/shalinitata/Desktop/stocks/Execution/2025/11/25/2025:11:25_15:58:37/reports/report3_cross_market_20251125_155840.pdf
2025-11-25 15:58:40,086 - INFO - Report 3 completed: {'csv': ['/Users/shalinitata/Desktop/stocks/Execution/2025/11/25/2025:11:25_15:58:37/report3_currency_yearly.csv', '/Users/shalinitata/Desktop/stocks/Execution/2025/11/25/2025:11:25_15:58:37/report3_company_currency.csv'], 'pdf': '/Users/shalinitata/Desktop/stocks/Execution/2025/11/25/2025:11:25_15:58:37/reports/report3_cross_market_20251125_155840.pdf'}
2025-11-25 15:58:40,086 - INFO - 
============================================================
2025-11-25 15:58:40,086 - INFO - Generating Report 4: Forecasting & Prediction Summary
2025-11-25 15:58:40,094 - INFO - Fetched 20 rows for quarterly trends
2025-11-25 15:58:40,096 - INFO - Fetched 46 rows for sector forecast
2025-11-25 15:58:40,097 - INFO - Saved intermediate CSV: /Users/shalinitata/Desktop/stocks/Execution/2025/11/25/2025:11:25_15:58:37/report4_quarterly_trends.csv
2025-11-25 15:58:40,098 - INFO - Saved intermediate CSV: /Users/shalinitata/Desktop/stocks/Execution/2025/11/25/2025:11:25_15:58:37/report4_sector_forecast.csv
2025-11-25 15:58:40,102 - INFO - Saved PDF: /Users/shalinitata/Desktop/stocks/Execution/2025/11/25/2025:11:25_15:58:37/reports/report4_forecasting_20251125_155840.pdf
2025-11-25 15:58:40,102 - INFO - Report 4 completed: {'csv': ['/Users/shalinitata/Desktop/stocks/Execution/2025/11/25/2025:11:25_15:58:37/report4_quarterly_trends.csv', '/Users/shalinitata/Desktop/stocks/Execution/2025/11/25/2025:11:25_15:58:37/report4_sector_forecast.csv'], 'pdf': '/Users/shalinitata/Desktop/stocks/Execution/2025/11/25/2025:11:25_15:58:37/reports/report4_forecasting_20251125_155840.pdf'}
2025-11-25 15:58:40,102 - INFO - 
================================================================================
2025-11-25 15:58:40,102 - INFO - REPORT GENERATION COMPLETED SUCCESSFULLY
2025-11-25 15:58:40,102 - INFO - 
================================================================================
2025-11-25 15:58:40,102 - INFO - Reports generated successfully
2025-11-25 15:58:40,102 - INFO - Reports saved to: /Users/shalinitata/Desktop/stocks/Execution/2025/11/25/2025:11:25_15:58:37/reports

********** END OF LOG FILE **********
