
********** Local Data Warehouse and Analytical Reporting System **********
Filename: Stock Market and Macroeconomic Intelligence
User ID: 800338
Username: Shalini Tata
File Path: /Users/shalinitata/Desktop/stocks/watcher.py
********** Stock Market and Macroeconomic Intelligence **********
2025-11-25 12:17:17,923 - INFO - ===== started running the process ======
2025-11-25 12:17:17,966 - INFO - 
============================================================
2025-11-25 12:17:17,966 - INFO - Fetching HISTORICAL data for 2023
2025-11-25 12:17:17,966 - INFO - Period: 2023-12-01 to 2023-12-31
2025-11-25 12:17:17,968 - INFO - total companies with tickers: 97
2025-11-25 12:17:17,973 - INFO - found 260 days already saved
2025-11-25 12:17:17,974 - INFO - 
[1] ->  Walmart (WMT)
2025-11-25 12:17:20,008 - INFO - Got 20 days of data
2025-11-25 12:17:20,021 - INFO - 
[2] ->  Amazon (AMZN)
2025-11-25 12:17:20,135 - INFO - Got 20 days of data
2025-11-25 12:17:20,147 - INFO - 
[3] ->  Exxon Mobil (XOM)
2025-11-25 12:17:20,375 - INFO - Got 20 days of data
2025-11-25 12:17:20,388 - INFO - 
[4] ->  Apple (APLE)
2025-11-25 12:17:20,512 - INFO - Got 20 days of data
2025-11-25 12:17:20,525 - INFO - 
[5] ->  UnitedHealth Group (UNH)
2025-11-25 12:17:20,680 - INFO - Got 20 days of data
2025-11-25 12:17:20,693 - INFO - 
[6] ->  CVS Health (CVS)
2025-11-25 12:17:20,870 - INFO - Got 20 days of data
2025-11-25 12:17:20,882 - INFO - 
[7] ->  Berkshire Hathaway (BRK.A)
2025-11-25 12:17:21,810 - INFO - No data available
2025-11-25 12:17:21,810 - INFO - 
[8] ->  Alphabet (GOOGL)
2025-11-25 12:17:21,925 - INFO - Got 20 days of data
2025-11-25 12:17:21,938 - INFO - 
[9] ->  McKesson (MCK)
2025-11-25 12:17:22,105 - INFO - Got 20 days of data
2025-11-25 12:17:22,118 - INFO - 
[10] ->  Chevron (CVX)
2025-11-25 12:17:22,365 - INFO - Got 20 days of data
2025-11-25 12:17:22,378 - INFO - 
[11] ->  AmerisourceBergen (ABC.VI)
2025-11-25 12:17:22,517 - INFO - Got 19 days of data
2025-11-25 12:17:22,530 - INFO - 
[12] ->  Costco Wholesale (COST)
2025-11-25 12:17:22,683 - INFO - Got 20 days of data
2025-11-25 12:17:22,696 - INFO - 
[13] ->  Microsoft (MSFT)
2025-11-25 12:17:22,831 - INFO - Got 20 days of data
2025-11-25 12:17:22,844 - INFO - 
[14] ->  Cardinal Health (CAH)
2025-11-25 12:17:23,005 - INFO - Got 20 days of data
2025-11-25 12:17:23,017 - INFO - 
[15] ->  Cigna (CI)
2025-11-25 12:17:23,186 - INFO - Got 20 days of data
2025-11-25 12:17:23,199 - INFO - 
[16] ->  Marathon Petroleum (MPC)
2025-11-25 12:17:23,339 - INFO - Got 20 days of data
2025-11-25 12:17:23,351 - INFO - 
[17] ->  Phillips 66 (PSX)
2025-11-25 12:17:23,501 - INFO - Got 20 days of data
2025-11-25 12:17:23,513 - INFO - 
[18] ->  Valero Energy (VLO)
2025-11-25 12:17:23,714 - INFO - Got 20 days of data
2025-11-25 12:17:23,727 - INFO - 
[19] ->  Ford Motor (F)
2025-11-25 12:17:23,926 - INFO - Got 20 days of data
2025-11-25 12:17:23,939 - INFO - 
[20] ->  Home Depot (HD)
2025-11-25 12:17:24,083 - INFO - Got 20 days of data
2025-11-25 12:17:24,096 - INFO - 
[21] ->  General Motors (GM)
2025-11-25 12:17:24,213 - INFO - Got 20 days of data
2025-11-25 12:17:24,225 - INFO - 
[22] ->  Elevance Health (ELV)
2025-11-25 12:17:24,511 - INFO - Got 20 days of data
2025-11-25 12:17:24,523 - INFO - 
[23] ->  JPMorgan Chase (JPM)
2025-11-25 12:17:24,725 - INFO - Got 20 days of data
2025-11-25 12:17:24,738 - INFO - 
[24] ->  Kroger (KR)
2025-11-25 12:17:24,916 - INFO - Got 20 days of data
2025-11-25 12:17:24,929 - INFO - 
[25] ->  Centene (CNC)
2025-11-25 12:17:25,054 - INFO - Got 20 days of data
2025-11-25 12:17:25,067 - INFO - 
[26] ->  Verizon Communications (VZ)
2025-11-25 12:17:25,243 - INFO - Got 20 days of data
2025-11-25 12:17:25,256 - INFO - 
[27] ->  Walgreens Boots Alliance (WBA)
2025-11-25 12:17:26,672 - INFO - No data available
2025-11-25 12:17:26,673 - INFO - 
[28] ->  Fannie Mae (FNMA)
2025-11-25 12:17:26,812 - INFO - Got 20 days of data
2025-11-25 12:17:26,825 - INFO - 
[29] ->  Comcast (CMCSA)
2025-11-25 12:17:26,994 - INFO - Got 20 days of data
2025-11-25 12:17:27,007 - INFO - 
[30] ->  AT&T (ATT.L)
2025-11-25 12:17:27,117 - INFO - Got 19 days of data
2025-11-25 12:17:27,129 - INFO - 
[31] ->  Meta Platforms (META)
2025-11-25 12:17:27,358 - INFO - Got 20 days of data
2025-11-25 12:17:27,371 - INFO - 
[32] ->  Bank of America (BAC)
2025-11-25 12:17:27,789 - INFO - Got 20 days of data
2025-11-25 12:17:27,802 - INFO - 
[33] ->  Target (TGT)
2025-11-25 12:17:28,094 - INFO - Got 20 days of data
2025-11-25 12:17:28,107 - INFO - 
[34] ->  Dell Technologies (DELL)
2025-11-25 12:17:28,339 - INFO - Got 20 days of data
2025-11-25 12:17:28,352 - INFO - 
[35] ->  Archer Daniels Midland (ADM)
2025-11-25 12:17:28,497 - INFO - Got 20 days of data
2025-11-25 12:17:28,509 - INFO - 
[36] ->  Citigroup (C)
2025-11-25 12:17:28,684 - INFO - Got 20 days of data
2025-11-25 12:17:28,697 - INFO - 
[37] ->  UPS (UPS)
2025-11-25 12:17:28,846 - INFO - Got 20 days of data
2025-11-25 12:17:28,859 - INFO - 
[38] ->  Pfizer (PFIZER.NS)
2025-11-25 12:17:29,123 - INFO - Got 20 days of data
2025-11-25 12:17:29,136 - INFO - 
[39] ->  Lowe's (X1G.PA)
2025-11-25 12:17:29,367 - INFO - Got 19 days of data
2025-11-25 12:17:29,380 - INFO - 
[40] ->  Johnson & Johnson (JNJ)
2025-11-25 12:17:29,581 - INFO - Got 20 days of data
2025-11-25 12:17:29,594 - INFO - 
[41] ->  FedEx (FDX)
2025-11-25 12:17:29,734 - INFO - Got 20 days of data
2025-11-25 12:17:29,747 - INFO - 
[42] ->  Humana (HUM.ST)
2025-11-25 12:17:29,882 - INFO - Got 19 days of data
2025-11-25 12:17:29,893 - INFO - 
[43] ->  Energy Transfer (ET)
2025-11-25 12:17:30,244 - INFO - Got 20 days of data
2025-11-25 12:17:30,256 - INFO - 
[45] ->  Freddie Mac (FMCC)
2025-11-25 12:17:30,386 - INFO - Got 20 days of data
2025-11-25 12:17:30,399 - INFO - 
[46] ->  PepsiCo (PEP)
2025-11-25 12:17:30,577 - INFO - Got 20 days of data
2025-11-25 12:17:30,588 - INFO - 
[47] ->  Wells Fargo (WFC)
2025-11-25 12:17:30,759 - INFO - Got 20 days of data
2025-11-25 12:17:30,772 - INFO - 
[48] ->  Walt Disney (DIS)
2025-11-25 12:17:30,966 - INFO - Got 20 days of data
2025-11-25 12:17:30,979 - INFO - 
[49] ->  ConocoPhillips (COP)
2025-11-25 12:17:31,136 - INFO - Got 20 days of data
2025-11-25 12:17:31,147 - INFO - 
[50] ->  Tesla (TSLA)
2025-11-25 12:17:31,264 - INFO - Got 20 days of data
2025-11-25 12:17:31,276 - INFO - 
[51] ->  Procter & Gamble (PG)
2025-11-25 12:17:31,481 - INFO - Got 20 days of data
2025-11-25 12:17:31,494 - INFO - 
[52] ->  General Electric (GE)
2025-11-25 12:17:31,814 - INFO - Got 20 days of data
2025-11-25 12:17:31,827 - INFO - 
[53] ->  Albertsons (ACI)
2025-11-25 12:17:31,951 - INFO - Got 20 days of data
2025-11-25 12:17:31,963 - INFO - 
[54] ->  MetLife (MET)
2025-11-25 12:17:32,112 - INFO - Got 20 days of data
2025-11-25 12:17:32,125 - INFO - 
[55] ->  Goldman Sachs Group (GS)
2025-11-25 12:17:32,385 - INFO - Got 20 days of data
2025-11-25 12:17:32,398 - INFO - 
[56] ->  Sysco (SYY)
2025-11-25 12:17:32,549 - INFO - Got 20 days of data
2025-11-25 12:17:32,559 - INFO - 
[57] ->  Raytheon Technologies (^RTX)
2025-11-25 12:17:32,665 - INFO - No data available
2025-11-25 12:17:32,666 - INFO - 
[58] ->  Boeing (BA)
2025-11-25 12:17:32,835 - INFO - Got 20 days of data
2025-11-25 12:17:32,848 - INFO - 
[59] ->  StoneX Group (SNEX)
2025-11-25 12:17:32,956 - INFO - Got 20 days of data
2025-11-25 12:17:32,969 - INFO - 
[60] ->  Lockheed Martin (LMT)
2025-11-25 12:17:33,157 - INFO - Got 20 days of data
2025-11-25 12:17:33,170 - INFO - 
[61] ->  Morgan Stanley (MS)
2025-11-25 12:17:33,306 - INFO - Got 20 days of data
2025-11-25 12:17:33,319 - INFO - 
[62] ->  Intel (INTC)
2025-11-25 12:17:33,583 - INFO - Got 20 days of data
2025-11-25 12:17:33,596 - INFO - 
[63] ->  HP (HP)
2025-11-25 12:17:33,762 - INFO - Got 20 days of data
2025-11-25 12:17:33,775 - INFO - 
[64] ->  TD Synnex (SNX)
2025-11-25 12:17:33,928 - INFO - Got 20 days of data
2025-11-25 12:17:33,941 - INFO - 
[65] ->  IBM (IBM)
2025-11-25 12:17:34,136 - INFO - Got 20 days of data
2025-11-25 12:17:34,149 - INFO - 
[66] ->  HCA Healthcare (HCA)
2025-11-25 12:17:34,271 - INFO - Got 20 days of data
2025-11-25 12:17:34,284 - INFO - 
[67] ->  Prudential Financial (PRU)
2025-11-25 12:17:34,420 - INFO - Got 20 days of data
2025-11-25 12:17:34,433 - INFO - 
[68] ->  Caterpillar (CAT)
2025-11-25 12:17:34,645 - INFO - Got 20 days of data
2025-11-25 12:17:34,658 - INFO - 
[69] ->  Merck (MRK)
2025-11-25 12:17:34,866 - INFO - Got 20 days of data
2025-11-25 12:17:34,879 - INFO - 
[70] ->  World Fuel Services (WFK.BE)
2025-11-25 12:17:35,042 - INFO - Got 19 days of data
2025-11-25 12:17:35,055 - INFO - 
[71] ->  New York Life Insurance (601336.SS)
2025-11-25 12:17:35,182 - INFO - Got 21 days of data
2025-11-25 12:17:35,195 - INFO - 
[72] ->  Enterprise Products Partners (EPD)
2025-11-25 12:17:35,356 - INFO - Got 20 days of data
2025-11-25 12:17:35,369 - INFO - 
[73] ->  AbbVie (ABBV)
2025-11-25 12:17:35,485 - INFO - Got 20 days of data
2025-11-25 12:17:35,495 - INFO - 
[74] ->  Plains GP Holdings (PAGP)
2025-11-25 12:17:35,618 - INFO - Got 20 days of data
2025-11-25 12:17:35,630 - INFO - 
[75] ->  Dow (DOW)
2025-11-25 12:17:35,756 - INFO - Got 20 days of data
2025-11-25 12:17:35,769 - INFO - 
[76] ->  AIG (AIG)
2025-11-25 12:17:35,922 - INFO - Got 20 days of data
2025-11-25 12:17:35,934 - INFO - 
[77] ->  American Express (AXP)
2025-11-25 12:17:36,105 - INFO - Got 20 days of data
2025-11-25 12:17:36,118 - INFO - 
[79] ->  Charter Communications (CHTR)
2025-11-25 12:17:36,370 - INFO - Got 20 days of data
2025-11-25 12:17:36,381 - INFO - 
[80] ->  Tyson Foods (TSN)
2025-11-25 12:17:36,523 - INFO - Got 20 days of data
2025-11-25 12:17:36,534 - INFO - 
[81] ->  Deere (DE)
2025-11-25 12:17:36,754 - INFO - Got 20 days of data
2025-11-25 12:17:36,767 - INFO - 
[82] ->  Cisco Systems (CSCO)
2025-11-25 12:17:37,106 - INFO - Got 20 days of data
2025-11-25 12:17:37,119 - INFO - 
[83] ->  Nationwide (NATWIDE.KL)
2025-11-25 12:17:37,803 - INFO - No data available
2025-11-25 12:17:37,804 - INFO - 
[84] ->  Allstate (ALL)
2025-11-25 12:17:38,065 - INFO - Got 20 days of data
2025-11-25 12:17:38,078 - INFO - 
[85] ->  Delta Air Lines (DAL)
2025-11-25 12:17:38,219 - INFO - Got 20 days of data
2025-11-25 12:17:38,230 - INFO - 
[86] ->  Liberty Mutual Insurance Group (LFG.AX)
2025-11-25 12:17:38,362 - INFO - Got 19 days of data
2025-11-25 12:17:38,375 - INFO - 
[87] ->  TJX (TJX)
2025-11-25 12:17:38,518 - INFO - Got 20 days of data
2025-11-25 12:17:38,528 - INFO - 
[88] ->  Progressive (PGR)
2025-11-25 12:17:38,696 - INFO - Got 20 days of data
2025-11-25 12:17:38,709 - INFO - 
[89] ->  American Airlines Group (AAL)
2025-11-25 12:17:38,831 - INFO - Got 20 days of data
2025-11-25 12:17:38,842 - INFO - 
[90] ->  CHS (CHS.V)
2025-11-25 12:17:38,969 - INFO - Got 19 days of data
2025-11-25 12:17:38,981 - INFO - 
[91] ->  Performance Food Group (PFGC)
2025-11-25 12:17:39,111 - INFO - Got 20 days of data
2025-11-25 12:17:39,122 - INFO - 
[92] ->  PBF Energy (PBF)
2025-11-25 12:17:39,266 - INFO - Got 20 days of data
2025-11-25 12:17:39,277 - INFO - 
[93] ->  Nike (NKE)
2025-11-25 12:17:39,429 - INFO - Got 20 days of data
2025-11-25 12:17:39,441 - INFO - 
[94] ->  Best Buy (BBY)
2025-11-25 12:17:39,581 - INFO - Got 20 days of data
2025-11-25 12:17:39,592 - INFO - 
[96] ->  United Airlines Holdings (UAL)
2025-11-25 12:17:39,714 - INFO - Got 20 days of data
2025-11-25 12:17:39,727 - INFO - 
[97] ->  Thermo Fisher Scientific (TMO)
2025-11-25 12:17:39,872 - INFO - Got 20 days of data
2025-11-25 12:17:39,884 - INFO - 
[98] ->  Qualcomm (QCOM)
2025-11-25 12:17:40,179 - INFO - Got 20 days of data
2025-11-25 12:17:40,192 - INFO - 
[99] ->  Abbott Laboratories (ABT)
2025-11-25 12:17:40,355 - INFO - Got 20 days of data
2025-11-25 12:17:40,367 - INFO - 
[100] ->  Coca-Cola (COLA.WA)
2025-11-25 12:17:40,888 - INFO - No data available
2025-11-25 12:17:40,888 - INFO - Historic stocks data collected
2025-11-25 12:17:40,888 - INFO - 
============================================================
2025-11-25 12:17:40,888 - INFO - Fetching HISTORICAL data for 2024
2025-11-25 12:17:40,888 - INFO - Period: 2024-01-01 to 2024-12-30
2025-11-25 12:17:40,889 - INFO - total companies with tickers: 95
2025-11-25 12:17:40,894 - INFO - found 261 days already saved
2025-11-25 12:17:40,894 - INFO - 
[1] ->  Walmart (WMT)
2025-11-25 12:17:41,059 - INFO - Got 250 days of data
2025-11-25 12:17:41,072 - INFO - 
[2] ->  Amazon (AMZN)
2025-11-25 12:17:41,182 - INFO - Got 250 days of data
2025-11-25 12:17:41,195 - INFO - 
[3] ->  Apple (AAPL)
2025-11-25 12:17:41,370 - INFO - Got 250 days of data
2025-11-25 12:17:41,383 - INFO - 
[4] ->  Unitedhealth Group (UNH)
2025-11-25 12:17:41,543 - INFO - Got 250 days of data
2025-11-25 12:17:41,556 - INFO - 
[5] ->  Berkshire Hathaway (BRK.A)
2025-11-25 12:17:42,019 - INFO - No data available
2025-11-25 12:17:42,020 - INFO - 
[6] ->  Cvs (CVS)
2025-11-25 12:17:42,175 - INFO - Got 250 days of data
2025-11-25 12:17:42,187 - INFO - 
[7] ->  Exxon Mobil (XOM)
2025-11-25 12:17:42,486 - INFO - Got 250 days of data
2025-11-25 12:17:42,499 - INFO - 
[8] ->  Alphabet (GOOGL)
2025-11-25 12:17:42,635 - INFO - Got 250 days of data
2025-11-25 12:17:42,648 - INFO - 
[9] ->  Mckesson (MCK)
2025-11-25 12:17:42,825 - INFO - Got 250 days of data
2025-11-25 12:17:42,838 - INFO - 
[10] ->  Cencora (COR)
2025-11-25 12:17:43,006 - INFO - Got 250 days of data
2025-11-25 12:17:43,019 - INFO - 
[11] ->  Costco (COST)
2025-11-25 12:17:43,167 - INFO - Got 250 days of data
2025-11-25 12:17:43,180 - INFO - 
[12] ->  Jp Morgan Chase (JPM)
2025-11-25 12:17:43,461 - INFO - Got 250 days of data
2025-11-25 12:17:43,474 - INFO - 
[13] ->  Microsoft (MSFT)
2025-11-25 12:17:43,618 - INFO - Got 250 days of data
2025-11-25 12:17:43,631 - INFO - 
[14] ->  Cardinal Health (CAH)
2025-11-25 12:17:43,812 - INFO - Got 250 days of data
2025-11-25 12:17:43,825 - INFO - 
[15] ->  Chevron (CVX)
2025-11-25 12:17:44,035 - INFO - Got 250 days of data
2025-11-25 12:17:44,048 - INFO - 
[16] ->  Cigna (CI)
2025-11-25 12:17:44,211 - INFO - Got 250 days of data
2025-11-25 12:17:44,223 - INFO - 
[17] ->  Ford Motor (F)
2025-11-25 12:17:44,418 - INFO - Got 250 days of data
2025-11-25 12:17:44,431 - INFO - 
[18] ->  Bank Of America (BAC)
2025-11-25 12:17:44,597 - INFO - Got 250 days of data
2025-11-25 12:17:44,609 - INFO - 
[19] ->  General Motors (GM)
2025-11-25 12:17:44,752 - INFO - Got 250 days of data
2025-11-25 12:17:44,765 - INFO - 
[20] ->  Elevance Health (ELV)
2025-11-25 12:17:45,010 - INFO - Got 250 days of data
2025-11-25 12:17:45,023 - INFO - 
[21] ->  Citigroup (C)
2025-11-25 12:17:45,186 - INFO - Got 250 days of data
2025-11-25 12:17:45,199 - INFO - 
[22] ->  Centene (CNC)
2025-11-25 12:17:45,329 - INFO - Got 250 days of data
2025-11-25 12:17:45,340 - INFO - 
[23] ->  Home Depot (HD)
2025-11-25 12:17:45,504 - INFO - Got 250 days of data
2025-11-25 12:17:45,515 - INFO - 
[24] ->  Marathon Petroleum (MPC)
2025-11-25 12:17:45,654 - INFO - Got 250 days of data
2025-11-25 12:17:45,667 - INFO - 
[25] ->  Kroger (KR)
2025-11-25 12:17:45,864 - INFO - Got 250 days of data
2025-11-25 12:17:45,876 - INFO - 
[26] ->  Phillips 66 (PSX)
2025-11-25 12:17:46,011 - INFO - Got 250 days of data
2025-11-25 12:17:46,024 - INFO - 
[27] ->  Fannie Mae (FNMA)
2025-11-25 12:17:46,160 - INFO - Got 250 days of data
2025-11-25 12:17:46,172 - INFO - 
[29] ->  Valero Energy (VLO)
2025-11-25 12:17:46,370 - INFO - Got 250 days of data
2025-11-25 12:17:46,382 - INFO - 
[30] ->  Meta Platforms (META)
2025-11-25 12:17:46,645 - INFO - Got 250 days of data
2025-11-25 12:17:46,658 - INFO - 
[31] ->  Verizon Communications (VZ)
2025-11-25 12:17:46,808 - INFO - Got 250 days of data
2025-11-25 12:17:46,820 - INFO - 
[32] ->  At&T (ATT.L)
2025-11-25 12:17:46,936 - INFO - Got 252 days of data
2025-11-25 12:17:46,948 - INFO - 
[33] ->  Comcast (CMCSA)
2025-11-25 12:17:47,119 - INFO - Got 250 days of data
2025-11-25 12:17:47,131 - INFO - 
[34] ->  Wells Fargo (WFC)
2025-11-25 12:17:47,332 - INFO - Got 250 days of data
2025-11-25 12:17:47,345 - INFO - 
[35] ->  Goldman Sachs Group (GS)
2025-11-25 12:17:47,506 - INFO - Got 250 days of data
2025-11-25 12:17:47,519 - INFO - 
[36] ->  Freddie Mac (FMCC)
2025-11-25 12:17:47,665 - INFO - Got 250 days of data
2025-11-25 12:17:47,677 - INFO - 
[37] ->  Target (TGT)
2025-11-25 12:17:47,865 - INFO - Got 250 days of data
2025-11-25 12:17:47,878 - INFO - 
[38] ->  Humana (HUM.ST)
2025-11-25 12:17:48,025 - INFO - Got 250 days of data
2025-11-25 12:17:48,038 - INFO - 
[40] ->  Tesla (TSLA)
2025-11-25 12:17:48,162 - INFO - Got 250 days of data
2025-11-25 12:17:48,175 - INFO - 
[41] ->  Morgan Stanley (MS)
2025-11-25 12:17:48,336 - INFO - Got 250 days of data
2025-11-25 12:17:48,349 - INFO - 
[42] ->  Johnson & Johnson (JNJ)
2025-11-25 12:17:48,682 - INFO - Got 250 days of data
2025-11-25 12:17:48,694 - INFO - 
[43] ->  Archer Daniels Midland (ADM)
2025-11-25 12:17:48,858 - INFO - Got 250 days of data
2025-11-25 12:17:48,871 - INFO - 
[44] ->  Pepsico (PEP)
2025-11-25 12:17:49,041 - INFO - Got 250 days of data
2025-11-25 12:17:49,054 - INFO - 
[45] ->  United Parcel Service (UPS)
2025-11-25 12:17:49,211 - INFO - Got 250 days of data
2025-11-25 12:17:49,222 - INFO - 
[46] ->  Fedex (FDX)
2025-11-25 12:17:49,500 - INFO - Got 250 days of data
2025-11-25 12:17:49,512 - INFO - 
[47] ->  Walt Disney (DIS)
2025-11-25 12:17:49,808 - INFO - Got 250 days of data
2025-11-25 12:17:49,821 - INFO - 
[48] ->  Dell Technologies (DELL)
2025-11-25 12:17:49,939 - INFO - Got 250 days of data
2025-11-25 12:17:49,951 - INFO - 
[49] ->  Lowe'S (X1G.PA)
2025-11-25 12:17:50,085 - INFO - Got 254 days of data
2025-11-25 12:17:50,098 - INFO - 
[50] ->  Procter & Gamble (PG)
2025-11-25 12:17:50,311 - INFO - Got 250 days of data
2025-11-25 12:17:50,323 - INFO - 
[51] ->  Energy Transfer (ET)
2025-11-25 12:17:50,471 - INFO - Got 250 days of data
2025-11-25 12:17:50,484 - INFO - 
[52] ->  Boeing (BA)
2025-11-25 12:17:50,829 - INFO - Got 250 days of data
2025-11-25 12:17:50,840 - INFO - 
[53] ->  Albertsons (ACI)
2025-11-25 12:17:50,971 - INFO - Got 250 days of data
2025-11-25 12:17:50,984 - INFO - 
[54] ->  Sysco (SYY)
2025-11-25 12:17:51,178 - INFO - Got 250 days of data
2025-11-25 12:17:51,190 - INFO - 
[55] ->  Rtx (RTX)
2025-11-25 12:17:51,550 - INFO - Got 250 days of data
2025-11-25 12:17:51,563 - INFO - 
[56] ->  General Electric (GE)
2025-11-25 12:17:51,767 - INFO - Got 250 days of data
2025-11-25 12:17:51,780 - INFO - 
[57] ->  Lockheed Martin (LMT)
2025-11-25 12:17:51,962 - INFO - Got 250 days of data
2025-11-25 12:17:51,975 - INFO - 
[58] ->  American Express (AXP)
2025-11-25 12:17:52,171 - INFO - Got 250 days of data
2025-11-25 12:17:52,183 - INFO - 
[59] ->  Caterpillar (CAT)
2025-11-25 12:17:52,380 - INFO - Got 250 days of data
2025-11-25 12:17:52,393 - INFO - 
[60] ->  Metlife (MET)
2025-11-25 12:17:52,576 - INFO - Got 250 days of data
2025-11-25 12:17:52,589 - INFO - 
[61] ->  Hca Healthcare (HCA)
2025-11-25 12:17:52,728 - INFO - Got 250 days of data
2025-11-25 12:17:52,741 - INFO - 
[62] ->  Progressive (PGR)
2025-11-25 12:17:52,907 - INFO - Got 250 days of data
2025-11-25 12:17:52,920 - INFO - 
[63] ->  Ibm (IBM)
2025-11-25 12:17:53,140 - INFO - Got 250 days of data
2025-11-25 12:17:53,153 - INFO - 
[64] ->  Deere (DE)
2025-11-25 12:17:53,354 - INFO - Got 250 days of data
2025-11-25 12:17:53,367 - INFO - 
[65] ->  Nvidia (NVDA)
2025-11-25 12:17:53,501 - INFO - Got 250 days of data
2025-11-25 12:17:53,513 - INFO - 
[66] ->  Stonex Group (SNEX)
2025-11-25 12:17:53,635 - INFO - Got 250 days of data
2025-11-25 12:17:53,646 - INFO - 
[67] ->  Merck (MRK)
2025-11-25 12:17:53,850 - INFO - Got 250 days of data
2025-11-25 12:17:53,863 - INFO - 
[68] ->  Conocophillips (COP)
2025-11-25 12:17:54,034 - INFO - Got 250 days of data
2025-11-25 12:17:54,047 - INFO - 
[69] ->  Pfizer (PFIZER.NS)
2025-11-25 12:17:54,191 - INFO - Got 244 days of data
2025-11-25 12:17:54,204 - INFO - 
[70] ->  Delta Air Lines (DAL)
2025-11-25 12:17:54,347 - INFO - Got 250 days of data
2025-11-25 12:17:54,360 - INFO - 
[71] ->  Td Synnex (SNX)
2025-11-25 12:17:54,486 - INFO - Got 250 days of data
2025-11-25 12:17:54,498 - INFO - 
[73] ->  Allstate (ALL)
2025-11-25 12:17:54,661 - INFO - Got 250 days of data
2025-11-25 12:17:54,674 - INFO - 
[74] ->  Cisco Systems (CSCO)
2025-11-25 12:17:54,938 - INFO - Got 250 days of data
2025-11-25 12:17:54,950 - INFO - 
[75] ->  Nationwide (NATWIDE.KL)
2025-11-25 12:17:55,541 - INFO - No data available
2025-11-25 12:17:55,541 - INFO - 
[76] ->  Charter Communications (CHTR)
2025-11-25 12:17:55,667 - INFO - Got 250 days of data
2025-11-25 12:17:55,680 - INFO - 
[77] ->  Abbvie (ABBV)
2025-11-25 12:17:55,817 - INFO - Got 250 days of data
2025-11-25 12:17:55,829 - INFO - 
[78] ->  New York Life Insurance (601336.SS)
2025-11-25 12:17:55,967 - INFO - Got 240 days of data
2025-11-25 12:17:55,980 - INFO - 
[79] ->  Intel (INTC)
2025-11-25 12:17:56,150 - INFO - Got 250 days of data
2025-11-25 12:17:56,162 - INFO - 
[80] ->  Tjx (TJX)
2025-11-25 12:17:56,335 - INFO - Got 250 days of data
2025-11-25 12:17:56,348 - INFO - 
[81] ->  Prudential Financial (PRU)
2025-11-25 12:17:56,514 - INFO - Got 250 days of data
2025-11-25 12:17:56,527 - INFO - 
[83] ->  United Airlines Holdings (UAL)
2025-11-25 12:17:56,647 - INFO - Got 250 days of data
2025-11-25 12:17:56,659 - INFO - 
[84] ->  Performance Food Group (PFGC)
2025-11-25 12:17:56,790 - INFO - Got 250 days of data
2025-11-25 12:17:56,802 - INFO - 
[85] ->  Tyson Foods (TSN)
2025-11-25 12:17:56,967 - INFO - Got 250 days of data
2025-11-25 12:17:56,979 - INFO - 
[86] ->  American Airlines Group (AAL)
2025-11-25 12:17:57,120 - INFO - Got 250 days of data
2025-11-25 12:17:57,133 - INFO - 
[87] ->  Liberty Mutual Insurance Group (LFG.AX)
2025-11-25 12:17:57,256 - INFO - Got 252 days of data
2025-11-25 12:17:57,269 - INFO - 
[88] ->  Nike (NKE)
2025-11-25 12:17:57,445 - INFO - Got 250 days of data
2025-11-25 12:17:57,457 - INFO - 
[89] ->  Oracle (ORCL)
2025-11-25 12:17:57,723 - INFO - Got 250 days of data
2025-11-25 12:17:57,736 - INFO - 
[90] ->  Enterprise Products Partners (EPD)
2025-11-25 12:17:57,892 - INFO - Got 250 days of data
2025-11-25 12:17:57,905 - INFO - 
[91] ->  Capital One Financial (COF)
2025-11-25 12:17:58,075 - INFO - Got 250 days of data
2025-11-25 12:17:58,088 - INFO - 
[92] ->  Plains Gp Holdings (PAGP)
2025-11-25 12:17:58,238 - INFO - Got 250 days of data
2025-11-25 12:17:58,251 - INFO - 
[93] ->  World Kinect (WKC)
2025-11-25 12:17:58,612 - INFO - Got 250 days of data
2025-11-25 12:17:58,625 - INFO - 
[94] ->  Aig (AIG)
2025-11-25 12:17:58,780 - INFO - Got 250 days of data
2025-11-25 12:17:58,793 - INFO - 
[95] ->  Coca-Cola (COLA.WA)
2025-11-25 12:17:58,910 - INFO - Got 14 days of data
2025-11-25 12:17:58,923 - INFO - 
[96] ->  Tiaa (TILIX)
2025-11-25 12:17:59,331 - INFO - Got 250 days of data
2025-11-25 12:17:59,344 - INFO - 
[97] ->  Chs (CHS.V)
2025-11-25 12:17:59,464 - INFO - Got 250 days of data
2025-11-25 12:17:59,476 - INFO - 
[99] ->  Dow (DOW)
2025-11-25 12:17:59,711 - INFO - Got 250 days of data
2025-11-25 12:17:59,723 - INFO - 
[100] ->  Best Buy (BBY)
2025-11-25 12:17:59,896 - INFO - Got 250 days of data
2025-11-25 12:17:59,909 - INFO - Historic stocks data collected
2025-11-25 12:17:59,910 - INFO - 
============================================================
2025-11-25 12:17:59,910 - INFO - Creating HISTORICAL company metadata
2025-11-25 12:17:59,910 - INFO - Years: 2023 to 2024
2025-11-25 12:17:59,910 - INFO - 
2023: Metadata already exists — skipping
2025-11-25 12:17:59,910 - INFO - 
2024: Metadata already exists — skipping
2025-11-25 12:17:59,910 - INFO - 
Metadata creation completed
2025-11-25 12:17:59,910 - INFO - 
============================================================
2025-11-25 12:17:59,910 - INFO - Creating HISTORICAL macro data
2025-11-25 12:17:59,910 - INFO - Years: 2023 to 2024
2025-11-25 12:17:59,910 - INFO - 
2023: already exists — skipping
2025-11-25 12:17:59,910 - INFO - 
2024: already exists — skipping
2025-11-25 12:17:59,910 - INFO - 
Macro data creation complete
2025-11-25 12:17:59,910 - INFO - 
============================================================
2025-11-25 12:17:59,910 - INFO - Fetching HISTORICAL exchange rates (USD-INR) from FRED
2025-11-25 12:17:59,911 - INFO - Years: 2023 to 2024
2025-11-25 12:17:59,911 - INFO - 
2023: Already exists — skipping
2025-11-25 12:17:59,911 - INFO - 
2024: Already exists — skipping
2025-11-25 12:17:59,911 - INFO - 
Exchange rate data complete
2025-11-25 12:17:59,911 - INFO - Starting merge process
2025-11-25 12:17:59,911 - INFO - Mode: Historical
2025-11-25 12:17:59,911 - INFO - Date range: 2023-12-01 to 2024-12-30
2025-11-25 12:17:59,911 - INFO - Execution dir: /Users/shalinitata/Desktop/stocks/Execution/2025/11/25/2025:11:25_12:17:59
2025-11-25 12:17:59,911 - INFO - 
============================================================
2025-11-25 12:17:59,911 - INFO - Processing BASE TABLE (stocks_raw)
2025-11-25 12:17:59,911 - INFO - Processing stocks_raw (BASE TABLE)
2025-11-25 12:17:59,914 - INFO - Read 92 rows from 2024/03/04/stocks.csv
2025-11-25 12:17:59,915 - INFO - Read 92 rows from 2024/03/05/stocks.csv
2025-11-25 12:17:59,916 - INFO - Read 92 rows from 2024/03/20/stocks.csv
2025-11-25 12:17:59,917 - INFO - Read 92 rows from 2024/03/18/stocks.csv
2025-11-25 12:17:59,918 - INFO - Read 92 rows from 2024/03/27/stocks.csv
2025-11-25 12:17:59,919 - INFO - Read 92 rows from 2024/03/11/stocks.csv
2025-11-25 12:17:59,920 - INFO - Read 1 rows from 2024/03/29/stocks.csv
2025-11-25 12:17:59,921 - INFO - Read 92 rows from 2024/03/28/stocks.csv
2025-11-25 12:17:59,921 - INFO - Read 92 rows from 2024/03/19/stocks.csv
2025-11-25 12:17:59,922 - INFO - Read 92 rows from 2024/03/26/stocks.csv
2025-11-25 12:17:59,923 - INFO - Read 92 rows from 2024/03/21/stocks.csv
2025-11-25 12:17:59,923 - INFO - Read 92 rows from 2024/03/07/stocks.csv
2025-11-25 12:17:59,924 - INFO - Read 91 rows from 2024/03/08/stocks.csv
2025-11-25 12:17:59,924 - INFO - Read 92 rows from 2024/03/01/stocks.csv
2025-11-25 12:17:59,925 - INFO - Read 92 rows from 2024/03/06/stocks.csv
2025-11-25 12:17:59,926 - INFO - Read 92 rows from 2024/03/15/stocks.csv
2025-11-25 12:17:59,926 - INFO - Read 92 rows from 2024/03/12/stocks.csv
2025-11-25 12:17:59,927 - INFO - Read 92 rows from 2024/03/13/stocks.csv
2025-11-25 12:17:59,928 - INFO - Read 92 rows from 2024/03/14/stocks.csv
2025-11-25 12:17:59,928 - INFO - Read 92 rows from 2024/03/22/stocks.csv
2025-11-25 12:17:59,929 - INFO - Read 91 rows from 2024/03/25/stocks.csv
2025-11-25 12:17:59,930 - INFO - Read 92 rows from 2024/04/03/stocks.csv
2025-11-25 12:17:59,930 - INFO - Read 91 rows from 2024/04/04/stocks.csv
2025-11-25 12:17:59,931 - INFO - Read 91 rows from 2024/04/05/stocks.csv
2025-11-25 12:17:59,931 - INFO - Read 92 rows from 2024/04/02/stocks.csv
2025-11-25 12:17:59,932 - INFO - Read 92 rows from 2024/04/18/stocks.csv
2025-11-25 12:17:59,932 - INFO - Read 91 rows from 2024/04/11/stocks.csv
2025-11-25 12:17:59,933 - INFO - Read 92 rows from 2024/04/29/stocks.csv
2025-11-25 12:17:59,933 - INFO - Read 92 rows from 2024/04/16/stocks.csv
2025-11-25 12:17:59,934 - INFO - Read 91 rows from 2024/04/17/stocks.csv
2025-11-25 12:17:59,935 - INFO - Read 92 rows from 2024/04/10/stocks.csv
2025-11-25 12:17:59,935 - INFO - Read 92 rows from 2024/04/19/stocks.csv
2025-11-25 12:17:59,936 - INFO - Read 92 rows from 2024/04/26/stocks.csv
2025-11-25 12:17:59,936 - INFO - Read 92 rows from 2024/04/09/stocks.csv
2025-11-25 12:17:59,937 - INFO - Read 92 rows from 2024/04/30/stocks.csv
2025-11-25 12:17:59,937 - INFO - Read 92 rows from 2024/04/08/stocks.csv
2025-11-25 12:17:59,938 - INFO - Read 88 rows from 2024/04/01/stocks.csv
2025-11-25 12:17:59,938 - INFO - Read 92 rows from 2024/04/24/stocks.csv
2025-11-25 12:17:59,939 - INFO - Read 92 rows from 2024/04/23/stocks.csv
2025-11-25 12:17:59,939 - INFO - Read 92 rows from 2024/04/15/stocks.csv
2025-11-25 12:17:59,939 - INFO - Read 92 rows from 2024/04/12/stocks.csv
2025-11-25 12:17:59,940 - INFO - Read 92 rows from 2024/04/22/stocks.csv
2025-11-25 12:17:59,940 - INFO - Read 91 rows from 2024/04/25/stocks.csv
2025-11-25 12:17:59,941 - INFO - Read 91 rows from 2024/05/03/stocks.csv
2025-11-25 12:17:59,941 - INFO - Read 91 rows from 2024/05/02/stocks.csv
2025-11-25 12:17:59,942 - INFO - Read 90 rows from 2024/05/20/stocks.csv
2025-11-25 12:17:59,942 - INFO - Read 6 rows from 2024/05/27/stocks.csv
2025-11-25 12:17:59,943 - INFO - Read 92 rows from 2024/05/29/stocks.csv
2025-11-25 12:17:59,943 - INFO - Read 92 rows from 2024/05/16/stocks.csv
2025-11-25 12:17:59,944 - INFO - Read 92 rows from 2024/05/28/stocks.csv
2025-11-25 12:17:59,944 - INFO - Read 92 rows from 2024/05/17/stocks.csv
2025-11-25 12:17:59,945 - INFO - Read 92 rows from 2024/05/10/stocks.csv
2025-11-25 12:17:59,945 - INFO - Read 92 rows from 2024/05/21/stocks.csv
2025-11-25 12:17:59,946 - INFO - Read 92 rows from 2024/05/07/stocks.csv
2025-11-25 12:17:59,946 - INFO - Read 91 rows from 2024/05/09/stocks.csv
2025-11-25 12:17:59,947 - INFO - Read 92 rows from 2024/05/31/stocks.csv
2025-11-25 12:17:59,947 - INFO - Read 92 rows from 2024/05/30/stocks.csv
2025-11-25 12:17:59,948 - INFO - Read 92 rows from 2024/05/08/stocks.csv
2025-11-25 12:17:59,948 - INFO - Read 88 rows from 2024/05/01/stocks.csv
2025-11-25 12:17:59,948 - INFO - Read 91 rows from 2024/05/06/stocks.csv
2025-11-25 12:17:59,949 - INFO - Read 92 rows from 2024/05/24/stocks.csv
2025-11-25 12:17:59,949 - INFO - Read 92 rows from 2024/05/23/stocks.csv
2025-11-25 12:17:59,950 - INFO - Read 92 rows from 2024/05/15/stocks.csv
2025-11-25 12:17:59,950 - INFO - Read 92 rows from 2024/05/13/stocks.csv
2025-11-25 12:17:59,950 - INFO - Read 92 rows from 2024/05/14/stocks.csv
2025-11-25 12:17:59,951 - INFO - Read 92 rows from 2024/05/22/stocks.csv
2025-11-25 12:17:59,951 - INFO - Read 92 rows from 2024/02/05/stocks.csv
2025-11-25 12:17:59,952 - INFO - Read 92 rows from 2024/02/02/stocks.csv
2025-11-25 12:17:59,952 - INFO - Read 92 rows from 2024/02/20/stocks.csv
2025-11-25 12:17:59,953 - INFO - Read 92 rows from 2024/02/27/stocks.csv
2025-11-25 12:17:59,953 - INFO - Read 92 rows from 2024/02/29/stocks.csv
2025-11-25 12:17:59,954 - INFO - Read 91 rows from 2024/02/16/stocks.csv
2025-11-25 12:17:59,954 - INFO - Read 92 rows from 2024/02/28/stocks.csv
2025-11-25 12:17:59,955 - INFO - Read 6 rows from 2024/02/19/stocks.csv
2025-11-25 12:17:59,955 - INFO - Read 92 rows from 2024/02/26/stocks.csv
2025-11-25 12:17:59,955 - INFO - Read 92 rows from 2024/02/21/stocks.csv
2025-11-25 12:17:59,956 - INFO - Read 92 rows from 2024/02/07/stocks.csv
2025-11-25 12:17:59,956 - INFO - Read 91 rows from 2024/02/09/stocks.csv
2025-11-25 12:17:59,957 - INFO - Read 92 rows from 2024/02/08/stocks.csv
2025-11-25 12:17:59,957 - INFO - Read 92 rows from 2024/02/01/stocks.csv
2025-11-25 12:17:59,957 - INFO - Read 92 rows from 2024/02/06/stocks.csv
2025-11-25 12:17:59,958 - INFO - Read 92 rows from 2024/02/23/stocks.csv
2025-11-25 12:17:59,958 - INFO - Read 91 rows from 2024/02/15/stocks.csv
2025-11-25 12:17:59,959 - INFO - Read 91 rows from 2024/02/12/stocks.csv
2025-11-25 12:17:59,959 - INFO - Read 91 rows from 2024/02/13/stocks.csv
2025-11-25 12:17:59,959 - INFO - Read 91 rows from 2024/02/14/stocks.csv
2025-11-25 12:17:59,960 - INFO - Read 92 rows from 2024/02/22/stocks.csv
2025-11-25 12:17:59,960 - INFO - Read 92 rows from 2024/11/04/stocks.csv
2025-11-25 12:17:59,961 - INFO - Read 92 rows from 2024/11/05/stocks.csv
2025-11-25 12:17:59,961 - INFO - Read 91 rows from 2024/11/20/stocks.csv
2025-11-25 12:17:59,962 - INFO - Read 92 rows from 2024/11/18/stocks.csv
2025-11-25 12:17:59,962 - INFO - Read 92 rows from 2024/11/27/stocks.csv
2025-11-25 12:17:59,962 - INFO - Read 92 rows from 2024/11/11/stocks.csv
2025-11-25 12:17:59,963 - INFO - Read 92 rows from 2024/11/29/stocks.csv
2025-11-25 12:17:59,963 - INFO - Read 7 rows from 2024/11/28/stocks.csv
2025-11-25 12:17:59,964 - INFO - Read 92 rows from 2024/11/19/stocks.csv
2025-11-25 12:17:59,964 - INFO - Read 92 rows from 2024/11/26/stocks.csv
2025-11-25 12:17:59,964 - INFO - Read 92 rows from 2024/11/21/stocks.csv
2025-11-25 12:17:59,965 - INFO - Read 92 rows from 2024/11/07/stocks.csv
2025-11-25 12:17:59,965 - INFO - Read 92 rows from 2024/11/08/stocks.csv
2025-11-25 12:17:59,965 - INFO - Read 92 rows from 2024/11/01/stocks.csv
2025-11-25 12:17:59,966 - INFO - Read 92 rows from 2024/11/06/stocks.csv
2025-11-25 12:17:59,966 - INFO - Read 91 rows from 2024/11/15/stocks.csv
2025-11-25 12:17:59,966 - INFO - Read 92 rows from 2024/11/12/stocks.csv
2025-11-25 12:17:59,967 - INFO - Read 92 rows from 2024/11/13/stocks.csv
2025-11-25 12:17:59,967 - INFO - Read 92 rows from 2024/11/14/stocks.csv
2025-11-25 12:17:59,967 - INFO - Read 92 rows from 2024/11/22/stocks.csv
2025-11-25 12:17:59,968 - INFO - Read 92 rows from 2024/11/25/stocks.csv
2025-11-25 12:17:59,968 - INFO - Read 91 rows from 2024/10/03/stocks.csv
2025-11-25 12:17:59,969 - INFO - Read 91 rows from 2024/10/04/stocks.csv
2025-11-25 12:17:59,969 - INFO - Read 90 rows from 2024/10/02/stocks.csv
2025-11-25 12:17:59,969 - INFO - Read 92 rows from 2024/10/18/stocks.csv
2025-11-25 12:17:59,970 - INFO - Read 92 rows from 2024/10/11/stocks.csv
2025-11-25 12:17:59,970 - INFO - Read 92 rows from 2024/10/29/stocks.csv
2025-11-25 12:17:59,970 - INFO - Read 92 rows from 2024/10/16/stocks.csv
2025-11-25 12:17:59,971 - INFO - Read 92 rows from 2024/10/28/stocks.csv
2025-11-25 12:17:59,971 - INFO - Read 92 rows from 2024/10/17/stocks.csv
2025-11-25 12:17:59,971 - INFO - Read 92 rows from 2024/10/10/stocks.csv
2025-11-25 12:17:59,972 - INFO - Read 92 rows from 2024/10/21/stocks.csv
2025-11-25 12:17:59,972 - INFO - Read 91 rows from 2024/10/07/stocks.csv
2025-11-25 12:17:59,972 - INFO - Read 92 rows from 2024/10/09/stocks.csv
2025-11-25 12:17:59,973 - INFO - Read 92 rows from 2024/10/31/stocks.csv
2025-11-25 12:17:59,973 - INFO - Read 92 rows from 2024/10/30/stocks.csv
2025-11-25 12:17:59,974 - INFO - Read 92 rows from 2024/10/08/stocks.csv
2025-11-25 12:17:59,974 - INFO - Read 91 rows from 2024/10/01/stocks.csv
2025-11-25 12:17:59,974 - INFO - Read 92 rows from 2024/10/24/stocks.csv
2025-11-25 12:17:59,974 - INFO - Read 92 rows from 2024/10/23/stocks.csv
2025-11-25 12:17:59,975 - INFO - Read 92 rows from 2024/10/15/stocks.csv
2025-11-25 12:17:59,975 - INFO - Read 91 rows from 2024/10/14/stocks.csv
2025-11-25 12:17:59,975 - INFO - Read 92 rows from 2024/10/22/stocks.csv
2025-11-25 12:17:59,976 - INFO - Read 92 rows from 2024/10/25/stocks.csv
2025-11-25 12:17:59,976 - INFO - Read 92 rows from 2024/07/03/stocks.csv
2025-11-25 12:17:59,977 - INFO - Read 7 rows from 2024/07/04/stocks.csv
2025-11-25 12:17:59,977 - INFO - Read 92 rows from 2024/07/05/stocks.csv
2025-11-25 12:17:59,978 - INFO - Read 92 rows from 2024/07/02/stocks.csv
2025-11-25 12:17:59,978 - INFO - Read 92 rows from 2024/07/18/stocks.csv
2025-11-25 12:17:59,978 - INFO - Read 92 rows from 2024/07/11/stocks.csv
2025-11-25 12:17:59,979 - INFO - Read 92 rows from 2024/07/29/stocks.csv
2025-11-25 12:17:59,979 - INFO - Read 92 rows from 2024/07/16/stocks.csv
2025-11-25 12:17:59,979 - INFO - Read 91 rows from 2024/07/17/stocks.csv
2025-11-25 12:17:59,980 - INFO - Read 92 rows from 2024/07/10/stocks.csv
2025-11-25 12:17:59,980 - INFO - Read 92 rows from 2024/07/19/stocks.csv
2025-11-25 12:17:59,981 - INFO - Read 92 rows from 2024/07/26/stocks.csv
2025-11-25 12:17:59,981 - INFO - Read 92 rows from 2024/07/09/stocks.csv
2025-11-25 12:17:59,981 - INFO - Read 92 rows from 2024/07/31/stocks.csv
2025-11-25 12:17:59,982 - INFO - Read 92 rows from 2024/07/30/stocks.csv
2025-11-25 12:17:59,982 - INFO - Read 92 rows from 2024/07/08/stocks.csv
2025-11-25 12:17:59,982 - INFO - Read 91 rows from 2024/07/01/stocks.csv
2025-11-25 12:17:59,983 - INFO - Read 92 rows from 2024/07/24/stocks.csv
2025-11-25 12:17:59,983 - INFO - Read 92 rows from 2024/07/23/stocks.csv
2025-11-25 12:17:59,983 - INFO - Read 92 rows from 2024/07/15/stocks.csv
2025-11-25 12:17:59,984 - INFO - Read 92 rows from 2024/07/12/stocks.csv
2025-11-25 12:17:59,984 - INFO - Read 92 rows from 2024/07/22/stocks.csv
2025-11-25 12:17:59,984 - INFO - Read 92 rows from 2024/07/25/stocks.csv
2025-11-25 12:17:59,985 - INFO - Read 92 rows from 2024/09/03/stocks.csv
2025-11-25 12:17:59,985 - INFO - Read 92 rows from 2024/09/04/stocks.csv
2025-11-25 12:17:59,986 - INFO - Read 92 rows from 2024/09/05/stocks.csv
2025-11-25 12:17:59,986 - INFO - Read 6 rows from 2024/09/02/stocks.csv
2025-11-25 12:17:59,986 - INFO - Read 92 rows from 2024/09/20/stocks.csv
2025-11-25 12:17:59,987 - INFO - Read 92 rows from 2024/09/18/stocks.csv
2025-11-25 12:17:59,987 - INFO - Read 92 rows from 2024/09/27/stocks.csv
2025-11-25 12:17:59,987 - INFO - Read 92 rows from 2024/09/11/stocks.csv
2025-11-25 12:17:59,988 - INFO - Read 91 rows from 2024/09/16/stocks.csv
2025-11-25 12:17:59,988 - INFO - Read 91 rows from 2024/09/17/stocks.csv
2025-11-25 12:17:59,988 - INFO - Read 92 rows from 2024/09/10/stocks.csv
2025-11-25 12:17:59,989 - INFO - Read 92 rows from 2024/09/19/stocks.csv
2025-11-25 12:17:59,989 - INFO - Read 92 rows from 2024/09/26/stocks.csv
2025-11-25 12:17:59,989 - INFO - Read 92 rows from 2024/09/09/stocks.csv
2025-11-25 12:17:59,990 - INFO - Read 92 rows from 2024/09/30/stocks.csv
2025-11-25 12:17:59,990 - INFO - Read 92 rows from 2024/09/06/stocks.csv
2025-11-25 12:17:59,990 - INFO - Read 92 rows from 2024/09/24/stocks.csv
2025-11-25 12:17:59,991 - INFO - Read 92 rows from 2024/09/23/stocks.csv
2025-11-25 12:17:59,991 - INFO - Read 92 rows from 2024/09/12/stocks.csv
2025-11-25 12:17:59,991 - INFO - Read 92 rows from 2024/09/13/stocks.csv
2025-11-25 12:17:59,991 - INFO - Read 92 rows from 2024/09/25/stocks.csv
2025-11-25 12:17:59,992 - INFO - Read 91 rows from 2024/08/05/stocks.csv
2025-11-25 12:17:59,992 - INFO - Read 92 rows from 2024/08/02/stocks.csv
2025-11-25 12:17:59,993 - INFO - Read 92 rows from 2024/08/20/stocks.csv
2025-11-25 12:17:59,993 - INFO - Read 92 rows from 2024/08/27/stocks.csv
2025-11-25 12:17:59,994 - INFO - Read 92 rows from 2024/08/29/stocks.csv
2025-11-25 12:17:59,994 - INFO - Read 92 rows from 2024/08/16/stocks.csv
2025-11-25 12:17:59,994 - INFO - Read 92 rows from 2024/08/28/stocks.csv
2025-11-25 12:17:59,995 - INFO - Read 92 rows from 2024/08/19/stocks.csv
2025-11-25 12:17:59,995 - INFO - Read 91 rows from 2024/08/26/stocks.csv
2025-11-25 12:17:59,995 - INFO - Read 92 rows from 2024/08/21/stocks.csv
2025-11-25 12:17:59,996 - INFO - Read 92 rows from 2024/08/07/stocks.csv
2025-11-25 12:17:59,996 - INFO - Read 92 rows from 2024/08/09/stocks.csv
2025-11-25 12:17:59,996 - INFO - Read 92 rows from 2024/08/30/stocks.csv
2025-11-25 12:17:59,997 - INFO - Read 92 rows from 2024/08/08/stocks.csv
2025-11-25 12:17:59,997 - INFO - Read 92 rows from 2024/08/01/stocks.csv
2025-11-25 12:17:59,997 - INFO - Read 92 rows from 2024/08/06/stocks.csv
2025-11-25 12:17:59,998 - INFO - Read 92 rows from 2024/08/23/stocks.csv
2025-11-25 12:17:59,998 - INFO - Read 91 rows from 2024/08/15/stocks.csv
2025-11-25 12:17:59,998 - INFO - Read 92 rows from 2024/08/12/stocks.csv
2025-11-25 12:17:59,999 - INFO - Read 92 rows from 2024/08/13/stocks.csv
2025-11-25 12:17:59,999 - INFO - Read 92 rows from 2024/08/14/stocks.csv
2025-11-25 12:17:59,999 - INFO - Read 92 rows from 2024/08/22/stocks.csv
2025-11-25 12:18:00,000 - INFO - Read 92 rows from 2024/01/03/stocks.csv
2025-11-25 12:18:00,000 - INFO - Read 92 rows from 2024/01/04/stocks.csv
2025-11-25 12:18:00,001 - INFO - Read 92 rows from 2024/01/05/stocks.csv
2025-11-25 12:18:00,001 - INFO - Read 92 rows from 2024/01/02/stocks.csv
2025-11-25 12:18:00,002 - INFO - Read 92 rows from 2024/01/18/stocks.csv
2025-11-25 12:18:00,002 - INFO - Read 92 rows from 2024/01/11/stocks.csv
2025-11-25 12:18:00,002 - INFO - Read 92 rows from 2024/01/29/stocks.csv
2025-11-25 12:18:00,003 - INFO - Read 92 rows from 2024/01/16/stocks.csv
2025-11-25 12:18:00,003 - INFO - Read 92 rows from 2024/01/17/stocks.csv
2025-11-25 12:18:00,003 - INFO - Read 92 rows from 2024/01/10/stocks.csv
2025-11-25 12:18:00,004 - INFO - Read 92 rows from 2024/01/19/stocks.csv
2025-11-25 12:18:00,004 - INFO - Read 90 rows from 2024/01/26/stocks.csv
2025-11-25 12:18:00,004 - INFO - Read 92 rows from 2024/01/09/stocks.csv
2025-11-25 12:18:00,005 - INFO - Read 92 rows from 2024/01/31/stocks.csv
2025-11-25 12:18:00,005 - INFO - Read 92 rows from 2024/01/30/stocks.csv
2025-11-25 12:18:00,005 - INFO - Read 92 rows from 2024/01/08/stocks.csv
2025-11-25 12:18:00,006 - INFO - Read 1 rows from 2024/01/01/stocks.csv
2025-11-25 12:18:00,006 - INFO - Read 92 rows from 2024/01/24/stocks.csv
2025-11-25 12:18:00,007 - INFO - Read 92 rows from 2024/01/23/stocks.csv
2025-11-25 12:18:00,007 - INFO - Read 7 rows from 2024/01/15/stocks.csv
2025-11-25 12:18:00,007 - INFO - Read 92 rows from 2024/01/12/stocks.csv
2025-11-25 12:18:00,008 - INFO - Read 91 rows from 2024/01/22/stocks.csv
2025-11-25 12:18:00,008 - INFO - Read 92 rows from 2024/01/25/stocks.csv
2025-11-25 12:18:00,009 - INFO - Read 92 rows from 2024/06/03/stocks.csv
2025-11-25 12:18:00,009 - INFO - Read 92 rows from 2024/06/04/stocks.csv
2025-11-25 12:18:00,010 - INFO - Read 92 rows from 2024/06/05/stocks.csv
2025-11-25 12:18:00,010 - INFO - Read 92 rows from 2024/06/20/stocks.csv
2025-11-25 12:18:00,011 - INFO - Read 92 rows from 2024/06/18/stocks.csv
2025-11-25 12:18:00,011 - INFO - Read 92 rows from 2024/06/27/stocks.csv
2025-11-25 12:18:00,012 - INFO - Read 92 rows from 2024/06/11/stocks.csv
2025-11-25 12:18:00,012 - INFO - Read 92 rows from 2024/06/28/stocks.csv
2025-11-25 12:18:00,012 - INFO - Read 91 rows from 2024/06/17/stocks.csv
2025-11-25 12:18:00,013 - INFO - Read 90 rows from 2024/06/10/stocks.csv
2025-11-25 12:18:00,013 - INFO - Read 7 rows from 2024/06/19/stocks.csv
2025-11-25 12:18:00,013 - INFO - Read 92 rows from 2024/06/26/stocks.csv
2025-11-25 12:18:00,014 - INFO - Read 91 rows from 2024/06/21/stocks.csv
2025-11-25 12:18:00,014 - INFO - Read 92 rows from 2024/06/07/stocks.csv
2025-11-25 12:18:00,014 - INFO - Read 91 rows from 2024/06/06/stocks.csv
2025-11-25 12:18:00,015 - INFO - Read 92 rows from 2024/06/24/stocks.csv
2025-11-25 12:18:00,015 - INFO - Read 92 rows from 2024/06/12/stocks.csv
2025-11-25 12:18:00,015 - INFO - Read 92 rows from 2024/06/13/stocks.csv
2025-11-25 12:18:00,016 - INFO - Read 92 rows from 2024/06/14/stocks.csv
2025-11-25 12:18:00,016 - INFO - Read 92 rows from 2024/06/25/stocks.csv
2025-11-25 12:18:00,016 - INFO - Read 93 rows from 2024/12/03/stocks.csv
2025-11-25 12:18:00,017 - INFO - Read 93 rows from 2024/12/04/stocks.csv
2025-11-25 12:18:00,017 - INFO - Read 93 rows from 2024/12/05/stocks.csv
2025-11-25 12:18:00,017 - INFO - Read 92 rows from 2024/12/02/stocks.csv
2025-11-25 12:18:00,018 - INFO - Read 92 rows from 2024/12/20/stocks.csv
2025-11-25 12:18:00,018 - INFO - Read 93 rows from 2024/12/18/stocks.csv
2025-11-25 12:18:00,018 - INFO - Read 93 rows from 2024/12/27/stocks.csv
2025-11-25 12:18:00,019 - INFO - Read 92 rows from 2024/12/11/stocks.csv
2025-11-25 12:18:00,019 - INFO - Read 93 rows from 2024/12/16/stocks.csv
2025-11-25 12:18:00,019 - INFO - Read 93 rows from 2024/12/17/stocks.csv
2025-11-25 12:18:00,020 - INFO - Read 93 rows from 2024/12/10/stocks.csv
2025-11-25 12:18:00,020 - INFO - Read 93 rows from 2024/12/19/stocks.csv
2025-11-25 12:18:00,020 - INFO - Read 87 rows from 2024/12/26/stocks.csv
2025-11-25 12:18:00,021 - INFO - Read 93 rows from 2024/12/09/stocks.csv
2025-11-25 12:18:00,021 - INFO - Read 93 rows from 2024/12/30/stocks.csv
2025-11-25 12:18:00,021 - INFO - Read 93 rows from 2024/12/06/stocks.csv
2025-11-25 12:18:00,022 - INFO - Read 91 rows from 2024/12/24/stocks.csv
2025-11-25 12:18:00,022 - INFO - Read 93 rows from 2024/12/23/stocks.csv
2025-11-25 12:18:00,022 - INFO - Read 93 rows from 2024/12/12/stocks.csv
2025-11-25 12:18:00,023 - INFO - Read 93 rows from 2024/12/13/stocks.csv
2025-11-25 12:18:00,023 - INFO - Read 1 rows from 2024/12/25/stocks.csv
2025-11-25 12:18:00,024 - INFO - Read 92 rows from 2023/12/04/stocks.csv
2025-11-25 12:18:00,024 - INFO - Read 92 rows from 2023/12/05/stocks.csv
2025-11-25 12:18:00,025 - INFO - Read 92 rows from 2023/12/20/stocks.csv
2025-11-25 12:18:00,025 - INFO - Read 92 rows from 2023/12/18/stocks.csv
2025-11-25 12:18:00,026 - INFO - Read 92 rows from 2023/12/27/stocks.csv
2025-11-25 12:18:00,026 - INFO - Read 92 rows from 2023/12/11/stocks.csv
2025-11-25 12:18:00,027 - INFO - Read 92 rows from 2023/12/29/stocks.csv
2025-11-25 12:18:00,027 - INFO - Read 92 rows from 2023/12/28/stocks.csv
2025-11-25 12:18:00,028 - INFO - Read 92 rows from 2023/12/19/stocks.csv
2025-11-25 12:18:00,028 - INFO - Read 85 rows from 2023/12/26/stocks.csv
2025-11-25 12:18:00,028 - INFO - Read 92 rows from 2023/12/21/stocks.csv
2025-11-25 12:18:00,029 - INFO - Read 92 rows from 2023/12/07/stocks.csv
2025-11-25 12:18:00,029 - INFO - Read 92 rows from 2023/12/08/stocks.csv
2025-11-25 12:18:00,029 - INFO - Read 92 rows from 2023/12/01/stocks.csv
2025-11-25 12:18:00,030 - INFO - Read 92 rows from 2023/12/06/stocks.csv
2025-11-25 12:18:00,030 - INFO - Read 92 rows from 2023/12/15/stocks.csv
2025-11-25 12:18:00,030 - INFO - Read 92 rows from 2023/12/12/stocks.csv
2025-11-25 12:18:00,031 - INFO - Read 92 rows from 2023/12/13/stocks.csv
2025-11-25 12:18:00,031 - INFO - Read 92 rows from 2023/12/14/stocks.csv
2025-11-25 12:18:00,032 - INFO - Read 92 rows from 2023/12/22/stocks.csv
2025-11-25 12:18:00,032 - INFO - Read 1 rows from 2023/12/25/stocks.csv
2025-11-25 12:18:00,074 - INFO - Merged 24933 rows for stocks_raw
2025-11-25 12:18:03,495 - INFO - Validation complete for stocks_raw: valid=24933, invalid=0
2025-11-25 12:18:03,704 - INFO - Valid: 24933, Invalid: 0
2025-11-25 12:18:03,714 - INFO - Table stocks_raw created
2025-11-25 12:18:05,157 - ERROR - Failed to load stocks_raw: 1062 (23000): Duplicate entry 'WMT-2024-12-30' for key 'stocks_raw.unique_stock'
2025-11-25 12:18:05,157 - ERROR - Failed to load stocks_raw: 1062 (23000): Duplicate entry 'WMT-2024-12-30' for key 'stocks_raw.unique_stock'
2025-11-25 12:18:05,160 - ERROR - ============================================================
2025-11-25 12:18:05,161 - ERROR - Base table stocks_raw failed to process
2025-11-25 12:18:05,161 - ERROR - Cannot continue without base table - terminating pipeline

********** END OF LOG FILE **********
