
********** Local Data Warehouse and Analytical Reporting System **********
Filename: Stock Market and Macroeconomic Intelligence
User ID: 800338
Username: Shalini Tata
File Path: /Users/shalinitata/Desktop/stocks/watcher.py
********** Stock Market and Macroeconomic Intelligence **********
2025-11-25 23:24:19,762 - INFO - ===== started running the process ======
2025-11-25 23:24:19,835 - INFO - ============================================================
2025-11-25 23:24:19,835 - INFO - LIVE SCHEDULER STARTED
2025-11-25 23:24:19,835 - INFO - ============================================================
2025-11-25 23:24:19,835 - INFO - Scheduled task:
2025-11-25 23:24:19,835 - INFO - - Daily live data collection: Every day
2025-11-25 23:24:19,835 - INFO -   (Stocks -> Metadata -> Macro -> Sentiment -> Exchange -> Merge)
2025-11-25 23:24:19,835 - INFO - ============================================================
2025-11-25 23:24:19,835 - INFO - Scheduler is now running.
2025-11-25 23:26:19,849 - INFO - ============================================================
2025-11-25 23:26:19,849 - INFO - DAILY LIVE DATA COLLECTION STARTED
2025-11-25 23:26:19,850 - INFO - Time: 2025-11-25 23:26:19
2025-11-25 23:26:19,850 - INFO - ============================================================
2025-11-25 23:26:19,851 - INFO - 
[1/5] Collecting live stocks data...
2025-11-25 23:26:19,851 - INFO - 
============================================================
2025-11-25 23:26:19,851 - INFO - Fetching LIVE data for 2025
2025-11-25 23:26:19,851 - INFO - Date: 2025-11-25
2025-11-25 23:26:19,861 - INFO - Total companies with tickers: 96
2025-11-25 23:26:19,861 - INFO - Today's data already exists — skipping
2025-11-25 23:26:19,862 - INFO - 
[2/5] Collecting company metadata...
2025-11-25 23:26:19,862 - INFO - 
============================================================
2025-11-25 23:26:19,862 - INFO - Creating LIVE company metadata for 2025
2025-11-25 23:26:19,862 - INFO - Metadata already exists — skipping
2025-11-25 23:26:19,862 - INFO - 
[3/5] Collecting macroeconomic data...
2025-11-25 23:26:19,862 - INFO - 
============================================================
2025-11-25 23:26:19,862 - INFO - creating LIVE macro data for 2025
2025-11-25 23:26:19,862 - INFO - current year data already exists — skipping
2025-11-25 23:26:19,862 - INFO - 
[4/5] Collecting sentiment analysis...
2025-11-25 23:26:19,863 - INFO - sentiment already exists — skipping
2025-11-25 23:26:19,863 - INFO - 
[5/5] Collecting exchange rates...
2025-11-25 23:26:19,863 - INFO - 
============================================================
2025-11-25 23:26:19,863 - INFO - Fetching LIVE exchange rates (USD-INR) from FRED for 2025
2025-11-25 23:26:19,863 - INFO - Current year data already exists — skipping
2025-11-25 23:26:19,863 - INFO - 
[MERGE] Merging all collected data...
2025-11-25 23:26:19,863 - INFO - Starting merge process
2025-11-25 23:26:19,864 - INFO - Mode: Live
2025-11-25 23:26:19,864 - INFO - Execution dir: /Users/shalinitata/Desktop/stocks/Execution/2025/11/25/23:26
2025-11-25 23:26:19,864 - INFO - 
============================================================
2025-11-25 23:26:19,864 - INFO - Processing BASE TABLE (stocks_raw)
2025-11-25 23:26:19,864 - INFO - Processing stocks_raw (BASE TABLE)
2025-11-25 23:26:19,865 - INFO - Read 93 rows from stocks_raw
2025-11-25 23:26:19,892 - INFO - Validation complete for stocks_raw: valid=93, invalid=0
2025-11-25 23:26:19,894 - INFO - Removed 1 duplicate records based on ticker-date
2025-11-25 23:26:19,896 - INFO - Valid: 92, Invalid: 0
2025-11-25 23:26:19,919 - INFO - Table stocks_raw created
2025-11-25 23:26:19,938 - INFO - Inserted 92 rows into stocks_raw
2025-11-25 23:26:19,938 - INFO - Loaded 92 rows to stocks_raw
2025-11-25 23:26:19,938 - INFO - Base table established with 92 records
2025-11-25 23:26:19,938 - INFO - Found 92 unique tickers: 601336.SS, AAL, ABBV, ACI, ADM, ALL, AMZN, APLE, ATT.L, AVGO, AXP, BA, BAC, CAH, CAT, CHTR, CI, CITI.NE, CMCSA, CNC, COLA.WA, COP, COR, COST, CSCO, CVS, CVX, DAL, DE, DELL, DIS, ELV, EPD, ET, F, FDX, FMCC, FNMA, GD, GM, GOOGL, GSBD, HCA, HD, HP, HUM.ST, IBM, INGM, INTC, JNJ, JPM, KR, LLY, LMT, MCK, MET, META, MPC, MRK, MS, MSFT, NKE, NVDA, ORCL, PAGP, PEP, PFGC, PFIZER.NS, PG, PGR, PRU, PSX, RTX, SNEX, SNX, SYY, TGT, TILIX, TJX, TRV, TSLA, TSN, UAL, UIPMX, UNH, UPS, VLO, VZ, WFC, WMT, X1G.PA, XOM
2025-11-25 23:26:19,938 - INFO - 
============================================================
2025-11-25 23:26:19,938 - INFO - Processing DEPENDENT TABLES
2025-11-25 23:26:19,938 - INFO - Processing company_metadata
2025-11-25 23:26:19,939 - INFO - Read 93 rows from company_metadata/2025/company_details.csv
2025-11-25 23:26:19,940 - INFO - Filtered to 6 columns matching table structure
2025-11-25 23:26:19,945 - INFO - Validation complete for company_metadata: valid=93, invalid=0
2025-11-25 23:26:19,947 - INFO - Valid: 93, Invalid: 0
2025-11-25 23:26:19,953 - INFO - Table company_metadata created successfully
2025-11-25 23:26:19,966 - INFO - Successfully inserted 93/93 rows into company_metadata
2025-11-25 23:26:19,966 - INFO - Loaded 93 rows to company_metadata
2025-11-25 23:26:19,966 - INFO - company_metadata processed and linked to stocks_raw
2025-11-25 23:26:19,966 - INFO - 
============================================================
2025-11-25 23:26:19,966 - INFO - Processing INDEPENDENT TABLES
2025-11-25 23:26:19,966 - INFO - Processing exchange_rates
2025-11-25 23:26:19,967 - INFO - Read 219 rows from exchange_rates
2025-11-25 23:26:19,994 - INFO - Validation complete for exchange_rates: valid=219, invalid=0
2025-11-25 23:26:19,997 - INFO - Valid: 219, Invalid: 0
2025-11-25 23:26:20,003 - INFO - Table exchange_rates created
2025-11-25 23:26:20,028 - INFO - Inserted 219 rows into exchange_rates
2025-11-25 23:26:20,028 - INFO - Loaded 219 rows to exchange_rates
2025-11-25 23:26:20,028 - INFO - exchange_rates processed
2025-11-25 23:26:20,028 - INFO - Processing macro_raw
2025-11-25 23:26:20,030 - INFO - Read 4 rows from macro_raw
2025-11-25 23:26:20,030 - INFO - Validation complete for macro_raw: valid=4, invalid=0
2025-11-25 23:26:20,031 - INFO - Valid: 4, Invalid: 0
2025-11-25 23:26:20,035 - INFO - Table macro_raw created
2025-11-25 23:26:20,036 - INFO - Inserted 4 rows into macro_raw
2025-11-25 23:26:20,036 - INFO - Loaded 4 rows to macro_raw
2025-11-25 23:26:20,036 - INFO - macro_raw processed
2025-11-25 23:26:20,036 - INFO - 
============================================================
2025-11-25 23:26:20,036 - INFO - Processing SENTIMENT DATA
2025-11-25 23:26:20,036 - INFO - Processing sentiment
2025-11-25 23:26:20,036 - INFO - Read 4 rows from sentiment
2025-11-25 23:26:20,037 - INFO - Validation complete for sentiment: valid=4, invalid=0
2025-11-25 23:26:20,038 - INFO - Valid: 4, Invalid: 0
2025-11-25 23:26:20,042 - INFO - Table sentiment created
2025-11-25 23:26:20,043 - INFO - Inserted 4 rows into sentiment
2025-11-25 23:26:20,043 - INFO - Loaded 4 rows to sentiment
2025-11-25 23:26:20,043 - INFO - sentiment processed and linked to stocks_raw
2025-11-25 23:26:20,043 - INFO - 
============================================================
2025-11-25 23:26:20,043 - INFO - KPI CALCULATIONS AND FACT TABLE GENERATION
2025-11-25 23:26:20,043 - INFO - Starting KPI calculations
2025-11-25 23:26:20,044 - INFO - Loaded stocks_raw: 92 rows
2025-11-25 23:26:20,044 - INFO - Loaded macro_raw: 4 rows
2025-11-25 23:26:20,044 - INFO - Loaded company_metadata: 93 rows
2025-11-25 23:26:20,044 - INFO - Loaded exchange_rates: 219 rows
2025-11-25 23:26:20,045 - INFO - Calculating stock_facts metrics...
2025-11-25 23:26:20,064 - INFO - Stock facts calculated: 92 rows
2025-11-25 23:26:20,064 - INFO - Calculating macro_facts metrics...
2025-11-25 23:26:20,068 - INFO - Macro facts calculated: 4 rows
2025-11-25 23:26:20,068 - INFO - Creating sector_lookup...
2025-11-25 23:26:20,069 - INFO - Sector lookup created: 38 sectors
2025-11-25 23:26:20,069 - INFO - Calculating analytics_summary metrics...
2025-11-25 23:26:20,145 - INFO - Removed 1 duplicate analytics_summary records based on ticker-year-quarter
2025-11-25 23:26:20,147 - INFO - Analytics summary calculated: 92 rows
2025-11-25 23:26:20,147 - INFO - 
============================================================
2025-11-25 23:26:20,147 - INFO - KPI calculations completed successfully
2025-11-25 23:26:20,147 - INFO - Generated files: stock_facts.csv, macro_facts.csv, sector_lookup.csv, analytics_summary.csv, pipeline_logs.csv
2025-11-25 23:26:20,147 - INFO - KPI calculations completed successfully
2025-11-25 23:26:20,155 - INFO - Table stock_facts created
2025-11-25 23:26:20,176 - INFO - Inserted 92 rows into stock_facts
2025-11-25 23:26:20,176 - INFO - Loaded stock_facts to database
2025-11-25 23:26:20,180 - INFO - Table macro_facts created
2025-11-25 23:26:20,181 - INFO - Inserted 4 rows into macro_facts
2025-11-25 23:26:20,181 - INFO - Loaded macro_facts to database
2025-11-25 23:26:20,186 - INFO - Table sector_lookup created
2025-11-25 23:26:20,190 - INFO - Inserted 38 rows into sector_lookup
2025-11-25 23:26:20,190 - INFO - Loaded sector_lookup to database
2025-11-25 23:26:20,194 - INFO - Table analytics_summary created
2025-11-25 23:26:20,209 - INFO - Inserted 92 rows into analytics_summary
2025-11-25 23:26:20,209 - INFO - Loaded analytics_summary to database
2025-11-25 23:26:20,209 - INFO - 
================================================================================
2025-11-25 23:26:20,209 - INFO - REPORT GENERATION STARTED
2025-11-25 23:26:20,209 - INFO - Created directory: /Users/shalinitata/Desktop/stocks/Execution/2025/11/25/23:26/reports
2025-11-25 23:26:20,209 - INFO - 
============================================================
2025-11-25 23:26:20,209 - INFO - Generating Report 1: Annual Market Intelligence Report
2025-11-25 23:26:21,234 - INFO - Fetched 30 rows for yearly performance
2025-11-25 23:26:21,548 - INFO - Fetched 20 rows for company performance
2025-11-25 23:26:21,554 - INFO - Saved intermediate CSV: /Users/shalinitata/Desktop/stocks/Execution/2025/11/25/23:26/report1_yearly_performance.csv
2025-11-25 23:26:21,555 - INFO - Saved intermediate CSV: /Users/shalinitata/Desktop/stocks/Execution/2025/11/25/23:26/report1_company_performance.csv
2025-11-25 23:26:21,745 - INFO - Saved PDF: /Users/shalinitata/Desktop/stocks/Execution/2025/11/25/23:26/reports/report1_annual_market_intelligence.pdf
2025-11-25 23:26:21,745 - INFO - Report 1 completed: {'csv': ['/Users/shalinitata/Desktop/stocks/Execution/2025/11/25/23:26/report1_yearly_performance.csv', '/Users/shalinitata/Desktop/stocks/Execution/2025/11/25/23:26/report1_company_performance.csv'], 'pdf': '/Users/shalinitata/Desktop/stocks/Execution/2025/11/25/23:26/reports/report1_annual_market_intelligence.pdf'}
2025-11-25 23:26:21,745 - INFO - 
============================================================
2025-11-25 23:26:21,745 - INFO - Generating Report 2: Sector Stability & Volatility Report
2025-11-25 23:26:21,815 - INFO - Fetched 63 rows for sector metrics
2025-11-25 23:26:21,816 - INFO - Saved intermediate CSV: /Users/shalinitata/Desktop/stocks/Execution/2025/11/25/23:26/report2_sector_stability.csv
2025-11-25 23:26:21,879 - INFO - Saved Excel: /Users/shalinitata/Desktop/stocks/Execution/2025/11/25/23:26/reports/report2_sector_stability.xlsx
2025-11-25 23:26:21,905 - INFO - Saved PDF: /Users/shalinitata/Desktop/stocks/Execution/2025/11/25/23:26/reports/report2_sector_stability.pdf
2025-11-25 23:26:21,905 - INFO - Report 2 completed: {'csv': '/Users/shalinitata/Desktop/stocks/Execution/2025/11/25/23:26/report2_sector_stability.csv', 'excel': '/Users/shalinitata/Desktop/stocks/Execution/2025/11/25/23:26/reports/report2_sector_stability.xlsx', 'pdf': '/Users/shalinitata/Desktop/stocks/Execution/2025/11/25/23:26/reports/report2_sector_stability.pdf'}
2025-11-25 23:26:21,905 - INFO - 
============================================================
2025-11-25 23:26:21,906 - INFO - Generating Report 3: Cross-Market Analysis Report
2025-11-25 23:26:22,408 - INFO - Fetched 30 rows for yearly currency data
2025-11-25 23:26:22,413 - INFO - Fetched 20 rows for company currency data
2025-11-25 23:26:22,415 - INFO - Saved intermediate CSV: /Users/shalinitata/Desktop/stocks/Execution/2025/11/25/23:26/report3_currency_yearly.csv
2025-11-25 23:26:22,415 - INFO - Saved intermediate CSV: /Users/shalinitata/Desktop/stocks/Execution/2025/11/25/23:26/report3_company_currency.csv
2025-11-25 23:26:22,514 - INFO - Saved PDF: /Users/shalinitata/Desktop/stocks/Execution/2025/11/25/23:26/reports/report3_cross_market.pdf
2025-11-25 23:26:22,514 - INFO - Report 3 completed: {'csv': ['/Users/shalinitata/Desktop/stocks/Execution/2025/11/25/23:26/report3_currency_yearly.csv', '/Users/shalinitata/Desktop/stocks/Execution/2025/11/25/23:26/report3_company_currency.csv'], 'pdf': '/Users/shalinitata/Desktop/stocks/Execution/2025/11/25/23:26/reports/report3_cross_market.pdf'}
2025-11-25 23:26:22,515 - INFO - 
============================================================
2025-11-25 23:26:22,515 - INFO - Generating Report 4: Forecasting & Prediction Summary
2025-11-25 23:26:22,522 - INFO - Fetched 20 rows for quarterly trends
2025-11-25 23:26:22,527 - INFO - Fetched 876 rows for sector forecast
2025-11-25 23:26:22,528 - INFO - Saved intermediate CSV: /Users/shalinitata/Desktop/stocks/Execution/2025/11/25/23:26/report4_quarterly_trends.csv
2025-11-25 23:26:22,530 - INFO - Saved intermediate CSV: /Users/shalinitata/Desktop/stocks/Execution/2025/11/25/23:26/report4_sector_forecast.csv
2025-11-25 23:26:22,557 - INFO - Saved PDF: /Users/shalinitata/Desktop/stocks/Execution/2025/11/25/23:26/reports/report4_forecasting.pdf
2025-11-25 23:26:22,557 - INFO - Report 4 completed: {'csv': ['/Users/shalinitata/Desktop/stocks/Execution/2025/11/25/23:26/report4_quarterly_trends.csv', '/Users/shalinitata/Desktop/stocks/Execution/2025/11/25/23:26/report4_sector_forecast.csv'], 'pdf': '/Users/shalinitata/Desktop/stocks/Execution/2025/11/25/23:26/reports/report4_forecasting.pdf'}
2025-11-25 23:26:22,557 - INFO - 
================================================================================
2025-11-25 23:26:22,557 - INFO - REPORT GENERATION COMPLETED SUCCESSFULLY
2025-11-25 23:26:22,557 - INFO - 
================================================================================
2025-11-25 23:26:22,557 - INFO - ============================================================
2025-11-25 23:26:22,557 - INFO - DAILY COLLECTION COMPLETED SUCCESSFULLY
2025-11-25 23:26:22,557 - INFO - ============================================================
