
********** Local Data Warehouse and Analytical Reporting System **********
Filename: Stock Market and Macroeconomic Intelligence
User ID: 800338
Username: Shalini Tata
File Path: /Users/shalinitata/Desktop/stocks/watcher.py
********** Stock Market and Macroeconomic Intelligence **********
2025-11-25 10:02:20,709 - INFO - ===== started running the process ======
2025-11-25 10:02:20,843 - INFO - 
============================================================
2025-11-25 10:02:20,843 - INFO - Fetching LIVE data for 2025
2025-11-25 10:02:20,843 - INFO - Date: 2025-11-25
2025-11-25 10:02:20,843 - INFO - ============================================================
2025-11-25 10:02:20,848 - INFO - Total companies with tickers: 96
2025-11-25 10:02:20,848 - INFO - Today's data already exists — skipping
2025-11-25 10:02:20,848 - INFO - 
============================================================
2025-11-25 10:02:20,848 - INFO - Creating LIVE company metadata for 2025
2025-11-25 10:02:20,848 - INFO - Metadata already exists — skipping
2025-11-25 10:02:20,848 - INFO - 
============================================================
2025-11-25 10:02:20,848 - INFO - creating LIVE macro data for 2025
2025-11-25 10:02:20,848 - INFO - current year data already exists — skipping
2025-11-25 10:02:20,849 - INFO - 
fetching sentiment for 2025-11-25...
2025-11-25 10:02:20,849 - INFO - [1/93] Walmart (WMT)
2025-11-25 10:02:21,455 - INFO - Score:0.286 (7 articles)
2025-11-25 10:02:21,456 - INFO - [2/93] Amazon (AMZN)
2025-11-25 10:02:21,991 - INFO - Score:-0.033 (10 articles)
2025-11-25 10:02:21,991 - INFO - [3/93] UnitedHealth (UNH)
2025-11-25 10:02:22,487 - INFO - No news
2025-11-25 10:02:22,488 - INFO - [4/93] Apple (APLE)
2025-11-25 10:02:23,018 - INFO - Score:-0.100 (10 articles)
2025-11-25 10:02:23,019 - INFO - [5/93] CVS Health (CVS)
2025-11-25 10:02:23,606 - INFO - No news
2025-11-25 10:02:23,606 - INFO - [6/93] Alphabet (GOOGL)
2025-11-25 10:02:24,224 - INFO - Score:-0.250 (8 articles)
2025-11-25 10:02:24,225 - INFO - [7/93] Exxon Mobil (XOM)
2025-11-25 10:02:24,741 - INFO - No news
2025-11-25 10:02:24,742 - INFO - [8/93] McKesson (MCK)
2025-11-25 10:02:25,234 - INFO - Error: 429 Client Error: Too Many Requests for url: https://newsapi.org/v2/everything?apiKey=e4ddb799366a45f4a9ff5d27b3e53fab&q=McKesson&from=2025-11-24&language=en&sortBy=relevancy&pageSize=10
2025-11-25 10:02:25,235 - INFO - [9/93] Cencora (COR)
2025-11-25 10:02:25,734 - INFO - Error: 429 Client Error: Too Many Requests for url: https://newsapi.org/v2/everything?apiKey=e4ddb799366a45f4a9ff5d27b3e53fab&q=Cencora&from=2025-11-24&language=en&sortBy=relevancy&pageSize=10
2025-11-25 10:02:25,735 - INFO - [10/93] JPMorgan Chase (JPM)
2025-11-25 10:02:26,222 - INFO - Error: 429 Client Error: Too Many Requests for url: https://newsapi.org/v2/everything?apiKey=e4ddb799366a45f4a9ff5d27b3e53fab&q=JPMorgan+Chase&from=2025-11-24&language=en&sortBy=relevancy&pageSize=10
2025-11-25 10:02:26,222 - INFO - [11/93] Costco (COST)
2025-11-25 10:02:26,785 - INFO - Error: 429 Client Error: Too Many Requests for url: https://newsapi.org/v2/everything?apiKey=e4ddb799366a45f4a9ff5d27b3e53fab&q=Costco&from=2025-11-24&language=en&sortBy=relevancy&pageSize=10
2025-11-25 10:02:26,785 - INFO - [12/93] Cigna (CI)
2025-11-25 10:02:27,272 - INFO - Error: 429 Client Error: Too Many Requests for url: https://newsapi.org/v2/everything?apiKey=e4ddb799366a45f4a9ff5d27b3e53fab&q=Cigna&from=2025-11-24&language=en&sortBy=relevancy&pageSize=10
2025-11-25 10:02:27,273 - INFO - [13/93] Microsoft (MSFT)
2025-11-25 10:02:27,705 - INFO - Error: 429 Client Error: Too Many Requests for url: https://newsapi.org/v2/everything?apiKey=e4ddb799366a45f4a9ff5d27b3e53fab&q=Microsoft&from=2025-11-24&language=en&sortBy=relevancy&pageSize=10
2025-11-25 10:02:27,705 - INFO - [14/93] Cardinal Health (CAH)
2025-11-25 10:02:28,313 - INFO - Error: 429 Client Error: Too Many Requests for url: https://newsapi.org/v2/everything?apiKey=e4ddb799366a45f4a9ff5d27b3e53fab&q=Cardinal+Health&from=2025-11-24&language=en&sortBy=relevancy&pageSize=10
2025-11-25 10:02:28,313 - INFO - [15/93] Chevron (CVX)
2025-11-25 10:02:28,828 - INFO - Error: 429 Client Error: Too Many Requests for url: https://newsapi.org/v2/everything?apiKey=e4ddb799366a45f4a9ff5d27b3e53fab&q=Chevron&from=2025-11-24&language=en&sortBy=relevancy&pageSize=10
2025-11-25 10:02:28,828 - INFO - [16/93] Bank of America (BAC)
2025-11-25 10:02:29,342 - INFO - Error: 429 Client Error: Too Many Requests for url: https://newsapi.org/v2/everything?apiKey=e4ddb799366a45f4a9ff5d27b3e53fab&q=Bank+of+America&from=2025-11-24&language=en&sortBy=relevancy&pageSize=10
2025-11-25 10:02:29,343 - INFO - [17/93] General Motors (GM)
2025-11-25 10:02:29,834 - INFO - Error: 429 Client Error: Too Many Requests for url: https://newsapi.org/v2/everything?apiKey=e4ddb799366a45f4a9ff5d27b3e53fab&q=General+Motors&from=2025-11-24&language=en&sortBy=relevancy&pageSize=10
2025-11-25 10:02:29,835 - INFO - [18/93] Ford Motor (F)
2025-11-25 10:02:30,361 - INFO - Error: 429 Client Error: Too Many Requests for url: https://newsapi.org/v2/everything?apiKey=e4ddb799366a45f4a9ff5d27b3e53fab&q=Ford+Motor&from=2025-11-24&language=en&sortBy=relevancy&pageSize=10
2025-11-25 10:02:30,361 - INFO - [19/93] Elevance Health (ELV)
2025-11-25 10:02:30,836 - INFO - Error: 429 Client Error: Too Many Requests for url: https://newsapi.org/v2/everything?apiKey=e4ddb799366a45f4a9ff5d27b3e53fab&q=Elevance+Health&from=2025-11-24&language=en&sortBy=relevancy&pageSize=10
2025-11-25 10:02:30,837 - INFO - [20/93] Citi (CITI.NE)
2025-11-25 10:02:31,335 - INFO - Error: 429 Client Error: Too Many Requests for url: https://newsapi.org/v2/everything?apiKey=e4ddb799366a45f4a9ff5d27b3e53fab&q=Citi&from=2025-11-24&language=en&sortBy=relevancy&pageSize=10
2025-11-25 10:02:31,336 - INFO - [21/93] Meta (META)
2025-11-25 10:02:31,826 - INFO - Error: 429 Client Error: Too Many Requests for url: https://newsapi.org/v2/everything?apiKey=e4ddb799366a45f4a9ff5d27b3e53fab&q=Meta&from=2025-11-24&language=en&sortBy=relevancy&pageSize=10
2025-11-25 10:02:31,827 - INFO - [22/93] Centene (CNC)
2025-11-25 10:02:32,327 - INFO - Error: 429 Client Error: Too Many Requests for url: https://newsapi.org/v2/everything?apiKey=e4ddb799366a45f4a9ff5d27b3e53fab&q=Centene&from=2025-11-24&language=en&sortBy=relevancy&pageSize=10
2025-11-25 10:02:32,328 - INFO - [23/93] Home Depot (HD)
2025-11-25 10:02:32,823 - INFO - Error: 429 Client Error: Too Many Requests for url: https://newsapi.org/v2/everything?apiKey=e4ddb799366a45f4a9ff5d27b3e53fab&q=Home+Depot&from=2025-11-24&language=en&sortBy=relevancy&pageSize=10
2025-11-25 10:02:32,824 - INFO - [24/93] Fannie Mae (FNMA)
2025-11-25 10:02:33,437 - INFO - Error: 429 Client Error: Too Many Requests for url: https://newsapi.org/v2/everything?apiKey=e4ddb799366a45f4a9ff5d27b3e53fab&q=Fannie+Mae&from=2025-11-24&language=en&sortBy=relevancy&pageSize=10
2025-11-25 10:02:33,438 - INFO - [25/93] Kroger (KR)
2025-11-25 10:02:33,929 - INFO - Error: 429 Client Error: Too Many Requests for url: https://newsapi.org/v2/everything?apiKey=e4ddb799366a45f4a9ff5d27b3e53fab&q=Kroger&from=2025-11-24&language=en&sortBy=relevancy&pageSize=10
2025-11-25 10:02:33,930 - INFO - [26/93] Phillips 66 (PSX)
2025-11-25 10:02:34,432 - INFO - Error: 429 Client Error: Too Many Requests for url: https://newsapi.org/v2/everything?apiKey=e4ddb799366a45f4a9ff5d27b3e53fab&q=Phillips+66&from=2025-11-24&language=en&sortBy=relevancy&pageSize=10
2025-11-25 10:02:34,432 - INFO - [27/93] Marathon Petroleum (MPC)
2025-11-25 10:02:34,972 - INFO - Error: 429 Client Error: Too Many Requests for url: https://newsapi.org/v2/everything?apiKey=e4ddb799366a45f4a9ff5d27b3e53fab&q=Marathon+Petroleum&from=2025-11-24&language=en&sortBy=relevancy&pageSize=10
2025-11-25 10:02:34,972 - INFO - [28/93] Verizon (VZ)
2025-11-25 10:02:35,473 - INFO - Error: 429 Client Error: Too Many Requests for url: https://newsapi.org/v2/everything?apiKey=e4ddb799366a45f4a9ff5d27b3e53fab&q=Verizon&from=2025-11-24&language=en&sortBy=relevancy&pageSize=10
2025-11-25 10:02:35,474 - INFO - [29/93] Nvidia (NVDA)
2025-11-25 10:02:35,948 - INFO - Error: 429 Client Error: Too Many Requests for url: https://newsapi.org/v2/everything?apiKey=e4ddb799366a45f4a9ff5d27b3e53fab&q=Nvidia&from=2025-11-24&language=en&sortBy=relevancy&pageSize=10
2025-11-25 10:02:35,949 - INFO - [30/93] Goldman Sachs (GSBD)
2025-11-25 10:02:36,508 - INFO - Error: 429 Client Error: Too Many Requests for url: https://newsapi.org/v2/everything?apiKey=e4ddb799366a45f4a9ff5d27b3e53fab&q=Goldman+Sachs&from=2025-11-24&language=en&sortBy=relevancy&pageSize=10
2025-11-25 10:02:36,509 - INFO - [31/93] Wells Fargo (WFC)
2025-11-25 10:02:37,007 - INFO - Error: 429 Client Error: Too Many Requests for url: https://newsapi.org/v2/everything?apiKey=e4ddb799366a45f4a9ff5d27b3e53fab&q=Wells+Fargo&from=2025-11-24&language=en&sortBy=relevancy&pageSize=10
2025-11-25 10:02:37,008 - INFO - [32/93] Valero Energy (VLO)
2025-11-25 10:02:37,536 - INFO - Error: 429 Client Error: Too Many Requests for url: https://newsapi.org/v2/everything?apiKey=e4ddb799366a45f4a9ff5d27b3e53fab&q=Valero+Energy&from=2025-11-24&language=en&sortBy=relevancy&pageSize=10
2025-11-25 10:02:37,537 - INFO - [33/93] Comcast (CMCSA)
2025-11-25 10:02:38,041 - INFO - Error: 429 Client Error: Too Many Requests for url: https://newsapi.org/v2/everything?apiKey=e4ddb799366a45f4a9ff5d27b3e53fab&q=Comcast&from=2025-11-24&language=en&sortBy=relevancy&pageSize=10
2025-11-25 10:02:38,041 - INFO - [34/93] State Farm (ALL)
2025-11-25 10:02:38,658 - INFO - Error: 429 Client Error: Too Many Requests for url: https://newsapi.org/v2/everything?apiKey=e4ddb799366a45f4a9ff5d27b3e53fab&q=State+Farm&from=2025-11-24&language=en&sortBy=relevancy&pageSize=10
2025-11-25 10:02:38,658 - INFO - [35/93] AT&T (ATT.L)
2025-11-25 10:02:39,172 - INFO - Error: 429 Client Error: Too Many Requests for url: https://newsapi.org/v2/everything?apiKey=e4ddb799366a45f4a9ff5d27b3e53fab&q=AT%26T&from=2025-11-24&language=en&sortBy=relevancy&pageSize=10
2025-11-25 10:02:39,173 - INFO - [36/93] Freddie Mac (FMCC)
2025-11-25 10:02:39,668 - INFO - Error: 429 Client Error: Too Many Requests for url: https://newsapi.org/v2/everything?apiKey=e4ddb799366a45f4a9ff5d27b3e53fab&q=Freddie+Mac&from=2025-11-24&language=en&sortBy=relevancy&pageSize=10
2025-11-25 10:02:39,669 - INFO - [37/93] Humana (HUM.ST)
2025-11-25 10:02:40,198 - INFO - Error: 429 Client Error: Too Many Requests for url: https://newsapi.org/v2/everything?apiKey=e4ddb799366a45f4a9ff5d27b3e53fab&q=Humana&from=2025-11-24&language=en&sortBy=relevancy&pageSize=10
2025-11-25 10:02:40,198 - INFO - [38/93] Morgan Stanley (MS)
2025-11-25 10:02:40,691 - INFO - Error: 429 Client Error: Too Many Requests for url: https://newsapi.org/v2/everything?apiKey=e4ddb799366a45f4a9ff5d27b3e53fab&q=Morgan+Stanley&from=2025-11-24&language=en&sortBy=relevancy&pageSize=10
2025-11-25 10:02:40,692 - INFO - [39/93] Target (TGT)
2025-11-25 10:02:41,176 - INFO - Error: 429 Client Error: Too Many Requests for url: https://newsapi.org/v2/everything?apiKey=e4ddb799366a45f4a9ff5d27b3e53fab&q=Target&from=2025-11-24&language=en&sortBy=relevancy&pageSize=10
2025-11-25 10:02:41,176 - INFO - [40/93] StoneX (SNEX)
2025-11-25 10:02:41,488 - INFO - Error: 429 Client Error: Too Many Requests for url: https://newsapi.org/v2/everything?apiKey=e4ddb799366a45f4a9ff5d27b3e53fab&q=StoneX&from=2025-11-24&language=en&sortBy=relevancy&pageSize=10
2025-11-25 10:02:41,489 - INFO - [41/93] Tesla (TSLA)
2025-11-25 10:02:42,038 - INFO - Error: 429 Client Error: Too Many Requests for url: https://newsapi.org/v2/everything?apiKey=e4ddb799366a45f4a9ff5d27b3e53fab&q=Tesla&from=2025-11-24&language=en&sortBy=relevancy&pageSize=10
2025-11-25 10:02:42,040 - INFO - [42/93] Dell Technologies (DELL)
2025-11-25 10:02:42,552 - INFO - Error: 429 Client Error: Too Many Requests for url: https://newsapi.org/v2/everything?apiKey=e4ddb799366a45f4a9ff5d27b3e53fab&q=Dell+Technologies&from=2025-11-24&language=en&sortBy=relevancy&pageSize=10
2025-11-25 10:02:42,553 - INFO - [43/93] PepsiCo (PEP)
2025-11-25 10:02:42,886 - INFO - Error: 429 Client Error: Too Many Requests for url: https://newsapi.org/v2/everything?apiKey=e4ddb799366a45f4a9ff5d27b3e53fab&q=PepsiCo&from=2025-11-24&language=en&sortBy=relevancy&pageSize=10
2025-11-25 10:02:42,887 - INFO - [44/93] Walt Disney (DIS)
2025-11-25 10:02:43,468 - INFO - Error: 429 Client Error: Too Many Requests for url: https://newsapi.org/v2/everything?apiKey=e4ddb799366a45f4a9ff5d27b3e53fab&q=Walt+Disney&from=2025-11-24&language=en&sortBy=relevancy&pageSize=10
2025-11-25 10:02:43,468 - INFO - [45/93] UPS (UPS)
2025-11-25 10:02:43,979 - INFO - Error: 429 Client Error: Too Many Requests for url: https://newsapi.org/v2/everything?apiKey=e4ddb799366a45f4a9ff5d27b3e53fab&q=UPS&from=2025-11-24&language=en&sortBy=relevancy&pageSize=10
2025-11-25 10:02:43,980 - INFO - [46/93] Johnson & Johnson (JNJ)
2025-11-25 10:02:44,495 - INFO - Error: 429 Client Error: Too Many Requests for url: https://newsapi.org/v2/everything?apiKey=e4ddb799366a45f4a9ff5d27b3e53fab&q=Johnson+%26+Johnson&from=2025-11-24&language=en&sortBy=relevancy&pageSize=10
2025-11-25 10:02:44,496 - INFO - [47/93] FedEx (FDX)
2025-11-25 10:02:45,004 - INFO - Error: 429 Client Error: Too Many Requests for url: https://newsapi.org/v2/everything?apiKey=e4ddb799366a45f4a9ff5d27b3e53fab&q=FedEx&from=2025-11-24&language=en&sortBy=relevancy&pageSize=10
2025-11-25 10:02:45,005 - INFO - [48/93] Archer Daniels Midland (ADM)
2025-11-25 10:02:45,514 - INFO - Error: 429 Client Error: Too Many Requests for url: https://newsapi.org/v2/everything?apiKey=e4ddb799366a45f4a9ff5d27b3e53fab&q=Archer+Daniels+Midland&from=2025-11-24&language=en&sortBy=relevancy&pageSize=10
2025-11-25 10:02:45,514 - INFO - [49/93] Procter & Gamble (PG)
2025-11-25 10:02:46,031 - INFO - Error: 429 Client Error: Too Many Requests for url: https://newsapi.org/v2/everything?apiKey=e4ddb799366a45f4a9ff5d27b3e53fab&q=Procter+%26+Gamble&from=2025-11-24&language=en&sortBy=relevancy&pageSize=10
2025-11-25 10:02:46,032 - INFO - [50/93] Lowe's (X1G.PA)
2025-11-25 10:02:46,546 - INFO - Error: 429 Client Error: Too Many Requests for url: https://newsapi.org/v2/everything?apiKey=e4ddb799366a45f4a9ff5d27b3e53fab&q=Lowe%27s&from=2025-11-24&language=en&sortBy=relevancy&pageSize=10
2025-11-25 10:02:46,546 - INFO - [51/93] Energy Transfer (ET)
2025-11-25 10:02:47,058 - INFO - Error: 429 Client Error: Too Many Requests for url: https://newsapi.org/v2/everything?apiKey=e4ddb799366a45f4a9ff5d27b3e53fab&q=Energy+Transfer&from=2025-11-24&language=en&sortBy=relevancy&pageSize=10
2025-11-25 10:02:47,059 - INFO - [52/93] RTX (RTX)
2025-11-25 10:02:47,669 - INFO - Error: 429 Client Error: Too Many Requests for url: https://newsapi.org/v2/everything?apiKey=e4ddb799366a45f4a9ff5d27b3e53fab&q=RTX&from=2025-11-24&language=en&sortBy=relevancy&pageSize=10
2025-11-25 10:02:47,670 - INFO - [53/93] Albertsons (ACI)
2025-11-25 10:02:48,184 - INFO - Error: 429 Client Error: Too Many Requests for url: https://newsapi.org/v2/everything?apiKey=e4ddb799366a45f4a9ff5d27b3e53fab&q=Albertsons&from=2025-11-24&language=en&sortBy=relevancy&pageSize=10
2025-11-25 10:02:48,185 - INFO - [54/93] Sysco (SYY)
2025-11-25 10:02:48,594 - INFO - Error: 429 Client Error: Too Many Requests for url: https://newsapi.org/v2/everything?apiKey=e4ddb799366a45f4a9ff5d27b3e53fab&q=Sysco&from=2025-11-24&language=en&sortBy=relevancy&pageSize=10
2025-11-25 10:02:48,594 - INFO - [55/93] Progressive (PGR)
2025-11-25 10:02:49,079 - INFO - Error: 429 Client Error: Too Many Requests for url: https://newsapi.org/v2/everything?apiKey=e4ddb799366a45f4a9ff5d27b3e53fab&q=Progressive&from=2025-11-24&language=en&sortBy=relevancy&pageSize=10
2025-11-25 10:02:49,080 - INFO - [56/93] American Express (AXP)
2025-11-25 10:02:49,617 - INFO - Error: 429 Client Error: Too Many Requests for url: https://newsapi.org/v2/everything?apiKey=e4ddb799366a45f4a9ff5d27b3e53fab&q=American+Express&from=2025-11-24&language=en&sortBy=relevancy&pageSize=10
2025-11-25 10:02:49,618 - INFO - [57/93] Lockheed Martin (LMT)
2025-11-25 10:02:50,127 - INFO - Error: 429 Client Error: Too Many Requests for url: https://newsapi.org/v2/everything?apiKey=e4ddb799366a45f4a9ff5d27b3e53fab&q=Lockheed+Martin&from=2025-11-24&language=en&sortBy=relevancy&pageSize=10
2025-11-25 10:02:50,128 - INFO - [58/93] MetLife (MET)
2025-11-25 10:02:50,641 - INFO - Error: 429 Client Error: Too Many Requests for url: https://newsapi.org/v2/everything?apiKey=e4ddb799366a45f4a9ff5d27b3e53fab&q=MetLife&from=2025-11-24&language=en&sortBy=relevancy&pageSize=10
2025-11-25 10:02:50,643 - INFO - [59/93] HCA Healthcare (HCA)
2025-11-25 10:02:51,150 - INFO - Error: 429 Client Error: Too Many Requests for url: https://newsapi.org/v2/everything?apiKey=e4ddb799366a45f4a9ff5d27b3e53fab&q=HCA+Healthcare&from=2025-11-24&language=en&sortBy=relevancy&pageSize=10
2025-11-25 10:02:51,150 - INFO - [60/93] Prudential Financial (PRU)
2025-11-25 10:02:51,623 - INFO - Error: 429 Client Error: Too Many Requests for url: https://newsapi.org/v2/everything?apiKey=e4ddb799366a45f4a9ff5d27b3e53fab&q=Prudential+Financial&from=2025-11-24&language=en&sortBy=relevancy&pageSize=10
2025-11-25 10:02:51,624 - INFO - [61/93] Boeing (BA)
2025-11-25 10:02:52,175 - INFO - Error: 429 Client Error: Too Many Requests for url: https://newsapi.org/v2/everything?apiKey=e4ddb799366a45f4a9ff5d27b3e53fab&q=Boeing&from=2025-11-24&language=en&sortBy=relevancy&pageSize=10
2025-11-25 10:02:52,176 - INFO - [62/93] Caterpillar (CAT)
2025-11-25 10:02:52,673 - INFO - Error: 429 Client Error: Too Many Requests for url: https://newsapi.org/v2/everything?apiKey=e4ddb799366a45f4a9ff5d27b3e53fab&q=Caterpillar&from=2025-11-24&language=en&sortBy=relevancy&pageSize=10
2025-11-25 10:02:52,674 - INFO - [63/93] Merck (MRK)
2025-11-25 10:02:53,201 - INFO - Error: 429 Client Error: Too Many Requests for url: https://newsapi.org/v2/everything?apiKey=e4ddb799366a45f4a9ff5d27b3e53fab&q=Merck&from=2025-11-24&language=en&sortBy=relevancy&pageSize=10
2025-11-25 10:02:53,202 - INFO - [64/93] Allstate (ALL)
2025-11-25 10:02:53,711 - INFO - Error: 429 Client Error: Too Many Requests for url: https://newsapi.org/v2/everything?apiKey=e4ddb799366a45f4a9ff5d27b3e53fab&q=Allstate&from=2025-11-24&language=en&sortBy=relevancy&pageSize=10
2025-11-25 10:02:53,712 - INFO - [65/93] Pfizer (PFIZER.NS)
2025-11-25 10:02:54,226 - INFO - Error: 429 Client Error: Too Many Requests for url: https://newsapi.org/v2/everything?apiKey=e4ddb799366a45f4a9ff5d27b3e53fab&q=Pfizer&from=2025-11-24&language=en&sortBy=relevancy&pageSize=10
2025-11-25 10:02:54,226 - INFO - [66/93] IBM (IBM)
2025-11-25 10:02:54,723 - INFO - Error: 429 Client Error: Too Many Requests for url: https://newsapi.org/v2/everything?apiKey=e4ddb799366a45f4a9ff5d27b3e53fab&q=IBM&from=2025-11-24&language=en&sortBy=relevancy&pageSize=10
2025-11-25 10:02:54,724 - INFO - [67/93] New York Life Insurance (601336.SS)
2025-11-25 10:02:55,232 - INFO - Error: 429 Client Error: Too Many Requests for url: https://newsapi.org/v2/everything?apiKey=e4ddb799366a45f4a9ff5d27b3e53fab&q=New+York+Life+Insurance&from=2025-11-24&language=en&sortBy=relevancy&pageSize=10
2025-11-25 10:02:55,233 - INFO - [68/93] Delta Airlines (DAL)
2025-11-25 10:02:55,740 - INFO - Error: 429 Client Error: Too Many Requests for url: https://newsapi.org/v2/everything?apiKey=e4ddb799366a45f4a9ff5d27b3e53fab&q=Delta+Airlines&from=2025-11-24&language=en&sortBy=relevancy&pageSize=10
2025-11-25 10:02:55,741 - INFO - [69/93] TD Synnex (SNX)
2025-11-25 10:02:56,229 - INFO - Error: 429 Client Error: Too Many Requests for url: https://newsapi.org/v2/everything?apiKey=e4ddb799366a45f4a9ff5d27b3e53fab&q=TD+Synnex&from=2025-11-24&language=en&sortBy=relevancy&pageSize=10
2025-11-25 10:02:56,229 - INFO - [70/93] United Airlines (UAL)
2025-11-25 10:02:56,747 - INFO - Error: 429 Client Error: Too Many Requests for url: https://newsapi.org/v2/everything?apiKey=e4ddb799366a45f4a9ff5d27b3e53fab&q=United+Airlines&from=2025-11-24&language=en&sortBy=relevancy&pageSize=10
2025-11-25 10:02:56,747 - INFO - [71/93] ConocoPhillips (COP)
2025-11-25 10:02:57,270 - INFO - Error: 429 Client Error: Too Many Requests for url: https://newsapi.org/v2/everything?apiKey=e4ddb799366a45f4a9ff5d27b3e53fab&q=ConocoPhillips&from=2025-11-24&language=en&sortBy=relevancy&pageSize=10
2025-11-25 10:02:57,270 - INFO - [72/93] TJX (TJX)
2025-11-25 10:02:57,807 - INFO - Error: 429 Client Error: Too Many Requests for url: https://newsapi.org/v2/everything?apiKey=e4ddb799366a45f4a9ff5d27b3e53fab&q=TJX&from=2025-11-24&language=en&sortBy=relevancy&pageSize=10
2025-11-25 10:02:57,807 - INFO - [73/93] AbbVie (ABBV)
2025-11-25 10:02:58,320 - INFO - Error: 429 Client Error: Too Many Requests for url: https://newsapi.org/v2/everything?apiKey=e4ddb799366a45f4a9ff5d27b3e53fab&q=AbbVie&from=2025-11-24&language=en&sortBy=relevancy&pageSize=10
2025-11-25 10:02:58,321 - INFO - [74/93] Enterprise Products Partners (EPD)
2025-11-25 10:02:58,832 - INFO - Error: 429 Client Error: Too Many Requests for url: https://newsapi.org/v2/everything?apiKey=e4ddb799366a45f4a9ff5d27b3e53fab&q=Enterprise+Products+Partners&from=2025-11-24&language=en&sortBy=relevancy&pageSize=10
2025-11-25 10:02:58,833 - INFO - [75/93] Charter Communications (CHTR)
2025-11-25 10:02:59,340 - INFO - Error: 429 Client Error: Too Many Requests for url: https://newsapi.org/v2/everything?apiKey=e4ddb799366a45f4a9ff5d27b3e53fab&q=Charter+Communications&from=2025-11-24&language=en&sortBy=relevancy&pageSize=10
2025-11-25 10:02:59,341 - INFO - [76/93] Performance Food (PFGC)
2025-11-25 10:02:59,836 - INFO - Error: 429 Client Error: Too Many Requests for url: https://newsapi.org/v2/everything?apiKey=e4ddb799366a45f4a9ff5d27b3e53fab&q=Performance+Food&from=2025-11-24&language=en&sortBy=relevancy&pageSize=10
2025-11-25 10:02:59,837 - INFO - [77/93] American Airlines (AAL)
2025-11-25 10:03:00,330 - INFO - Error: 429 Client Error: Too Many Requests for url: https://newsapi.org/v2/everything?apiKey=e4ddb799366a45f4a9ff5d27b3e53fab&q=American+Airlines&from=2025-11-24&language=en&sortBy=relevancy&pageSize=10
2025-11-25 10:03:00,330 - INFO - [78/93] Cisco Systems (CSCO)
2025-11-25 10:03:00,838 - INFO - Error: 429 Client Error: Too Many Requests for url: https://newsapi.org/v2/everything?apiKey=e4ddb799366a45f4a9ff5d27b3e53fab&q=Cisco+Systems&from=2025-11-24&language=en&sortBy=relevancy&pageSize=10
2025-11-25 10:03:00,838 - INFO - [79/93] HP (HP)
2025-11-25 10:03:01,393 - INFO - Error: 429 Client Error: Too Many Requests for url: https://newsapi.org/v2/everything?apiKey=e4ddb799366a45f4a9ff5d27b3e53fab&q=HP&from=2025-11-24&language=en&sortBy=relevancy&pageSize=10
2025-11-25 10:03:01,393 - INFO - [80/93] Tyson Foods (TSN)
2025-11-25 10:03:01,897 - INFO - Error: 429 Client Error: Too Many Requests for url: https://newsapi.org/v2/everything?apiKey=e4ddb799366a45f4a9ff5d27b3e53fab&q=Tyson+Foods&from=2025-11-24&language=en&sortBy=relevancy&pageSize=10
2025-11-25 10:03:01,898 - INFO - [81/93] Intel (INTC)
2025-11-25 10:03:02,417 - INFO - Error: 429 Client Error: Too Many Requests for url: https://newsapi.org/v2/everything?apiKey=e4ddb799366a45f4a9ff5d27b3e53fab&q=Intel&from=2025-11-24&language=en&sortBy=relevancy&pageSize=10
2025-11-25 10:03:02,418 - INFO - [82/93] Oracle (ORCL)
2025-11-25 10:03:03,026 - INFO - Error: 429 Client Error: Too Many Requests for url: https://newsapi.org/v2/everything?apiKey=e4ddb799366a45f4a9ff5d27b3e53fab&q=Oracle&from=2025-11-24&language=en&sortBy=relevancy&pageSize=10
2025-11-25 10:03:03,027 - INFO - [83/93] Broadcom (AVGO)
2025-11-25 10:03:03,493 - INFO - Error: 429 Client Error: Too Many Requests for url: https://newsapi.org/v2/everything?apiKey=e4ddb799366a45f4a9ff5d27b3e53fab&q=Broadcom&from=2025-11-24&language=en&sortBy=relevancy&pageSize=10
2025-11-25 10:03:03,494 - INFO - [84/93] Deere (DE)
2025-11-25 10:03:04,054 - INFO - Error: 429 Client Error: Too Many Requests for url: https://newsapi.org/v2/everything?apiKey=e4ddb799366a45f4a9ff5d27b3e53fab&q=Deere&from=2025-11-24&language=en&sortBy=relevancy&pageSize=10
2025-11-25 10:03:04,055 - INFO - [85/93] Nike (NKE)
2025-11-25 10:03:04,556 - INFO - Error: 429 Client Error: Too Many Requests for url: https://newsapi.org/v2/everything?apiKey=e4ddb799366a45f4a9ff5d27b3e53fab&q=Nike&from=2025-11-24&language=en&sortBy=relevancy&pageSize=10
2025-11-25 10:03:04,557 - INFO - [86/93] Plains GP (PAGP)
2025-11-25 10:03:05,050 - INFO - Error: 429 Client Error: Too Many Requests for url: https://newsapi.org/v2/everything?apiKey=e4ddb799366a45f4a9ff5d27b3e53fab&q=Plains+GP&from=2025-11-24&language=en&sortBy=relevancy&pageSize=10
2025-11-25 10:03:05,051 - INFO - [87/93] USAA (UIPMX)
2025-11-25 10:03:05,545 - INFO - Error: 429 Client Error: Too Many Requests for url: https://newsapi.org/v2/everything?apiKey=e4ddb799366a45f4a9ff5d27b3e53fab&q=USAA&from=2025-11-24&language=en&sortBy=relevancy&pageSize=10
2025-11-25 10:03:05,546 - INFO - [88/93] Ingram Micro (INGM)
2025-11-25 10:03:06,040 - INFO - Error: 429 Client Error: Too Many Requests for url: https://newsapi.org/v2/everything?apiKey=e4ddb799366a45f4a9ff5d27b3e53fab&q=Ingram+Micro&from=2025-11-24&language=en&sortBy=relevancy&pageSize=10
2025-11-25 10:03:06,041 - INFO - [89/93] General Dynamics (GD)
2025-11-25 10:03:06,526 - INFO - Error: 429 Client Error: Too Many Requests for url: https://newsapi.org/v2/everything?apiKey=e4ddb799366a45f4a9ff5d27b3e53fab&q=General+Dynamics&from=2025-11-24&language=en&sortBy=relevancy&pageSize=10
2025-11-25 10:03:06,526 - INFO - [90/93] Coca-Cola (COLA.WA)
2025-11-25 10:03:07,040 - INFO - Error: 429 Client Error: Too Many Requests for url: https://newsapi.org/v2/everything?apiKey=e4ddb799366a45f4a9ff5d27b3e53fab&q=Coca-Cola&from=2025-11-24&language=en&sortBy=relevancy&pageSize=10
2025-11-25 10:03:07,040 - INFO - [91/93] TIAA (TILIX)
2025-11-25 10:03:07,522 - INFO - Error: 429 Client Error: Too Many Requests for url: https://newsapi.org/v2/everything?apiKey=e4ddb799366a45f4a9ff5d27b3e53fab&q=TIAA&from=2025-11-24&language=en&sortBy=relevancy&pageSize=10
2025-11-25 10:03:07,523 - INFO - [92/93] Travelers (TRV)
2025-11-25 10:03:08,050 - INFO - Error: 429 Client Error: Too Many Requests for url: https://newsapi.org/v2/everything?apiKey=e4ddb799366a45f4a9ff5d27b3e53fab&q=Travelers&from=2025-11-24&language=en&sortBy=relevancy&pageSize=10
2025-11-25 10:03:08,051 - INFO - [93/93] Eli Lilly (LLY)
2025-11-25 10:03:08,558 - INFO - Error: 429 Client Error: Too Many Requests for url: https://newsapi.org/v2/everything?apiKey=e4ddb799366a45f4a9ff5d27b3e53fab&q=Eli+Lilly&from=2025-11-24&language=en&sortBy=relevancy&pageSize=10
2025-11-25 10:03:08,562 - INFO - 
Saved: sentiment_analysis/2025/11/25/sentiment.csv (4 companies)
2025-11-25 10:03:08,563 - INFO - 
============================================================
2025-11-25 10:03:08,563 - INFO - Fetching LIVE exchange rates (USD-INR) from FRED for 2025
2025-11-25 10:03:08,563 - INFO - Current year data already exists — skipping
2025-11-25 10:03:08,563 - INFO - ============================================================
2025-11-25 10:03:08,563 - INFO - Starting merge process
2025-11-25 10:03:08,563 - INFO - Mode: Live
2025-11-25 10:03:08,563 - INFO - Execution dir: /Users/shalinitata/Desktop/stocks/Execution/2025/11/25/2025:11:25_10:03:08
2025-11-25 10:03:08,563 - INFO - 
============================================================
2025-11-25 10:03:08,563 - INFO - Processing BASE TABLE (stocks_raw)
2025-11-25 10:03:08,564 - INFO - Processing stocks_raw (BASE TABLE)
2025-11-25 10:03:08,564 - INFO - Read 93 rows from stocks_raw
2025-11-25 10:03:08,581 - INFO - Validation complete for stocks_raw: valid=93, invalid=0
2025-11-25 10:03:08,585 - WARNING - Removed 1 duplicate records based on ticker-date
2025-11-25 10:03:08,585 - INFO - Valid: 92, Invalid: 0
2025-11-25 10:03:08,615 - INFO - Table stocks_raw created
2025-11-25 10:03:08,635 - INFO - Inserted 92 rows into stocks_raw
2025-11-25 10:03:08,635 - INFO - Loaded 92 rows to stocks_raw
2025-11-25 10:03:08,635 - INFO - Base table established with 92 records
2025-11-25 10:03:08,636 - INFO - Found 92 unique tickers: 601336.SS, AAL, ABBV, ACI, ADM, ALL, AMZN, APLE, ATT.L, AVGO, AXP, BA, BAC, CAH, CAT, CHTR, CI, CITI.NE, CMCSA, CNC, COLA.WA, COP, COR, COST, CSCO, CVS, CVX, DAL, DE, DELL, DIS, ELV, EPD, ET, F, FDX, FMCC, FNMA, GD, GM, GOOGL, GSBD, HCA, HD, HP, HUM.ST, IBM, INGM, INTC, JNJ, JPM, KR, LLY, LMT, MCK, MET, META, MPC, MRK, MS, MSFT, NKE, NVDA, ORCL, PAGP, PEP, PFGC, PFIZER.NS, PG, PGR, PRU, PSX, RTX, SNEX, SNX, SYY, TGT, TILIX, TJX, TRV, TSLA, TSN, UAL, UIPMX, UNH, UPS, VLO, VZ, WFC, WMT, X1G.PA, XOM
2025-11-25 10:03:08,636 - INFO - 
============================================================
2025-11-25 10:03:08,636 - INFO - Processing DEPENDENT TABLES
2025-11-25 10:03:08,636 - INFO - Processing company_metadata
2025-11-25 10:03:08,636 - INFO - Read 93 rows from company_metadata
2025-11-25 10:03:08,641 - INFO - Validation complete for company_metadata: valid=93, invalid=0
2025-11-25 10:03:08,642 - INFO - Valid: 93, Invalid: 0
2025-11-25 10:03:08,648 - INFO - Table company_metadata created successfully
2025-11-25 10:03:08,653 - INFO - Table company_metadata truncated
2025-11-25 10:03:08,653 - ERROR - Failed to insert row 0: {'rank': 1, 'company': 'Walmart', 'industry': 'General Merchandisers', 'revenue': '$681,000,000,000', 'employees': '2,100,000', 'ticker': 'WMT', 'marketCap': 840497627136.0, 'sector': 'Consumer Defensive', 'country': 'United States', 'exchange': 'NYQ', 'currency': 'USD'}
2025-11-25 10:03:08,653 - ERROR - Error: could not convert string to float: '$681,000,000,000'
2025-11-25 10:03:08,653 - ERROR - Failed to insert row 1: {'rank': 2, 'company': 'Amazon', 'industry': 'Internet Services and Retailing', 'revenue': '$638,000,000,000', 'employees': '1,556,000', 'ticker': 'AMZN', 'marketCap': 2359223910400.0, 'sector': 'Consumer Cyclical', 'country': 'United States', 'exchange': 'NMS', 'currency': 'USD'}
2025-11-25 10:03:08,653 - ERROR - Error: could not convert string to float: '$638,000,000,000'
2025-11-25 10:03:08,653 - ERROR - Failed to insert row 2: {'rank': 3, 'company': 'UnitedHealth', 'industry': 'Health Care: Insurance and Managed Care', 'revenue': '$400,300,000,000', 'employees': '400,000', 'ticker': 'UNH', 'marketCap': 289841184768.0, 'sector': 'Healthcare', 'country': 'United States', 'exchange': 'NYQ', 'currency': 'USD'}
2025-11-25 10:03:08,653 - ERROR - Error: could not convert string to float: '$400,300,000,000'
2025-11-25 10:03:08,653 - ERROR - Failed to insert row 3: {'rank': 4, 'company': 'Apple', 'industry': 'Computers, Office Equipment', 'revenue': '$391,000,000,000', 'employees': '164,000', 'ticker': 'APLE', 'marketCap': 2784630528.0, 'sector': 'Real Estate', 'country': 'United States', 'exchange': 'NYQ', 'currency': 'USD'}
2025-11-25 10:03:08,653 - ERROR - Error: could not convert string to float: '$391,000,000,000'
2025-11-25 10:03:08,653 - ERROR - Failed to insert row 4: {'rank': 5, 'company': 'CVS Health', 'industry': 'Health Care: Pharmacy and Other Services', 'revenue': '$372,800,000,000', 'employees': '259,500', 'ticker': 'CVS', 'marketCap': 99053813760.0, 'sector': 'Healthcare', 'country': 'United States', 'exchange': 'NYQ', 'currency': 'USD'}
2025-11-25 10:03:08,653 - ERROR - Error: could not convert string to float: '$372,800,000,000'
2025-11-25 10:03:08,653 - ERROR - Failed to insert row 5: {'rank': 7, 'company': 'Alphabet', 'industry': 'Internet Services and Retailing', 'revenue': '$350,000,000,000', 'employees': '183,300', 'ticker': 'GOOGL', 'marketCap': 3629518422016.0, 'sector': 'Communication Services', 'country': 'United States', 'exchange': 'NMS', 'currency': 'USD'}
2025-11-25 10:03:08,653 - ERROR - Error: could not convert string to float: '$350,000,000,000'
2025-11-25 10:03:08,653 - ERROR - Failed to insert row 6: {'rank': 8, 'company': 'Exxon Mobil', 'industry': 'Petroleum Refining', 'revenue': '$349,600,000,000', 'employees': '60,900', 'ticker': 'XOM', 'marketCap': 499140984832.0, 'sector': 'Energy', 'country': 'United States', 'exchange': 'NYQ', 'currency': 'USD'}
2025-11-25 10:03:08,653 - ERROR - Error: could not convert string to float: '$349,600,000,000'
2025-11-25 10:03:08,653 - ERROR - Failed to insert row 7: {'rank': 9, 'company': 'McKesson', 'industry': 'Wholesalers: Health Care', 'revenue': '$309,000,000,000', 'employees': '48,000', 'ticker': 'MCK', 'marketCap': 107720622080.0, 'sector': 'Healthcare', 'country': 'United States', 'exchange': 'NYQ', 'currency': 'USD'}
2025-11-25 10:03:08,653 - ERROR - Error: could not convert string to float: '$309,000,000,000'
2025-11-25 10:03:08,653 - ERROR - Failed to insert row 8: {'rank': 10, 'company': 'Cencora', 'industry': 'Wholesalers: Health Care', 'revenue': '$294,000,000,000', 'employees': '44,000', 'ticker': 'COR', 'marketCap': 70897262592.0, 'sector': 'Healthcare', 'country': 'United States', 'exchange': 'NYQ', 'currency': 'USD'}
2025-11-25 10:03:08,653 - ERROR - Error: could not convert string to float: '$294,000,000,000'
2025-11-25 10:03:08,654 - ERROR - Failed to insert row 9: {'rank': 11, 'company': 'JPMorgan Chase', 'industry': 'Commercial Banks', 'revenue': '$278,900,000,000', 'employees': '317,200', 'ticker': 'JPM', 'marketCap': 819481608192.0, 'sector': 'Financial Services', 'country': 'United States', 'exchange': 'NYQ', 'currency': 'USD'}
2025-11-25 10:03:08,654 - ERROR - Error: could not convert string to float: '$278,900,000,000'
2025-11-25 10:03:08,654 - ERROR - Failed to insert row 10: {'rank': 12, 'company': 'Costco', 'industry': 'General Merchandisers', 'revenue': '$254,500,000,000', 'employees': '333,000', 'ticker': 'COST', 'marketCap': 398690353152.0, 'sector': 'Consumer Defensive', 'country': 'United States', 'exchange': 'NMS', 'currency': 'USD'}
2025-11-25 10:03:08,654 - ERROR - Error: could not convert string to float: '$254,500,000,000'
2025-11-25 10:03:08,654 - ERROR - Failed to insert row 11: {'rank': 13, 'company': 'Cigna', 'industry': 'Health Care: Pharmacy and Other Services', 'revenue': '$247,100,000,000', 'employees': '72,400', 'ticker': 'CI', 'marketCap': 74285023232.0, 'sector': 'Healthcare', 'country': 'United States', 'exchange': 'NYQ', 'currency': 'USD'}
2025-11-25 10:03:08,654 - ERROR - Error: could not convert string to float: '$247,100,000,000'
2025-11-25 10:03:08,654 - ERROR - Failed to insert row 12: {'rank': 14, 'company': 'Microsoft', 'industry': 'Computer Software', 'revenue': '$245,100,000,000', 'employees': '228,000', 'ticker': 'MSFT', 'marketCap': 3509346369536.0, 'sector': 'Technology', 'country': 'United States', 'exchange': 'NMS', 'currency': 'USD'}
2025-11-25 10:03:08,654 - ERROR - Error: could not convert string to float: '$245,100,000,000'
2025-11-25 10:03:08,654 - ERROR - Failed to insert row 13: {'rank': 15, 'company': 'Cardinal Health', 'industry': 'Wholesalers: Health Care', 'revenue': '$226,800,000,000', 'employees': '48,400', 'ticker': 'CAH', 'marketCap': 49771409408.0, 'sector': 'Healthcare', 'country': 'United States', 'exchange': 'NYQ', 'currency': 'USD'}
2025-11-25 10:03:08,654 - ERROR - Error: could not convert string to float: '$226,800,000,000'
2025-11-25 10:03:08,654 - ERROR - Failed to insert row 14: {'rank': 16, 'company': 'Chevron', 'industry': 'Petroleum Refining', 'revenue': '$202,800,000,000', 'employees': '45,300', 'ticker': 'CVX', 'marketCap': 302183055360.0, 'sector': 'Energy', 'country': 'United States', 'exchange': 'NYQ', 'currency': 'USD'}
2025-11-25 10:03:08,654 - ERROR - Error: could not convert string to float: '$202,800,000,000'
2025-11-25 10:03:08,654 - ERROR - Failed to insert row 15: {'rank': 17, 'company': 'Bank of America', 'industry': 'Commercial Banks', 'revenue': '$192,400,000,000', 'employees': '213,200', 'ticker': 'BAC', 'marketCap': 381902225408.0, 'sector': 'Financial Services', 'country': 'United States', 'exchange': 'NYQ', 'currency': 'USD'}
2025-11-25 10:03:08,654 - ERROR - Error: could not convert string to float: '$192,400,000,000'
2025-11-25 10:03:08,654 - ERROR - Failed to insert row 16: {'rank': 18, 'company': 'General Motors', 'industry': 'Motor Vehicles & Parts', 'revenue': '$187,400,000,000', 'employees': '162,000', 'ticker': 'GM', 'marketCap': 66959634432.0, 'sector': 'Consumer Cyclical', 'country': 'United States', 'exchange': 'NYQ', 'currency': 'USD'}
2025-11-25 10:03:08,654 - ERROR - Error: could not convert string to float: '$187,400,000,000'
2025-11-25 10:03:08,654 - ERROR - Failed to insert row 17: {'rank': 19, 'company': 'Ford Motor', 'industry': 'Motor Vehicles & Parts', 'revenue': '$185,000,000,000', 'employees': '171,000', 'ticker': 'F', 'marketCap': 51121119232.0, 'sector': 'Consumer Cyclical', 'country': 'United States', 'exchange': 'NYQ', 'currency': 'USD'}
2025-11-25 10:03:08,654 - ERROR - Error: could not convert string to float: '$185,000,000,000'
2025-11-25 10:03:08,654 - ERROR - Failed to insert row 18: {'rank': 20, 'company': 'Elevance Health', 'industry': 'Health Care: Insurance and Managed Care', 'revenue': '$177,000,000,000', 'employees': '103,700', 'ticker': 'ELV', 'marketCap': 72446615552.0, 'sector': 'Healthcare', 'country': 'United States', 'exchange': 'NYQ', 'currency': 'USD'}
2025-11-25 10:03:08,654 - ERROR - Error: could not convert string to float: '$177,000,000,000'
2025-11-25 10:03:08,654 - ERROR - Failed to insert row 19: {'rank': 21, 'company': 'Citi', 'industry': 'Commercial Banks', 'revenue': '$170,800,000,000', 'employees': '227,900', 'ticker': 'CITI.NE', 'marketCap': 252190228480.0, 'sector': nan, 'country': nan, 'exchange': 'NEO', 'currency': 'CAD'}
2025-11-25 10:03:08,654 - ERROR - Error: could not convert string to float: '$170,800,000,000'
2025-11-25 10:03:08,654 - ERROR - Failed to insert row 20: {'rank': 22, 'company': 'Meta', 'industry': 'Internet Services and Retailing', 'revenue': '$164,500,000,000', 'employees': '74,100', 'ticker': 'META', 'marketCap': 1497823576064.0, 'sector': 'Communication Services', 'country': 'United States', 'exchange': 'NMS', 'currency': 'USD'}
2025-11-25 10:03:08,655 - ERROR - Error: could not convert string to float: '$164,500,000,000'
2025-11-25 10:03:08,655 - ERROR - Failed to insert row 21: {'rank': 23, 'company': 'Centene', 'industry': 'Health Care: Insurance and Managed Care', 'revenue': '$163,100,000,000', 'employees': '60,500', 'ticker': 'CNC', 'marketCap': 17940408320.0, 'sector': 'Healthcare', 'country': 'United States', 'exchange': 'NYQ', 'currency': 'USD'}
2025-11-25 10:03:08,655 - ERROR - Error: could not convert string to float: '$163,100,000,000'
2025-11-25 10:03:08,655 - ERROR - Failed to insert row 22: {'rank': 24, 'company': 'Home Depot', 'industry': 'Specialty Retailers: Other', 'revenue': '$159,500,000,000', 'employees': '470,100', 'ticker': 'HD', 'marketCap': 341736128512.0, 'sector': 'Consumer Cyclical', 'country': 'United States', 'exchange': 'NYQ', 'currency': 'USD'}
2025-11-25 10:03:08,655 - ERROR - Error: could not convert string to float: '$159,500,000,000'
2025-11-25 10:03:08,655 - ERROR - Failed to insert row 23: {'rank': 25, 'company': 'Fannie Mae', 'industry': 'Diversified Financials', 'revenue': '$152,700,000,000', 'employees': '8,200', 'ticker': 'FNMA', 'marketCap': 10654405632.0, 'sector': 'Financial Services', 'country': 'United States', 'exchange': 'OQB', 'currency': 'USD'}
2025-11-25 10:03:08,655 - ERROR - Error: could not convert string to float: '$152,700,000,000'
2025-11-25 10:03:08,655 - ERROR - Failed to insert row 24: {'rank': 27, 'company': 'Kroger', 'industry': 'Food & Drug Stores', 'revenue': '$147,100,000,000', 'employees': '409,000', 'ticker': 'KR', 'marketCap': 43776520192.0, 'sector': 'Consumer Defensive', 'country': 'United States', 'exchange': 'NYQ', 'currency': 'USD'}
2025-11-25 10:03:08,655 - ERROR - Error: could not convert string to float: '$147,100,000,000'
2025-11-25 10:03:08,655 - ERROR - Failed to insert row 25: {'rank': 28, 'company': 'Phillips 66', 'industry': 'Petroleum Refining', 'revenue': '$145,500,000,000', 'employees': '13,200', 'ticker': 'PSX', 'marketCap': 54039494656.0, 'sector': 'Energy', 'country': 'United States', 'exchange': 'NYQ', 'currency': 'USD'}
2025-11-25 10:03:08,655 - ERROR - Error: could not convert string to float: '$145,500,000,000'
2025-11-25 10:03:08,655 - ERROR - Failed to insert row 26: {'rank': 29, 'company': 'Marathon Petroleum', 'industry': 'Petroleum Refining', 'revenue': '$140,400,000,000', 'employees': '18,300', 'ticker': 'MPC', 'marketCap': 57952350208.0, 'sector': 'Energy', 'country': 'United States', 'exchange': 'NYQ', 'currency': 'USD'}
2025-11-25 10:03:08,655 - ERROR - Error: could not convert string to float: '$140,400,000,000'
2025-11-25 10:03:08,655 - ERROR - Failed to insert row 27: {'rank': 30, 'company': 'Verizon', 'industry': 'Telecommunications', 'revenue': '$134,800,000,000', 'employees': '99,600', 'ticker': 'VZ', 'marketCap': 173843218432.0, 'sector': 'Communication Services', 'country': 'United States', 'exchange': 'NYQ', 'currency': 'USD'}
2025-11-25 10:03:08,655 - ERROR - Error: could not convert string to float: '$134,800,000,000'
2025-11-25 10:03:08,655 - ERROR - Failed to insert row 28: {'rank': 31, 'company': 'Nvidia', 'industry': 'Semiconductors and Other Electronic Components', 'revenue': '$130,500,000,000', 'employees': '36,000', 'ticker': 'NVDA', 'marketCap': 4347678687232.0, 'sector': 'Technology', 'country': 'United States', 'exchange': 'NMS', 'currency': 'USD'}
2025-11-25 10:03:08,655 - ERROR - Error: could not convert string to float: '$130,500,000,000'
2025-11-25 10:03:08,655 - ERROR - Failed to insert row 29: {'rank': 32, 'company': 'Goldman Sachs', 'industry': 'Commercial Banks', 'revenue': '$126,900,000,000', 'employees': '46,500', 'ticker': 'GSBD', 'marketCap': 1096626816.0, 'sector': 'Financial Services', 'country': 'United States', 'exchange': 'NYQ', 'currency': 'USD'}
2025-11-25 10:03:08,655 - ERROR - Error: could not convert string to float: '$126,900,000,000'
2025-11-25 10:03:08,655 - ERROR - Failed to insert row 30: {'rank': 33, 'company': 'Wells Fargo', 'industry': 'Commercial Banks', 'revenue': '$125,400,000,000', 'employees': '217,500', 'ticker': 'WFC', 'marketCap': 266238001152.0, 'sector': 'Financial Services', 'country': 'United States', 'exchange': 'NYQ', 'currency': 'USD'}
2025-11-25 10:03:08,655 - ERROR - Error: could not convert string to float: '$125,400,000,000'
2025-11-25 10:03:08,655 - ERROR - Failed to insert row 31: {'rank': 34, 'company': 'Valero Energy', 'industry': 'Petroleum Refining', 'revenue': '$124,000,000,000', 'employees': '9,900', 'ticker': 'VLO', 'marketCap': 53882544128.0, 'sector': 'Energy', 'country': 'United States', 'exchange': 'NYQ', 'currency': 'USD'}
2025-11-25 10:03:08,655 - ERROR - Error: could not convert string to float: '$124,000,000,000'
2025-11-25 10:03:08,655 - ERROR - Failed to insert row 32: {'rank': 35, 'company': 'Comcast', 'industry': 'Telecommunications', 'revenue': '$123,700,000,000', 'employees': '182,000', 'ticker': 'CMCSA', 'marketCap': 100981850112.0, 'sector': 'Communication Services', 'country': 'United States', 'exchange': 'NMS', 'currency': 'USD'}
2025-11-25 10:03:08,655 - ERROR - Error: could not convert string to float: '$123,700,000,000'
2025-11-25 10:03:08,655 - ERROR - Failed to insert row 33: {'rank': 36, 'company': 'State Farm', 'industry': 'Insurance: Property and Casualty (Mutual)', 'revenue': '$123,000,000,000', 'employees': '67,400', 'ticker': 'ALL', 'marketCap': 56474464256.0, 'sector': 'Financial Services', 'country': 'United States', 'exchange': 'NYQ', 'currency': 'USD'}
2025-11-25 10:03:08,655 - ERROR - Error: could not convert string to float: '$123,000,000,000'
2025-11-25 10:03:08,655 - ERROR - Failed to insert row 34: {'rank': 37, 'company': 'AT&T', 'industry': 'Telecommunications', 'revenue': '$122,300,000,000', 'employees': '141,000', 'ticker': 'ATT.L', 'marketCap': 1773942016.0, 'sector': 'Financial Services', 'country': 'Germany', 'exchange': 'LSE', 'currency': 'GBp'}
2025-11-25 10:03:08,655 - ERROR - Error: could not convert string to float: '$122,300,000,000'
2025-11-25 10:03:08,655 - ERROR - Failed to insert row 35: {'rank': 38, 'company': 'Freddie Mac', 'industry': 'Diversified Financials', 'revenue': '$122,100,000,000', 'employees': '8,100', 'ticker': 'FMCC', 'marketCap': 5714023936.0, 'sector': 'Financial Services', 'country': 'United States', 'exchange': 'OQB', 'currency': 'USD'}
2025-11-25 10:03:08,655 - ERROR - Error: could not convert string to float: '$122,100,000,000'
2025-11-25 10:03:08,655 - ERROR - Failed to insert row 36: {'rank': 39, 'company': 'Humana', 'industry': 'Health Care: Insurance and Managed Care', 'revenue': '$117,800,000,000', 'employees': '65,700', 'ticker': 'HUM.ST', 'marketCap': 2288498688.0, 'sector': 'Healthcare', 'country': 'Sweden', 'exchange': 'STO', 'currency': 'SEK'}
2025-11-25 10:03:08,655 - ERROR - Error: could not convert string to float: '$117,800,000,000'
2025-11-25 10:03:08,655 - ERROR - Failed to insert row 37: {'rank': 40, 'company': 'Morgan Stanley', 'industry': 'Commercial Banks', 'revenue': '$107,300,000,000', 'employees': '80,500', 'ticker': 'MS', 'marketCap': 252492414976.0, 'sector': 'Financial Services', 'country': 'United States', 'exchange': 'NYQ', 'currency': 'USD'}
2025-11-25 10:03:08,655 - ERROR - Error: could not convert string to float: '$107,300,000,000'
2025-11-25 10:03:08,656 - ERROR - Failed to insert row 38: {'rank': 41, 'company': 'Target', 'industry': 'General Merchandisers', 'revenue': '$106,600,000,000', 'employees': '440,000', 'ticker': 'TGT', 'marketCap': 39674032128.0, 'sector': 'Consumer Defensive', 'country': 'United States', 'exchange': 'NYQ', 'currency': 'USD'}
2025-11-25 10:03:08,656 - ERROR - Error: could not convert string to float: '$106,600,000,000'
2025-11-25 10:03:08,656 - ERROR - Failed to insert row 39: {'rank': 42, 'company': 'StoneX', 'industry': 'Diversified Financials', 'revenue': '$99,900,000,000', 'employees': '4,500', 'ticker': 'SNEX', 'marketCap': 4367472640.0, 'sector': 'Financial Services', 'country': 'United States', 'exchange': 'NMS', 'currency': 'USD'}
2025-11-25 10:03:08,656 - ERROR - Error: could not convert string to float: '$99,900,000,000'
2025-11-25 10:03:08,656 - ERROR - Failed to insert row 40: {'rank': 43, 'company': 'Tesla', 'industry': 'Motor Vehicles & Parts', 'revenue': '$97,700,000,000', 'employees': '125,700', 'ticker': 'TSLA', 'marketCap': 1300694564864.0, 'sector': 'Consumer Cyclical', 'country': 'United States', 'exchange': 'NMS', 'currency': 'USD'}
2025-11-25 10:03:08,656 - ERROR - Error: could not convert string to float: '$97,700,000,000'
2025-11-25 10:03:08,656 - ERROR - Failed to insert row 41: {'rank': 44, 'company': 'Dell Technologies', 'industry': 'Computers, Office Equipment', 'revenue': '$95,600,000,000', 'employees': '108,000', 'ticker': 'DELL', 'marketCap': 82372435968.0, 'sector': 'Technology', 'country': 'United States', 'exchange': 'NYQ', 'currency': 'USD'}
2025-11-25 10:03:08,656 - ERROR - Error: could not convert string to float: '$95,600,000,000'
2025-11-25 10:03:08,656 - ERROR - Failed to insert row 42: {'rank': 45, 'company': 'PepsiCo', 'industry': 'Food Consumer Products', 'revenue': '$91,900,000,000', 'employees': '319,000', 'ticker': 'PEP', 'marketCap': 200337080320.0, 'sector': 'Consumer Defensive', 'country': 'United States', 'exchange': 'NMS', 'currency': 'USD'}
2025-11-25 10:03:08,656 - ERROR - Error: could not convert string to float: '$91,900,000,000'
2025-11-25 10:03:08,656 - ERROR - Failed to insert row 43: {'rank': 46, 'company': 'Walt Disney', 'industry': 'Entertainment', 'revenue': '$91,400,000,000', 'employees': '205,000', 'ticker': 'DIS', 'marketCap': 187488534528.0, 'sector': 'Communication Services', 'country': 'United States', 'exchange': 'NYQ', 'currency': 'USD'}
2025-11-25 10:03:08,656 - ERROR - Error: could not convert string to float: '$91,400,000,000'
2025-11-25 10:03:08,656 - ERROR - Failed to insert row 44: {'rank': 47, 'company': 'UPS', 'industry': 'Mail, Package and Freight Delivery', 'revenue': '$91,100,000,000', 'employees': '372,200', 'ticker': 'UPS', 'marketCap': 80308183040.0, 'sector': 'Industrials', 'country': 'United States', 'exchange': 'NYQ', 'currency': 'USD'}
2025-11-25 10:03:08,656 - ERROR - Error: could not convert string to float: '$91,100,000,000'
2025-11-25 10:03:08,656 - ERROR - Failed to insert row 45: {'rank': 48, 'company': 'Johnson & Johnson', 'industry': 'Pharmaceuticals', 'revenue': '$88,800,000,000', 'employees': '138,100', 'ticker': 'JNJ', 'marketCap': 491255267328.0, 'sector': 'Healthcare', 'country': 'United States', 'exchange': 'NYQ', 'currency': 'USD'}
2025-11-25 10:03:08,656 - ERROR - Error: could not convert string to float: '$88,800,000,000'
2025-11-25 10:03:08,656 - ERROR - Failed to insert row 46: {'rank': 49, 'company': 'FedEx', 'industry': 'Mail, Package and Freight Delivery', 'revenue': '$87,700,000,000', 'employees': '422,100', 'ticker': 'FDX', 'marketCap': 63573475328.0, 'sector': 'Industrials', 'country': 'United States', 'exchange': 'NYQ', 'currency': 'USD'}
2025-11-25 10:03:08,656 - ERROR - Error: could not convert string to float: '$87,700,000,000'
2025-11-25 10:03:08,656 - ERROR - Failed to insert row 47: {'rank': 50, 'company': 'Archer Daniels Midland', 'industry': 'Food Production', 'revenue': '$85,500,000,000', 'employees': '43,200', 'ticker': 'ADM', 'marketCap': 28175804416.0, 'sector': 'Consumer Defensive', 'country': 'United States', 'exchange': 'NYQ', 'currency': 'USD'}
2025-11-25 10:03:08,656 - ERROR - Error: could not convert string to float: '$85,500,000,000'
2025-11-25 10:03:08,656 - ERROR - Failed to insert row 48: {'rank': 51, 'company': 'Procter & Gamble', 'industry': 'Household and Personal Products', 'revenue': '$84,000,000,000', 'employees': '108,000', 'ticker': 'PG', 'marketCap': 353226063872.0, 'sector': 'Consumer Defensive', 'country': 'United States', 'exchange': 'NYQ', 'currency': 'USD'}
2025-11-25 10:03:08,656 - ERROR - Error: could not convert string to float: '$84,000,000,000'
2025-11-25 10:03:08,656 - ERROR - Failed to insert row 49: {'rank': 52, 'company': "Lowe's", 'industry': 'Specialty Retailers: Other', 'revenue': '$83,700,000,000', 'employees': '215,500', 'ticker': 'X1G.PA', 'marketCap': nan, 'sector': nan, 'country': nan, 'exchange': 'PAR', 'currency': 'EUR'}
2025-11-25 10:03:08,656 - ERROR - Error: could not convert string to float: '$83,700,000,000'
2025-11-25 10:03:08,656 - ERROR - Failed to insert row 50: {'rank': 53, 'company': 'Energy Transfer', 'industry': 'Pipelines', 'revenue': '$82,700,000,000', 'employees': '16,200', 'ticker': 'ET', 'marketCap': 56685215744.0, 'sector': 'Energy', 'country': 'United States', 'exchange': 'NYQ', 'currency': 'USD'}
2025-11-25 10:03:08,656 - ERROR - Error: could not convert string to float: '$82,700,000,000'
2025-11-25 10:03:08,656 - ERROR - Failed to insert row 51: {'rank': 54, 'company': 'RTX', 'industry': 'Aerospace & Defense', 'revenue': '$80,700,000,000', 'employees': '186,000', 'ticker': 'RTX', 'marketCap': 227502178304.0, 'sector': 'Industrials', 'country': 'United States', 'exchange': 'NYQ', 'currency': 'USD'}
2025-11-25 10:03:08,656 - ERROR - Error: could not convert string to float: '$80,700,000,000'
2025-11-25 10:03:08,656 - ERROR - Failed to insert row 52: {'rank': 55, 'company': 'Albertsons', 'industry': 'Food & Drug Stores', 'revenue': '$79,200,000,000', 'employees': '196,600', 'ticker': 'ACI', 'marketCap': 9858896896.0, 'sector': 'Consumer Defensive', 'country': 'United States', 'exchange': 'NYQ', 'currency': 'USD'}
2025-11-25 10:03:08,656 - ERROR - Error: could not convert string to float: '$79,200,000,000'
2025-11-25 10:03:08,656 - ERROR - Failed to insert row 53: {'rank': 56, 'company': 'Sysco', 'industry': 'Wholesalers: Food and Grocery', 'revenue': '$78,800,000,000', 'employees': '76,000', 'ticker': 'SYY', 'marketCap': 36695121920.0, 'sector': 'Consumer Defensive', 'country': 'United States', 'exchange': 'NYQ', 'currency': 'USD'}
2025-11-25 10:03:08,656 - ERROR - Error: could not convert string to float: '$78,800,000,000'
2025-11-25 10:03:08,656 - ERROR - Failed to insert row 54: {'rank': 57, 'company': 'Progressive', 'industry': 'Insurance: Property and Casualty (Stock)', 'revenue': '$75,400,000,000', 'employees': '66,300', 'ticker': 'PGR', 'marketCap': 133060026368.0, 'sector': 'Financial Services', 'country': 'United States', 'exchange': 'NYQ', 'currency': 'USD'}
2025-11-25 10:03:08,656 - ERROR - Error: could not convert string to float: '$75,400,000,000'
2025-11-25 10:03:08,656 - ERROR - Failed to insert row 55: {'rank': 58, 'company': 'American Express', 'industry': 'Diversified Financials', 'revenue': '$74,200,000,000', 'employees': '75,100', 'ticker': 'AXP', 'marketCap': 245569896448.0, 'sector': 'Financial Services', 'country': 'United States', 'exchange': 'NYQ', 'currency': 'USD'}
2025-11-25 10:03:08,656 - ERROR - Error: could not convert string to float: '$74,200,000,000'
2025-11-25 10:03:08,657 - ERROR - Failed to insert row 56: {'rank': 59, 'company': 'Lockheed Martin', 'industry': 'Aerospace & Defense', 'revenue': '$71,000,000,000', 'employees': '121,000', 'ticker': 'LMT', 'marketCap': 107576025088.0, 'sector': 'Industrials', 'country': 'United States', 'exchange': 'NYQ', 'currency': 'USD'}
2025-11-25 10:03:08,657 - ERROR - Error: could not convert string to float: '$71,000,000,000'
2025-11-25 10:03:08,657 - ERROR - Failed to insert row 57: {'rank': 60, 'company': 'MetLife', 'industry': 'Insurance: Life, Health (Stock)', 'revenue': '$71,000,000,000', 'employees': '45,000', 'ticker': 'MET', 'marketCap': 49923506176.0, 'sector': 'Financial Services', 'country': 'United States', 'exchange': 'NYQ', 'currency': 'USD'}
2025-11-25 10:03:08,657 - ERROR - Error: could not convert string to float: '$71,000,000,000'
2025-11-25 10:03:08,657 - ERROR - Failed to insert row 58: {'rank': 61, 'company': 'HCA Healthcare', 'industry': 'Health Care: Medical Facilities', 'revenue': '$70,600,000,000', 'employees': '271,000', 'ticker': 'HCA', 'marketCap': 114890809344.0, 'sector': 'Healthcare', 'country': 'United States', 'exchange': 'NYQ', 'currency': 'USD'}
2025-11-25 10:03:08,657 - ERROR - Error: could not convert string to float: '$70,600,000,000'
2025-11-25 10:03:08,657 - ERROR - Failed to insert row 59: {'rank': 62, 'company': 'Prudential Financial', 'industry': 'Insurance: Life, Health (Stock)', 'revenue': '$70,400,000,000', 'employees': '37,900', 'ticker': 'PRU', 'marketCap': 37569908736.0, 'sector': 'Financial Services', 'country': 'United States', 'exchange': 'NYQ', 'currency': 'USD'}
2025-11-25 10:03:08,657 - ERROR - Error: could not convert string to float: '$70,400,000,000'
2025-11-25 10:03:08,657 - ERROR - Failed to insert row 60: {'rank': 63, 'company': 'Boeing', 'industry': 'Aerospace & Defense', 'revenue': '$66,500,000,000', 'employees': '172,000', 'ticker': 'BA', 'marketCap': 136589156352.0, 'sector': 'Industrials', 'country': 'United States', 'exchange': 'NYQ', 'currency': 'USD'}
2025-11-25 10:03:08,657 - ERROR - Error: could not convert string to float: '$66,500,000,000'
2025-11-25 10:03:08,657 - ERROR - Failed to insert row 61: {'rank': 64, 'company': 'Caterpillar', 'industry': 'Construction and Farm Machinery', 'revenue': '$64,800,000,000', 'employees': '112,900', 'ticker': 'CAT', 'marketCap': 258875473920.0, 'sector': 'Industrials', 'country': 'United States', 'exchange': 'NYQ', 'currency': 'USD'}
2025-11-25 10:03:08,657 - ERROR - Error: could not convert string to float: '$64,800,000,000'
2025-11-25 10:03:08,657 - ERROR - Failed to insert row 62: {'rank': 65, 'company': 'Merck', 'industry': 'Pharmaceuticals', 'revenue': '$64,200,000,000', 'employees': '74,000', 'ticker': 'MRK', 'marketCap': 244183302144.0, 'sector': 'Healthcare', 'country': 'United States', 'exchange': 'NYQ', 'currency': 'USD'}
2025-11-25 10:03:08,657 - ERROR - Error: could not convert string to float: '$64,200,000,000'
2025-11-25 10:03:08,657 - ERROR - Failed to insert row 63: {'rank': 66, 'company': 'Allstate', 'industry': 'Insurance: Property and Casualty (Stock)', 'revenue': '$64,100,000,000', 'employees': '55,200', 'ticker': 'ALL', 'marketCap': 56474464256.0, 'sector': 'Financial Services', 'country': 'United States', 'exchange': 'NYQ', 'currency': 'USD'}
2025-11-25 10:03:08,657 - ERROR - Error: could not convert string to float: '$64,100,000,000'
2025-11-25 10:03:08,657 - ERROR - Failed to insert row 64: {'rank': 67, 'company': 'Pfizer', 'industry': 'Pharmaceuticals', 'revenue': '$63,600,000,000', 'employees': '81,000', 'ticker': 'PFIZER.NS', 'marketCap': 228761534464.0, 'sector': 'Healthcare', 'country': 'India', 'exchange': 'NSI', 'currency': 'INR'}
2025-11-25 10:03:08,657 - ERROR - Error: could not convert string to float: '$63,600,000,000'
2025-11-25 10:03:08,657 - ERROR - Failed to insert row 65: {'rank': 68, 'company': 'IBM', 'industry': 'Information Technology Services', 'revenue': '$62,800,000,000', 'employees': '284,500', 'ticker': 'IBM', 'marketCap': 278027665408.0, 'sector': 'Technology', 'country': 'United States', 'exchange': 'NYQ', 'currency': 'USD'}
2025-11-25 10:03:08,657 - ERROR - Error: could not convert string to float: '$62,800,000,000'
2025-11-25 10:03:08,657 - ERROR - Failed to insert row 66: {'rank': 69, 'company': 'New York Life Insurance', 'industry': 'Insurance: Life, Health (Mutual)', 'revenue': '$62,600,000,000', 'employees': '15,100', 'ticker': '601336.SS', 'marketCap': 204018352128.0, 'sector': 'Financial Services', 'country': 'China', 'exchange': 'SHH', 'currency': 'CNY'}
2025-11-25 10:03:08,657 - ERROR - Error: could not convert string to float: '$62,600,000,000'
2025-11-25 10:03:08,658 - ERROR - Failed to insert row 67: {'rank': 70, 'company': 'Delta Airlines', 'industry': 'Airlines', 'revenue': '$61,600,000,000', 'employees': '103,000', 'ticker': 'DAL', 'marketCap': 38244028416.0, 'sector': 'Industrials', 'country': 'United States', 'exchange': 'NYQ', 'currency': 'USD'}
2025-11-25 10:03:08,658 - ERROR - Error: could not convert string to float: '$61,600,000,000'
2025-11-25 10:03:08,658 - ERROR - Failed to insert row 68: {'rank': 73, 'company': 'TD Synnex', 'industry': 'Wholesalers: Electronics and Office Equipment', 'revenue': '$58,500,000,000', 'employees': '25,800', 'ticker': 'SNX', 'marketCap': 12059985920.0, 'sector': 'Technology', 'country': 'United States', 'exchange': 'NYQ', 'currency': 'USD'}
2025-11-25 10:03:08,658 - ERROR - Error: could not convert string to float: '$58,500,000,000'
2025-11-25 10:03:08,658 - ERROR - Failed to insert row 69: {'rank': 74, 'company': 'United Airlines', 'industry': 'Airlines', 'revenue': '$57,100,000,000', 'employees': '107,300', 'ticker': 'UAL', 'marketCap': 29848641536.0, 'sector': 'Industrials', 'country': 'United States', 'exchange': 'NMS', 'currency': 'USD'}
2025-11-25 10:03:08,658 - ERROR - Error: could not convert string to float: '$57,100,000,000'
2025-11-25 10:03:08,658 - ERROR - Failed to insert row 70: {'rank': 75, 'company': 'ConocoPhillips', 'industry': 'Mining, Crude-Oil Production', 'revenue': '$57,000,000,000', 'employees': '11,800', 'ticker': 'COP', 'marketCap': 109120094208.0, 'sector': 'Energy', 'country': 'United States', 'exchange': 'NYQ', 'currency': 'USD'}
2025-11-25 10:03:08,659 - ERROR - Error: could not convert string to float: '$57,000,000,000'
2025-11-25 10:03:08,659 - ERROR - Failed to insert row 71: {'rank': 76, 'company': 'TJX', 'industry': 'Specialty Retailers: Apparel', 'revenue': '$56,400,000,000', 'employees': '364,000', 'ticker': 'TJX', 'marketCap': 168937668608.0, 'sector': 'Consumer Cyclical', 'country': 'United States', 'exchange': 'NYQ', 'currency': 'USD'}
2025-11-25 10:03:08,659 - ERROR - Error: could not convert string to float: '$56,400,000,000'
2025-11-25 10:03:08,659 - ERROR - Failed to insert row 72: {'rank': 77, 'company': 'AbbVie', 'industry': 'Pharmaceuticals', 'revenue': '$56,300,000,000', 'employees': '55,000', 'ticker': 'ABBV', 'marketCap': 417597620224.0, 'sector': 'Healthcare', 'country': 'United States', 'exchange': 'NYQ', 'currency': 'USD'}
2025-11-25 10:03:08,659 - ERROR - Error: could not convert string to float: '$56,300,000,000'
2025-11-25 10:03:08,659 - ERROR - Failed to insert row 73: {'rank': 78, 'company': 'Enterprise Products Partners', 'industry': 'Pipelines', 'revenue': '$56,200,000,000', 'employees': '7,800', 'ticker': 'EPD', 'marketCap': 70240624640.0, 'sector': 'Energy', 'country': 'United States', 'exchange': 'NYQ', 'currency': 'USD'}
2025-11-25 10:03:08,659 - ERROR - Error: could not convert string to float: '$56,200,000,000'
2025-11-25 10:03:08,659 - ERROR - Failed to insert row 74: {'rank': 79, 'company': 'Charter Communications', 'industry': 'Telecommunications', 'revenue': '$55,100,000,000', 'employees': '94,500', 'ticker': 'CHTR', 'marketCap': 27727972352.0, 'sector': 'Communication Services', 'country': 'United States', 'exchange': 'NMS', 'currency': 'USD'}
2025-11-25 10:03:08,659 - ERROR - Error: could not convert string to float: '$55,100,000,000'
2025-11-25 10:03:08,659 - ERROR - Failed to insert row 75: {'rank': 80, 'company': 'Performance Food', 'industry': 'Wholesalers: Food and Grocery', 'revenue': '$54,700,000,000', 'employees': '36,800', 'ticker': 'PFGC', 'marketCap': 15155894272.0, 'sector': 'Consumer Defensive', 'country': 'United States', 'exchange': 'NYQ', 'currency': 'USD'}
2025-11-25 10:03:08,659 - ERROR - Error: could not convert string to float: '$54,700,000,000'
2025-11-25 10:03:08,659 - ERROR - Failed to insert row 76: {'rank': 81, 'company': 'American Airlines', 'industry': 'Airlines', 'revenue': '$54,200,000,000', 'employees': '133,300', 'ticker': 'AAL', 'marketCap': 8495312896.0, 'sector': 'Industrials', 'country': 'United States', 'exchange': 'NMS', 'currency': 'USD'}
2025-11-25 10:03:08,659 - ERROR - Error: could not convert string to float: '$54,200,000,000'
2025-11-25 10:03:08,659 - ERROR - Failed to insert row 77: {'rank': 83, 'company': 'Cisco Systems', 'industry': 'Network and Other Communications Equipment', 'revenue': '$53,800,000,000', 'employees': '90,400', 'ticker': 'CSCO', 'marketCap': 300678283264.0, 'sector': 'Technology', 'country': 'United States', 'exchange': 'NMS', 'currency': 'USD'}
2025-11-25 10:03:08,659 - ERROR - Error: could not convert string to float: '$53,800,000,000'
2025-11-25 10:03:08,659 - ERROR - Failed to insert row 78: {'rank': 84, 'company': 'HP', 'industry': 'Computers, Office Equipment', 'revenue': '$53,600,000,000', 'employees': '58,000', 'ticker': 'HP', 'marketCap': 2659201536.0, 'sector': 'Energy', 'country': 'United States', 'exchange': 'NYQ', 'currency': 'USD'}
2025-11-25 10:03:08,659 - ERROR - Error: could not convert string to float: '$53,600,000,000'
2025-11-25 10:03:08,659 - ERROR - Failed to insert row 79: {'rank': 85, 'company': 'Tyson Foods', 'industry': 'Food Production', 'revenue': '$53,300,000,000', 'employees': '138,000', 'ticker': 'TSN', 'marketCap': 18948411392.0, 'sector': 'Consumer Defensive', 'country': 'United States', 'exchange': 'NYQ', 'currency': 'USD'}
2025-11-25 10:03:08,659 - ERROR - Error: could not convert string to float: '$53,300,000,000'
2025-11-25 10:03:08,659 - ERROR - Failed to insert row 80: {'rank': 86, 'company': 'Intel', 'industry': 'Semiconductors and Other Electronic Components', 'revenue': '$53,100,000,000', 'employees': '108,900', 'ticker': 'INTC', 'marketCap': 164564992000.0, 'sector': 'Technology', 'country': 'United States', 'exchange': 'NMS', 'currency': 'USD'}
2025-11-25 10:03:08,659 - ERROR - Error: could not convert string to float: '$53,100,000,000'
2025-11-25 10:03:08,659 - ERROR - Failed to insert row 81: {'rank': 87, 'company': 'Oracle', 'industry': 'Computer Software', 'revenue': '$53,000,000,000', 'employees': '159,000', 'ticker': 'ORCL', 'marketCap': 566623535104.0, 'sector': 'Technology', 'country': 'United States', 'exchange': 'NYQ', 'currency': 'USD'}
2025-11-25 10:03:08,659 - ERROR - Error: could not convert string to float: '$53,000,000,000'
2025-11-25 10:03:08,659 - ERROR - Failed to insert row 82: {'rank': 88, 'company': 'Broadcom', 'industry': 'Semiconductors and Other Electronic Components', 'revenue': '$52,400,000,000', 'employees': '37,000', 'ticker': 'AVGO', 'marketCap': 1606548586496.0, 'sector': 'Technology', 'country': 'United States', 'exchange': 'NMS', 'currency': 'USD'}
2025-11-25 10:03:08,659 - ERROR - Error: could not convert string to float: '$52,400,000,000'
2025-11-25 10:03:08,659 - ERROR - Failed to insert row 83: {'rank': 89, 'company': 'Deere', 'industry': 'Construction and Farm Machinery', 'revenue': '$51,700,000,000', 'employees': '55,500', 'ticker': 'DE', 'marketCap': 131715301376.0, 'sector': 'Industrials', 'country': 'United States', 'exchange': 'NYQ', 'currency': 'USD'}
2025-11-25 10:03:08,659 - ERROR - Error: could not convert string to float: '$51,700,000,000'
2025-11-25 10:03:08,660 - ERROR - Failed to insert row 84: {'rank': 90, 'company': 'Nike', 'industry': 'Apparel', 'revenue': '$51,400,000,000', 'employees': '79,400', 'ticker': 'NKE', 'marketCap': 92831039488.0, 'sector': 'Consumer Cyclical', 'country': 'United States', 'exchange': 'NYQ', 'currency': 'USD'}
2025-11-25 10:03:08,660 - ERROR - Error: could not convert string to float: '$51,400,000,000'
2025-11-25 10:03:08,660 - ERROR - Failed to insert row 85: {'rank': 92, 'company': 'Plains GP', 'industry': 'Pipelines', 'revenue': '$50,100,000,000', 'employees': '4,200', 'ticker': 'PAGP', 'marketCap': 4196337920.0, 'sector': 'Energy', 'country': 'United States', 'exchange': 'NMS', 'currency': 'USD'}
2025-11-25 10:03:08,660 - ERROR - Error: could not convert string to float: '$50,100,000,000'
2025-11-25 10:03:08,660 - ERROR - Failed to insert row 86: {'rank': 93, 'company': 'USAA', 'industry': 'Insurance: Property and Casualty (Stock)', 'revenue': '$48,600,000,000', 'employees': '38,000', 'ticker': 'UIPMX', 'marketCap': nan, 'sector': nan, 'country': nan, 'exchange': 'NAS', 'currency': 'USD'}
2025-11-25 10:03:08,660 - ERROR - Error: could not convert string to float: '$48,600,000,000'
2025-11-25 10:03:08,660 - ERROR - Failed to insert row 87: {'rank': 95, 'company': 'Ingram Micro', 'industry': 'Wholesalers: Electronics and Office Equipment', 'revenue': '$48,000,000,000', 'employees': '26,100', 'ticker': 'INGM', 'marketCap': 4844847616.0, 'sector': 'Technology', 'country': 'United States', 'exchange': 'NYQ', 'currency': 'USD'}
2025-11-25 10:03:08,660 - ERROR - Error: could not convert string to float: '$48,000,000,000'
2025-11-25 10:03:08,660 - ERROR - Failed to insert row 88: {'rank': 96, 'company': 'General Dynamics', 'industry': 'Aerospace & Defense', 'revenue': '$47,700,000,000', 'employees': '117,000', 'ticker': 'GD', 'marketCap': 91932794880.0, 'sector': 'Industrials', 'country': 'United States', 'exchange': 'NYQ', 'currency': 'USD'}
2025-11-25 10:03:08,660 - ERROR - Error: could not convert string to float: '$47,700,000,000'
2025-11-25 10:03:08,660 - ERROR - Failed to insert row 89: {'rank': 97, 'company': 'Coca-Cola', 'industry': 'Beverages', 'revenue': '$47,100,000,000', 'employees': '69,700', 'ticker': 'COLA.WA', 'marketCap': nan, 'sector': nan, 'country': 'United States', 'exchange': 'WSE', 'currency': 'PLN'}
2025-11-25 10:03:08,660 - ERROR - Error: could not convert string to float: '$47,100,000,000'
2025-11-25 10:03:08,660 - ERROR - Failed to insert row 90: {'rank': 98, 'company': 'TIAA', 'industry': 'Insurance: Life, Health (Mutual)', 'revenue': '$46,900,000,000', 'employees': '15,600', 'ticker': 'TILIX', 'marketCap': 14876947456.0, 'sector': nan, 'country': nan, 'exchange': 'NAS', 'currency': 'USD'}
2025-11-25 10:03:08,660 - ERROR - Error: could not convert string to float: '$46,900,000,000'
2025-11-25 10:03:08,660 - ERROR - Failed to insert row 91: {'rank': 99, 'company': 'Travelers', 'industry': 'Insurance: Property and Casualty (Stock)', 'revenue': '$46,400,000,000', 'employees': '34,000', 'ticker': 'TRV', 'marketCap': 65304576000.0, 'sector': 'Financial Services', 'country': 'United States', 'exchange': 'NYQ', 'currency': 'USD'}
2025-11-25 10:03:08,660 - ERROR - Error: could not convert string to float: '$46,400,000,000'
2025-11-25 10:03:08,660 - ERROR - Failed to insert row 92: {'rank': 100, 'company': 'Eli Lilly', 'industry': 'Pharmaceuticals', 'revenue': '$45,000,000,000', 'employees': '47,000', 'ticker': 'LLY', 'marketCap': 949975187456.0, 'sector': 'Healthcare', 'country': 'United States', 'exchange': 'NYQ', 'currency': 'USD'}
2025-11-25 10:03:08,660 - ERROR - Error: could not convert string to float: '$45,000,000,000'
2025-11-25 10:03:08,660 - INFO - Successfully inserted 0/93 rows into company_metadata
2025-11-25 10:03:08,660 - INFO - Loaded 93 rows to company_metadata
2025-11-25 10:03:08,660 - INFO - company_metadata processed and linked to stocks_raw
2025-11-25 10:03:08,660 - INFO - 
============================================================
2025-11-25 10:03:08,660 - INFO - Processing INDEPENDENT TABLES
2025-11-25 10:03:08,660 - INFO - Processing exchange_rates
2025-11-25 10:03:08,661 - INFO - Read 219 rows from exchange_rates
2025-11-25 10:03:08,692 - INFO - Validation complete for exchange_rates: valid=219, invalid=0
2025-11-25 10:03:08,695 - INFO - Valid: 219, Invalid: 0
2025-11-25 10:03:08,702 - INFO - Table exchange_rates created
2025-11-25 10:03:08,732 - INFO - Inserted 219 rows into exchange_rates
2025-11-25 10:03:08,733 - INFO - Loaded 219 rows to exchange_rates
2025-11-25 10:03:08,733 - INFO - exchange_rates processed
2025-11-25 10:03:08,733 - INFO - Processing macro_raw
2025-11-25 10:03:08,733 - INFO - Read 4 rows from macro_raw
2025-11-25 10:03:08,734 - INFO - Validation complete for macro_raw: valid=4, invalid=0
2025-11-25 10:03:08,735 - INFO - Valid: 4, Invalid: 0
2025-11-25 10:03:08,737 - INFO - Table macro_raw created
2025-11-25 10:03:08,741 - INFO - Inserted 4 rows into macro_raw
2025-11-25 10:03:08,741 - INFO - Loaded 4 rows to macro_raw
2025-11-25 10:03:08,741 - INFO - macro_raw processed
2025-11-25 10:03:08,741 - INFO - 
============================================================
2025-11-25 10:03:08,741 - INFO - Processing SENTIMENT DATA
2025-11-25 10:03:08,741 - INFO - Processing sentiment
2025-11-25 10:03:08,741 - INFO - Read 4 rows from sentiment
2025-11-25 10:03:08,742 - INFO - Validation complete for sentiment: valid=4, invalid=0
2025-11-25 10:03:08,744 - INFO - Valid: 4, Invalid: 0
2025-11-25 10:03:08,748 - INFO - Table sentiment created
2025-11-25 10:03:08,752 - INFO - Inserted 4 rows into sentiment
2025-11-25 10:03:08,752 - INFO - Loaded 4 rows to sentiment
2025-11-25 10:03:08,752 - INFO - sentiment processed and linked to stocks_raw
2025-11-25 10:03:08,752 - INFO - 
============================================================
2025-11-25 10:03:08,752 - INFO - KPI CALCULATIONS AND FACT TABLE GENERATION
2025-11-25 10:03:08,752 - INFO - ============================================================
2025-11-25 10:03:08,752 - INFO - Starting KPI calculations
2025-11-25 10:03:08,754 - INFO - Loaded stocks_raw: 92 rows
2025-11-25 10:03:08,754 - INFO - Loaded macro_raw: 4 rows
2025-11-25 10:03:08,754 - INFO - Loaded company_metadata: 93 rows
2025-11-25 10:03:08,754 - INFO - Loaded exchange_rates: 219 rows
2025-11-25 10:03:08,755 - INFO - Calculating stock_facts metrics...
2025-11-25 10:03:08,777 - INFO - Stock facts calculated: 92 rows
2025-11-25 10:03:08,777 - INFO - Calculating macro_facts metrics...
2025-11-25 10:03:08,782 - INFO - Macro facts calculated: 4 rows
2025-11-25 10:03:08,782 - INFO - Creating sector_lookup...
2025-11-25 10:03:08,783 - INFO - Sector lookup created: 38 sectors
2025-11-25 10:03:08,783 - INFO - Calculating analytics_summary metrics...
2025-11-25 10:03:08,877 - INFO - Analytics summary calculated: 93 rows
2025-11-25 10:03:08,877 - INFO - 
============================================================
2025-11-25 10:03:08,877 - INFO - KPI calculations completed successfully
2025-11-25 10:03:08,877 - INFO - Generated files: stock_facts.csv, macro_facts.csv, sector_lookup.csv, analytics_summary.csv, pipeline_logs.csv
2025-11-25 10:03:08,877 - INFO - KPI calculations completed successfully
2025-11-25 10:03:08,883 - INFO - Table stock_facts created
2025-11-25 10:03:08,911 - INFO - Inserted 92 rows into stock_facts
2025-11-25 10:03:08,911 - INFO - Loaded stock_facts to database
2025-11-25 10:03:08,914 - INFO - Table macro_facts created
2025-11-25 10:03:08,917 - INFO - Inserted 4 rows into macro_facts
2025-11-25 10:03:08,917 - INFO - Loaded macro_facts to database
2025-11-25 10:03:08,920 - INFO - Table sector_lookup created
2025-11-25 10:03:08,926 - INFO - Inserted 38 rows into sector_lookup
2025-11-25 10:03:08,926 - INFO - Loaded sector_lookup to database
2025-11-25 10:03:08,929 - INFO - Table analytics_summary created
2025-11-25 10:03:08,933 - ERROR - Failed to load analytics_summary: 1062 (23000): Duplicate entry 'ALL-2025-4' for key 'analytics_summary.unique_analytics'
2025-11-25 10:03:08,933 - INFO - Loaded analytics_summary to database
2025-11-25 10:03:08,933 - INFO - 
============================================================
2025-11-25 10:03:08,933 - INFO -  ANALYTICS LAYER
2025-11-25 10:03:08,933 - INFO - 
================================================================================
2025-11-25 10:03:08,933 - INFO - REPORT GENERATION STARTED
2025-11-25 10:03:08,933 - INFO - ================================================================================
2025-11-25 10:03:08,933 - INFO - ================================================================================
2025-11-25 10:03:08,933 - INFO - Created directory: /Users/shalinitata/Desktop/stocks/Execution/2025/11/25/2025:11:25_10:03:08/reports
2025-11-25 10:03:08,933 - INFO - 
============================================================
2025-11-25 10:03:08,933 - INFO - Generating Report 1: Annual Market Intelligence Report
2025-11-25 10:03:08,933 - INFO - ============================================================
2025-11-25 10:03:08,938 - INFO - Fetched 1 rows for yearly performance
2025-11-25 10:03:08,939 - INFO - Fetched 20 rows for company performance
2025-11-25 10:03:08,940 - INFO - Saved intermediate CSV: /Users/shalinitata/Desktop/stocks/Execution/2025/11/25/2025:11:25_10:03:08/report1_yearly_performance.csv
2025-11-25 10:03:08,940 - INFO - Saved intermediate CSV: /Users/shalinitata/Desktop/stocks/Execution/2025/11/25/2025:11:25_10:03:08/report1_company_performance.csv
2025-11-25 10:03:08,942 - INFO - Report 1 completed: {'csv': ['/Users/shalinitata/Desktop/stocks/Execution/2025/11/25/2025:11:25_10:03:08/report1_yearly_performance.csv', '/Users/shalinitata/Desktop/stocks/Execution/2025/11/25/2025:11:25_10:03:08/report1_company_performance.csv'], 'pdf': '/Users/shalinitata/Desktop/stocks/Execution/2025/11/25/2025:11:25_10:03:08/reports/report1_annual_market_intelligence_20251125_100308.pdf'}
2025-11-25 10:03:08,942 - INFO - 
============================================================
2025-11-25 10:03:08,942 - INFO - Generating Report 2: Sector Stability & Volatility Report
2025-11-25 10:03:08,942 - INFO - ============================================================
2025-11-25 10:03:08,947 - INFO - Fetched 0 rows for sector metrics
2025-11-25 10:03:08,947 - INFO - Saved intermediate CSV: /Users/shalinitata/Desktop/stocks/Execution/2025/11/25/2025:11:25_10:03:08/report2_sector_stability.csv
2025-11-25 10:03:08,993 - INFO - Saved Excel: /Users/shalinitata/Desktop/stocks/Execution/2025/11/25/2025:11:25_10:03:08/reports/report2_sector_stability_20251125_100308.xlsx
2025-11-25 10:03:08,994 - INFO - Report 2 completed: {'csv': '/Users/shalinitata/Desktop/stocks/Execution/2025/11/25/2025:11:25_10:03:08/report2_sector_stability.csv', 'excel': '/Users/shalinitata/Desktop/stocks/Execution/2025/11/25/2025:11:25_10:03:08/reports/report2_sector_stability_20251125_100308.xlsx', 'pdf': '/Users/shalinitata/Desktop/stocks/Execution/2025/11/25/2025:11:25_10:03:08/reports/report2_sector_stability_20251125_100308.pdf'}
2025-11-25 10:03:08,994 - INFO - 
============================================================
2025-11-25 10:03:08,994 - INFO - Generating Report 3: Cross-Market Analysis Report
2025-11-25 10:03:08,994 - INFO - ============================================================
2025-11-25 10:03:08,996 - INFO - Fetched 1 rows for yearly currency data
2025-11-25 10:03:08,996 - INFO - Fetched 0 rows for company currency data
2025-11-25 10:03:08,997 - INFO - Saved intermediate CSV: /Users/shalinitata/Desktop/stocks/Execution/2025/11/25/2025:11:25_10:03:08/report3_currency_yearly.csv
2025-11-25 10:03:08,997 - INFO - Saved intermediate CSV: /Users/shalinitata/Desktop/stocks/Execution/2025/11/25/2025:11:25_10:03:08/report3_company_currency.csv
2025-11-25 10:03:08,998 - INFO - Report 3 completed: {'csv': ['/Users/shalinitata/Desktop/stocks/Execution/2025/11/25/2025:11:25_10:03:08/report3_currency_yearly.csv', '/Users/shalinitata/Desktop/stocks/Execution/2025/11/25/2025:11:25_10:03:08/report3_company_currency.csv'], 'pdf': '/Users/shalinitata/Desktop/stocks/Execution/2025/11/25/2025:11:25_10:03:08/reports/report3_cross_market_20251125_100308.pdf'}
2025-11-25 10:03:08,998 - INFO - 
============================================================
2025-11-25 10:03:08,998 - INFO - Generating Report 4: Forecasting & Prediction Summary
2025-11-25 10:03:08,998 - INFO - ============================================================
2025-11-25 10:03:09,003 - INFO - Fetched 0 rows for quarterly trends
2025-11-25 10:03:09,003 - INFO - Fetched 0 rows for sector forecast
2025-11-25 10:03:09,004 - INFO - Saved intermediate CSV: /Users/shalinitata/Desktop/stocks/Execution/2025/11/25/2025:11:25_10:03:08/report4_quarterly_trends.csv
2025-11-25 10:03:09,004 - INFO - Saved intermediate CSV: /Users/shalinitata/Desktop/stocks/Execution/2025/11/25/2025:11:25_10:03:08/report4_sector_forecast.csv
2025-11-25 10:03:09,005 - INFO - Saved PDF: /Users/shalinitata/Desktop/stocks/Execution/2025/11/25/2025:11:25_10:03:08/reports/report4_forecasting_20251125_100309.pdf
2025-11-25 10:03:09,005 - INFO - Report 4 completed: {'csv': ['/Users/shalinitata/Desktop/stocks/Execution/2025/11/25/2025:11:25_10:03:08/report4_quarterly_trends.csv', '/Users/shalinitata/Desktop/stocks/Execution/2025/11/25/2025:11:25_10:03:08/report4_sector_forecast.csv'], 'pdf': '/Users/shalinitata/Desktop/stocks/Execution/2025/11/25/2025:11:25_10:03:08/reports/report4_forecasting_20251125_100309.pdf'}
2025-11-25 10:03:09,005 - INFO - 
================================================================================
2025-11-25 10:03:09,005 - INFO - REPORT GENERATION COMPLETED SUCCESSFULLY
2025-11-25 10:03:09,005 - INFO - ================================================================================
2025-11-25 10:03:09,005 - INFO - 
Generated Reports:
2025-11-25 10:03:09,005 - INFO - 1. Annual Market Intelligence Report
2025-11-25 10:03:09,005 - INFO - 2. Sector Stability & Volatility Report
2025-11-25 10:03:09,005 - INFO - 3. Cross-Market Analysis Report
2025-11-25 10:03:09,005 - INFO - 4. Forecasting & Prediction Summary
2025-11-25 10:03:09,005 - INFO - ================================================================================

********** END OF LOG FILE **********
