
********** Local Data Warehouse and Analytical Reporting System **********
Filename: Stock Market and Macroeconomic Intelligence
User ID: 800338
Username: Shalini Tata
File Path: /Users/shalinitata/Desktop/stocks/watcher.py
********** Stock Market and Macroeconomic Intelligence **********
2025-11-25 19:32:31,009 - INFO - ===== started running the process ======
2025-11-25 19:32:31,050 - INFO - ============================================================
2025-11-25 19:32:31,050 - INFO - HISTORICAL PROCESSING FROM CONFIG
2025-11-25 19:32:31,050 - INFO - Range: 2024-03-10 to 2024-03-15
2025-11-25 19:32:31,050 - INFO - ============================================================
2025-11-25 19:32:31,050 - INFO - 
============================================================
2025-11-25 19:32:31,050 - INFO - Fetching HISTORICAL data for 2024
2025-11-25 19:32:31,050 - INFO - Period: 2024-03-10 to 2024-03-15
2025-11-25 19:32:31,052 - INFO - total companies with tickers: 95
2025-11-25 19:32:31,055 - INFO - found 261 days already saved
2025-11-25 19:32:31,055 - INFO - 
[1] ->  Walmart (WMT)
2025-11-25 19:32:32,893 - INFO - Got 4 days of data
2025-11-25 19:32:32,906 - INFO - 
[2] ->  Amazon (AMZN)
2025-11-25 19:32:33,213 - INFO - Got 4 days of data
2025-11-25 19:32:33,226 - INFO - 
[3] ->  Apple (AAPL)
2025-11-25 19:32:33,638 - INFO - Got 4 days of data
2025-11-25 19:32:33,650 - INFO - 
[4] ->  Unitedhealth Group (UNH)
2025-11-25 19:32:34,006 - INFO - Got 4 days of data
2025-11-25 19:32:34,016 - INFO - 
[5] ->  Berkshire Hathaway (BRK.A)
2025-11-25 19:32:35,795 - INFO - No data available
2025-11-25 19:32:35,796 - INFO - 
[6] ->  Cvs (CVS)
2025-11-25 19:32:36,169 - INFO - Got 4 days of data
2025-11-25 19:32:36,181 - INFO - 
[7] ->  Exxon Mobil (XOM)
2025-11-25 19:32:36,536 - INFO - Got 4 days of data
2025-11-25 19:32:36,549 - INFO - 
[8] ->  Alphabet (GOOGL)
2025-11-25 19:32:36,850 - INFO - Got 4 days of data
2025-11-25 19:32:36,863 - INFO - 
[9] ->  Mckesson (MCK)
2025-11-25 19:32:37,193 - INFO - Got 4 days of data
2025-11-25 19:32:37,206 - INFO - 
[10] ->  Cencora (COR)
2025-11-25 19:32:37,535 - INFO - Got 4 days of data
2025-11-25 19:32:37,548 - INFO - 
[11] ->  Costco (COST)
2025-11-25 19:32:37,885 - INFO - Got 4 days of data
2025-11-25 19:32:37,897 - INFO - 
[12] ->  Jp Morgan Chase (JPM)
2025-11-25 19:32:38,277 - INFO - Got 4 days of data
2025-11-25 19:32:38,290 - INFO - 
[13] ->  Microsoft (MSFT)
2025-11-25 19:32:38,623 - INFO - Got 4 days of data
2025-11-25 19:32:38,634 - INFO - 
[14] ->  Cardinal Health (CAH)
2025-11-25 19:32:38,973 - INFO - Got 4 days of data
2025-11-25 19:32:38,985 - INFO - 
[15] ->  Chevron (CVX)
2025-11-25 19:32:39,368 - INFO - Got 4 days of data
2025-11-25 19:32:39,381 - INFO - 
[16] ->  Cigna (CI)
2025-11-25 19:32:39,728 - INFO - Got 4 days of data
2025-11-25 19:32:39,741 - INFO - 
[17] ->  Ford Motor (F)
2025-11-25 19:32:40,108 - INFO - Got 4 days of data
2025-11-25 19:32:40,121 - INFO - 
[18] ->  Bank Of America (BAC)
2025-11-25 19:32:40,466 - INFO - Got 4 days of data
2025-11-25 19:32:40,477 - INFO - 
[19] ->  General Motors (GM)
2025-11-25 19:32:40,799 - INFO - Got 4 days of data
2025-11-25 19:32:40,812 - INFO - 
[20] ->  Elevance Health (ELV)
2025-11-25 19:32:41,129 - INFO - Got 4 days of data
2025-11-25 19:32:41,140 - INFO - 
[21] ->  Citigroup (C)
2025-11-25 19:32:41,481 - INFO - Got 4 days of data
2025-11-25 19:32:41,493 - INFO - 
[22] ->  Centene (CNC)
2025-11-25 19:32:41,789 - INFO - Got 4 days of data
2025-11-25 19:32:41,802 - INFO - 
[23] ->  Home Depot (HD)
2025-11-25 19:32:42,160 - INFO - Got 4 days of data
2025-11-25 19:32:42,173 - INFO - 
[24] ->  Marathon Petroleum (MPC)
2025-11-25 19:32:42,489 - INFO - Got 4 days of data
2025-11-25 19:32:42,500 - INFO - 
[25] ->  Kroger (KR)
2025-11-25 19:32:42,890 - INFO - Got 4 days of data
2025-11-25 19:32:42,903 - INFO - 
[26] ->  Phillips 66 (PSX)
2025-11-25 19:32:43,218 - INFO - Got 4 days of data
2025-11-25 19:32:43,230 - INFO - 
[27] ->  Fannie Mae (FNMA)
2025-11-25 19:32:43,566 - INFO - Got 4 days of data
2025-11-25 19:32:43,579 - INFO - 
[29] ->  Valero Energy (VLO)
2025-11-25 19:32:43,942 - INFO - Got 4 days of data
2025-11-25 19:32:43,955 - INFO - 
[30] ->  Meta Platforms (META)
2025-11-25 19:32:44,306 - INFO - Got 4 days of data
2025-11-25 19:32:44,319 - INFO - 
[31] ->  Verizon Communications (VZ)
2025-11-25 19:32:44,679 - INFO - Got 4 days of data
2025-11-25 19:32:44,692 - INFO - 
[32] ->  At&T (ATT.L)
2025-11-25 19:32:44,986 - INFO - Got 4 days of data
2025-11-25 19:32:44,999 - INFO - 
[33] ->  Comcast (CMCSA)
2025-11-25 19:32:45,347 - INFO - Got 4 days of data
2025-11-25 19:32:45,360 - INFO - 
[34] ->  Wells Fargo (WFC)
2025-11-25 19:32:45,718 - INFO - Got 4 days of data
2025-11-25 19:32:45,731 - INFO - 
[35] ->  Goldman Sachs Group (GS)
2025-11-25 19:32:46,066 - INFO - Got 4 days of data
2025-11-25 19:32:46,077 - INFO - 
[36] ->  Freddie Mac (FMCC)
2025-11-25 19:32:46,402 - INFO - Got 4 days of data
2025-11-25 19:32:46,415 - INFO - 
[37] ->  Target (TGT)
2025-11-25 19:32:46,782 - INFO - Got 4 days of data
2025-11-25 19:32:46,794 - INFO - 
[38] ->  Humana (HUM.ST)
2025-11-25 19:32:47,102 - INFO - Got 4 days of data
2025-11-25 19:32:47,114 - INFO - 
[40] ->  Tesla (TSLA)
2025-11-25 19:32:47,416 - INFO - Got 4 days of data
2025-11-25 19:32:47,429 - INFO - 
[41] ->  Morgan Stanley (MS)
2025-11-25 19:32:47,764 - INFO - Got 4 days of data
2025-11-25 19:32:47,776 - INFO - 
[42] ->  Johnson & Johnson (JNJ)
2025-11-25 19:32:48,171 - INFO - Got 4 days of data
2025-11-25 19:32:48,184 - INFO - 
[43] ->  Archer Daniels Midland (ADM)
2025-11-25 19:32:48,527 - INFO - Got 4 days of data
2025-11-25 19:32:48,540 - INFO - 
[44] ->  Pepsico (PEP)
2025-11-25 19:32:48,884 - INFO - Got 4 days of data
2025-11-25 19:32:48,897 - INFO - 
[45] ->  United Parcel Service (UPS)
2025-11-25 19:32:49,238 - INFO - Got 4 days of data
2025-11-25 19:32:49,251 - INFO - 
[46] ->  Fedex (FDX)
2025-11-25 19:32:49,581 - INFO - Got 4 days of data
2025-11-25 19:32:49,594 - INFO - 
[47] ->  Walt Disney (DIS)
2025-11-25 19:32:49,972 - INFO - Got 4 days of data
2025-11-25 19:32:49,984 - INFO - 
[48] ->  Dell Technologies (DELL)
2025-11-25 19:32:50,284 - INFO - Got 4 days of data
2025-11-25 19:32:50,297 - INFO - 
[49] ->  Lowe'S (X1G.PA)
2025-11-25 19:32:50,595 - INFO - Got 4 days of data
2025-11-25 19:32:50,606 - INFO - 
[50] ->  Procter & Gamble (PG)
2025-11-25 19:32:50,959 - INFO - Got 4 days of data
2025-11-25 19:32:50,972 - INFO - 
[51] ->  Energy Transfer (ET)
2025-11-25 19:32:51,285 - INFO - Got 4 days of data
2025-11-25 19:32:51,297 - INFO - 
[52] ->  Boeing (BA)
2025-11-25 19:32:51,688 - INFO - Got 4 days of data
2025-11-25 19:32:51,701 - INFO - 
[53] ->  Albertsons (ACI)
2025-11-25 19:32:51,999 - INFO - Got 4 days of data
2025-11-25 19:32:52,012 - INFO - 
[54] ->  Sysco (SYY)
2025-11-25 19:32:52,359 - INFO - Got 4 days of data
2025-11-25 19:32:52,370 - INFO - 
[55] ->  Rtx (RTX)
2025-11-25 19:32:52,757 - INFO - Got 4 days of data
2025-11-25 19:32:52,770 - INFO - 
[56] ->  General Electric (GE)
2025-11-25 19:32:53,144 - INFO - Got 4 days of data
2025-11-25 19:32:53,157 - INFO - 
[57] ->  Lockheed Martin (LMT)
2025-11-25 19:32:53,536 - INFO - Got 4 days of data
2025-11-25 19:32:53,548 - INFO - 
[58] ->  American Express (AXP)
2025-11-25 19:32:53,937 - INFO - Got 4 days of data
2025-11-25 19:32:53,949 - INFO - 
[59] ->  Caterpillar (CAT)
2025-11-25 19:32:54,316 - INFO - Got 4 days of data
2025-11-25 19:32:54,328 - INFO - 
[60] ->  Metlife (MET)
2025-11-25 19:32:54,657 - INFO - Got 4 days of data
2025-11-25 19:32:54,668 - INFO - 
[61] ->  Hca Healthcare (HCA)
2025-11-25 19:32:54,996 - INFO - Got 4 days of data
2025-11-25 19:32:55,009 - INFO - 
[62] ->  Progressive (PGR)
2025-11-25 19:32:55,373 - INFO - Got 4 days of data
2025-11-25 19:32:55,386 - INFO - 
[63] ->  Ibm (IBM)
2025-11-25 19:32:55,798 - INFO - Got 4 days of data
2025-11-25 19:32:55,811 - INFO - 
[64] ->  Deere (DE)
2025-11-25 19:32:56,179 - INFO - Got 4 days of data
2025-11-25 19:32:56,191 - INFO - 
[65] ->  Nvidia (NVDA)
2025-11-25 19:32:56,517 - INFO - Got 4 days of data
2025-11-25 19:32:56,530 - INFO - 
[66] ->  Stonex Group (SNEX)
2025-11-25 19:32:56,835 - INFO - Got 4 days of data
2025-11-25 19:32:56,848 - INFO - 
[67] ->  Merck (MRK)
2025-11-25 19:32:57,230 - INFO - Got 4 days of data
2025-11-25 19:32:57,243 - INFO - 
[68] ->  Conocophillips (COP)
2025-11-25 19:32:57,616 - INFO - Got 4 days of data
2025-11-25 19:32:57,628 - INFO - 
[69] ->  Pfizer (PFIZER.NS)
2025-11-25 19:32:57,961 - INFO - Got 4 days of data
2025-11-25 19:32:57,974 - INFO - 
[70] ->  Delta Air Lines (DAL)
2025-11-25 19:32:58,291 - INFO - Got 4 days of data
2025-11-25 19:32:58,304 - INFO - 
[71] ->  Td Synnex (SNX)
2025-11-25 19:32:58,621 - INFO - Got 4 days of data
2025-11-25 19:32:58,632 - INFO - 
[73] ->  Allstate (ALL)
2025-11-25 19:32:58,964 - INFO - Got 4 days of data
2025-11-25 19:32:58,977 - INFO - 
[74] ->  Cisco Systems (CSCO)
2025-11-25 19:32:59,292 - INFO - Got 4 days of data
2025-11-25 19:32:59,303 - INFO - 
[75] ->  Nationwide (NATWIDE.KL)
2025-11-25 19:33:01,163 - INFO - No data available
2025-11-25 19:33:01,164 - INFO - 
[76] ->  Charter Communications (CHTR)
2025-11-25 19:33:01,455 - INFO - Got 4 days of data
2025-11-25 19:33:01,468 - INFO - 
[77] ->  Abbvie (ABBV)
2025-11-25 19:33:01,782 - INFO - Got 4 days of data
2025-11-25 19:33:01,795 - INFO - 
[78] ->  New York Life Insurance (601336.SS)
2025-11-25 19:33:02,097 - INFO - Got 4 days of data
2025-11-25 19:33:02,110 - INFO - 
[79] ->  Intel (INTC)
2025-11-25 19:33:02,448 - INFO - Got 4 days of data
2025-11-25 19:33:02,461 - INFO - 
[80] ->  Tjx (TJX)
2025-11-25 19:33:02,811 - INFO - Got 4 days of data
2025-11-25 19:33:02,823 - INFO - 
[81] ->  Prudential Financial (PRU)
2025-11-25 19:33:03,157 - INFO - Got 4 days of data
2025-11-25 19:33:03,170 - INFO - 
[83] ->  United Airlines Holdings (UAL)
2025-11-25 19:33:03,470 - INFO - Got 4 days of data
2025-11-25 19:33:03,481 - INFO - 
[84] ->  Performance Food Group (PFGC)
2025-11-25 19:33:03,773 - INFO - Got 4 days of data
2025-11-25 19:33:03,786 - INFO - 
[85] ->  Tyson Foods (TSN)
2025-11-25 19:33:04,136 - INFO - Got 4 days of data
2025-11-25 19:33:04,149 - INFO - 
[86] ->  American Airlines Group (AAL)
2025-11-25 19:33:04,440 - INFO - Got 4 days of data
2025-11-25 19:33:04,453 - INFO - 
[87] ->  Liberty Mutual Insurance Group (LFG.AX)
2025-11-25 19:33:04,760 - INFO - Got 4 days of data
2025-11-25 19:33:04,773 - INFO - 
[88] ->  Nike (NKE)
2025-11-25 19:33:05,106 - INFO - Got 4 days of data
2025-11-25 19:33:05,119 - INFO - 
[89] ->  Oracle (ORCL)
2025-11-25 19:33:05,438 - INFO - Got 4 days of data
2025-11-25 19:33:05,451 - INFO - 
[90] ->  Enterprise Products Partners (EPD)
2025-11-25 19:33:05,773 - INFO - Got 4 days of data
2025-11-25 19:33:05,783 - INFO - 
[91] ->  Capital One Financial (COF)
2025-11-25 19:33:06,116 - INFO - Got 4 days of data
2025-11-25 19:33:06,129 - INFO - 
[92] ->  Plains Gp Holdings (PAGP)
2025-11-25 19:33:06,444 - INFO - Got 4 days of data
2025-11-25 19:33:06,457 - INFO - 
[93] ->  World Kinect (WKC)
2025-11-25 19:33:06,794 - INFO - Got 4 days of data
2025-11-25 19:33:06,805 - INFO - 
[94] ->  Aig (AIG)
2025-11-25 19:33:07,165 - INFO - Got 4 days of data
2025-11-25 19:33:07,178 - INFO - 
[95] ->  Coca-Cola (COLA.WA)
2025-11-25 19:33:08,071 - INFO - No data available
2025-11-25 19:33:08,072 - INFO - 
[96] ->  Tiaa (TILIX)
2025-11-25 19:33:08,535 - INFO - Got 4 days of data
2025-11-25 19:33:08,548 - INFO - 
[97] ->  Chs (CHS.V)
2025-11-25 19:33:08,851 - INFO - Got 4 days of data
2025-11-25 19:33:08,861 - INFO - 
[99] ->  Dow (DOW)
2025-11-25 19:33:09,175 - INFO - Got 4 days of data
2025-11-25 19:33:09,187 - INFO - 
[100] ->  Best Buy (BBY)
2025-11-25 19:33:09,513 - INFO - Got 4 days of data
2025-11-25 19:33:09,524 - INFO - Historic stocks data collected
2025-11-25 19:33:09,524 - INFO - 
============================================================
2025-11-25 19:33:09,524 - INFO - Creating HISTORICAL company metadata
2025-11-25 19:33:09,524 - INFO - Years: 2024 to 2024
2025-11-25 19:33:09,524 - INFO - 
2024: Metadata already exists — skipping
2025-11-25 19:33:09,525 - INFO - 
Metadata creation completed
2025-11-25 19:33:09,525 - INFO - 
============================================================
2025-11-25 19:33:09,525 - INFO - Creating HISTORICAL macro data
2025-11-25 19:33:09,525 - INFO - Years: 2024 to 2024
2025-11-25 19:33:09,525 - INFO - 
2024: already exists — skipping
2025-11-25 19:33:09,525 - INFO - 
Macro data creation complete
2025-11-25 19:33:09,525 - INFO - 
============================================================
2025-11-25 19:33:09,525 - INFO - Fetching HISTORICAL exchange rates (USD-INR) from FRED
2025-11-25 19:33:09,525 - INFO - Years: 2024 to 2024
2025-11-25 19:33:09,525 - INFO - 
2024: Already exists — skipping
2025-11-25 19:33:09,525 - INFO - 
Exchange rate data complete
2025-11-25 19:33:09,525 - INFO - Starting merge process
2025-11-25 19:33:09,525 - INFO - Mode: Historical
2025-11-25 19:33:09,525 - INFO - Date range: 2024-03-10 to 2024-03-15
2025-11-25 19:33:09,525 - INFO - Execution dir: /Users/shalinitata/Desktop/stocks/Execution/2025/11/25/2025:11:25_19:33
2025-11-25 19:33:09,525 - INFO - 
============================================================
2025-11-25 19:33:09,525 - INFO - Processing BASE TABLE (stocks_raw)
2025-11-25 19:33:09,525 - INFO - Processing stocks_raw (BASE TABLE)
2025-11-25 19:33:09,526 - INFO - Read 92 rows from 2024/03/11/stocks.csv
2025-11-25 19:33:09,527 - INFO - Read 92 rows from 2024/03/15/stocks.csv
2025-11-25 19:33:09,528 - INFO - Read 92 rows from 2024/03/12/stocks.csv
2025-11-25 19:33:09,529 - INFO - Read 92 rows from 2024/03/13/stocks.csv
2025-11-25 19:33:09,529 - INFO - Read 92 rows from 2024/03/14/stocks.csv
2025-11-25 19:33:09,532 - INFO - Merged 460 rows for stocks_raw
2025-11-25 19:33:09,615 - INFO - Validation complete for stocks_raw: valid=460, invalid=0
2025-11-25 19:33:09,621 - INFO - Valid: 460, Invalid: 0
2025-11-25 19:33:09,627 - INFO - Table stocks_raw created
2025-11-25 19:33:09,668 - INFO - Inserted 460 rows into stocks_raw
2025-11-25 19:33:09,668 - INFO - Loaded 460 rows to stocks_raw
2025-11-25 19:33:09,669 - INFO - Base table established with 460 records
2025-11-25 19:33:09,669 - INFO - Found 92 unique tickers: 601336.SS, AAL, AAPL, ABBV, ACI, ADM, AIG, ALL, AMZN, ATT.L, AXP, BA, BAC, BBY, C, CAH, CAT, CHS.V, CHTR, CI, CMCSA, CNC, COF, COP, COR, COST, CSCO, CVS, CVX, DAL, DE, DELL, DIS, DOW, ELV, EPD, ET, F, FDX, FMCC, FNMA, GE, GM, GOOGL, GS, HCA, HD, HUM.ST, IBM, INTC, JNJ, JPM, KR, LFG.AX, LMT, MCK, MET, META, MPC, MRK, MS, MSFT, NKE, NVDA, ORCL, PAGP, PEP, PFGC, PFIZER.NS, PG, PGR, PRU, PSX, RTX, SNEX, SNX, SYY, TGT, TILIX, TJX, TSLA, TSN, UAL, UNH, UPS, VLO, VZ, WFC, WKC, WMT, X1G.PA, XOM
2025-11-25 19:33:09,669 - INFO - 
============================================================
2025-11-25 19:33:09,669 - INFO - Processing DEPENDENT TABLES
2025-11-25 19:33:09,669 - INFO - Processing company_metadata
2025-11-25 19:33:09,669 - INFO - Read 93 rows from 2024/company_details.csv
2025-11-25 19:33:09,670 - INFO - Merged 93 rows for company_metadata
2025-11-25 19:33:09,674 - ERROR - Row 88 col ticker: referential check failed (COLA.WA)
2025-11-25 19:33:09,674 - INFO - Validation complete for company_metadata: valid=92, invalid=1
2025-11-25 19:33:09,675 - INFO - Valid: 92, Invalid: 1
2025-11-25 19:33:09,678 - INFO - Table company_metadata created successfully
2025-11-25 19:33:09,684 - INFO - Successfully inserted 92/92 rows into company_metadata
2025-11-25 19:33:09,684 - INFO - Loaded 92 rows to company_metadata
2025-11-25 19:33:09,684 - INFO - company_metadata processed and linked to stocks_raw
2025-11-25 19:33:09,684 - INFO - 
============================================================
2025-11-25 19:33:09,684 - INFO - Processing INDEPENDENT TABLES
2025-11-25 19:33:09,684 - INFO - Processing exchange_rates
2025-11-25 19:33:09,685 - INFO - Read 251 rows from 2024.csv
2025-11-25 19:33:09,685 - INFO - Merged 251 rows for exchange_rates
2025-11-25 19:33:09,716 - INFO - Validation complete for exchange_rates: valid=251, invalid=0
2025-11-25 19:33:09,718 - INFO - Valid: 251, Invalid: 0
2025-11-25 19:33:09,725 - INFO - Table exchange_rates created
2025-11-25 19:33:09,739 - INFO - Inserted 251 rows into exchange_rates
2025-11-25 19:33:09,740 - INFO - Loaded 251 rows to exchange_rates
2025-11-25 19:33:09,740 - INFO - exchange_rates processed
2025-11-25 19:33:09,740 - INFO - Processing macro_raw
2025-11-25 19:33:09,741 - INFO - Read 4 rows from 2024.csv
2025-11-25 19:33:09,741 - INFO - Merged 1 rows for macro_raw from Q1 2024 to Q1 2024
2025-11-25 19:33:09,741 - INFO - Years included: [np.int64(2024)]
2025-11-25 19:33:09,741 - INFO - Quarters included: ['2024-Q1']
2025-11-25 19:33:09,742 - INFO - Validation complete for macro_raw: valid=1, invalid=0
2025-11-25 19:33:09,742 - INFO - Valid: 1, Invalid: 0
2025-11-25 19:33:09,745 - INFO - Table macro_raw created
2025-11-25 19:33:09,745 - INFO - Inserted 1 rows into macro_raw
2025-11-25 19:33:09,745 - INFO - Loaded 1 rows to macro_raw
2025-11-25 19:33:09,746 - INFO - macro_raw processed
2025-11-25 19:33:09,746 - INFO - 
============================================================
2025-11-25 19:33:09,746 - INFO - Processing SENTIMENT DATA
2025-11-25 19:33:09,746 - INFO - Processing sentiment
2025-11-25 19:33:09,746 - WARNING - No historical data available for sentiment - only live data exists
2025-11-25 19:33:09,746 - WARNING - sentiment not available
2025-11-25 19:33:09,746 - INFO - 
============================================================
2025-11-25 19:33:09,746 - INFO - KPI CALCULATIONS AND FACT TABLE GENERATION
2025-11-25 19:33:09,746 - INFO - Starting KPI calculations
2025-11-25 19:33:09,747 - INFO - Loaded stocks_raw: 460 rows
2025-11-25 19:33:09,747 - INFO - Loaded macro_raw: 1 rows
2025-11-25 19:33:09,747 - INFO - Loaded company_metadata: 92 rows
2025-11-25 19:33:09,747 - INFO - Loaded exchange_rates: 251 rows
2025-11-25 19:33:09,748 - INFO - Calculating stock_facts metrics...
2025-11-25 19:33:09,770 - INFO - Stock facts calculated: 460 rows
2025-11-25 19:33:09,770 - INFO - Calculating macro_facts metrics...
2025-11-25 19:33:09,774 - INFO - Macro facts calculated: 1 rows
2025-11-25 19:33:09,774 - INFO - Creating sector_lookup...
2025-11-25 19:33:09,774 - INFO - Sector lookup created: 35 sectors
2025-11-25 19:33:09,774 - INFO - Calculating analytics_summary metrics...
2025-11-25 19:33:09,858 - INFO - Analytics summary calculated: 92 rows
2025-11-25 19:33:09,858 - INFO - 
============================================================
2025-11-25 19:33:09,858 - INFO - KPI calculations completed successfully
2025-11-25 19:33:09,858 - INFO - Generated files: stock_facts.csv, macro_facts.csv, sector_lookup.csv, analytics_summary.csv, pipeline_logs.csv
2025-11-25 19:33:09,858 - INFO - KPI calculations completed successfully
2025-11-25 19:33:09,881 - INFO - Table stock_facts created
2025-11-25 19:33:09,937 - INFO - Inserted 460 rows into stock_facts
2025-11-25 19:33:09,937 - INFO - Loaded stock_facts to database
2025-11-25 19:33:09,939 - INFO - Table macro_facts created
2025-11-25 19:33:09,939 - INFO - Inserted 1 rows into macro_facts
2025-11-25 19:33:09,939 - INFO - Loaded macro_facts to database
2025-11-25 19:33:09,942 - INFO - Table sector_lookup created
2025-11-25 19:33:09,944 - INFO - Inserted 35 rows into sector_lookup
2025-11-25 19:33:09,944 - INFO - Loaded sector_lookup to database
2025-11-25 19:33:09,946 - INFO - Table analytics_summary created
2025-11-25 19:33:09,956 - INFO - Inserted 92 rows into analytics_summary
2025-11-25 19:33:09,957 - INFO - Loaded analytics_summary to database
2025-11-25 19:33:09,957 - INFO - 
============================================================
2025-11-25 19:33:09,957 - INFO - GENERATING REPORTS
2025-11-25 19:33:09,957 - INFO - Date Range: 2024-03-10 to 2024-03-15
2025-11-25 19:33:09,957 - INFO - ============================================================
2025-11-25 19:33:09,957 - INFO - 
================================================================================
2025-11-25 19:33:09,957 - INFO - REPORT GENERATION STARTED
2025-11-25 19:33:09,957 - INFO - 
============================================================
2025-11-25 19:33:09,957 - INFO - Generating Report 1: Annual Market Intelligence Report
2025-11-25 19:33:10,124 - INFO - Fetched 1 rows for yearly performance
2025-11-25 19:33:10,240 - INFO - Fetched 20 rows for company performance
2025-11-25 19:33:10,241 - INFO - Saved intermediate CSV: /Users/shalinitata/Desktop/stocks/Execution/2025/11/25/2025:11:25_19:33/report1_yearly_performance.csv
2025-11-25 19:33:10,241 - INFO - Saved intermediate CSV: /Users/shalinitata/Desktop/stocks/Execution/2025/11/25/2025:11:25_19:33/report1_company_performance.csv
2025-11-25 19:33:10,244 - INFO - Saved PDF: /Users/shalinitata/Desktop/stocks/Execution/2025/11/25/2025:11:25_19:33/reports/report1_annual_market_intelligence.pdf
2025-11-25 19:33:10,245 - INFO - Report 1 completed: {'csv': ['/Users/shalinitata/Desktop/stocks/Execution/2025/11/25/2025:11:25_19:33/report1_yearly_performance.csv', '/Users/shalinitata/Desktop/stocks/Execution/2025/11/25/2025:11:25_19:33/report1_company_performance.csv'], 'pdf': '/Users/shalinitata/Desktop/stocks/Execution/2025/11/25/2025:11:25_19:33/reports/report1_annual_market_intelligence.pdf'}
2025-11-25 19:33:10,245 - INFO - 
============================================================
2025-11-25 19:33:10,245 - INFO - Generating Report 2: Sector Stability & Volatility Report
2025-11-25 19:33:10,249 - INFO - Fetched 45 rows for sector metrics
2025-11-25 19:33:10,250 - INFO - Saved intermediate CSV: /Users/shalinitata/Desktop/stocks/Execution/2025/11/25/2025:11:25_19:33/report2_sector_stability.csv
2025-11-25 19:33:10,283 - INFO - Saved Excel: /Users/shalinitata/Desktop/stocks/Execution/2025/11/25/2025:11:25_19:33/reports/report2_sector_stability.xlsx
2025-11-25 19:33:10,287 - INFO - Saved PDF: /Users/shalinitata/Desktop/stocks/Execution/2025/11/25/2025:11:25_19:33/reports/report2_sector_stability.pdf
2025-11-25 19:33:10,288 - INFO - Report 2 completed: {'csv': '/Users/shalinitata/Desktop/stocks/Execution/2025/11/25/2025:11:25_19:33/report2_sector_stability.csv', 'excel': '/Users/shalinitata/Desktop/stocks/Execution/2025/11/25/2025:11:25_19:33/reports/report2_sector_stability.xlsx', 'pdf': '/Users/shalinitata/Desktop/stocks/Execution/2025/11/25/2025:11:25_19:33/reports/report2_sector_stability.pdf'}
2025-11-25 19:33:10,288 - INFO - 
============================================================
2025-11-25 19:33:10,288 - INFO - Generating Report 3: Cross-Market Analysis Report
2025-11-25 19:33:10,399 - INFO - Fetched 1 rows for yearly currency data
2025-11-25 19:33:10,401 - INFO - Fetched 20 rows for company currency data
2025-11-25 19:33:10,402 - INFO - Saved intermediate CSV: /Users/shalinitata/Desktop/stocks/Execution/2025/11/25/2025:11:25_19:33/report3_currency_yearly.csv
2025-11-25 19:33:10,402 - INFO - Saved intermediate CSV: /Users/shalinitata/Desktop/stocks/Execution/2025/11/25/2025:11:25_19:33/report3_company_currency.csv
2025-11-25 19:33:10,455 - INFO - Saved PDF: /Users/shalinitata/Desktop/stocks/Execution/2025/11/25/2025:11:25_19:33/reports/report3_cross_market.pdf
2025-11-25 19:33:10,456 - INFO - Report 3 completed: {'csv': ['/Users/shalinitata/Desktop/stocks/Execution/2025/11/25/2025:11:25_19:33/report3_currency_yearly.csv', '/Users/shalinitata/Desktop/stocks/Execution/2025/11/25/2025:11:25_19:33/report3_company_currency.csv'], 'pdf': '/Users/shalinitata/Desktop/stocks/Execution/2025/11/25/2025:11:25_19:33/reports/report3_cross_market.pdf'}
2025-11-25 19:33:10,456 - INFO - 
============================================================
2025-11-25 19:33:10,456 - INFO - Generating Report 4: Forecasting & Prediction Summary
2025-11-25 19:33:10,460 - INFO - Fetched 4 rows for quarterly trends
2025-11-25 19:33:10,461 - INFO - Fetched 46 rows for sector forecast
2025-11-25 19:33:10,462 - INFO - Saved intermediate CSV: /Users/shalinitata/Desktop/stocks/Execution/2025/11/25/2025:11:25_19:33/report4_quarterly_trends.csv
2025-11-25 19:33:10,463 - INFO - Saved intermediate CSV: /Users/shalinitata/Desktop/stocks/Execution/2025/11/25/2025:11:25_19:33/report4_sector_forecast.csv
2025-11-25 19:33:10,466 - INFO - Saved PDF: /Users/shalinitata/Desktop/stocks/Execution/2025/11/25/2025:11:25_19:33/reports/report4_forecasting.pdf
2025-11-25 19:33:10,467 - INFO - Report 4 completed: {'csv': ['/Users/shalinitata/Desktop/stocks/Execution/2025/11/25/2025:11:25_19:33/report4_quarterly_trends.csv', '/Users/shalinitata/Desktop/stocks/Execution/2025/11/25/2025:11:25_19:33/report4_sector_forecast.csv'], 'pdf': '/Users/shalinitata/Desktop/stocks/Execution/2025/11/25/2025:11:25_19:33/reports/report4_forecasting.pdf'}
2025-11-25 19:33:10,467 - INFO - 
================================================================================
2025-11-25 19:33:10,467 - INFO - REPORT GENERATION COMPLETED SUCCESSFULLY
2025-11-25 19:33:10,467 - INFO - 
================================================================================
2025-11-25 19:33:10,467 - INFO - Reports generated successfully
2025-11-25 19:33:10,467 - INFO - Reports saved to: /Users/shalinitata/Desktop/stocks/Execution/2025/11/25/2025:11:25_19:33/reports

********** END OF LOG FILE **********
