
********** ELT PROCESS **********
Filename: currency data processor
User ID: 800338
Username: Shalini Tata
File Path: /Users/shalinitata/Desktop/Currency data/watcher.py
********** currency data processor **********
2025-11-24 20:19:31,754 - INFO - -> started running the process <-
2025-11-24 20:19:31,798 - INFO - 
============================================================
2025-11-24 20:19:31,799 - INFO - Fetching HISTORICAL data for 2024
2025-11-24 20:19:31,799 - INFO - Period: 2024-01-01 to 2024-12-30
2025-11-24 20:19:31,799 - INFO - ============================================================
2025-11-24 20:19:31,802 - INFO - Total companies with tickers: 95
2025-11-24 20:19:31,807 - INFO - Found 261 days already saved
2025-11-24 20:19:31,807 - INFO - 
[1/95] Walmart (WMT)
2025-11-24 20:19:32,445 - INFO -   Got 250 days of data
2025-11-24 20:19:32,551 - INFO - 
[2/95] Amazon (AMZN)
2025-11-24 20:19:32,681 - INFO -   Got 250 days of data
2025-11-24 20:19:32,787 - INFO - 
[3/95] Apple (AAPL)
2025-11-24 20:19:32,947 - INFO -   Got 250 days of data
2025-11-24 20:19:33,053 - INFO - 
[4/95] Unitedhealth Group (UNH)
2025-11-24 20:19:33,198 - INFO -   Got 250 days of data
2025-11-24 20:19:33,302 - INFO - 
[5/95] Berkshire Hathaway (BRK.A)
2025-11-24 20:19:34,125 - INFO -   No data available
2025-11-24 20:19:34,126 - INFO - 
[6/95] Cvs (CVS)
2025-11-24 20:19:35,458 - INFO -   Got 250 days of data
2025-11-24 20:19:35,560 - INFO - 
[7/95] Exxon Mobil (XOM)
2025-11-24 20:19:35,774 - INFO -   Got 250 days of data
2025-11-24 20:19:35,876 - INFO - 
[8/95] Alphabet (GOOGL)
2025-11-24 20:19:35,991 - INFO -   Got 250 days of data
2025-11-24 20:19:36,097 - INFO - 
[9/95] Mckesson (MCK)
2025-11-24 20:19:36,241 - INFO -   Got 250 days of data
2025-11-24 20:19:36,347 - INFO - 
[10/95] Cencora (COR)
2025-11-24 20:19:36,518 - INFO -   Got 250 days of data
2025-11-24 20:19:36,619 - INFO - 
[11/95] Costco (COST)
2025-11-24 20:19:36,770 - INFO -   Got 250 days of data
2025-11-24 20:19:36,872 - INFO - 
[12/95] Jp Morgan Chase (JPM)
2025-11-24 20:19:37,064 - INFO -   Got 250 days of data
2025-11-24 20:19:37,164 - INFO - 
[13/95] Microsoft (MSFT)
2025-11-24 20:19:37,295 - INFO -   Got 250 days of data
2025-11-24 20:19:37,398 - INFO - 
[14/95] Cardinal Health (CAH)
2025-11-24 20:19:37,571 - INFO -   Got 250 days of data
2025-11-24 20:19:37,676 - INFO - 
[15/95] Chevron (CVX)
2025-11-24 20:19:37,875 - INFO -   Got 250 days of data
2025-11-24 20:19:37,977 - INFO - 
[16/95] Cigna (CI)
2025-11-24 20:19:38,152 - INFO -   Got 250 days of data
2025-11-24 20:19:38,256 - INFO - 
[17/95] Ford Motor (F)
2025-11-24 20:19:38,520 - INFO -   Got 250 days of data
2025-11-24 20:19:38,626 - INFO - 
[18/95] Bank Of America (BAC)
2025-11-24 20:19:38,806 - INFO -   Got 250 days of data
2025-11-24 20:19:38,911 - INFO - 
[19/95] General Motors (GM)
2025-11-24 20:19:39,036 - INFO -   Got 250 days of data
2025-11-24 20:19:39,142 - INFO - 
[20/95] Elevance Health (ELV)
2025-11-24 20:19:39,280 - INFO -   Got 250 days of data
2025-11-24 20:19:39,384 - INFO - 
[21/95] Citigroup (C)
2025-11-24 20:19:39,535 - INFO -   Got 250 days of data
2025-11-24 20:19:39,639 - INFO - 
[22/95] Centene (CNC)
2025-11-24 20:19:39,754 - INFO -   Got 250 days of data
2025-11-24 20:19:39,860 - INFO - 
[23/95] Home Depot (HD)
2025-11-24 20:19:40,082 - INFO -   Got 250 days of data
2025-11-24 20:19:40,188 - INFO - 
[24/95] Marathon Petroleum (MPC)
2025-11-24 20:19:40,326 - INFO -   Got 250 days of data
2025-11-24 20:19:40,431 - INFO - 
[25/95] Kroger (KR)
2025-11-24 20:19:40,607 - INFO -   Got 250 days of data
2025-11-24 20:19:40,710 - INFO - 
[26/95] Phillips 66 (PSX)
2025-11-24 20:19:40,860 - INFO -   Got 250 days of data
2025-11-24 20:19:40,966 - INFO - 
[27/95] Fannie Mae (FNMA)
2025-11-24 20:19:41,130 - INFO -   Got 250 days of data
2025-11-24 20:19:41,236 - INFO - 
[29/95] Valero Energy (VLO)
2025-11-24 20:19:41,386 - INFO -   Got 250 days of data
2025-11-24 20:19:41,491 - INFO - 
[30/95] Meta Platforms (META)
2025-11-24 20:19:41,658 - INFO -   Got 250 days of data
2025-11-24 20:19:41,761 - INFO - 
[31/95] Verizon Communications (VZ)
2025-11-24 20:19:41,970 - INFO -   Got 250 days of data
2025-11-24 20:19:42,074 - INFO - 
[32/95] At&T (ATT.L)
2025-11-24 20:19:42,174 - INFO -   Got 252 days of data
2025-11-24 20:19:42,279 - INFO - 
[33/95] Comcast (CMCSA)
2025-11-24 20:19:42,452 - INFO -   Got 250 days of data
2025-11-24 20:19:42,557 - INFO - 
[34/95] Wells Fargo (WFC)
2025-11-24 20:19:42,743 - INFO -   Got 250 days of data
2025-11-24 20:19:42,844 - INFO - 
[35/95] Goldman Sachs Group (GS)
2025-11-24 20:19:43,014 - INFO -   Got 250 days of data
2025-11-24 20:19:43,116 - INFO - 
[36/95] Freddie Mac (FMCC)
2025-11-24 20:19:43,247 - INFO -   Got 250 days of data
2025-11-24 20:19:43,349 - INFO - 
[37/95] Target (TGT)
2025-11-24 20:19:43,536 - INFO -   Got 250 days of data
2025-11-24 20:19:43,638 - INFO - 
[38/95] Humana (HUM.ST)
2025-11-24 20:19:43,777 - INFO -   Got 250 days of data
2025-11-24 20:19:43,879 - INFO - 
[40/95] Tesla (TSLA)
2025-11-24 20:19:43,992 - INFO -   Got 250 days of data
2025-11-24 20:19:44,096 - INFO - 
[41/95] Morgan Stanley (MS)
2025-11-24 20:19:44,284 - INFO -   Got 250 days of data
2025-11-24 20:19:44,387 - INFO - 
[42/95] Johnson & Johnson (JNJ)
2025-11-24 20:19:44,604 - INFO -   Got 250 days of data
2025-11-24 20:19:44,710 - INFO - 
[43/95] Archer Daniels Midland (ADM)
2025-11-24 20:19:44,884 - INFO -   Got 250 days of data
2025-11-24 20:19:44,989 - INFO - 
[44/95] Pepsico (PEP)
2025-11-24 20:19:45,195 - INFO -   Got 250 days of data
2025-11-24 20:19:45,301 - INFO - 
[45/95] United Parcel Service (UPS)
2025-11-24 20:19:45,587 - INFO -   Got 250 days of data
2025-11-24 20:19:45,689 - INFO - 
[46/95] Fedex (FDX)
2025-11-24 20:19:45,842 - INFO -   Got 250 days of data
2025-11-24 20:19:45,946 - INFO - 
[47/95] Walt Disney (DIS)
2025-11-24 20:19:46,160 - INFO -   Got 250 days of data
2025-11-24 20:19:46,266 - INFO - 
[48/95] Dell Technologies (DELL)
2025-11-24 20:19:46,379 - INFO -   Got 250 days of data
2025-11-24 20:19:46,485 - INFO - 
[49/95] Lowe'S (X1G.PA)
2025-11-24 20:19:46,599 - INFO -   Got 254 days of data
2025-11-24 20:19:46,702 - INFO - 
[50/95] Procter & Gamble (PG)
2025-11-24 20:19:46,895 - INFO -   Got 250 days of data
2025-11-24 20:19:46,998 - INFO - 
[51/95] Energy Transfer (ET)
2025-11-24 20:19:47,129 - INFO -   Got 250 days of data
2025-11-24 20:19:47,234 - INFO - 
[52/95] Boeing (BA)
2025-11-24 20:19:47,433 - INFO -   Got 250 days of data
2025-11-24 20:19:47,534 - INFO - 
[53/95] Albertsons (ACI)
2025-11-24 20:19:47,642 - INFO -   Got 250 days of data
2025-11-24 20:19:47,747 - INFO - 
[54/95] Sysco (SYY)
2025-11-24 20:19:47,898 - INFO -   Got 250 days of data
2025-11-24 20:19:48,004 - INFO - 
[55/95] Rtx (RTX)
2025-11-24 20:19:48,200 - INFO -   Got 250 days of data
2025-11-24 20:19:48,304 - INFO - 
[56/95] General Electric (GE)
2025-11-24 20:19:48,554 - INFO -   Got 250 days of data
2025-11-24 20:19:48,660 - INFO - 
[57/95] Lockheed Martin (LMT)
2025-11-24 20:19:48,850 - INFO -   Got 250 days of data
2025-11-24 20:19:48,955 - INFO - 
[58/95] American Express (AXP)
2025-11-24 20:19:49,165 - INFO -   Got 250 days of data
2025-11-24 20:19:49,266 - INFO - 
[59/95] Caterpillar (CAT)
2025-11-24 20:19:49,451 - INFO -   Got 250 days of data
2025-11-24 20:19:49,554 - INFO - 
[60/95] Metlife (MET)
2025-11-24 20:19:49,697 - INFO -   Got 250 days of data
2025-11-24 20:19:49,802 - INFO - 
[61/95] Hca Healthcare (HCA)
2025-11-24 20:19:49,935 - INFO -   Got 250 days of data
2025-11-24 20:19:50,039 - INFO - 
[62/95] Progressive (PGR)
2025-11-24 20:19:50,215 - INFO -   Got 250 days of data
2025-11-24 20:19:50,321 - INFO - 
[63/95] Ibm (IBM)
2025-11-24 20:19:50,540 - INFO -   Got 250 days of data
2025-11-24 20:19:50,646 - INFO - 
[64/95] Deere (DE)
2025-11-24 20:19:50,850 - INFO -   Got 250 days of data
2025-11-24 20:19:50,954 - INFO - 
[65/95] Nvidia (NVDA)
2025-11-24 20:19:51,092 - INFO -   Got 250 days of data
2025-11-24 20:19:51,198 - INFO - 
[66/95] Stonex Group (SNEX)
2025-11-24 20:19:51,429 - INFO -   Got 250 days of data
2025-11-24 20:19:51,535 - INFO - 
[67/95] Merck (MRK)
2025-11-24 20:19:51,754 - INFO -   Got 250 days of data
2025-11-24 20:19:51,859 - INFO - 
[68/95] Conocophillips (COP)
2025-11-24 20:19:52,047 - INFO -   Got 250 days of data
2025-11-24 20:19:52,152 - INFO - 
[69/95] Pfizer (PFIZER.NS)
2025-11-24 20:19:52,326 - INFO -   Got 244 days of data
2025-11-24 20:19:52,431 - INFO - 
[70/95] Delta Air Lines (DAL)
2025-11-24 20:19:52,567 - INFO -   Got 250 days of data
2025-11-24 20:19:52,671 - INFO - 
[71/95] Td Synnex (SNX)
2025-11-24 20:19:52,804 - INFO -   Got 250 days of data
2025-11-24 20:19:52,910 - INFO - 
[73/95] Allstate (ALL)
2025-11-24 20:19:53,072 - INFO -   Got 250 days of data
2025-11-24 20:19:53,177 - INFO - 
[74/95] Cisco Systems (CSCO)
2025-11-24 20:19:53,314 - INFO -   Got 250 days of data
2025-11-24 20:19:53,420 - INFO - 
[75/95] Nationwide (NATWIDE.KL)
2025-11-24 20:19:54,420 - INFO -   No data available
2025-11-24 20:19:54,421 - INFO - 
[76/95] Charter Communications (CHTR)
2025-11-24 20:19:54,645 - INFO -   Got 250 days of data
2025-11-24 20:19:54,750 - INFO - 
[77/95] Abbvie (ABBV)
2025-11-24 20:19:54,890 - INFO -   Got 250 days of data
2025-11-24 20:19:54,994 - INFO - 
[78/95] New York Life Insurance (601336.SS)
2025-11-24 20:19:55,126 - INFO -   Got 240 days of data
2025-11-24 20:19:55,232 - INFO - 
[79/95] Intel (INTC)
2025-11-24 20:19:55,520 - INFO -   Got 250 days of data
2025-11-24 20:19:55,620 - INFO - 
[80/95] Tjx (TJX)
2025-11-24 20:19:55,810 - INFO -   Got 250 days of data
2025-11-24 20:19:55,914 - INFO - 
[81/95] Prudential Financial (PRU)
2025-11-24 20:19:56,065 - INFO -   Got 250 days of data
2025-11-24 20:19:56,169 - INFO - 
[83/95] United Airlines Holdings (UAL)
2025-11-24 20:19:56,278 - INFO -   Got 250 days of data
2025-11-24 20:19:56,383 - INFO - 
[84/95] Performance Food Group (PFGC)
2025-11-24 20:19:56,536 - INFO -   Got 250 days of data
2025-11-24 20:19:56,641 - INFO - 
[85/95] Tyson Foods (TSN)
2025-11-24 20:19:56,812 - INFO -   Got 250 days of data
2025-11-24 20:19:56,917 - INFO - 
[86/95] American Airlines Group (AAL)
2025-11-24 20:19:57,067 - INFO -   Got 250 days of data
2025-11-24 20:19:57,169 - INFO - 
[87/95] Liberty Mutual Insurance Group (LFG.AX)
2025-11-24 20:19:57,298 - INFO -   Got 252 days of data
2025-11-24 20:19:57,401 - INFO - 
[88/95] Nike (NKE)
2025-11-24 20:19:57,580 - INFO -   Got 250 days of data
2025-11-24 20:19:57,682 - INFO - 
[89/95] Oracle (ORCL)
2025-11-24 20:19:57,826 - INFO -   Got 250 days of data
2025-11-24 20:19:57,931 - INFO - 
[90/95] Enterprise Products Partners (EPD)
2025-11-24 20:19:58,073 - INFO -   Got 250 days of data
2025-11-24 20:19:58,178 - INFO - 
[91/95] Capital One Financial (COF)
2025-11-24 20:19:58,321 - INFO -   Got 250 days of data
2025-11-24 20:19:58,427 - INFO - 
[92/95] Plains Gp Holdings (PAGP)
2025-11-24 20:19:58,546 - INFO -   Got 250 days of data
2025-11-24 20:19:58,649 - INFO - 
[93/95] World Kinect (WKC)
2025-11-24 20:19:58,792 - INFO -   Got 250 days of data
2025-11-24 20:19:58,897 - INFO - 
[94/95] Aig (AIG)
2025-11-24 20:19:59,217 - INFO -   Got 250 days of data
2025-11-24 20:19:59,321 - INFO - 
[95/95] Coca-Cola (COLA.WA)
2025-11-24 20:19:59,435 - INFO -   Got 14 days of data
2025-11-24 20:19:59,536 - INFO - 
[96/95] Tiaa (TILIX)
2025-11-24 20:19:59,681 - INFO -   Got 250 days of data
2025-11-24 20:19:59,786 - INFO - 
[97/95] Chs (CHS.V)
2025-11-24 20:19:59,904 - INFO -   Got 250 days of data
2025-11-24 20:20:00,005 - INFO - 
[99/95] Dow (DOW)
2025-11-24 20:20:00,124 - INFO -   Got 250 days of data
2025-11-24 20:20:00,228 - INFO - 
[100/95] Best Buy (BBY)
2025-11-24 20:20:00,541 - INFO -   Got 250 days of data
2025-11-24 20:20:00,646 - INFO - 
============================================================
2025-11-24 20:20:00,646 - INFO - Organizing data by date...
2025-11-24 20:20:00,647 - INFO - ============================================================
2025-11-24 20:20:00,647 - INFO - Date 2024-01-01 already exists — skipping
2025-11-24 20:20:00,647 - INFO - Date 2024-01-02 already exists — skipping
2025-11-24 20:20:00,647 - INFO - Date 2024-01-03 already exists — skipping
2025-11-24 20:20:00,648 - INFO - Date 2024-01-04 already exists — skipping
2025-11-24 20:20:00,648 - INFO - Date 2024-01-05 already exists — skipping
2025-11-24 20:20:00,769 - INFO - Date 2024-01-08 already exists — skipping
2025-11-24 20:20:00,769 - INFO - Date 2024-01-09 already exists — skipping
2025-11-24 20:20:00,769 - INFO - Date 2024-01-10 already exists — skipping
2025-11-24 20:20:00,769 - INFO - Date 2024-01-11 already exists — skipping
2025-11-24 20:20:00,769 - INFO - Date 2024-01-12 already exists — skipping
2025-11-24 20:20:00,856 - INFO - Date 2024-01-15 already exists — skipping
2025-11-24 20:20:00,856 - INFO - Date 2024-01-16 already exists — skipping
2025-11-24 20:20:00,856 - INFO - Date 2024-01-17 already exists — skipping
2025-11-24 20:20:00,856 - INFO - Date 2024-01-18 already exists — skipping
2025-11-24 20:20:00,856 - INFO - Date 2024-01-19 already exists — skipping
2025-11-24 20:20:00,942 - INFO - Date 2024-01-22 already exists — skipping
2025-11-24 20:20:00,942 - INFO - Date 2024-01-23 already exists — skipping
2025-11-24 20:20:00,942 - INFO - Date 2024-01-24 already exists — skipping
2025-11-24 20:20:00,942 - INFO - Date 2024-01-25 already exists — skipping
2025-11-24 20:20:00,942 - INFO - Date 2024-01-26 already exists — skipping
2025-11-24 20:20:01,030 - INFO - Date 2024-01-29 already exists — skipping
2025-11-24 20:20:01,030 - INFO - Date 2024-01-30 already exists — skipping
2025-11-24 20:20:01,030 - INFO - Date 2024-01-31 already exists — skipping
2025-11-24 20:20:01,030 - INFO - Date 2024-02-01 already exists — skipping
2025-11-24 20:20:01,030 - INFO - Date 2024-02-02 already exists — skipping
2025-11-24 20:20:01,116 - INFO - Date 2024-02-05 already exists — skipping
2025-11-24 20:20:01,116 - INFO - Date 2024-02-06 already exists — skipping
2025-11-24 20:20:01,116 - INFO - Date 2024-02-07 already exists — skipping
2025-11-24 20:20:01,116 - INFO - Date 2024-02-08 already exists — skipping
2025-11-24 20:20:01,116 - INFO - Date 2024-02-09 already exists — skipping
2025-11-24 20:20:01,205 - INFO - Date 2024-02-12 already exists — skipping
2025-11-24 20:20:01,205 - INFO - Date 2024-02-13 already exists — skipping
2025-11-24 20:20:01,205 - INFO - Date 2024-02-14 already exists — skipping
2025-11-24 20:20:01,205 - INFO - Date 2024-02-15 already exists — skipping
2025-11-24 20:20:01,205 - INFO - Date 2024-02-16 already exists — skipping
2025-11-24 20:20:01,295 - INFO - Date 2024-02-19 already exists — skipping
2025-11-24 20:20:01,295 - INFO - Date 2024-02-20 already exists — skipping
2025-11-24 20:20:01,295 - INFO - Date 2024-02-21 already exists — skipping
2025-11-24 20:20:01,295 - INFO - Date 2024-02-22 already exists — skipping
2025-11-24 20:20:01,295 - INFO - Date 2024-02-23 already exists — skipping
2025-11-24 20:20:01,383 - INFO - Date 2024-02-26 already exists — skipping
2025-11-24 20:20:01,383 - INFO - Date 2024-02-27 already exists — skipping
2025-11-24 20:20:01,383 - INFO - Date 2024-02-28 already exists — skipping
2025-11-24 20:20:01,383 - INFO - Date 2024-02-29 already exists — skipping
2025-11-24 20:20:01,383 - INFO - Date 2024-03-01 already exists — skipping
2025-11-24 20:20:01,471 - INFO - Date 2024-03-04 already exists — skipping
2025-11-24 20:20:01,471 - INFO - Date 2024-03-05 already exists — skipping
2025-11-24 20:20:01,471 - INFO - Date 2024-03-06 already exists — skipping
2025-11-24 20:20:01,471 - INFO - Date 2024-03-07 already exists — skipping
2025-11-24 20:20:01,472 - INFO - Date 2024-03-08 already exists — skipping
2025-11-24 20:20:01,559 - INFO - Date 2024-03-11 already exists — skipping
2025-11-24 20:20:01,559 - INFO - Date 2024-03-12 already exists — skipping
2025-11-24 20:20:01,559 - INFO - Date 2024-03-13 already exists — skipping
2025-11-24 20:20:01,559 - INFO - Date 2024-03-14 already exists — skipping
2025-11-24 20:20:01,559 - INFO - Date 2024-03-15 already exists — skipping
2025-11-24 20:20:01,647 - INFO - Date 2024-03-18 already exists — skipping
2025-11-24 20:20:01,647 - INFO - Date 2024-03-19 already exists — skipping
2025-11-24 20:20:01,647 - INFO - Date 2024-03-20 already exists — skipping
2025-11-24 20:20:01,647 - INFO - Date 2024-03-21 already exists — skipping
2025-11-24 20:20:01,647 - INFO - Date 2024-03-22 already exists — skipping
2025-11-24 20:20:01,734 - INFO - Date 2024-03-25 already exists — skipping
2025-11-24 20:20:01,735 - INFO - Date 2024-03-26 already exists — skipping
2025-11-24 20:20:01,735 - INFO - Date 2024-03-27 already exists — skipping
2025-11-24 20:20:01,735 - INFO - Date 2024-03-28 already exists — skipping
2025-11-24 20:20:01,735 - INFO - Date 2024-03-29 already exists — skipping
2025-11-24 20:20:01,822 - INFO - Date 2024-04-01 already exists — skipping
2025-11-24 20:20:01,822 - INFO - Date 2024-04-02 already exists — skipping
2025-11-24 20:20:01,822 - INFO - Date 2024-04-03 already exists — skipping
2025-11-24 20:20:01,822 - INFO - Date 2024-04-04 already exists — skipping
2025-11-24 20:20:01,822 - INFO - Date 2024-04-05 already exists — skipping
2025-11-24 20:20:01,909 - INFO - Date 2024-04-08 already exists — skipping
2025-11-24 20:20:01,909 - INFO - Date 2024-04-09 already exists — skipping
2025-11-24 20:20:01,909 - INFO - Date 2024-04-10 already exists — skipping
2025-11-24 20:20:01,909 - INFO - Date 2024-04-11 already exists — skipping
2025-11-24 20:20:01,909 - INFO - Date 2024-04-12 already exists — skipping
2025-11-24 20:20:01,996 - INFO - Date 2024-04-15 already exists — skipping
2025-11-24 20:20:01,996 - INFO - Date 2024-04-16 already exists — skipping
2025-11-24 20:20:01,996 - INFO - Date 2024-04-17 already exists — skipping
2025-11-24 20:20:01,996 - INFO - Date 2024-04-18 already exists — skipping
2025-11-24 20:20:01,996 - INFO - Date 2024-04-19 already exists — skipping
2025-11-24 20:20:02,084 - INFO - Date 2024-04-22 already exists — skipping
2025-11-24 20:20:02,085 - INFO - Date 2024-04-23 already exists — skipping
2025-11-24 20:20:02,085 - INFO - Date 2024-04-24 already exists — skipping
2025-11-24 20:20:02,085 - INFO - Date 2024-04-25 already exists — skipping
2025-11-24 20:20:02,085 - INFO - Date 2024-04-26 already exists — skipping
2025-11-24 20:20:02,172 - INFO - Date 2024-04-29 already exists — skipping
2025-11-24 20:20:02,172 - INFO - Date 2024-04-30 already exists — skipping
2025-11-24 20:20:02,172 - INFO - Date 2024-05-01 already exists — skipping
2025-11-24 20:20:02,172 - INFO - Date 2024-05-02 already exists — skipping
2025-11-24 20:20:02,172 - INFO - Date 2024-05-03 already exists — skipping
2025-11-24 20:20:02,262 - INFO - Date 2024-05-06 already exists — skipping
2025-11-24 20:20:02,262 - INFO - Date 2024-05-07 already exists — skipping
2025-11-24 20:20:02,262 - INFO - Date 2024-05-08 already exists — skipping
2025-11-24 20:20:02,262 - INFO - Date 2024-05-09 already exists — skipping
2025-11-24 20:20:02,262 - INFO - Date 2024-05-10 already exists — skipping
2025-11-24 20:20:02,350 - INFO - Date 2024-05-13 already exists — skipping
2025-11-24 20:20:02,350 - INFO - Date 2024-05-14 already exists — skipping
2025-11-24 20:20:02,350 - INFO - Date 2024-05-15 already exists — skipping
2025-11-24 20:20:02,350 - INFO - Date 2024-05-16 already exists — skipping
2025-11-24 20:20:02,350 - INFO - Date 2024-05-17 already exists — skipping
2025-11-24 20:20:02,438 - INFO - Date 2024-05-20 already exists — skipping
2025-11-24 20:20:02,438 - INFO - Date 2024-05-21 already exists — skipping
2025-11-24 20:20:02,438 - INFO - Date 2024-05-22 already exists — skipping
2025-11-24 20:20:02,438 - INFO - Date 2024-05-23 already exists — skipping
2025-11-24 20:20:02,438 - INFO - Date 2024-05-24 already exists — skipping
2025-11-24 20:20:02,525 - INFO - Date 2024-05-27 already exists — skipping
2025-11-24 20:20:02,525 - INFO - Date 2024-05-28 already exists — skipping
2025-11-24 20:20:02,525 - INFO - Date 2024-05-29 already exists — skipping
2025-11-24 20:20:02,525 - INFO - Date 2024-05-30 already exists — skipping
2025-11-24 20:20:02,525 - INFO - Date 2024-05-31 already exists — skipping
2025-11-24 20:20:02,616 - INFO - Date 2024-06-03 already exists — skipping
2025-11-24 20:20:02,616 - INFO - Date 2024-06-04 already exists — skipping
2025-11-24 20:20:02,616 - INFO - Date 2024-06-05 already exists — skipping
2025-11-24 20:20:02,616 - INFO - Date 2024-06-06 already exists — skipping
2025-11-24 20:20:02,616 - INFO - Date 2024-06-07 already exists — skipping
2025-11-24 20:20:02,705 - INFO - Date 2024-06-10 already exists — skipping
2025-11-24 20:20:02,705 - INFO - Date 2024-06-11 already exists — skipping
2025-11-24 20:20:02,705 - INFO - Date 2024-06-12 already exists — skipping
2025-11-24 20:20:02,705 - INFO - Date 2024-06-13 already exists — skipping
2025-11-24 20:20:02,705 - INFO - Date 2024-06-14 already exists — skipping
2025-11-24 20:20:02,793 - INFO - Date 2024-06-17 already exists — skipping
2025-11-24 20:20:02,793 - INFO - Date 2024-06-18 already exists — skipping
2025-11-24 20:20:02,793 - INFO - Date 2024-06-19 already exists — skipping
2025-11-24 20:20:02,793 - INFO - Date 2024-06-20 already exists — skipping
2025-11-24 20:20:02,793 - INFO - Date 2024-06-21 already exists — skipping
2025-11-24 20:20:02,882 - INFO - Date 2024-06-24 already exists — skipping
2025-11-24 20:20:02,882 - INFO - Date 2024-06-25 already exists — skipping
2025-11-24 20:20:02,882 - INFO - Date 2024-06-26 already exists — skipping
2025-11-24 20:20:02,882 - INFO - Date 2024-06-27 already exists — skipping
2025-11-24 20:20:02,882 - INFO - Date 2024-06-28 already exists — skipping
2025-11-24 20:20:02,970 - INFO - Date 2024-07-01 already exists — skipping
2025-11-24 20:20:02,970 - INFO - Date 2024-07-02 already exists — skipping
2025-11-24 20:20:02,970 - INFO - Date 2024-07-03 already exists — skipping
2025-11-24 20:20:02,970 - INFO - Date 2024-07-04 already exists — skipping
2025-11-24 20:20:02,970 - INFO - Date 2024-07-05 already exists — skipping
2025-11-24 20:20:03,059 - INFO - Date 2024-07-08 already exists — skipping
2025-11-24 20:20:03,059 - INFO - Date 2024-07-09 already exists — skipping
2025-11-24 20:20:03,059 - INFO - Date 2024-07-10 already exists — skipping
2025-11-24 20:20:03,059 - INFO - Date 2024-07-11 already exists — skipping
2025-11-24 20:20:03,059 - INFO - Date 2024-07-12 already exists — skipping
2025-11-24 20:20:03,148 - INFO - Date 2024-07-15 already exists — skipping
2025-11-24 20:20:03,148 - INFO - Date 2024-07-16 already exists — skipping
2025-11-24 20:20:03,148 - INFO - Date 2024-07-17 already exists — skipping
2025-11-24 20:20:03,148 - INFO - Date 2024-07-18 already exists — skipping
2025-11-24 20:20:03,148 - INFO - Date 2024-07-19 already exists — skipping
2025-11-24 20:20:03,237 - INFO - Date 2024-07-22 already exists — skipping
2025-11-24 20:20:03,238 - INFO - Date 2024-07-23 already exists — skipping
2025-11-24 20:20:03,238 - INFO - Date 2024-07-24 already exists — skipping
2025-11-24 20:20:03,238 - INFO - Date 2024-07-25 already exists — skipping
2025-11-24 20:20:03,238 - INFO - Date 2024-07-26 already exists — skipping
2025-11-24 20:20:03,325 - INFO - Date 2024-07-29 already exists — skipping
2025-11-24 20:20:03,325 - INFO - Date 2024-07-30 already exists — skipping
2025-11-24 20:20:03,325 - INFO - Date 2024-07-31 already exists — skipping
2025-11-24 20:20:03,325 - INFO - Date 2024-08-01 already exists — skipping
2025-11-24 20:20:03,325 - INFO - Date 2024-08-02 already exists — skipping
2025-11-24 20:20:03,414 - INFO - Date 2024-08-05 already exists — skipping
2025-11-24 20:20:03,414 - INFO - Date 2024-08-06 already exists — skipping
2025-11-24 20:20:03,414 - INFO - Date 2024-08-07 already exists — skipping
2025-11-24 20:20:03,414 - INFO - Date 2024-08-08 already exists — skipping
2025-11-24 20:20:03,414 - INFO - Date 2024-08-09 already exists — skipping
2025-11-24 20:20:03,502 - INFO - Date 2024-08-12 already exists — skipping
2025-11-24 20:20:03,502 - INFO - Date 2024-08-13 already exists — skipping
2025-11-24 20:20:03,502 - INFO - Date 2024-08-14 already exists — skipping
2025-11-24 20:20:03,502 - INFO - Date 2024-08-15 already exists — skipping
2025-11-24 20:20:03,502 - INFO - Date 2024-08-16 already exists — skipping
2025-11-24 20:20:03,591 - INFO - Date 2024-08-19 already exists — skipping
2025-11-24 20:20:03,591 - INFO - Date 2024-08-20 already exists — skipping
2025-11-24 20:20:03,591 - INFO - Date 2024-08-21 already exists — skipping
2025-11-24 20:20:03,591 - INFO - Date 2024-08-22 already exists — skipping
2025-11-24 20:20:03,591 - INFO - Date 2024-08-23 already exists — skipping
2025-11-24 20:20:03,681 - INFO - Date 2024-08-26 already exists — skipping
2025-11-24 20:20:03,681 - INFO - Date 2024-08-27 already exists — skipping
2025-11-24 20:20:03,681 - INFO - Date 2024-08-28 already exists — skipping
2025-11-24 20:20:03,681 - INFO - Date 2024-08-29 already exists — skipping
2025-11-24 20:20:03,681 - INFO - Date 2024-08-30 already exists — skipping
2025-11-24 20:20:03,769 - INFO - Date 2024-09-02 already exists — skipping
2025-11-24 20:20:03,769 - INFO - Date 2024-09-03 already exists — skipping
2025-11-24 20:20:03,769 - INFO - Date 2024-09-04 already exists — skipping
2025-11-24 20:20:03,769 - INFO - Date 2024-09-05 already exists — skipping
2025-11-24 20:20:03,769 - INFO - Date 2024-09-06 already exists — skipping
2025-11-24 20:20:03,857 - INFO - Date 2024-09-09 already exists — skipping
2025-11-24 20:20:03,857 - INFO - Date 2024-09-10 already exists — skipping
2025-11-24 20:20:03,857 - INFO - Date 2024-09-11 already exists — skipping
2025-11-24 20:20:03,857 - INFO - Date 2024-09-12 already exists — skipping
2025-11-24 20:20:03,857 - INFO - Date 2024-09-13 already exists — skipping
2025-11-24 20:20:03,960 - INFO - Date 2024-09-16 already exists — skipping
2025-11-24 20:20:03,960 - INFO - Date 2024-09-17 already exists — skipping
2025-11-24 20:20:03,960 - INFO - Date 2024-09-18 already exists — skipping
2025-11-24 20:20:03,960 - INFO - Date 2024-09-19 already exists — skipping
2025-11-24 20:20:03,960 - INFO - Date 2024-09-20 already exists — skipping
2025-11-24 20:20:04,050 - INFO - Date 2024-09-23 already exists — skipping
2025-11-24 20:20:04,050 - INFO - Date 2024-09-24 already exists — skipping
2025-11-24 20:20:04,050 - INFO - Date 2024-09-25 already exists — skipping
2025-11-24 20:20:04,050 - INFO - Date 2024-09-26 already exists — skipping
2025-11-24 20:20:04,050 - INFO - Date 2024-09-27 already exists — skipping
2025-11-24 20:20:04,139 - INFO - Date 2024-09-30 already exists — skipping
2025-11-24 20:20:04,139 - INFO - Date 2024-10-01 already exists — skipping
2025-11-24 20:20:04,139 - INFO - Date 2024-10-02 already exists — skipping
2025-11-24 20:20:04,139 - INFO - Date 2024-10-03 already exists — skipping
2025-11-24 20:20:04,139 - INFO - Date 2024-10-04 already exists — skipping
2025-11-24 20:20:04,229 - INFO - Date 2024-10-07 already exists — skipping
2025-11-24 20:20:04,229 - INFO - Date 2024-10-08 already exists — skipping
2025-11-24 20:20:04,229 - INFO - Date 2024-10-09 already exists — skipping
2025-11-24 20:20:04,229 - INFO - Date 2024-10-10 already exists — skipping
2025-11-24 20:20:04,229 - INFO - Date 2024-10-11 already exists — skipping
2025-11-24 20:20:04,320 - INFO - Date 2024-10-14 already exists — skipping
2025-11-24 20:20:04,320 - INFO - Date 2024-10-15 already exists — skipping
2025-11-24 20:20:04,320 - INFO - Date 2024-10-16 already exists — skipping
2025-11-24 20:20:04,320 - INFO - Date 2024-10-17 already exists — skipping
2025-11-24 20:20:04,320 - INFO - Date 2024-10-18 already exists — skipping
2025-11-24 20:20:04,411 - INFO - Date 2024-10-21 already exists — skipping
2025-11-24 20:20:04,411 - INFO - Date 2024-10-22 already exists — skipping
2025-11-24 20:20:04,411 - INFO - Date 2024-10-23 already exists — skipping
2025-11-24 20:20:04,411 - INFO - Date 2024-10-24 already exists — skipping
2025-11-24 20:20:04,411 - INFO - Date 2024-10-25 already exists — skipping
2025-11-24 20:20:04,500 - INFO - Date 2024-10-28 already exists — skipping
2025-11-24 20:20:04,500 - INFO - Date 2024-10-29 already exists — skipping
2025-11-24 20:20:04,500 - INFO - Date 2024-10-30 already exists — skipping
2025-11-24 20:20:04,500 - INFO - Date 2024-10-31 already exists — skipping
2025-11-24 20:20:04,500 - INFO - Date 2024-11-01 already exists — skipping
2025-11-24 20:20:04,592 - INFO - Date 2024-11-04 already exists — skipping
2025-11-24 20:20:04,592 - INFO - Date 2024-11-05 already exists — skipping
2025-11-24 20:20:04,592 - INFO - Date 2024-11-06 already exists — skipping
2025-11-24 20:20:04,592 - INFO - Date 2024-11-07 already exists — skipping
2025-11-24 20:20:04,592 - INFO - Date 2024-11-08 already exists — skipping
2025-11-24 20:20:04,681 - INFO - Date 2024-11-11 already exists — skipping
2025-11-24 20:20:04,681 - INFO - Date 2024-11-12 already exists — skipping
2025-11-24 20:20:04,681 - INFO - Date 2024-11-13 already exists — skipping
2025-11-24 20:20:04,681 - INFO - Date 2024-11-14 already exists — skipping
2025-11-24 20:20:04,681 - INFO - Date 2024-11-15 already exists — skipping
2025-11-24 20:20:04,771 - INFO - Date 2024-11-18 already exists — skipping
2025-11-24 20:20:04,771 - INFO - Date 2024-11-19 already exists — skipping
2025-11-24 20:20:04,771 - INFO - Date 2024-11-20 already exists — skipping
2025-11-24 20:20:04,771 - INFO - Date 2024-11-21 already exists — skipping
2025-11-24 20:20:04,771 - INFO - Date 2024-11-22 already exists — skipping
2025-11-24 20:20:04,861 - INFO - Date 2024-11-25 already exists — skipping
2025-11-24 20:20:04,861 - INFO - Date 2024-11-26 already exists — skipping
2025-11-24 20:20:04,861 - INFO - Date 2024-11-27 already exists — skipping
2025-11-24 20:20:04,861 - INFO - Date 2024-11-28 already exists — skipping
2025-11-24 20:20:04,861 - INFO - Date 2024-11-29 already exists — skipping
2025-11-24 20:20:04,950 - INFO - Date 2024-12-02 already exists — skipping
2025-11-24 20:20:04,950 - INFO - Date 2024-12-03 already exists — skipping
2025-11-24 20:20:04,950 - INFO - Date 2024-12-04 already exists — skipping
2025-11-24 20:20:04,950 - INFO - Date 2024-12-05 already exists — skipping
2025-11-24 20:20:04,950 - INFO - Date 2024-12-06 already exists — skipping
2025-11-24 20:20:05,039 - INFO - Date 2024-12-09 already exists — skipping
2025-11-24 20:20:05,039 - INFO - Date 2024-12-10 already exists — skipping
2025-11-24 20:20:05,040 - INFO - Date 2024-12-11 already exists — skipping
2025-11-24 20:20:05,040 - INFO - Date 2024-12-12 already exists — skipping
2025-11-24 20:20:05,040 - INFO - Date 2024-12-13 already exists — skipping
2025-11-24 20:20:05,129 - INFO - Date 2024-12-16 already exists — skipping
2025-11-24 20:20:05,129 - INFO - Date 2024-12-17 already exists — skipping
2025-11-24 20:20:05,129 - INFO - Date 2024-12-18 already exists — skipping
2025-11-24 20:20:05,129 - INFO - Date 2024-12-19 already exists — skipping
2025-11-24 20:20:05,129 - INFO - Date 2024-12-20 already exists — skipping
2025-11-24 20:20:05,219 - INFO - Date 2024-12-23 already exists — skipping
2025-11-24 20:20:05,219 - INFO - Date 2024-12-24 already exists — skipping
2025-11-24 20:20:05,219 - INFO - Date 2024-12-25 already exists — skipping
2025-11-24 20:20:05,219 - INFO - Date 2024-12-26 already exists — skipping
2025-11-24 20:20:05,219 - INFO - Date 2024-12-27 already exists — skipping
2025-11-24 20:20:05,308 - INFO - Date 2024-12-30 already exists — skipping
2025-11-24 20:20:05,308 - INFO - 
Total files saved: 0
2025-11-24 20:20:05,308 - INFO - Total files skipped: 261
2025-11-24 20:20:05,309 - INFO - 
============================================================
2025-11-24 20:20:05,309 - INFO - Creating HISTORICAL company metadata
2025-11-24 20:20:05,309 - INFO - Years: 2024 to 2024
2025-11-24 20:20:05,309 - INFO - ============================================================
2025-11-24 20:20:05,309 - INFO - 
2024: Metadata already exists — skipping
2025-11-24 20:20:05,309 - INFO - 
Metadata creation complete
2025-11-24 20:20:05,309 - INFO - 
============================================================
2025-11-24 20:20:05,309 - INFO - Creating HISTORICAL macro data
2025-11-24 20:20:05,309 - INFO - Years: 2024 to 2024
2025-11-24 20:20:05,309 - INFO - ============================================================
2025-11-24 20:20:05,309 - INFO - 
2024: Already exists — skipping
2025-11-24 20:20:05,309 - INFO - 
Macro data creation complete
2025-11-24 20:20:05,309 - INFO - 
============================================================
2025-11-24 20:20:05,309 - INFO - Fetching HISTORICAL exchange rates (USD-INR) from FRED
2025-11-24 20:20:05,309 - INFO - Years: 2024 to 2024
2025-11-24 20:20:05,309 - INFO - ============================================================
2025-11-24 20:20:05,309 - INFO - 
2024: Already exists — skipping
2025-11-24 20:20:05,309 - INFO - 
Exchange rate data complete
2025-11-24 20:20:05,309 - INFO - ============================================================
2025-11-24 20:20:05,309 - INFO - Starting merge process
2025-11-24 20:20:05,309 - INFO - Mode: Historical
2025-11-24 20:20:05,309 - INFO - Date range: 2024-01-01 to 2024-12-30
2025-11-24 20:20:05,309 - INFO - Execution dir: /Users/shalinitata/Desktop/stocks/Execution/2025/11/24/2025:11:24_20:20:05
2025-11-24 20:20:05,309 - INFO - ============================================================
2025-11-24 20:20:05,309 - INFO - 
============================================================
2025-11-24 20:20:05,309 - INFO - STEP 1: Processing BASE TABLE (stocks_raw)
2025-11-24 20:20:05,310 - INFO - ============================================================
2025-11-24 20:20:05,310 - INFO - Processing stocks_raw (BASE TABLE)
2025-11-24 20:20:05,311 - INFO - Read 92 rows from 2024/03/04/stocks.csv
2025-11-24 20:20:05,312 - INFO - Read 92 rows from 2024/03/05/stocks.csv
2025-11-24 20:20:05,312 - INFO - Read 92 rows from 2024/03/20/stocks.csv
2025-11-24 20:20:05,313 - INFO - Read 92 rows from 2024/03/18/stocks.csv
2025-11-24 20:20:05,313 - INFO - Read 92 rows from 2024/03/27/stocks.csv
2025-11-24 20:20:05,314 - INFO - Read 92 rows from 2024/03/11/stocks.csv
2025-11-24 20:20:05,314 - INFO - Read 1 rows from 2024/03/29/stocks.csv
2025-11-24 20:20:05,315 - INFO - Read 92 rows from 2024/03/28/stocks.csv
2025-11-24 20:20:05,316 - INFO - Read 92 rows from 2024/03/19/stocks.csv
2025-11-24 20:20:05,316 - INFO - Read 92 rows from 2024/03/26/stocks.csv
2025-11-24 20:20:05,316 - INFO - Read 92 rows from 2024/03/21/stocks.csv
2025-11-24 20:20:05,317 - INFO - Read 92 rows from 2024/03/07/stocks.csv
2025-11-24 20:20:05,317 - INFO - Read 91 rows from 2024/03/08/stocks.csv
2025-11-24 20:20:05,317 - INFO - Read 92 rows from 2024/03/01/stocks.csv
2025-11-24 20:20:05,318 - INFO - Read 92 rows from 2024/03/06/stocks.csv
2025-11-24 20:20:05,318 - INFO - Read 92 rows from 2024/03/15/stocks.csv
2025-11-24 20:20:05,318 - INFO - Read 92 rows from 2024/03/12/stocks.csv
2025-11-24 20:20:05,319 - INFO - Read 92 rows from 2024/03/13/stocks.csv
2025-11-24 20:20:05,319 - INFO - Read 92 rows from 2024/03/14/stocks.csv
2025-11-24 20:20:05,319 - INFO - Read 92 rows from 2024/03/22/stocks.csv
2025-11-24 20:20:05,320 - INFO - Read 91 rows from 2024/03/25/stocks.csv
2025-11-24 20:20:05,320 - INFO - Read 92 rows from 2024/04/03/stocks.csv
2025-11-24 20:20:05,321 - INFO - Read 91 rows from 2024/04/04/stocks.csv
2025-11-24 20:20:05,321 - INFO - Read 91 rows from 2024/04/05/stocks.csv
2025-11-24 20:20:05,321 - INFO - Read 92 rows from 2024/04/02/stocks.csv
2025-11-24 20:20:05,322 - INFO - Read 92 rows from 2024/04/18/stocks.csv
2025-11-24 20:20:05,322 - INFO - Read 91 rows from 2024/04/11/stocks.csv
2025-11-24 20:20:05,323 - INFO - Read 92 rows from 2024/04/29/stocks.csv
2025-11-24 20:20:05,323 - INFO - Read 92 rows from 2024/04/16/stocks.csv
2025-11-24 20:20:05,324 - INFO - Read 91 rows from 2024/04/17/stocks.csv
2025-11-24 20:20:05,324 - INFO - Read 92 rows from 2024/04/10/stocks.csv
2025-11-24 20:20:05,324 - INFO - Read 92 rows from 2024/04/19/stocks.csv
2025-11-24 20:20:05,325 - INFO - Read 92 rows from 2024/04/26/stocks.csv
2025-11-24 20:20:05,325 - INFO - Read 92 rows from 2024/04/09/stocks.csv
2025-11-24 20:20:05,325 - INFO - Read 92 rows from 2024/04/30/stocks.csv
2025-11-24 20:20:05,326 - INFO - Read 92 rows from 2024/04/08/stocks.csv
2025-11-24 20:20:05,326 - INFO - Read 88 rows from 2024/04/01/stocks.csv
2025-11-24 20:20:05,326 - INFO - Read 92 rows from 2024/04/24/stocks.csv
2025-11-24 20:20:05,327 - INFO - Read 92 rows from 2024/04/23/stocks.csv
2025-11-24 20:20:05,327 - INFO - Read 92 rows from 2024/04/15/stocks.csv
2025-11-24 20:20:05,327 - INFO - Read 92 rows from 2024/04/12/stocks.csv
2025-11-24 20:20:05,328 - INFO - Read 92 rows from 2024/04/22/stocks.csv
2025-11-24 20:20:05,328 - INFO - Read 91 rows from 2024/04/25/stocks.csv
2025-11-24 20:20:05,328 - INFO - Read 91 rows from 2024/05/03/stocks.csv
2025-11-24 20:20:05,329 - INFO - Read 91 rows from 2024/05/02/stocks.csv
2025-11-24 20:20:05,329 - INFO - Read 90 rows from 2024/05/20/stocks.csv
2025-11-24 20:20:05,330 - INFO - Read 6 rows from 2024/05/27/stocks.csv
2025-11-24 20:20:05,330 - INFO - Read 92 rows from 2024/05/29/stocks.csv
2025-11-24 20:20:05,331 - INFO - Read 92 rows from 2024/05/16/stocks.csv
2025-11-24 20:20:05,331 - INFO - Read 92 rows from 2024/05/28/stocks.csv
2025-11-24 20:20:05,332 - INFO - Read 92 rows from 2024/05/17/stocks.csv
2025-11-24 20:20:05,332 - INFO - Read 92 rows from 2024/05/10/stocks.csv
2025-11-24 20:20:05,332 - INFO - Read 92 rows from 2024/05/21/stocks.csv
2025-11-24 20:20:05,333 - INFO - Read 92 rows from 2024/05/07/stocks.csv
2025-11-24 20:20:05,333 - INFO - Read 91 rows from 2024/05/09/stocks.csv
2025-11-24 20:20:05,333 - INFO - Read 92 rows from 2024/05/31/stocks.csv
2025-11-24 20:20:05,334 - INFO - Read 92 rows from 2024/05/30/stocks.csv
2025-11-24 20:20:05,334 - INFO - Read 92 rows from 2024/05/08/stocks.csv
2025-11-24 20:20:05,334 - INFO - Read 88 rows from 2024/05/01/stocks.csv
2025-11-24 20:20:05,335 - INFO - Read 91 rows from 2024/05/06/stocks.csv
2025-11-24 20:20:05,335 - INFO - Read 92 rows from 2024/05/24/stocks.csv
2025-11-24 20:20:05,335 - INFO - Read 92 rows from 2024/05/23/stocks.csv
2025-11-24 20:20:05,336 - INFO - Read 92 rows from 2024/05/15/stocks.csv
2025-11-24 20:20:05,336 - INFO - Read 92 rows from 2024/05/13/stocks.csv
2025-11-24 20:20:05,336 - INFO - Read 92 rows from 2024/05/14/stocks.csv
2025-11-24 20:20:05,337 - INFO - Read 92 rows from 2024/05/22/stocks.csv
2025-11-24 20:20:05,337 - INFO - Read 92 rows from 2024/02/05/stocks.csv
2025-11-24 20:20:05,338 - INFO - Read 92 rows from 2024/02/02/stocks.csv
2025-11-24 20:20:05,338 - INFO - Read 92 rows from 2024/02/20/stocks.csv
2025-11-24 20:20:05,339 - INFO - Read 92 rows from 2024/02/27/stocks.csv
2025-11-24 20:20:05,339 - INFO - Read 92 rows from 2024/02/29/stocks.csv
2025-11-24 20:20:05,339 - INFO - Read 91 rows from 2024/02/16/stocks.csv
2025-11-24 20:20:05,340 - INFO - Read 92 rows from 2024/02/28/stocks.csv
2025-11-24 20:20:05,340 - INFO - Read 6 rows from 2024/02/19/stocks.csv
2025-11-24 20:20:05,341 - INFO - Read 92 rows from 2024/02/26/stocks.csv
2025-11-24 20:20:05,341 - INFO - Read 92 rows from 2024/02/21/stocks.csv
2025-11-24 20:20:05,341 - INFO - Read 92 rows from 2024/02/07/stocks.csv
2025-11-24 20:20:05,341 - INFO - Read 91 rows from 2024/02/09/stocks.csv
2025-11-24 20:20:05,342 - INFO - Read 92 rows from 2024/02/08/stocks.csv
2025-11-24 20:20:05,342 - INFO - Read 92 rows from 2024/02/01/stocks.csv
2025-11-24 20:20:05,342 - INFO - Read 92 rows from 2024/02/06/stocks.csv
2025-11-24 20:20:05,343 - INFO - Read 92 rows from 2024/02/23/stocks.csv
2025-11-24 20:20:05,343 - INFO - Read 91 rows from 2024/02/15/stocks.csv
2025-11-24 20:20:05,343 - INFO - Read 91 rows from 2024/02/12/stocks.csv
2025-11-24 20:20:05,344 - INFO - Read 91 rows from 2024/02/13/stocks.csv
2025-11-24 20:20:05,344 - INFO - Read 91 rows from 2024/02/14/stocks.csv
2025-11-24 20:20:05,344 - INFO - Read 92 rows from 2024/02/22/stocks.csv
2025-11-24 20:20:05,345 - INFO - Read 92 rows from 2024/11/04/stocks.csv
2025-11-24 20:20:05,345 - INFO - Read 92 rows from 2024/11/05/stocks.csv
2025-11-24 20:20:05,346 - INFO - Read 91 rows from 2024/11/20/stocks.csv
2025-11-24 20:20:05,346 - INFO - Read 92 rows from 2024/11/18/stocks.csv
2025-11-24 20:20:05,346 - INFO - Read 92 rows from 2024/11/27/stocks.csv
2025-11-24 20:20:05,347 - INFO - Read 92 rows from 2024/11/11/stocks.csv
2025-11-24 20:20:05,347 - INFO - Read 92 rows from 2024/11/29/stocks.csv
2025-11-24 20:20:05,348 - INFO - Read 7 rows from 2024/11/28/stocks.csv
2025-11-24 20:20:05,348 - INFO - Read 92 rows from 2024/11/19/stocks.csv
2025-11-24 20:20:05,349 - INFO - Read 92 rows from 2024/11/26/stocks.csv
2025-11-24 20:20:05,349 - INFO - Read 92 rows from 2024/11/21/stocks.csv
2025-11-24 20:20:05,349 - INFO - Read 92 rows from 2024/11/07/stocks.csv
2025-11-24 20:20:05,350 - INFO - Read 92 rows from 2024/11/08/stocks.csv
2025-11-24 20:20:05,350 - INFO - Read 92 rows from 2024/11/01/stocks.csv
2025-11-24 20:20:05,350 - INFO - Read 92 rows from 2024/11/06/stocks.csv
2025-11-24 20:20:05,351 - INFO - Read 91 rows from 2024/11/15/stocks.csv
2025-11-24 20:20:05,351 - INFO - Read 92 rows from 2024/11/12/stocks.csv
2025-11-24 20:20:05,351 - INFO - Read 92 rows from 2024/11/13/stocks.csv
2025-11-24 20:20:05,351 - INFO - Read 92 rows from 2024/11/14/stocks.csv
2025-11-24 20:20:05,352 - INFO - Read 92 rows from 2024/11/22/stocks.csv
2025-11-24 20:20:05,352 - INFO - Read 92 rows from 2024/11/25/stocks.csv
2025-11-24 20:20:05,352 - INFO - Read 91 rows from 2024/10/03/stocks.csv
2025-11-24 20:20:05,353 - INFO - Read 91 rows from 2024/10/04/stocks.csv
2025-11-24 20:20:05,353 - INFO - Read 90 rows from 2024/10/02/stocks.csv
2025-11-24 20:20:05,354 - INFO - Read 92 rows from 2024/10/18/stocks.csv
2025-11-24 20:20:05,354 - INFO - Read 92 rows from 2024/10/11/stocks.csv
2025-11-24 20:20:05,354 - INFO - Read 92 rows from 2024/10/29/stocks.csv
2025-11-24 20:20:05,354 - INFO - Read 92 rows from 2024/10/16/stocks.csv
2025-11-24 20:20:05,355 - INFO - Read 92 rows from 2024/10/28/stocks.csv
2025-11-24 20:20:05,355 - INFO - Read 92 rows from 2024/10/17/stocks.csv
2025-11-24 20:20:05,356 - INFO - Read 92 rows from 2024/10/10/stocks.csv
2025-11-24 20:20:05,356 - INFO - Read 92 rows from 2024/10/21/stocks.csv
2025-11-24 20:20:05,356 - INFO - Read 91 rows from 2024/10/07/stocks.csv
2025-11-24 20:20:05,357 - INFO - Read 92 rows from 2024/10/09/stocks.csv
2025-11-24 20:20:05,357 - INFO - Read 92 rows from 2024/10/31/stocks.csv
2025-11-24 20:20:05,357 - INFO - Read 92 rows from 2024/10/30/stocks.csv
2025-11-24 20:20:05,357 - INFO - Read 92 rows from 2024/10/08/stocks.csv
2025-11-24 20:20:05,358 - INFO - Read 91 rows from 2024/10/01/stocks.csv
2025-11-24 20:20:05,358 - INFO - Read 92 rows from 2024/10/24/stocks.csv
2025-11-24 20:20:05,358 - INFO - Read 92 rows from 2024/10/23/stocks.csv
2025-11-24 20:20:05,359 - INFO - Read 92 rows from 2024/10/15/stocks.csv
2025-11-24 20:20:05,359 - INFO - Read 91 rows from 2024/10/14/stocks.csv
2025-11-24 20:20:05,359 - INFO - Read 92 rows from 2024/10/22/stocks.csv
2025-11-24 20:20:05,360 - INFO - Read 92 rows from 2024/10/25/stocks.csv
2025-11-24 20:20:05,360 - INFO - Read 92 rows from 2024/07/03/stocks.csv
2025-11-24 20:20:05,361 - INFO - Read 7 rows from 2024/07/04/stocks.csv
2025-11-24 20:20:05,361 - INFO - Read 92 rows from 2024/07/05/stocks.csv
2025-11-24 20:20:05,361 - INFO - Read 92 rows from 2024/07/02/stocks.csv
2025-11-24 20:20:05,362 - INFO - Read 92 rows from 2024/07/18/stocks.csv
2025-11-24 20:20:05,362 - INFO - Read 92 rows from 2024/07/11/stocks.csv
2025-11-24 20:20:05,362 - INFO - Read 92 rows from 2024/07/29/stocks.csv
2025-11-24 20:20:05,363 - INFO - Read 92 rows from 2024/07/16/stocks.csv
2025-11-24 20:20:05,363 - INFO - Read 91 rows from 2024/07/17/stocks.csv
2025-11-24 20:20:05,364 - INFO - Read 92 rows from 2024/07/10/stocks.csv
2025-11-24 20:20:05,364 - INFO - Read 92 rows from 2024/07/19/stocks.csv
2025-11-24 20:20:05,364 - INFO - Read 92 rows from 2024/07/26/stocks.csv
2025-11-24 20:20:05,365 - INFO - Read 92 rows from 2024/07/09/stocks.csv
2025-11-24 20:20:05,365 - INFO - Read 92 rows from 2024/07/31/stocks.csv
2025-11-24 20:20:05,365 - INFO - Read 92 rows from 2024/07/30/stocks.csv
2025-11-24 20:20:05,366 - INFO - Read 92 rows from 2024/07/08/stocks.csv
2025-11-24 20:20:05,366 - INFO - Read 91 rows from 2024/07/01/stocks.csv
2025-11-24 20:20:05,366 - INFO - Read 92 rows from 2024/07/24/stocks.csv
2025-11-24 20:20:05,367 - INFO - Read 92 rows from 2024/07/23/stocks.csv
2025-11-24 20:20:05,367 - INFO - Read 92 rows from 2024/07/15/stocks.csv
2025-11-24 20:20:05,367 - INFO - Read 92 rows from 2024/07/12/stocks.csv
2025-11-24 20:20:05,368 - INFO - Read 92 rows from 2024/07/22/stocks.csv
2025-11-24 20:20:05,368 - INFO - Read 92 rows from 2024/07/25/stocks.csv
2025-11-24 20:20:05,368 - INFO - Read 92 rows from 2024/09/03/stocks.csv
2025-11-24 20:20:05,369 - INFO - Read 92 rows from 2024/09/04/stocks.csv
2025-11-24 20:20:05,369 - INFO - Read 92 rows from 2024/09/05/stocks.csv
2025-11-24 20:20:05,369 - INFO - Read 6 rows from 2024/09/02/stocks.csv
2025-11-24 20:20:05,370 - INFO - Read 92 rows from 2024/09/20/stocks.csv
2025-11-24 20:20:05,370 - INFO - Read 92 rows from 2024/09/18/stocks.csv
2025-11-24 20:20:05,370 - INFO - Read 92 rows from 2024/09/27/stocks.csv
2025-11-24 20:20:05,371 - INFO - Read 92 rows from 2024/09/11/stocks.csv
2025-11-24 20:20:05,371 - INFO - Read 91 rows from 2024/09/16/stocks.csv
2025-11-24 20:20:05,371 - INFO - Read 91 rows from 2024/09/17/stocks.csv
2025-11-24 20:20:05,371 - INFO - Read 92 rows from 2024/09/10/stocks.csv
2025-11-24 20:20:05,372 - INFO - Read 92 rows from 2024/09/19/stocks.csv
2025-11-24 20:20:05,373 - INFO - Read 92 rows from 2024/09/26/stocks.csv
2025-11-24 20:20:05,374 - INFO - Read 92 rows from 2024/09/09/stocks.csv
2025-11-24 20:20:05,374 - INFO - Read 92 rows from 2024/09/30/stocks.csv
2025-11-24 20:20:05,374 - INFO - Read 92 rows from 2024/09/06/stocks.csv
2025-11-24 20:20:05,375 - INFO - Read 92 rows from 2024/09/24/stocks.csv
2025-11-24 20:20:05,375 - INFO - Read 92 rows from 2024/09/23/stocks.csv
2025-11-24 20:20:05,375 - INFO - Read 92 rows from 2024/09/12/stocks.csv
2025-11-24 20:20:05,376 - INFO - Read 92 rows from 2024/09/13/stocks.csv
2025-11-24 20:20:05,376 - INFO - Read 92 rows from 2024/09/25/stocks.csv
2025-11-24 20:20:05,376 - INFO - Read 91 rows from 2024/08/05/stocks.csv
2025-11-24 20:20:05,377 - INFO - Read 92 rows from 2024/08/02/stocks.csv
2025-11-24 20:20:05,377 - INFO - Read 92 rows from 2024/08/20/stocks.csv
2025-11-24 20:20:05,377 - INFO - Read 92 rows from 2024/08/27/stocks.csv
2025-11-24 20:20:05,378 - INFO - Read 92 rows from 2024/08/29/stocks.csv
2025-11-24 20:20:05,378 - INFO - Read 92 rows from 2024/08/16/stocks.csv
2025-11-24 20:20:05,378 - INFO - Read 92 rows from 2024/08/28/stocks.csv
2025-11-24 20:20:05,379 - INFO - Read 92 rows from 2024/08/19/stocks.csv
2025-11-24 20:20:05,379 - INFO - Read 91 rows from 2024/08/26/stocks.csv
2025-11-24 20:20:05,379 - INFO - Read 92 rows from 2024/08/21/stocks.csv
2025-11-24 20:20:05,380 - INFO - Read 92 rows from 2024/08/07/stocks.csv
2025-11-24 20:20:05,380 - INFO - Read 92 rows from 2024/08/09/stocks.csv
2025-11-24 20:20:05,381 - INFO - Read 92 rows from 2024/08/30/stocks.csv
2025-11-24 20:20:05,381 - INFO - Read 92 rows from 2024/08/08/stocks.csv
2025-11-24 20:20:05,381 - INFO - Read 92 rows from 2024/08/01/stocks.csv
2025-11-24 20:20:05,382 - INFO - Read 92 rows from 2024/08/06/stocks.csv
2025-11-24 20:20:05,382 - INFO - Read 92 rows from 2024/08/23/stocks.csv
2025-11-24 20:20:05,382 - INFO - Read 91 rows from 2024/08/15/stocks.csv
2025-11-24 20:20:05,383 - INFO - Read 92 rows from 2024/08/12/stocks.csv
2025-11-24 20:20:05,383 - INFO - Read 92 rows from 2024/08/13/stocks.csv
2025-11-24 20:20:05,383 - INFO - Read 92 rows from 2024/08/14/stocks.csv
2025-11-24 20:20:05,384 - INFO - Read 92 rows from 2024/08/22/stocks.csv
2025-11-24 20:20:05,384 - INFO - Read 92 rows from 2024/01/03/stocks.csv
2025-11-24 20:20:05,385 - INFO - Read 92 rows from 2024/01/04/stocks.csv
2025-11-24 20:20:05,385 - INFO - Read 92 rows from 2024/01/05/stocks.csv
2025-11-24 20:20:05,385 - INFO - Read 92 rows from 2024/01/02/stocks.csv
2025-11-24 20:20:05,386 - INFO - Read 92 rows from 2024/01/18/stocks.csv
2025-11-24 20:20:05,386 - INFO - Read 92 rows from 2024/01/11/stocks.csv
2025-11-24 20:20:05,386 - INFO - Read 92 rows from 2024/01/29/stocks.csv
2025-11-24 20:20:05,387 - INFO - Read 92 rows from 2024/01/16/stocks.csv
2025-11-24 20:20:05,387 - INFO - Read 92 rows from 2024/01/17/stocks.csv
2025-11-24 20:20:05,387 - INFO - Read 92 rows from 2024/01/10/stocks.csv
2025-11-24 20:20:05,388 - INFO - Read 92 rows from 2024/01/19/stocks.csv
2025-11-24 20:20:05,388 - INFO - Read 90 rows from 2024/01/26/stocks.csv
2025-11-24 20:20:05,388 - INFO - Read 92 rows from 2024/01/09/stocks.csv
2025-11-24 20:20:05,389 - INFO - Read 92 rows from 2024/01/31/stocks.csv
2025-11-24 20:20:05,389 - INFO - Read 92 rows from 2024/01/30/stocks.csv
2025-11-24 20:20:05,390 - INFO - Read 92 rows from 2024/01/08/stocks.csv
2025-11-24 20:20:05,390 - INFO - Read 1 rows from 2024/01/01/stocks.csv
2025-11-24 20:20:05,390 - INFO - Read 92 rows from 2024/01/24/stocks.csv
2025-11-24 20:20:05,391 - INFO - Read 92 rows from 2024/01/23/stocks.csv
2025-11-24 20:20:05,391 - INFO - Read 7 rows from 2024/01/15/stocks.csv
2025-11-24 20:20:05,392 - INFO - Read 92 rows from 2024/01/12/stocks.csv
2025-11-24 20:20:05,392 - INFO - Read 91 rows from 2024/01/22/stocks.csv
2025-11-24 20:20:05,392 - INFO - Read 92 rows from 2024/01/25/stocks.csv
2025-11-24 20:20:05,393 - INFO - Read 92 rows from 2024/06/03/stocks.csv
2025-11-24 20:20:05,393 - INFO - Read 92 rows from 2024/06/04/stocks.csv
2025-11-24 20:20:05,394 - INFO - Read 92 rows from 2024/06/05/stocks.csv
2025-11-24 20:20:05,394 - INFO - Read 92 rows from 2024/06/20/stocks.csv
2025-11-24 20:20:05,394 - INFO - Read 92 rows from 2024/06/18/stocks.csv
2025-11-24 20:20:05,395 - INFO - Read 92 rows from 2024/06/27/stocks.csv
2025-11-24 20:20:05,395 - INFO - Read 92 rows from 2024/06/11/stocks.csv
2025-11-24 20:20:05,395 - INFO - Read 92 rows from 2024/06/28/stocks.csv
2025-11-24 20:20:05,396 - INFO - Read 91 rows from 2024/06/17/stocks.csv
2025-11-24 20:20:05,396 - INFO - Read 90 rows from 2024/06/10/stocks.csv
2025-11-24 20:20:05,396 - INFO - Read 7 rows from 2024/06/19/stocks.csv
2025-11-24 20:20:05,397 - INFO - Read 92 rows from 2024/06/26/stocks.csv
2025-11-24 20:20:05,397 - INFO - Read 91 rows from 2024/06/21/stocks.csv
2025-11-24 20:20:05,398 - INFO - Read 92 rows from 2024/06/07/stocks.csv
2025-11-24 20:20:05,398 - INFO - Read 91 rows from 2024/06/06/stocks.csv
2025-11-24 20:20:05,399 - INFO - Read 92 rows from 2024/06/24/stocks.csv
2025-11-24 20:20:05,399 - INFO - Read 92 rows from 2024/06/12/stocks.csv
2025-11-24 20:20:05,400 - INFO - Read 92 rows from 2024/06/13/stocks.csv
2025-11-24 20:20:05,400 - INFO - Read 92 rows from 2024/06/14/stocks.csv
2025-11-24 20:20:05,400 - INFO - Read 92 rows from 2024/06/25/stocks.csv
2025-11-24 20:20:05,401 - INFO - Read 93 rows from 2024/12/03/stocks.csv
2025-11-24 20:20:05,401 - INFO - Read 93 rows from 2024/12/04/stocks.csv
2025-11-24 20:20:05,402 - INFO - Read 93 rows from 2024/12/05/stocks.csv
2025-11-24 20:20:05,402 - INFO - Read 92 rows from 2024/12/02/stocks.csv
2025-11-24 20:20:05,402 - INFO - Read 92 rows from 2024/12/20/stocks.csv
2025-11-24 20:20:05,403 - INFO - Read 93 rows from 2024/12/18/stocks.csv
2025-11-24 20:20:05,403 - INFO - Read 93 rows from 2024/12/27/stocks.csv
2025-11-24 20:20:05,403 - INFO - Read 92 rows from 2024/12/11/stocks.csv
2025-11-24 20:20:05,404 - INFO - Read 93 rows from 2024/12/16/stocks.csv
2025-11-24 20:20:05,404 - INFO - Read 93 rows from 2024/12/17/stocks.csv
2025-11-24 20:20:05,404 - INFO - Read 93 rows from 2024/12/10/stocks.csv
2025-11-24 20:20:05,405 - INFO - Read 93 rows from 2024/12/19/stocks.csv
2025-11-24 20:20:05,405 - INFO - Read 87 rows from 2024/12/26/stocks.csv
2025-11-24 20:20:05,405 - INFO - Read 93 rows from 2024/12/09/stocks.csv
2025-11-24 20:20:05,406 - INFO - Read 93 rows from 2024/12/30/stocks.csv
2025-11-24 20:20:05,406 - INFO - Read 93 rows from 2024/12/06/stocks.csv
2025-11-24 20:20:05,406 - INFO - Read 91 rows from 2024/12/24/stocks.csv
2025-11-24 20:20:05,407 - INFO - Read 93 rows from 2024/12/23/stocks.csv
2025-11-24 20:20:05,407 - INFO - Read 93 rows from 2024/12/12/stocks.csv
2025-11-24 20:20:05,407 - INFO - Read 93 rows from 2024/12/13/stocks.csv
2025-11-24 20:20:05,408 - INFO - Read 1 rows from 2024/12/25/stocks.csv
2025-11-24 20:20:05,446 - INFO - Merged 23099 rows for stocks_raw
2025-11-24 20:20:08,595 - INFO - Validation complete for stocks_raw: valid=23099, invalid=0
2025-11-24 20:20:08,789 - INFO - Valid: 23099, Invalid: 0
2025-11-24 20:20:08,809 - INFO - Table stocks_raw created
2025-11-24 20:20:10,343 - INFO - Inserted 23099 rows into stocks_raw
2025-11-24 20:20:10,344 - INFO - Loaded 23099 rows to stocks_raw
2025-11-24 20:20:10,346 - INFO - Base table established with 23099 records
2025-11-24 20:20:10,346 - INFO - Found 93 unique tickers: 601336.SS, AAL, AAPL, ABBV, ACI, ADM, AIG, ALL, AMZN, ATT.L, AXP, BA, BAC, BBY, C, CAH, CAT, CHS.V, CHTR, CI, CMCSA, CNC, COF, COLA.WA, COP, COR, COST, CSCO, CVS, CVX, DAL, DE, DELL, DIS, DOW, ELV, EPD, ET, F, FDX, FMCC, FNMA, GE, GM, GOOGL, GS, HCA, HD, HUM.ST, IBM, INTC, JNJ, JPM, KR, LFG.AX, LMT, MCK, MET, META, MPC, MRK, MS, MSFT, NKE, NVDA, ORCL, PAGP, PEP, PFGC, PFIZER.NS, PG, PGR, PRU, PSX, RTX, SNEX, SNX, SYY, TGT, TILIX, TJX, TSLA, TSN, UAL, UNH, UPS, VLO, VZ, WFC, WKC, WMT, X1G.PA, XOM
2025-11-24 20:20:10,346 - INFO - 
============================================================
2025-11-24 20:20:10,346 - INFO - STEP 2: Processing DEPENDENT TABLES
2025-11-24 20:20:10,346 - INFO - ============================================================
2025-11-24 20:20:10,346 - INFO - Processing company_metadata
2025-11-24 20:20:10,347 - INFO - Read 93 rows from 2024/company_details.csv
2025-11-24 20:20:10,347 - INFO - Merged 93 rows for company_metadata
2025-11-24 20:20:10,355 - INFO - Validation complete for company_metadata: valid=93, invalid=0
2025-11-24 20:20:10,357 - INFO - Valid: 93, Invalid: 0
2025-11-24 20:20:10,359 - ERROR - Failed to load company_metadata: 1064 (42000): You have an error in your SQL syntax; check the manual that corresponds to your MySQL server version for the right syntax to use near 'rank INT PRIMARY KEY,
            company VARCHAR(255) NOT NULL UNIQUE,
        ' at line 2
2025-11-24 20:20:10,359 - INFO - Loaded 93 rows to company_metadata
2025-11-24 20:20:10,359 - INFO - company_metadata processed and linked to stocks_raw
2025-11-24 20:20:10,359 - INFO - 
============================================================
2025-11-24 20:20:10,359 - INFO - STEP 3: Processing INDEPENDENT TABLES
2025-11-24 20:20:10,359 - INFO - ============================================================
2025-11-24 20:20:10,359 - INFO - Processing exchange_rates
2025-11-24 20:20:10,360 - INFO - Read 251 rows from 2024.csv
2025-11-24 20:20:10,360 - INFO - Merged 251 rows for exchange_rates
2025-11-24 20:20:10,391 - INFO - Validation complete for exchange_rates: valid=251, invalid=0
2025-11-24 20:20:10,394 - INFO - Valid: 251, Invalid: 0
2025-11-24 20:20:10,396 - INFO - Table exchange_rates created
2025-11-24 20:20:10,412 - INFO - Inserted 251 rows into exchange_rates
2025-11-24 20:20:10,412 - INFO - Loaded 251 rows to exchange_rates
2025-11-24 20:20:10,412 - INFO - exchange_rates processed
2025-11-24 20:20:10,412 - INFO - Processing macro_raw
2025-11-24 20:20:10,413 - INFO - Read 4 rows from 2024.csv
2025-11-24 20:20:10,414 - INFO - Merged 4 rows for macro_raw
2025-11-24 20:20:10,414 - INFO - Validation complete for macro_raw: valid=4, invalid=0
2025-11-24 20:20:10,415 - INFO - Valid: 4, Invalid: 0
2025-11-24 20:20:10,417 - INFO - Table macro_raw created
2025-11-24 20:20:10,420 - INFO - Inserted 4 rows into macro_raw
2025-11-24 20:20:10,420 - INFO - Loaded 4 rows to macro_raw
2025-11-24 20:20:10,420 - INFO - macro_raw processed
2025-11-24 20:20:10,420 - INFO - 
============================================================
2025-11-24 20:20:10,420 - INFO - STEP 4: Processing SENTIMENT DATA
2025-11-24 20:20:10,420 - INFO - ============================================================
2025-11-24 20:20:10,420 - INFO - Processing sentiment
2025-11-24 20:20:10,420 - WARNING - No historical data available for sentiment - only live data exists
2025-11-24 20:20:10,420 - WARNING - sentiment not available
2025-11-24 20:20:10,420 - INFO - 
============================================================
2025-11-24 20:20:10,420 - INFO - STEP 5: KPI CALCULATIONS AND FACT TABLE GENERATION
2025-11-24 20:20:10,420 - INFO - ============================================================
2025-11-24 20:20:10,420 - INFO - ============================================================
2025-11-24 20:20:10,420 - INFO - Starting KPI calculations
2025-11-24 20:20:10,420 - INFO - ============================================================
2025-11-24 20:20:10,458 - INFO - Loaded stocks_raw: 23099 rows
2025-11-24 20:20:10,459 - INFO - Loaded macro_raw: 4 rows
2025-11-24 20:20:10,459 - INFO - Loaded company_metadata: 93 rows
2025-11-24 20:20:10,459 - INFO - Loaded exchange_rates: 251 rows
2025-11-24 20:20:10,460 - INFO - Calculating stock_facts metrics...
2025-11-24 20:20:10,587 - INFO - Stock facts calculated: 23099 rows
2025-11-24 20:20:10,587 - INFO - Calculating macro_facts metrics...
2025-11-24 20:20:10,591 - INFO - Macro facts calculated: 4 rows
2025-11-24 20:20:10,591 - INFO - Creating sector_lookup...
2025-11-24 20:20:10,592 - INFO - Sector lookup created: 36 sectors
2025-11-24 20:20:10,592 - INFO - Calculating analytics_summary metrics...
2025-11-24 20:20:10,765 - INFO - Analytics summary calculated: 369 rows
2025-11-24 20:20:10,765 - INFO - Creating pipeline log entry...
2025-11-24 20:20:10,766 - INFO - Pipeline log created
2025-11-24 20:20:10,766 - INFO - 
============================================================
2025-11-24 20:20:10,766 - INFO - KPI calculations completed successfully
2025-11-24 20:20:10,766 - INFO - Generated files: stock_facts.csv, macro_facts.csv, sector_lookup.csv, analytics_summary.csv, pipeline_logs.csv
2025-11-24 20:20:10,766 - INFO - ============================================================
2025-11-24 20:20:10,766 - INFO - KPI calculations completed successfully
2025-11-24 20:20:10,771 - INFO - Table stock_facts created
2025-11-24 20:20:13,271 - INFO - Inserted 23099 rows into stock_facts
2025-11-24 20:20:13,272 - INFO - Loaded stock_facts to database
2025-11-24 20:20:13,275 - INFO - Table macro_facts created
2025-11-24 20:20:13,279 - INFO - Inserted 4 rows into macro_facts
2025-11-24 20:20:13,279 - INFO - Loaded macro_facts to database
2025-11-24 20:20:13,281 - INFO - Table sector_lookup created
2025-11-24 20:20:13,286 - INFO - Inserted 36 rows into sector_lookup
2025-11-24 20:20:13,287 - INFO - Loaded sector_lookup to database
2025-11-24 20:20:13,289 - INFO - Table analytics_summary created
2025-11-24 20:20:13,330 - INFO - Inserted 369 rows into analytics_summary
2025-11-24 20:20:13,330 - INFO - Loaded analytics_summary to database
2025-11-24 20:20:13,332 - INFO - Table pipeline_logs created
2025-11-24 20:20:13,332 - INFO - Inserted 1 rows into pipeline_logs
2025-11-24 20:20:13,332 - INFO - Loaded pipeline_logs to database
2025-11-24 20:20:13,332 - INFO - 
============================================================
2025-11-24 20:20:13,332 - INFO - ============================================================
2025-11-24 20:20:13,332 - INFO - ============================================================
2025-11-24 20:20:13,333 - INFO - Starting Analytical Layer Processing
2025-11-24 20:20:13,333 - INFO - ============================================================
2025-11-24 20:20:13,349 - INFO - Loaded stock_facts: 23099 rows
2025-11-24 20:20:13,349 - INFO - Loaded macro_facts: 4 rows
2025-11-24 20:20:13,349 - INFO - Loaded analytics_summary: 369 rows
2025-11-24 20:20:13,349 - INFO - Loaded sector_lookup: 36 sectors
2025-11-24 20:20:13,350 - INFO - 
1. Analyzing Volatility vs GDP Correlation...
2025-11-24 20:20:13,353 - INFO - Volatility-GDP Correlation: 0.0000
2025-11-24 20:20:13,353 - INFO - 
2. Analyzing Inflation Sensitivity by Sector...
2025-11-24 20:20:13,354 - ERROR - Failed to analyze inflation sensitivity: 'inflation_correlation'
2025-11-24 20:20:13,354 - INFO - 
3. Analyzing Currency Exposure...
2025-11-24 20:20:13,358 - INFO - Currency Exposure analyzed for 93 companies
2025-11-24 20:20:13,358 - INFO - 
4. Analyzing Recession Resilience...
2025-11-24 20:20:13,359 - INFO - Recession Resilience analyzed for 1 sectors
2025-11-24 20:20:13,359 - INFO - 
5. Identifying Consistent Performers...
2025-11-24 20:20:13,390 - INFO - Consistent Performers analyzed: 93 companies
2025-11-24 20:20:13,390 - INFO - 
6. Analyzing Macro Impact Timeline...
2025-11-24 20:20:13,395 - INFO - Macro Impact Timeline analyzed with 4 lag periods
2025-11-24 20:20:13,395 - INFO - 
7. Analyzing Forecast Accuracy...
2025-11-24 20:20:13,489 - INFO - Forecast Accuracy analyzed for 92 companies
2025-11-24 20:20:13,489 - INFO - 
8. Generating Executive Summary...
2025-11-24 20:20:13,490 - INFO - Executive Summary generated with 5 key metrics
2025-11-24 20:20:13,490 - INFO - 
============================================================
2025-11-24 20:20:13,490 - INFO - Analytical Layer Processing Completed Successfully
2025-11-24 20:20:13,490 - INFO - ============================================================
2025-11-24 20:20:13,490 - INFO - 
Generated Reports:
2025-11-24 20:20:13,490 - INFO - 1. report_volatility_gdp_correlation.csv
2025-11-24 20:20:13,490 - INFO - 2. report_inflation_sensitivity.csv
2025-11-24 20:20:13,490 - INFO - 3. report_currency_exposure.csv
2025-11-24 20:20:13,490 - INFO - 4. report_recession_resilience.csv
2025-11-24 20:20:13,490 - INFO - 5. report_consistent_performers.csv
2025-11-24 20:20:13,490 - INFO - 6. report_macro_impact_timeline.csv
2025-11-24 20:20:13,490 - INFO - 7. report_forecast_accuracy.csv
2025-11-24 20:20:13,490 - INFO - 8. report_executive_summary.csv
2025-11-24 20:20:13,490 - INFO - ============================================================
2025-11-24 20:20:13,490 - INFO - Advanced analytics completed successfully
2025-11-24 20:20:13,490 - INFO - Generated 7 analytical reports
2025-11-24 20:20:13,490 - INFO - ============================================================
2025-11-24 20:20:13,490 - INFO - Starting report generation from database
2025-11-24 20:20:13,490 - INFO - ============================================================
2025-11-24 20:20:13,490 - INFO - Generating Annual Market Intelligence Report...
2025-11-24 20:20:13,516 - INFO - Annual report saved: /Users/shalinitata/Desktop/stocks/Execution/2025/11/24/2025:11:24_20:20:05/reports/annual_market_intel_20251124.pdf
2025-11-24 20:20:13,516 - INFO - Generating Sector Stability & Volatility Report...
2025-11-24 20:20:13,561 - INFO - Excel report saved: /Users/shalinitata/Desktop/stocks/Execution/2025/11/24/2025:11:24_20:20:05/reports/sector_stability_20251124.xlsx
2025-11-24 20:20:13,562 - INFO - PDF report saved: /Users/shalinitata/Desktop/stocks/Execution/2025/11/24/2025:11:24_20:20:05/reports/sector_stability_20251124.pdf
2025-11-24 20:20:13,562 - INFO - Generating Cross Market Analysis Report...
2025-11-24 20:20:13,576 - INFO - Cross market report saved: /Users/shalinitata/Desktop/stocks/Execution/2025/11/24/2025:11:24_20:20:05/reports/cross_market_20251124.pdf
2025-11-24 20:20:13,576 - INFO - Generating Forecasting & Prediction Summary...
2025-11-24 20:20:13,580 - INFO - Forecasting report saved: /Users/shalinitata/Desktop/stocks/Execution/2025/11/24/2025:11:24_20:20:05/reports/forecasting_summary_20251124.pdf
2025-11-24 20:20:13,580 - INFO - Generating Operational Pipeline Summary...
2025-11-24 20:20:13,583 - INFO - Pipeline report saved: /Users/shalinitata/Desktop/stocks/Execution/2025/11/24/2025:11:24_20:20:05/reports/pipeline_summary_20251124.pdf
2025-11-24 20:20:13,583 - INFO - ============================================================
2025-11-24 20:20:13,583 - INFO - Report generation completed
2025-11-24 20:20:13,583 - INFO - Reports saved in: /Users/shalinitata/Desktop/stocks/Execution/2025/11/24/2025:11:24_20:20:05/reports
2025-11-24 20:20:13,583 - INFO - ============================================================
2025-11-24 20:20:13,583 - INFO - Report generation completed successfully
2025-11-24 20:20:13,583 - INFO -   - annual: /Users/shalinitata/Desktop/stocks/Execution/2025/11/24/2025:11:24_20:20:05/reports/annual_market_intel_20251124.pdf
2025-11-24 20:20:13,583 - INFO -   - sector: ('/Users/shalinitata/Desktop/stocks/Execution/2025/11/24/2025:11:24_20:20:05/reports/sector_stability_20251124.pdf', '/Users/shalinitata/Desktop/stocks/Execution/2025/11/24/2025:11:24_20:20:05/reports/sector_stability_20251124.xlsx')
2025-11-24 20:20:13,583 - INFO -   - cross_market: /Users/shalinitata/Desktop/stocks/Execution/2025/11/24/2025:11:24_20:20:05/reports/cross_market_20251124.pdf
2025-11-24 20:20:13,583 - INFO -   - forecasting: /Users/shalinitata/Desktop/stocks/Execution/2025/11/24/2025:11:24_20:20:05/reports/forecasting_summary_20251124.pdf
2025-11-24 20:20:13,583 - INFO -   - pipeline: /Users/shalinitata/Desktop/stocks/Execution/2025/11/24/2025:11:24_20:20:05/reports/pipeline_summary_20251124.pdf
2025-11-24 20:20:13,583 - INFO - 
============================================================
2025-11-24 20:20:13,583 - INFO - PIPELINE EXECUTION SUMMARY
2025-11-24 20:20:13,583 - INFO - ============================================================
2025-11-24 20:20:13,583 - INFO - Base table: stocks_raw (23099 records, 93 tickers)
2025-11-24 20:20:13,583 - INFO - Dependent: company_metadata - Available
2025-11-24 20:20:13,583 - INFO - Independent: exchange_rates - Available
2025-11-24 20:20:13,583 - INFO - Independent: macro_raw - Available
2025-11-24 20:20:13,583 - INFO - Dependent: sentiment - Not available
2025-11-24 20:20:13,583 - INFO - ============================================================
2025-11-24 20:20:13,583 - INFO - Merge process completed successfully
2025-11-24 20:20:13,583 - INFO - All outputs saved in: /Users/shalinitata/Desktop/stocks/Execution/2025/11/24/2025:11:24_20:20:05
2025-11-24 20:20:13,583 - INFO - ============================================================
