
********** ELT PROCESS **********
Filename: currency data processor
User ID: 800338
Username: Shalini Tata
File Path: /Users/shalinitata/Desktop/Currency data/watcher.py
********** currency data processor **********
2025-11-24 14:02:24,189 - INFO - -> started running the process <-
2025-11-24 14:02:24,202 - INFO - 
============================================================
2025-11-24 14:02:24,202 - INFO - Fetching LIVE data for 2025
2025-11-24 14:02:24,202 - INFO - Date: 2025-11-24
2025-11-24 14:02:24,202 - INFO - ============================================================
2025-11-24 14:02:24,205 - INFO - Total companies with tickers: 96
2025-11-24 14:02:24,205 - INFO - Today's data already exists — skipping
2025-11-24 14:02:24,205 - INFO - 
============================================================
2025-11-24 14:02:24,205 - INFO - Creating LIVE company metadata for 2025
2025-11-24 14:02:24,205 - INFO - ============================================================
2025-11-24 14:02:24,205 - INFO - Metadata already exists — skipping
2025-11-24 14:02:24,205 - INFO - 
============================================================
2025-11-24 14:02:24,205 - INFO - Creating LIVE macro data for 2025
2025-11-24 14:02:24,205 - INFO - ============================================================
2025-11-24 14:02:24,205 - INFO - Current year data already exists — skipping
2025-11-24 14:02:24,205 - INFO - Sentiment already exists — skipping
2025-11-24 14:02:24,205 - INFO - 
============================================================
2025-11-24 14:02:24,205 - INFO - Fetching LIVE exchange rates (USD-INR) from FRED for 2025
2025-11-24 14:02:24,205 - INFO - ============================================================
2025-11-24 14:02:24,205 - INFO - Current year data already exists — skipping
2025-11-24 14:02:24,205 - INFO - ============================================================
2025-11-24 14:02:24,205 - INFO - Starting merge process
2025-11-24 14:02:24,205 - INFO - Mode: Live
2025-11-24 14:02:24,205 - INFO - Execution dir: /Users/shalinitata/Desktop/stocks/Execution/2025/11/24/20251124_140224
2025-11-24 14:02:24,205 - INFO - ============================================================
