
********** ELT PROCESS **********
Filename: currency data processor
User ID: 800338
Username: Shalini Tata
File Path: /Users/shalinitata/Desktop/Currency data/watcher.py
********** currency data processor **********
2025-11-24 15:26:59,262 - INFO - -> started running the process <-
2025-11-24 15:26:59,287 - INFO - 
============================================================
2025-11-24 15:26:59,287 - INFO - Fetching LIVE data for 2025
2025-11-24 15:26:59,288 - INFO - Date: 2025-11-24
2025-11-24 15:26:59,288 - INFO - ============================================================
2025-11-24 15:26:59,291 - INFO - Total companies with tickers: 96
2025-11-24 15:26:59,291 - INFO - Today's data already exists — skipping
2025-11-24 15:26:59,291 - INFO - 
============================================================
2025-11-24 15:26:59,291 - INFO - Creating LIVE company metadata for 2025
2025-11-24 15:26:59,291 - INFO - ============================================================
2025-11-24 15:26:59,291 - INFO - Metadata already exists — skipping
2025-11-24 15:26:59,291 - INFO - 
============================================================
2025-11-24 15:26:59,291 - INFO - Creating LIVE macro data for 2025
2025-11-24 15:26:59,291 - INFO - ============================================================
2025-11-24 15:26:59,291 - INFO - Current year data already exists — skipping
2025-11-24 15:26:59,291 - INFO - Sentiment already exists — skipping
2025-11-24 15:26:59,291 - INFO - 
============================================================
2025-11-24 15:26:59,291 - INFO - Fetching LIVE exchange rates (USD-INR) from FRED for 2025
2025-11-24 15:26:59,291 - INFO - ============================================================
2025-11-24 15:26:59,292 - INFO - Current year data already exists — skipping
2025-11-24 15:26:59,292 - INFO - ============================================================
2025-11-24 15:26:59,292 - INFO - Starting merge process
2025-11-24 15:26:59,292 - INFO - Mode: Live
2025-11-24 15:26:59,292 - INFO - Execution dir: /Users/shalinitata/Desktop/stocks/Execution/2025/11/24/2025:11:24_15:26:59
2025-11-24 15:26:59,292 - INFO - ============================================================
2025-11-24 15:26:59,292 - INFO - 
============================================================
2025-11-24 15:26:59,292 - INFO - STEP 1: Processing BASE TABLE (stocks_raw)
2025-11-24 15:26:59,292 - INFO - ============================================================
2025-11-24 15:26:59,292 - INFO - Processing stocks_raw (BASE TABLE)
2025-11-24 15:26:59,292 - INFO - Read 93 rows from stocks_raw
2025-11-24 15:26:59,309 - INFO - Validation complete for stocks_raw: valid=93, invalid=0
2025-11-24 15:26:59,313 - WARNING - Removed 1 duplicate records based on ticker-date
2025-11-24 15:26:59,314 - INFO - Valid: 92, Invalid: 0
2025-11-24 15:26:59,335 - INFO - Table stocks_raw created
2025-11-24 15:26:59,354 - INFO - Inserted 92 rows into stocks_raw
2025-11-24 15:26:59,354 - INFO - Loaded 92 rows to stocks_raw
2025-11-24 15:26:59,354 - INFO - Base table established with 92 records
2025-11-24 15:26:59,354 - INFO - Found 92 unique tickers: 601336.SS, AAL, ABBV, ACI, ADM, ALL, AMZN, APLE, ATT.L, AVGO, AXP, BA, BAC, CAH, CAT, CHTR, CI, CITI.NE, CMCSA, CNC, COLA.WA, COP, COR, COST, CSCO, CVS, CVX, DAL, DE, DELL, DIS, ELV, EPD, ET, F, FDX, FMCC, FNMA, GD, GM, GOOGL, GSBD, HCA, HD, HP, HUM.ST, IBM, INGM, INTC, JNJ, JPM, KR, LLY, LMT, MCK, MET, META, MPC, MRK, MS, MSFT, NKE, NVDA, ORCL, PAGP, PEP, PFGC, PFIZER.NS, PG, PGR, PRU, PSX, RTX, SNEX, SNX, SYY, TGT, TILIX, TJX, TRV, TSLA, TSN, UAL, UIPMX, UNH, UPS, VLO, VZ, WFC, WMT, X1G.PA, XOM
2025-11-24 15:26:59,354 - INFO - 
============================================================
2025-11-24 15:26:59,354 - INFO - STEP 2: Processing DEPENDENT TABLES
2025-11-24 15:26:59,354 - INFO - ============================================================
2025-11-24 15:26:59,354 - INFO - Processing company_metadata
2025-11-24 15:26:59,355 - INFO - Read 93 rows from company_metadata
2025-11-24 15:26:59,359 - INFO - Validation complete for company_metadata: valid=93, invalid=0
2025-11-24 15:26:59,361 - INFO - Valid: 93, Invalid: 0
2025-11-24 15:26:59,365 - ERROR - Failed to load company_metadata: 1064 (42000): You have an error in your SQL syntax; check the manual that corresponds to your MySQL server version for the right syntax to use near 'rank INT PRIMARY KEY,
            company VARCHAR(255) NOT NULL UNIQUE,
        ' at line 2
2025-11-24 15:26:59,365 - INFO - Loaded 93 rows to company_metadata
2025-11-24 15:26:59,366 - INFO - company_metadata processed and linked to stocks_raw
2025-11-24 15:26:59,366 - INFO - 
============================================================
2025-11-24 15:26:59,366 - INFO - STEP 3: Processing INDEPENDENT TABLES
2025-11-24 15:26:59,366 - INFO - ============================================================
2025-11-24 15:26:59,366 - INFO - Processing exchange_rates
2025-11-24 15:26:59,366 - INFO - Read 219 rows from exchange_rates
2025-11-24 15:26:59,392 - INFO - Validation complete for exchange_rates: valid=219, invalid=0
2025-11-24 15:26:59,395 - INFO - Valid: 219, Invalid: 0
2025-11-24 15:26:59,402 - INFO - Table exchange_rates created
2025-11-24 15:26:59,432 - INFO - Inserted 219 rows into exchange_rates
2025-11-24 15:26:59,432 - INFO - Loaded 219 rows to exchange_rates
2025-11-24 15:26:59,432 - INFO - exchange_rates processed
2025-11-24 15:26:59,432 - INFO - Processing macro_raw
2025-11-24 15:26:59,433 - INFO - Read 4 rows from macro_raw
2025-11-24 15:26:59,433 - INFO - Validation complete for macro_raw: valid=4, invalid=0
2025-11-24 15:26:59,434 - INFO - Valid: 4, Invalid: 0
2025-11-24 15:26:59,438 - INFO - Table macro_raw created
2025-11-24 15:26:59,441 - INFO - Inserted 4 rows into macro_raw
2025-11-24 15:26:59,441 - INFO - Loaded 4 rows to macro_raw
2025-11-24 15:26:59,441 - INFO - macro_raw processed
2025-11-24 15:26:59,441 - INFO - 
============================================================
2025-11-24 15:26:59,441 - INFO - STEP 4: Processing SENTIMENT DATA
2025-11-24 15:26:59,441 - INFO - ============================================================
2025-11-24 15:26:59,441 - INFO - Processing sentiment
2025-11-24 15:26:59,442 - INFO - Read 45 rows from sentiment
2025-11-24 15:26:59,449 - INFO - Validation complete for sentiment: valid=45, invalid=0
2025-11-24 15:26:59,450 - WARNING - Removed 1 duplicate records based on ticker-date
2025-11-24 15:26:59,450 - INFO - Valid: 44, Invalid: 0
2025-11-24 15:26:59,455 - INFO - Table sentiment created
2025-11-24 15:26:59,462 - INFO - Inserted 44 rows into sentiment
2025-11-24 15:26:59,462 - INFO - Loaded 44 rows to sentiment
2025-11-24 15:26:59,462 - INFO - sentiment processed and linked to stocks_raw
2025-11-24 15:26:59,462 - INFO - 
============================================================
2025-11-24 15:26:59,462 - INFO - STEP 5: KPI CALCULATIONS AND FACT TABLE GENERATION
2025-11-24 15:26:59,462 - INFO - ============================================================
2025-11-24 15:26:59,462 - INFO - ============================================================
2025-11-24 15:26:59,462 - INFO - Starting KPI calculations
2025-11-24 15:26:59,462 - INFO - ============================================================
2025-11-24 15:26:59,464 - INFO - Loaded stocks_raw: 92 rows
2025-11-24 15:26:59,464 - INFO - Loaded macro_raw: 4 rows
2025-11-24 15:26:59,464 - INFO - Loaded company_metadata: 93 rows
2025-11-24 15:26:59,464 - INFO - Loaded exchange_rates: 219 rows
2025-11-24 15:26:59,465 - INFO - Calculating stock_facts metrics...
2025-11-24 15:26:59,483 - INFO - Stock facts calculated: 92 rows
2025-11-24 15:26:59,483 - INFO - Calculating macro_facts metrics...
2025-11-24 15:26:59,487 - INFO - Macro facts calculated: 4 rows
2025-11-24 15:26:59,487 - INFO - Creating sector_lookup...
2025-11-24 15:26:59,487 - INFO - Sector lookup created: 38 sectors
2025-11-24 15:26:59,487 - INFO - Calculating analytics_summary metrics...
2025-11-24 15:26:59,556 - INFO - Analytics summary calculated: 93 rows
2025-11-24 15:26:59,556 - INFO - Creating pipeline log entry...
2025-11-24 15:26:59,556 - INFO - Pipeline log created
2025-11-24 15:26:59,556 - INFO - 
============================================================
2025-11-24 15:26:59,556 - INFO - KPI calculations completed successfully
2025-11-24 15:26:59,556 - INFO - Generated files: stock_facts.csv, macro_facts.csv, sector_lookup.csv, analytics_summary.csv, pipeline_logs.csv
2025-11-24 15:26:59,556 - INFO - ============================================================
2025-11-24 15:26:59,556 - INFO - KPI calculations completed successfully
2025-11-24 15:26:59,573 - INFO - Table stock_facts created
2025-11-24 15:26:59,596 - INFO - Inserted 92 rows into stock_facts
2025-11-24 15:26:59,597 - INFO - Loaded stock_facts to database
2025-11-24 15:26:59,602 - INFO - Table macro_facts created
2025-11-24 15:26:59,605 - INFO - Inserted 4 rows into macro_facts
2025-11-24 15:26:59,605 - INFO - Loaded macro_facts to database
2025-11-24 15:26:59,609 - INFO - Table sector_lookup created
2025-11-24 15:26:59,615 - INFO - Inserted 38 rows into sector_lookup
2025-11-24 15:26:59,615 - INFO - Loaded sector_lookup to database
2025-11-24 15:26:59,621 - INFO - Table analytics_summary created
2025-11-24 15:26:59,635 - INFO - Inserted 93 rows into analytics_summary
2025-11-24 15:26:59,635 - INFO - Loaded analytics_summary to database
2025-11-24 15:26:59,640 - INFO - Table pipeline_logs created
2025-11-24 15:26:59,640 - INFO - Inserted 1 rows into pipeline_logs
2025-11-24 15:26:59,640 - INFO - Loaded pipeline_logs to database
2025-11-24 15:26:59,640 - INFO - 
============================================================
2025-11-24 15:26:59,640 - INFO - PIPELINE EXECUTION SUMMARY
2025-11-24 15:26:59,640 - INFO - ============================================================
2025-11-24 15:26:59,640 - INFO - Base table: stocks_raw (92 records, 92 tickers)
2025-11-24 15:26:59,640 - INFO - Dependent: company_metadata - Available
2025-11-24 15:26:59,640 - INFO - Independent: exchange_rates - Available
2025-11-24 15:26:59,640 - INFO - Independent: macro_raw - Available
2025-11-24 15:26:59,640 - INFO - Dependent: sentiment - Available
2025-11-24 15:26:59,640 - INFO - ============================================================
2025-11-24 15:26:59,640 - INFO - Merge process completed successfully
2025-11-24 15:26:59,640 - INFO - All outputs saved in: /Users/shalinitata/Desktop/stocks/Execution/2025/11/24/2025:11:24_15:26:59
2025-11-24 15:26:59,640 - INFO - ============================================================
