
********** ELT PROCESS **********
Filename: currency data processor
User ID: 800338
Username: Shalini Tata
File Path: /Users/shalinitata/Desktop/Currency data/watcher.py
********** currency data processor **********
2025-11-24 19:19:28,360 - INFO - -> started running the process <-
2025-11-24 19:19:28,384 - INFO - 
============================================================
2025-11-24 19:19:28,384 - INFO - Fetching LIVE data for 2025
2025-11-24 19:19:28,385 - INFO - Date: 2025-11-24
2025-11-24 19:19:28,385 - INFO - ============================================================
2025-11-24 19:19:28,386 - INFO - Total companies with tickers: 96
2025-11-24 19:19:28,386 - INFO - Today's data already exists — skipping
2025-11-24 19:19:28,386 - INFO - 
============================================================
2025-11-24 19:19:28,386 - INFO - Creating LIVE company metadata for 2025
2025-11-24 19:19:28,386 - INFO - ============================================================
2025-11-24 19:19:28,386 - INFO - Metadata already exists — skipping
2025-11-24 19:19:28,386 - INFO - 
============================================================
2025-11-24 19:19:28,386 - INFO - Creating LIVE macro data for 2025
2025-11-24 19:19:28,386 - INFO - ============================================================
2025-11-24 19:19:28,386 - INFO - Current year data already exists — skipping
2025-11-24 19:19:28,386 - INFO - Sentiment already exists — skipping
2025-11-24 19:19:28,386 - INFO - 
============================================================
2025-11-24 19:19:28,386 - INFO - Fetching LIVE exchange rates (USD-INR) from FRED for 2025
2025-11-24 19:19:28,386 - INFO - ============================================================
2025-11-24 19:19:28,386 - INFO - Current year data already exists — skipping
