
********** Local Data Warehouse and Analytical Reporting System **********
Filename: Stock Market and Macroeconomic Intelligence
User ID: 800338
Username: Shalini Tata
File Path: /Users/shalinitata/Desktop/stocks/watcher.py
********** Stock Market and Macroeconomic Intelligence **********
2025-11-26 15:41:28,101 - INFO - ===== started running the process ======
2025-11-26 15:41:49,929 - INFO - Created config file: watch_folder/config_20251126_154149_a953ca77.json
2025-11-26 15:41:49,930 - INFO - Date range: 2025-10-27 to 2025-11-26
2025-11-26 15:41:49,934 - INFO - Reports directory does not exist yet: Execution/2025/11/26/15:40/reports
2025-11-26 15:41:49,936 - INFO - Reports directory does not exist yet: Execution/2025/11/26/15:41/reports
2025-11-26 15:41:49,939 - INFO - Reports directory does not exist yet: Execution/2025/11/26/15:42/reports
2025-11-26 15:41:49,942 - INFO - Reports directory does not exist yet: Execution/2025/11/26/15:43/reports
2025-11-26 15:41:49,944 - INFO - Reports directory does not exist yet: Execution/2025/11/26/15:44/reports
2025-11-26 15:41:49,946 - INFO - Reports directory does not exist yet: Execution/2025/11/26/15:45/reports
2025-11-26 15:41:49,948 - INFO - Reports directory does not exist yet: Execution/2025/11/26/15:46/reports
2025-11-26 15:41:49,950 - INFO - Reports directory does not exist yet: Execution/2025/11/26/15:47/reports
2025-11-26 15:41:52,958 - INFO - Reports directory does not exist yet: Execution/2025/11/26/15:40/reports
2025-11-26 15:41:52,963 - INFO - Reports directory does not exist yet: Execution/2025/11/26/15:41/reports
2025-11-26 15:41:52,966 - INFO - Reports directory does not exist yet: Execution/2025/11/26/15:42/reports
2025-11-26 15:41:52,968 - INFO - Reports directory does not exist yet: Execution/2025/11/26/15:43/reports
2025-11-26 15:41:52,970 - INFO - Reports directory does not exist yet: Execution/2025/11/26/15:44/reports
2025-11-26 15:41:52,972 - INFO - Reports directory does not exist yet: Execution/2025/11/26/15:45/reports
2025-11-26 15:41:52,974 - INFO - Reports directory does not exist yet: Execution/2025/11/26/15:46/reports
2025-11-26 15:41:52,976 - INFO - Reports directory does not exist yet: Execution/2025/11/26/15:47/reports
2025-11-26 15:41:55,958 - INFO - Reports directory does not exist yet: Execution/2025/11/26/15:40/reports
2025-11-26 15:41:55,961 - INFO - Reports directory does not exist yet: Execution/2025/11/26/15:41/reports
2025-11-26 15:41:55,963 - INFO - Reports directory does not exist yet: Execution/2025/11/26/15:42/reports
2025-11-26 15:41:55,965 - INFO - Reports directory does not exist yet: Execution/2025/11/26/15:43/reports
2025-11-26 15:41:55,966 - INFO - Reports directory does not exist yet: Execution/2025/11/26/15:44/reports
2025-11-26 15:41:55,967 - INFO - Reports directory does not exist yet: Execution/2025/11/26/15:45/reports
2025-11-26 15:41:55,968 - INFO - Reports directory does not exist yet: Execution/2025/11/26/15:46/reports
2025-11-26 15:41:55,969 - INFO - Reports directory does not exist yet: Execution/2025/11/26/15:47/reports
2025-11-26 15:41:58,959 - INFO - Reports directory does not exist yet: Execution/2025/11/26/15:40/reports
2025-11-26 15:41:58,964 - INFO - Reports directory does not exist yet: Execution/2025/11/26/15:41/reports
2025-11-26 15:41:58,967 - INFO - Reports directory does not exist yet: Execution/2025/11/26/15:42/reports
2025-11-26 15:41:58,969 - INFO - Reports directory does not exist yet: Execution/2025/11/26/15:43/reports
2025-11-26 15:41:58,970 - INFO - Reports directory does not exist yet: Execution/2025/11/26/15:44/reports
2025-11-26 15:41:58,973 - INFO - Reports directory does not exist yet: Execution/2025/11/26/15:45/reports
2025-11-26 15:41:58,974 - INFO - Reports directory does not exist yet: Execution/2025/11/26/15:46/reports
2025-11-26 15:41:58,976 - INFO - Reports directory does not exist yet: Execution/2025/11/26/15:47/reports
2025-11-26 15:42:01,958 - INFO - Reports directory does not exist yet: Execution/2025/11/26/15:40/reports
2025-11-26 15:42:01,963 - INFO - Reports directory does not exist yet: Execution/2025/11/26/15:41/reports
2025-11-26 15:42:01,966 - INFO - Reports directory does not exist yet: Execution/2025/11/26/15:42/reports
2025-11-26 15:42:01,968 - INFO - Reports directory does not exist yet: Execution/2025/11/26/15:43/reports
2025-11-26 15:42:01,970 - INFO - Reports directory does not exist yet: Execution/2025/11/26/15:44/reports
2025-11-26 15:42:01,972 - INFO - Reports directory does not exist yet: Execution/2025/11/26/15:45/reports
2025-11-26 15:42:01,973 - INFO - Reports directory does not exist yet: Execution/2025/11/26/15:46/reports
2025-11-26 15:42:01,975 - INFO - Reports directory does not exist yet: Execution/2025/11/26/15:47/reports
2025-11-26 15:42:04,957 - INFO - Reports directory does not exist yet: Execution/2025/11/26/15:40/reports
2025-11-26 15:42:04,961 - INFO - Reports directory does not exist yet: Execution/2025/11/26/15:41/reports
2025-11-26 15:42:04,965 - INFO - Reports directory does not exist yet: Execution/2025/11/26/15:42/reports
2025-11-26 15:42:04,967 - INFO - Reports directory does not exist yet: Execution/2025/11/26/15:43/reports
2025-11-26 15:42:04,969 - INFO - Reports directory does not exist yet: Execution/2025/11/26/15:44/reports
2025-11-26 15:42:04,971 - INFO - Reports directory does not exist yet: Execution/2025/11/26/15:45/reports
2025-11-26 15:42:04,973 - INFO - Reports directory does not exist yet: Execution/2025/11/26/15:46/reports
2025-11-26 15:42:04,974 - INFO - Reports directory does not exist yet: Execution/2025/11/26/15:47/reports
2025-11-26 15:42:07,958 - INFO - Reports directory does not exist yet: Execution/2025/11/26/15:40/reports
2025-11-26 15:42:07,963 - INFO - Reports directory does not exist yet: Execution/2025/11/26/15:41/reports
2025-11-26 15:42:07,966 - INFO - Reports directory does not exist yet: Execution/2025/11/26/15:42/reports
2025-11-26 15:42:07,968 - INFO - Reports directory does not exist yet: Execution/2025/11/26/15:43/reports
2025-11-26 15:42:07,971 - INFO - Reports directory does not exist yet: Execution/2025/11/26/15:44/reports
2025-11-26 15:42:07,973 - INFO - Reports directory does not exist yet: Execution/2025/11/26/15:45/reports
2025-11-26 15:42:07,974 - INFO - Reports directory does not exist yet: Execution/2025/11/26/15:46/reports
2025-11-26 15:42:07,976 - INFO - Reports directory does not exist yet: Execution/2025/11/26/15:47/reports
2025-11-26 15:42:10,956 - INFO - Reports directory does not exist yet: Execution/2025/11/26/15:40/reports
2025-11-26 15:42:10,960 - INFO - Reports directory does not exist yet: Execution/2025/11/26/15:41/reports
2025-11-26 15:42:10,962 - INFO - Reports directory does not exist yet: Execution/2025/11/26/15:42/reports
2025-11-26 15:42:10,964 - INFO - Reports directory does not exist yet: Execution/2025/11/26/15:43/reports
2025-11-26 15:42:10,965 - INFO - Reports directory does not exist yet: Execution/2025/11/26/15:44/reports
2025-11-26 15:42:10,967 - INFO - Reports directory does not exist yet: Execution/2025/11/26/15:45/reports
2025-11-26 15:42:10,968 - INFO - Reports directory does not exist yet: Execution/2025/11/26/15:46/reports
2025-11-26 15:42:10,970 - INFO - Reports directory does not exist yet: Execution/2025/11/26/15:47/reports
2025-11-26 15:42:14,181 - INFO - Reports directory does not exist yet: Execution/2025/11/26/15:40/reports
2025-11-26 15:42:14,186 - INFO - Reports directory does not exist yet: Execution/2025/11/26/15:41/reports
2025-11-26 15:42:14,193 - INFO - Reports directory does not exist yet: Execution/2025/11/26/15:42/reports
2025-11-26 15:42:14,197 - INFO - Reports directory does not exist yet: Execution/2025/11/26/15:43/reports
2025-11-26 15:42:14,200 - INFO - Reports directory does not exist yet: Execution/2025/11/26/15:44/reports
2025-11-26 15:42:14,202 - INFO - Reports directory does not exist yet: Execution/2025/11/26/15:45/reports
2025-11-26 15:42:14,204 - INFO - Reports directory does not exist yet: Execution/2025/11/26/15:46/reports
2025-11-26 15:42:14,205 - INFO - Reports directory does not exist yet: Execution/2025/11/26/15:47/reports
2025-11-26 15:42:17,181 - INFO - Reports directory does not exist yet: Execution/2025/11/26/15:40/reports
2025-11-26 15:42:17,185 - INFO - Reports directory does not exist yet: Execution/2025/11/26/15:41/reports
2025-11-26 15:42:17,187 - INFO - Reports directory does not exist yet: Execution/2025/11/26/15:42/reports
2025-11-26 15:42:17,190 - INFO - Reports directory does not exist yet: Execution/2025/11/26/15:43/reports
2025-11-26 15:42:17,193 - INFO - Reports directory does not exist yet: Execution/2025/11/26/15:44/reports
2025-11-26 15:42:17,195 - INFO - Reports directory does not exist yet: Execution/2025/11/26/15:45/reports
2025-11-26 15:42:17,197 - INFO - Reports directory does not exist yet: Execution/2025/11/26/15:46/reports
2025-11-26 15:42:17,199 - INFO - Reports directory does not exist yet: Execution/2025/11/26/15:47/reports
2025-11-26 15:42:20,182 - INFO - Reports directory does not exist yet: Execution/2025/11/26/15:40/reports
2025-11-26 15:42:20,186 - INFO - Reports directory does not exist yet: Execution/2025/11/26/15:41/reports
2025-11-26 15:42:20,188 - INFO - Reports directory does not exist yet: Execution/2025/11/26/15:42/reports
2025-11-26 15:42:20,189 - INFO - Reports directory does not exist yet: Execution/2025/11/26/15:43/reports
2025-11-26 15:42:20,191 - INFO - Reports directory does not exist yet: Execution/2025/11/26/15:44/reports
2025-11-26 15:42:20,193 - INFO - Reports directory does not exist yet: Execution/2025/11/26/15:45/reports
2025-11-26 15:42:20,197 - INFO - Reports directory does not exist yet: Execution/2025/11/26/15:46/reports
2025-11-26 15:42:20,200 - INFO - Reports directory does not exist yet: Execution/2025/11/26/15:47/reports
2025-11-26 15:42:23,182 - INFO - Reports directory does not exist yet: Execution/2025/11/26/15:40/reports
2025-11-26 15:42:23,189 - INFO - Reports directory does not exist yet: Execution/2025/11/26/15:41/reports
2025-11-26 15:42:23,192 - INFO - Reports directory does not exist yet: Execution/2025/11/26/15:42/reports
2025-11-26 15:42:23,196 - INFO - Reports directory does not exist yet: Execution/2025/11/26/15:43/reports
2025-11-26 15:42:23,199 - INFO - Reports directory does not exist yet: Execution/2025/11/26/15:44/reports
2025-11-26 15:42:23,201 - INFO - Reports directory does not exist yet: Execution/2025/11/26/15:45/reports
2025-11-26 15:42:23,203 - INFO - Reports directory does not exist yet: Execution/2025/11/26/15:46/reports
2025-11-26 15:42:23,205 - INFO - Reports directory does not exist yet: Execution/2025/11/26/15:47/reports
2025-11-26 15:42:25,959 - INFO - Reports directory does not exist yet: Execution/2025/11/26/15:40/reports
2025-11-26 15:42:25,964 - INFO - Reports directory does not exist yet: Execution/2025/11/26/15:41/reports
2025-11-26 15:42:25,967 - INFO - Reports directory does not exist yet: Execution/2025/11/26/15:42/reports
2025-11-26 15:42:25,968 - INFO - Reports directory does not exist yet: Execution/2025/11/26/15:43/reports
2025-11-26 15:42:25,970 - INFO - Reports directory does not exist yet: Execution/2025/11/26/15:44/reports
2025-11-26 15:42:25,972 - INFO - Reports directory does not exist yet: Execution/2025/11/26/15:45/reports
2025-11-26 15:42:25,974 - INFO - Reports directory does not exist yet: Execution/2025/11/26/15:46/reports
2025-11-26 15:42:25,976 - INFO - Reports directory does not exist yet: Execution/2025/11/26/15:47/reports
2025-11-26 15:42:28,958 - INFO - Reports directory does not exist yet: Execution/2025/11/26/15:40/reports
2025-11-26 15:42:28,961 - INFO - Reports directory does not exist yet: Execution/2025/11/26/15:41/reports
2025-11-26 15:42:28,965 - INFO - Reports directory does not exist yet: Execution/2025/11/26/15:42/reports
2025-11-26 15:42:28,967 - INFO - Reports directory does not exist yet: Execution/2025/11/26/15:43/reports
2025-11-26 15:42:28,968 - INFO - Reports directory does not exist yet: Execution/2025/11/26/15:44/reports
2025-11-26 15:42:28,970 - INFO - Reports directory does not exist yet: Execution/2025/11/26/15:45/reports
2025-11-26 15:42:28,972 - INFO - Reports directory does not exist yet: Execution/2025/11/26/15:46/reports
2025-11-26 15:42:28,974 - INFO - Reports directory does not exist yet: Execution/2025/11/26/15:47/reports
2025-11-26 15:42:31,956 - INFO - Reports directory does not exist yet: Execution/2025/11/26/15:40/reports
2025-11-26 15:42:31,959 - INFO - Reports directory does not exist yet: Execution/2025/11/26/15:41/reports
2025-11-26 15:42:31,961 - INFO - Reports directory does not exist yet: Execution/2025/11/26/15:42/reports
2025-11-26 15:42:31,963 - INFO - Reports directory does not exist yet: Execution/2025/11/26/15:43/reports
2025-11-26 15:42:31,964 - INFO - Reports directory does not exist yet: Execution/2025/11/26/15:44/reports
2025-11-26 15:42:31,965 - INFO - Reports directory does not exist yet: Execution/2025/11/26/15:45/reports
2025-11-26 15:42:31,966 - INFO - Reports directory does not exist yet: Execution/2025/11/26/15:46/reports
2025-11-26 15:42:31,968 - INFO - Reports directory does not exist yet: Execution/2025/11/26/15:47/reports
2025-11-26 15:42:36,687 - INFO - Reports directory does not exist yet: Execution/2025/11/26/15:40/reports
2025-11-26 15:42:36,700 - INFO - Reports directory does not exist yet: Execution/2025/11/26/15:41/reports
2025-11-26 15:42:36,706 - INFO - Found 4 reports in Execution/2025/11/26/15:42/reports
