
********** Local Data Warehouse and Analytical Reporting System **********
Filename: Stock Market and Macroeconomic Intelligence
User ID: 800338
Username: Shalini Tata
File Path: /Users/shalinitata/Desktop/stocks/watcher.py
********** Stock Market and Macroeconomic Intelligence **********
2025-11-26 13:49:56,694 - INFO - ===== started running the process ======
2025-11-26 13:49:56,694 - INFO - ============================================================
2025-11-26 13:49:56,694 - INFO - Stock Data Watcher Started
2025-11-26 13:49:56,694 - INFO - ============================================================
2025-11-26 13:49:56,694 - INFO - Starting live data scheduler...
2025-11-26 13:49:56,695 - INFO - Live scheduler started successfully
2025-11-26 13:49:56,697 - INFO - Watching 'watch_folder/' for config files...
2025-11-26 13:49:56,697 - INFO - Drop JSON configs with start_date and end_date for historical processing
2025-11-26 13:50:32,293 - INFO - New config detected: /Users/shalinitata/Desktop/stocks/watch_folder/config_20251126_135032_6426ead7.json
2025-11-26 13:50:32,298 - INFO - Processing historical range: 2025-04-02 to 2025-05-20
2025-11-26 13:50:32,298 - INFO - Triggering check.py for historical processing
2025-11-26 13:50:32,301 - INFO - Modified config detected: /Users/shalinitata/Desktop/stocks/watch_folder/config_20251126_135032_6426ead7.json
2025-11-26 13:50:32,302 - INFO - Processing historical range: 2025-04-02 to 2025-05-20
2025-11-26 13:50:32,302 - INFO - Triggering check.py for historical processing
2025-11-26 13:50:32,699 - INFO - Modified config detected: /Users/shalinitata/Desktop/stocks/watch_folder/config_20251126_135032_6426ead7.json
2025-11-26 13:50:32,699 - INFO - Processing historical range: 2025-04-02 to 2025-05-20
2025-11-26 13:50:32,699 - INFO - Triggering check.py for historical processing
2025-11-26 13:50:32,739 - INFO - Modified config detected: /Users/shalinitata/Desktop/stocks/watch_folder/config_20251126_135032_6426ead7.json
2025-11-26 13:50:32,739 - INFO - Processing historical range: 2025-04-02 to 2025-05-20
2025-11-26 13:50:32,739 - INFO - Triggering check.py for historical processing
2025-11-26 14:06:17,125 - INFO - 
Shutting down watcher...
2025-11-26 14:06:17,127 - INFO - Live scheduler stopped
2025-11-26 14:06:17,127 - INFO - Watcher stopped
