
********** Local Data Warehouse and Analytical Reporting System **********
Filename: Stock Market and Macroeconomic Intelligence
User ID: 800338
Username: Shalini Tata
File Path: /Users/shalinitata/Desktop/stocks/watcher.py
********** Stock Market and Macroeconomic Intelligence **********
2025-11-26 07:14:01,745 - INFO - ===== started running the process ======
2025-11-26 07:14:01,745 - INFO - ============================================================
2025-11-26 07:14:01,745 - INFO - Stock Data Watcher Started
2025-11-26 07:14:01,745 - INFO - ============================================================
2025-11-26 07:14:01,745 - INFO - Starting live data scheduler...
2025-11-26 07:14:01,746 - INFO - Live scheduler started successfully
2025-11-26 07:14:01,747 - INFO - Watching 'watch_folder/' for config files...
2025-11-26 07:14:01,747 - INFO - Drop JSON configs with start_date and end_date for historical processing
2025-11-26 07:14:26,833 - INFO - Modified config detected: /Users/shalinitata/Desktop/stocks/watch_folder/test.json
2025-11-26 07:14:26,836 - INFO - Processing historical range: 1996-01-01 to 2025-11-25
2025-11-26 07:14:26,836 - INFO - Triggering check.py for historical processing
2025-11-26 13:20:20,198 - INFO - 
Shutting down watcher...
2025-11-26 13:20:20,203 - INFO - Live scheduler stopped
2025-11-26 13:20:20,204 - INFO - Watcher stopped
