
********** Local Data Warehouse and Analytical Reporting System **********
Filename: Stock Market and Macroeconomic Intelligence
User ID: 800338
Username: Shalini Tata
File Path: /Users/shalinitata/Desktop/stocks/watcher.py
********** Stock Market and Macroeconomic Intelligence **********
2025-11-26 14:34:57,912 - INFO - ===== started running the process ======
2025-11-26 14:34:57,912 - INFO - ============================================================
2025-11-26 14:34:57,912 - INFO - Stock Data Watcher Started
2025-11-26 14:34:57,912 - INFO - ============================================================
2025-11-26 14:34:57,912 - INFO - Starting live data scheduler...
2025-11-26 14:34:57,913 - INFO - Live scheduler started successfully
2025-11-26 14:34:57,914 - INFO - Watching 'watch_folder/' for config files...
2025-11-26 14:34:57,914 - INFO - Drop JSON configs with start_date and end_date for historical processing
2025-11-26 14:35:10,523 - INFO - Modified config detected: /Users/shalinitata/Desktop/stocks/watch_folder/test.json
2025-11-26 14:35:10,527 - INFO - Processing historical range: 1996-01-01 to 2025-11-25
2025-11-26 14:35:10,527 - INFO - Triggering check.py for historical processing
2025-11-26 14:59:40,361 - INFO - Modified config detected: /Users/shalinitata/Desktop/stocks/watch_folder/test.json
2025-11-26 14:59:40,363 - INFO - Processing historical range: 1996-01-01 to 2025-11-25
2025-11-26 14:59:40,363 - INFO - Triggering check.py for historical processing
2025-11-26 15:12:19,625 - INFO - 
Shutting down watcher...
2025-11-26 15:12:19,626 - INFO - Live scheduler stopped
2025-11-26 15:12:19,627 - INFO - Watcher stopped
