
********** Local Data Warehouse and Analytical Reporting System **********
Filename: Stock Market and Macroeconomic Intelligence
User ID: 800338
Username: Shalini Tata
File Path: /Users/shalinitata/Desktop/stocks/watcher.py
********** Stock Market and Macroeconomic Intelligence **********
2025-11-26 07:02:21,237 - INFO - ===== started running the process ======
2025-11-26 07:02:21,238 - INFO - ============================================================
2025-11-26 07:02:21,238 - INFO - Stock Data Watcher Started
2025-11-26 07:02:21,238 - INFO - ============================================================
2025-11-26 07:02:21,238 - INFO - Starting live data scheduler...
2025-11-26 07:02:21,239 - INFO - Live scheduler started successfully
2025-11-26 07:02:21,239 - INFO - Watching 'watch_folder/' for config files...
2025-11-26 07:02:21,239 - INFO - Drop JSON configs with start_date and end_date for historical processing
2025-11-26 07:02:47,079 - INFO - Modified config detected: /Users/shalinitata/Desktop/stocks/watch_folder/test.json
2025-11-26 07:02:47,082 - INFO - Processing historical range: 2024-04-02 to 2025-05-20
2025-11-26 07:02:47,082 - INFO - Triggering check.py for historical processing
2025-11-26 07:08:28,634 - INFO - 
Shutting down watcher...
2025-11-26 07:08:28,636 - INFO - Live scheduler stopped
2025-11-26 07:08:28,637 - INFO - Watcher stopped
