
********** Local Data Warehouse and Analytical Reporting System **********
Filename: Stock Market and Macroeconomic Intelligence
User ID: 800338
Username: Shalini Tata
File Path: /Users/shalinitata/Desktop/stocks/watcher.py
********** Stock Market and Macroeconomic Intelligence **********
2025-11-26 06:57:28,490 - INFO - ===== started running the process ======
2025-11-26 06:57:28,491 - INFO - ============================================================
2025-11-26 06:57:28,491 - INFO - Stock Data Watcher Started
2025-11-26 06:57:28,491 - INFO - ============================================================
2025-11-26 06:57:28,491 - INFO - Starting live data scheduler...
2025-11-26 06:57:28,492 - INFO - Live scheduler started successfully
2025-11-26 06:57:28,493 - INFO - Watching 'watch_folder/' for config files...
2025-11-26 06:57:28,493 - INFO - Drop JSON configs with start_date and end_date for historical processing
2025-11-26 06:58:01,217 - INFO - Modified config detected: /Users/shalinitata/Desktop/stocks/watch_folder/test.json
2025-11-26 06:58:01,220 - INFO - Processing historical range: 2024-04-02 to 2025-05-20
2025-11-26 06:58:01,220 - INFO - Triggering check.py for historical processing
2025-11-26 06:59:46,832 - INFO - 
Shutting down watcher...
2025-11-26 06:59:46,834 - INFO - Live scheduler stopped
2025-11-26 06:59:46,835 - INFO - Watcher stopped
