
********** Local Data Warehouse and Analytical Reporting System **********
Filename: Stock Market and Macroeconomic Intelligence
User ID: 800338
Username: Shalini Tata
File Path: /Users/shalinitata/Desktop/stocks/watcher.py
********** Stock Market and Macroeconomic Intelligence **********
2025-11-26 13:42:43,197 - INFO - ===== started running the process ======
2025-11-26 13:42:43,197 - INFO - ============================================================
2025-11-26 13:42:43,197 - INFO - Stock Data Watcher Started
2025-11-26 13:42:43,197 - INFO - ============================================================
2025-11-26 13:42:43,197 - INFO - Starting live data scheduler...
2025-11-26 13:42:43,198 - INFO - Live scheduler started successfully
2025-11-26 13:42:43,200 - INFO - Watching 'watch_folder/' for config files...
2025-11-26 13:42:43,200 - INFO - Drop JSON configs with start_date and end_date for historical processing
2025-11-26 13:43:02,236 - INFO - New config detected: /Users/shalinitata/Desktop/stocks/watch_folder/config_20251126_134302_ca500eea.json
2025-11-26 13:43:02,241 - INFO - Processing historical range: 2025-10-27 to 2025-11-26
2025-11-26 13:43:02,241 - INFO - Triggering check.py for historical processing
2025-11-26 13:43:02,244 - INFO - Modified config detected: /Users/shalinitata/Desktop/stocks/watch_folder/config_20251126_134302_ca500eea.json
2025-11-26 13:43:02,244 - INFO - Processing historical range: 2025-10-27 to 2025-11-26
2025-11-26 13:43:02,244 - INFO - Triggering check.py for historical processing
2025-11-26 13:43:02,439 - INFO - Modified config detected: /Users/shalinitata/Desktop/stocks/watch_folder/config_20251126_134302_ca500eea.json
2025-11-26 13:43:02,440 - INFO - Processing historical range: 2025-10-27 to 2025-11-26
2025-11-26 13:43:02,440 - INFO - Triggering check.py for historical processing
2025-11-26 13:43:02,464 - INFO - Modified config detected: /Users/shalinitata/Desktop/stocks/watch_folder/config_20251126_134302_ca500eea.json
2025-11-26 13:43:02,465 - INFO - Processing historical range: 2025-10-27 to 2025-11-26
2025-11-26 13:43:02,465 - INFO - Triggering check.py for historical processing
2025-11-26 13:44:11,535 - INFO - New config detected: /Users/shalinitata/Desktop/stocks/watch_folder/config_20251126_134411_787395a5.json
2025-11-26 13:44:11,536 - INFO - Processing historical range: 2025-10-27 to 2025-11-26
2025-11-26 13:44:11,536 - INFO - Triggering check.py for historical processing
2025-11-26 13:44:11,540 - INFO - Modified config detected: /Users/shalinitata/Desktop/stocks/watch_folder/config_20251126_134411_787395a5.json
2025-11-26 13:44:11,541 - INFO - Processing historical range: 2025-10-27 to 2025-11-26
2025-11-26 13:44:11,541 - INFO - Triggering check.py for historical processing
2025-11-26 13:44:11,789 - INFO - Modified config detected: /Users/shalinitata/Desktop/stocks/watch_folder/config_20251126_134411_787395a5.json
2025-11-26 13:44:11,789 - INFO - Processing historical range: 2025-10-27 to 2025-11-26
2025-11-26 13:44:11,789 - INFO - Triggering check.py for historical processing
2025-11-26 13:44:11,816 - INFO - Modified config detected: /Users/shalinitata/Desktop/stocks/watch_folder/config_20251126_134411_787395a5.json
2025-11-26 13:44:11,816 - INFO - Processing historical range: 2025-10-27 to 2025-11-26
2025-11-26 13:44:11,816 - INFO - Triggering check.py for historical processing
2025-11-26 13:44:59,443 - INFO - 
Shutting down watcher...
2025-11-26 13:44:59,445 - INFO - Live scheduler stopped
2025-11-26 13:44:59,445 - INFO - Watcher stopped
