
********** Local Data Warehouse and Analytical Reporting System **********
Filename: Stock Market and Macroeconomic Intelligence
User ID: 800338
Username: Shalini Tata
File Path: /Users/shalinitata/Desktop/stocks/watcher.py
********** Stock Market and Macroeconomic Intelligence **********
2025-11-26 13:25:42,489 - INFO - ===== started running the process ======
2025-11-26 13:25:42,489 - INFO - ============================================================
2025-11-26 13:25:42,489 - INFO - Stock Data Watcher Started
2025-11-26 13:25:42,489 - INFO - ============================================================
2025-11-26 13:25:42,489 - INFO - Starting live data scheduler...
2025-11-26 13:25:42,490 - INFO - Live scheduler started successfully
2025-11-26 13:25:42,490 - INFO - Watching 'watch_folder/' for config files...
2025-11-26 13:25:42,490 - INFO - Drop JSON configs with start_date and end_date for historical processing
2025-11-26 13:27:06,826 - INFO - New config detected: /Users/shalinitata/Desktop/stocks/watch_folder/config_20251126_132706_66e7513f.json
2025-11-26 13:27:06,830 - INFO - Processing historical range: 2025-10-27 to 2025-11-26
2025-11-26 13:27:06,830 - INFO - Triggering check.py for historical processing
2025-11-26 13:27:06,834 - INFO - Modified config detected: /Users/shalinitata/Desktop/stocks/watch_folder/config_20251126_132706_66e7513f.json
2025-11-26 13:27:06,834 - INFO - Processing historical range: 2025-10-27 to 2025-11-26
2025-11-26 13:27:06,834 - INFO - Triggering check.py for historical processing
2025-11-26 13:27:07,229 - INFO - Modified config detected: /Users/shalinitata/Desktop/stocks/watch_folder/config_20251126_132706_66e7513f.json
2025-11-26 13:27:07,230 - INFO - Processing historical range: 2025-10-27 to 2025-11-26
2025-11-26 13:27:07,230 - INFO - Triggering check.py for historical processing
2025-11-26 13:27:07,331 - INFO - Modified config detected: /Users/shalinitata/Desktop/stocks/watch_folder/config_20251126_132706_66e7513f.json
2025-11-26 13:27:07,332 - INFO - Processing historical range: 2025-10-27 to 2025-11-26
2025-11-26 13:27:07,332 - INFO - Triggering check.py for historical processing
2025-11-26 13:30:52,506 - INFO - 
Shutting down watcher...
2025-11-26 13:30:52,508 - INFO - Live scheduler stopped
2025-11-26 13:30:52,508 - INFO - Watcher stopped
