
********** Local Data Warehouse and Analytical Reporting System **********
Filename: Stock Market and Macroeconomic Intelligence
User ID: 800338
Username: Shalini Tata
File Path: /Users/shalinitata/Desktop/stocks/watcher.py
********** Stock Market and Macroeconomic Intelligence **********
2025-11-26 13:50:32,959 - INFO - ===== started running the process ======
2025-11-26 13:50:33,002 - INFO - Scheduler time set to: 10:30
2025-11-26 13:50:33,002 - INFO - ============================================================
2025-11-26 13:50:33,002 - INFO - HISTORICAL PROCESSING FROM CONFIG
2025-11-26 13:50:33,002 - INFO - Range: 2025-04-02 to 2025-05-20
2025-11-26 13:50:33,002 - INFO - ============================================================
2025-11-26 13:50:33,002 - INFO - 
============================================================
2025-11-26 13:50:33,002 - INFO - Fetching HISTORICAL data for 2025
2025-11-26 13:50:33,002 - INFO - Period: 2025-04-02 to 2025-05-20
2025-11-26 13:50:33,004 - INFO - total companies with tickers: 96
2025-11-26 13:50:33,006 - INFO - found 238 days already saved
2025-11-26 13:50:33,007 - INFO - 
[1] ->  Walmart (WMT)
2025-11-26 13:50:34,509 - INFO - Got 33 days of data
2025-11-26 13:50:34,522 - INFO - 
[2] ->  Amazon (AMZN)
2025-11-26 13:50:34,672 - INFO - Got 33 days of data
2025-11-26 13:50:34,685 - INFO - 
[3] ->  UnitedHealth (UNH)
2025-11-26 13:50:34,880 - INFO - Got 33 days of data
2025-11-26 13:50:34,893 - INFO - 
[4] ->  Apple (APLE)
2025-11-26 13:50:34,987 - INFO - Got 33 days of data
2025-11-26 13:50:35,000 - INFO - 
[5] ->  CVS Health (CVS)
2025-11-26 13:50:35,118 - INFO - Got 33 days of data
2025-11-26 13:50:35,130 - INFO - 
[6] ->  Berkshire Hathaway (BRK.A)
2025-11-26 13:50:35,636 - INFO - No data available
2025-11-26 13:50:35,636 - INFO - 
[7] ->  Alphabet (GOOGL)
2025-11-26 13:50:35,759 - INFO - Got 33 days of data
2025-11-26 13:50:35,772 - INFO - 
[8] ->  Exxon Mobil (XOM)
2025-11-26 13:50:35,914 - INFO - Got 33 days of data
2025-11-26 13:50:35,927 - INFO - 
[9] ->  McKesson (MCK)
2025-11-26 13:50:35,997 - INFO - Got 33 days of data
2025-11-26 13:50:36,009 - INFO - 
[10] ->  Cencora (COR)
2025-11-26 13:50:36,194 - INFO - Got 33 days of data
2025-11-26 13:50:36,207 - INFO - 
[11] ->  JPMorgan Chase (JPM)
2025-11-26 13:50:36,347 - INFO - Got 33 days of data
2025-11-26 13:50:36,360 - INFO - 
[12] ->  Costco (COST)
2025-11-26 13:50:36,718 - INFO - Got 33 days of data
2025-11-26 13:50:36,731 - INFO - 
[13] ->  Cigna (CI)
2025-11-26 13:50:36,869 - INFO - Got 33 days of data
2025-11-26 13:50:36,881 - INFO - 
[14] ->  Microsoft (MSFT)
2025-11-26 13:50:36,991 - INFO - Got 33 days of data
2025-11-26 13:50:37,003 - INFO - 
[15] ->  Cardinal Health (CAH)
2025-11-26 13:50:37,130 - INFO - Got 33 days of data
2025-11-26 13:50:37,143 - INFO - 
[16] ->  Chevron (CVX)
2025-11-26 13:50:37,307 - INFO - Got 33 days of data
2025-11-26 13:50:37,320 - INFO - 
[17] ->  Bank of America (BAC)
2025-11-26 13:50:37,533 - INFO - Got 33 days of data
2025-11-26 13:50:37,545 - INFO - 
[18] ->  General Motors (GM)
2025-11-26 13:50:37,663 - INFO - Got 33 days of data
2025-11-26 13:50:37,676 - INFO - 
[19] ->  Ford Motor (F)
2025-11-26 13:50:37,830 - INFO - Got 33 days of data
2025-11-26 13:50:37,843 - INFO - 
[20] ->  Elevance Health (ELV)
2025-11-26 13:50:37,932 - INFO - Got 33 days of data
2025-11-26 13:50:37,945 - INFO - 
[21] ->  Citi (CITI.NE)
2025-11-26 13:50:38,028 - INFO - Got 32 days of data
2025-11-26 13:50:38,041 - INFO - 
[22] ->  Meta (META)
2025-11-26 13:50:38,145 - INFO - Got 33 days of data
2025-11-26 13:50:38,156 - INFO - 
[23] ->  Centene (CNC)
2025-11-26 13:50:38,255 - INFO - Got 33 days of data
2025-11-26 13:50:38,268 - INFO - 
[24] ->  Home Depot (HD)
2025-11-26 13:50:38,456 - INFO - Got 33 days of data
2025-11-26 13:50:38,469 - INFO - 
[25] ->  Fannie Mae (FNMA)
2025-11-26 13:50:38,596 - INFO - Got 33 days of data
2025-11-26 13:50:38,609 - INFO - 
[27] ->  Kroger (KR)
2025-11-26 13:50:38,745 - INFO - Got 33 days of data
2025-11-26 13:50:38,758 - INFO - 
[28] ->  Phillips 66 (PSX)
2025-11-26 13:50:38,860 - INFO - Got 33 days of data
2025-11-26 13:50:38,873 - INFO - 
[29] ->  Marathon Petroleum (MPC)
2025-11-26 13:50:38,980 - INFO - Got 33 days of data
2025-11-26 13:50:38,993 - INFO - 
[30] ->  Verizon (VZ)
2025-11-26 13:50:39,124 - INFO - Got 33 days of data
2025-11-26 13:50:39,137 - INFO - 
[31] ->  Nvidia (NVDA)
2025-11-26 13:50:39,264 - INFO - Got 33 days of data
2025-11-26 13:50:39,277 - INFO - 
[32] ->  Goldman Sachs (GSBD)
2025-11-26 13:50:39,380 - INFO - Got 33 days of data
2025-11-26 13:50:39,393 - INFO - 
[33] ->  Wells Fargo (WFC)
2025-11-26 13:50:39,544 - INFO - Got 33 days of data
2025-11-26 13:50:39,557 - INFO - 
[34] ->  Valero Energy (VLO)
2025-11-26 13:50:39,698 - INFO - Got 33 days of data
2025-11-26 13:50:39,711 - INFO - 
[35] ->  Comcast (CMCSA)
2025-11-26 13:50:39,911 - INFO - Got 33 days of data
2025-11-26 13:50:39,923 - INFO - 
[36] ->  State Farm (ALL)
2025-11-26 13:50:40,036 - INFO - Got 33 days of data
2025-11-26 13:50:40,049 - INFO - 
[37] ->  AT&T (ATT.L)
2025-11-26 13:50:40,132 - INFO - Got 31 days of data
2025-11-26 13:50:40,144 - INFO - 
[38] ->  Freddie Mac (FMCC)
2025-11-26 13:50:40,243 - INFO - Got 33 days of data
2025-11-26 13:50:40,254 - INFO - 
[39] ->  Humana (HUM.ST)
2025-11-26 13:50:40,371 - INFO - Got 31 days of data
2025-11-26 13:50:40,382 - INFO - 
[40] ->  Morgan Stanley (MS)
2025-11-26 13:50:40,577 - INFO - Got 33 days of data
2025-11-26 13:50:40,590 - INFO - 
[41] ->  Target (TGT)
2025-11-26 13:50:40,760 - INFO - Got 33 days of data
2025-11-26 13:50:40,773 - INFO - 
[42] ->  StoneX (SNEX)
2025-11-26 13:50:40,867 - INFO - Got 33 days of data
2025-11-26 13:50:40,879 - INFO - 
[43] ->  Tesla (TSLA)
2025-11-26 13:50:40,955 - INFO - Got 33 days of data
2025-11-26 13:50:40,968 - INFO - 
[44] ->  Dell Technologies (DELL)
2025-11-26 13:50:41,053 - INFO - Got 33 days of data
2025-11-26 13:50:41,065 - INFO - 
[45] ->  PepsiCo (PEP)
2025-11-26 13:50:41,186 - INFO - Got 33 days of data
2025-11-26 13:50:41,199 - INFO - 
[46] ->  Walt Disney (DIS)
2025-11-26 13:50:41,345 - INFO - Got 33 days of data
2025-11-26 13:50:41,358 - INFO - 
[47] ->  UPS (UPS)
2025-11-26 13:50:41,494 - INFO - Got 33 days of data
2025-11-26 13:50:41,507 - INFO - 
[48] ->  Johnson & Johnson (JNJ)
2025-11-26 13:50:41,653 - INFO - Got 33 days of data
2025-11-26 13:50:41,666 - INFO - 
[49] ->  FedEx (FDX)
2025-11-26 13:50:41,794 - INFO - Got 33 days of data
2025-11-26 13:50:41,806 - INFO - 
[50] ->  Archer Daniels Midland (ADM)
2025-11-26 13:50:41,936 - INFO - Got 33 days of data
2025-11-26 13:50:41,949 - INFO - 
[51] ->  Procter & Gamble (PG)
2025-11-26 13:50:42,100 - INFO - Got 33 days of data
2025-11-26 13:50:42,113 - INFO - 
[52] ->  Lowe's (X1G.PA)
2025-11-26 13:50:42,259 - INFO - Got 31 days of data
2025-11-26 13:50:42,271 - INFO - 
[53] ->  Energy Transfer (ET)
2025-11-26 13:50:42,380 - INFO - Got 33 days of data
2025-11-26 13:50:42,392 - INFO - 
[54] ->  RTX (RTX)
2025-11-26 13:50:42,551 - INFO - Got 33 days of data
2025-11-26 13:50:42,564 - INFO - 
[55] ->  Albertsons (ACI)
2025-11-26 13:50:42,650 - INFO - Got 33 days of data
2025-11-26 13:50:42,662 - INFO - 
[56] ->  Sysco (SYY)
2025-11-26 13:50:42,901 - INFO - Got 33 days of data
2025-11-26 13:50:42,914 - INFO - 
[57] ->  Progressive (PGR)
2025-11-26 13:50:43,486 - INFO - Got 33 days of data
2025-11-26 13:50:43,498 - INFO - 
[58] ->  American Express (AXP)
2025-11-26 13:50:43,805 - INFO - Got 33 days of data
2025-11-26 13:50:43,818 - INFO - 
[59] ->  Lockheed Martin (LMT)
2025-11-26 13:50:43,983 - INFO - Got 33 days of data
2025-11-26 13:50:43,996 - INFO - 
[60] ->  MetLife (MET)
2025-11-26 13:50:44,137 - INFO - Got 33 days of data
2025-11-26 13:50:44,150 - INFO - 
[61] ->  HCA Healthcare (HCA)
2025-11-26 13:50:44,280 - INFO - Got 33 days of data
2025-11-26 13:50:44,293 - INFO - 
[62] ->  Prudential Financial (PRU)
2025-11-26 13:50:44,400 - INFO - Got 33 days of data
2025-11-26 13:50:44,412 - INFO - 
[63] ->  Boeing (BA)
2025-11-26 13:50:44,578 - INFO - Got 33 days of data
2025-11-26 13:50:44,591 - INFO - 
[64] ->  Caterpillar (CAT)
2025-11-26 13:50:44,752 - INFO - Got 33 days of data
2025-11-26 13:50:44,765 - INFO - 
[65] ->  Merck (MRK)
2025-11-26 13:50:44,923 - INFO - Got 33 days of data
2025-11-26 13:50:44,936 - INFO - 
[66] ->  Allstate (ALL)
2025-11-26 13:50:44,942 - INFO - Got 33 days of data
2025-11-26 13:50:44,954 - INFO - 
[67] ->  Pfizer (PFIZER.NS)
2025-11-26 13:50:45,063 - INFO - Got 30 days of data
2025-11-26 13:50:45,076 - INFO - 
[68] ->  IBM (IBM)
2025-11-26 13:50:45,237 - INFO - Got 33 days of data
2025-11-26 13:50:45,250 - INFO - 
[69] ->  New York Life Insurance (601336.SS)
2025-11-26 13:50:45,409 - INFO - Got 30 days of data
2025-11-26 13:50:45,422 - INFO - 
[70] ->  Delta Airlines (DAL)
2025-11-26 13:50:45,525 - INFO - Got 33 days of data
2025-11-26 13:50:45,537 - INFO - 
[72] ->  Nationwide (NATWIDE.KL)
2025-11-26 13:50:46,308 - INFO - No data available
2025-11-26 13:50:46,309 - INFO - 
[73] ->  TD Synnex (SNX)
2025-11-26 13:50:46,406 - INFO - Got 33 days of data
2025-11-26 13:50:46,418 - INFO - 
[74] ->  United Airlines (UAL)
2025-11-26 13:50:46,569 - INFO - Got 33 days of data
2025-11-26 13:50:46,581 - INFO - 
[75] ->  ConocoPhillips (COP)
2025-11-26 13:50:46,703 - INFO - Got 33 days of data
2025-11-26 13:50:46,716 - INFO - 
[76] ->  TJX (TJX)
2025-11-26 13:50:46,846 - INFO - Got 33 days of data
2025-11-26 13:50:46,859 - INFO - 
[77] ->  AbbVie (ABBV)
2025-11-26 13:50:46,962 - INFO - Got 33 days of data
2025-11-26 13:50:46,975 - INFO - 
[78] ->  Enterprise Products Partners (EPD)
2025-11-26 13:50:47,154 - INFO - Got 33 days of data
2025-11-26 13:50:47,167 - INFO - 
[79] ->  Charter Communications (CHTR)
2025-11-26 13:50:47,244 - INFO - Got 33 days of data
2025-11-26 13:50:47,257 - INFO - 
[80] ->  Performance Food (PFGC)
2025-11-26 13:50:47,324 - INFO - Got 33 days of data
2025-11-26 13:50:47,336 - INFO - 
[81] ->  American Airlines (AAL)
2025-11-26 13:50:47,418 - INFO - Got 33 days of data
2025-11-26 13:50:47,431 - INFO - 
[82] ->  Capital One (VALC.TA)
2025-11-26 13:50:48,016 - INFO - No data available
2025-11-26 13:50:48,017 - INFO - 
[83] ->  Cisco Systems (CSCO)
2025-11-26 13:50:48,471 - INFO - Got 33 days of data
2025-11-26 13:50:48,483 - INFO - 
[84] ->  HP (HP)
2025-11-26 13:50:48,639 - INFO - Got 33 days of data
2025-11-26 13:50:48,652 - INFO - 
[85] ->  Tyson Foods (TSN)
2025-11-26 13:50:48,769 - INFO - Got 33 days of data
2025-11-26 13:50:48,782 - INFO - 
[86] ->  Intel (INTC)
2025-11-26 13:50:48,903 - INFO - Got 33 days of data
2025-11-26 13:50:48,916 - INFO - 
[87] ->  Oracle (ORCL)
2025-11-26 13:50:49,076 - INFO - Got 33 days of data
2025-11-26 13:50:49,089 - INFO - 
[88] ->  Broadcom (AVGO)
2025-11-26 13:50:49,270 - INFO - Got 33 days of data
2025-11-26 13:50:49,282 - INFO - 
[89] ->  Deere (DE)
2025-11-26 13:50:49,430 - INFO - Got 33 days of data
2025-11-26 13:50:49,443 - INFO - 
[90] ->  Nike (NKE)
2025-11-26 13:50:49,565 - INFO - Got 33 days of data
2025-11-26 13:50:49,577 - INFO - 
[92] ->  Plains GP (PAGP)
2025-11-26 13:50:49,681 - INFO - Got 33 days of data
2025-11-26 13:50:49,694 - INFO - 
[93] ->  USAA (UIPMX)
2025-11-26 13:50:49,823 - INFO - Got 33 days of data
2025-11-26 13:50:49,834 - INFO - 
[95] ->  Ingram Micro (INGM)
2025-11-26 13:50:49,926 - INFO - Got 33 days of data
2025-11-26 13:50:49,939 - INFO - 
[96] ->  General Dynamics (GD)
2025-11-26 13:50:50,124 - INFO - Got 33 days of data
2025-11-26 13:50:50,137 - INFO - 
[97] ->  Coca-Cola (COLA.WA)
2025-11-26 13:50:50,208 - INFO - Got 18 days of data
2025-11-26 13:50:50,221 - INFO - 
[98] ->  TIAA (TILIX)
2025-11-26 13:50:50,310 - INFO - Got 33 days of data
2025-11-26 13:50:50,323 - INFO - 
[99] ->  Travelers (TRV)
2025-11-26 13:50:50,443 - INFO - Got 33 days of data
2025-11-26 13:50:50,456 - INFO - 
[100] ->  Eli Lilly (LLY)
2025-11-26 13:50:50,623 - INFO - Got 33 days of data
2025-11-26 13:50:50,635 - INFO - Historic stocks data collected
2025-11-26 13:50:50,636 - INFO - 
============================================================
2025-11-26 13:50:50,636 - INFO - Creating HISTORICAL company metadata
2025-11-26 13:50:50,636 - INFO - Years: 2025 to 2025
2025-11-26 13:50:50,636 - INFO - 
2025: Metadata already exists — skipping
2025-11-26 13:50:50,636 - INFO - 
Metadata creation completed
2025-11-26 13:50:50,636 - INFO - 
============================================================
2025-11-26 13:50:50,636 - INFO - Creating HISTORICAL macro data
2025-11-26 13:50:50,636 - INFO - Years: 2025 to 2025
2025-11-26 13:50:50,636 - INFO - 
2025: already exists — skipping
2025-11-26 13:50:50,636 - INFO - 
Macro data creation complete
2025-11-26 13:50:50,636 - INFO - 
============================================================
2025-11-26 13:50:50,636 - INFO - Fetching HISTORICAL exchange rates (USD-INR) from FRED
2025-11-26 13:50:50,636 - INFO - Years: 2025 to 2025
2025-11-26 13:50:50,636 - INFO - 
2025: Already exists — skipping
2025-11-26 13:50:50,636 - INFO - 
Exchange rate data complete
2025-11-26 13:50:50,636 - INFO - Starting merge process
2025-11-26 13:50:50,636 - INFO - Mode: Historical
2025-11-26 13:50:50,636 - INFO - Date range: 2025-04-02 to 2025-05-20
2025-11-26 13:50:50,636 - INFO - Execution dir: /Users/shalinitata/Desktop/stocks/Execution/2025/11/26/13:50
2025-11-26 13:50:50,636 - INFO - 
============================================================
2025-11-26 13:50:50,636 - INFO - Processing BASE TABLE (stocks_raw)
2025-11-26 13:50:50,636 - INFO - Processing stocks_raw (BASE TABLE)
2025-11-26 13:50:50,637 - INFO - Read 92 rows from 2025/04/03/stocks.csv
2025-11-26 13:50:50,638 - INFO - Read 91 rows from 2025/04/04/stocks.csv
2025-11-26 13:50:50,638 - INFO - Read 92 rows from 2025/04/02/stocks.csv
2025-11-26 13:50:50,639 - INFO - Read 1 rows from 2025/04/18/stocks.csv
2025-11-26 13:50:50,639 - INFO - Read 92 rows from 2025/04/11/stocks.csv
2025-11-26 13:50:50,640 - INFO - Read 92 rows from 2025/04/29/stocks.csv
2025-11-26 13:50:50,640 - INFO - Read 91 rows from 2025/04/16/stocks.csv
2025-11-26 13:50:50,641 - INFO - Read 92 rows from 2025/04/28/stocks.csv
2025-11-26 13:50:50,641 - INFO - Read 91 rows from 2025/04/17/stocks.csv
2025-11-26 13:50:50,641 - INFO - Read 91 rows from 2025/04/10/stocks.csv
2025-11-26 13:50:50,642 - INFO - Read 88 rows from 2025/04/21/stocks.csv
2025-11-26 13:50:50,642 - INFO - Read 92 rows from 2025/04/07/stocks.csv
2025-11-26 13:50:50,642 - INFO - Read 91 rows from 2025/04/09/stocks.csv
2025-11-26 13:50:50,643 - INFO - Read 91 rows from 2025/04/30/stocks.csv
2025-11-26 13:50:50,643 - INFO - Read 91 rows from 2025/04/08/stocks.csv
2025-11-26 13:50:50,643 - INFO - Read 91 rows from 2025/04/24/stocks.csv
2025-11-26 13:50:50,644 - INFO - Read 92 rows from 2025/04/23/stocks.csv
2025-11-26 13:50:50,644 - INFO - Read 91 rows from 2025/04/15/stocks.csv
2025-11-26 13:50:50,644 - INFO - Read 90 rows from 2025/04/14/stocks.csv
2025-11-26 13:50:50,645 - INFO - Read 92 rows from 2025/04/22/stocks.csv
2025-11-26 13:50:50,645 - INFO - Read 92 rows from 2025/04/25/stocks.csv
2025-11-26 13:50:50,645 - INFO - Read 90 rows from 2025/05/05/stocks.csv
2025-11-26 13:50:50,646 - INFO - Read 90 rows from 2025/05/02/stocks.csv
2025-11-26 13:50:50,646 - INFO - Read 91 rows from 2025/05/20/stocks.csv
2025-11-26 13:50:50,647 - INFO - Read 92 rows from 2025/05/16/stocks.csv
2025-11-26 13:50:50,647 - INFO - Read 90 rows from 2025/05/19/stocks.csv
2025-11-26 13:50:50,647 - INFO - Read 91 rows from 2025/05/07/stocks.csv
2025-11-26 13:50:50,648 - INFO - Read 92 rows from 2025/05/09/stocks.csv
2025-11-26 13:50:50,648 - INFO - Read 91 rows from 2025/05/08/stocks.csv
2025-11-26 13:50:50,648 - INFO - Read 87 rows from 2025/05/01/stocks.csv
2025-11-26 13:50:50,649 - INFO - Read 91 rows from 2025/05/06/stocks.csv
2025-11-26 13:50:50,649 - INFO - Read 92 rows from 2025/05/15/stocks.csv
2025-11-26 13:50:50,650 - INFO - Read 92 rows from 2025/05/12/stocks.csv
2025-11-26 13:50:50,650 - INFO - Read 92 rows from 2025/05/13/stocks.csv
2025-11-26 13:50:50,650 - INFO - Read 92 rows from 2025/05/14/stocks.csv
2025-11-26 13:50:50,657 - INFO - Merged 3099 rows for stocks_raw
2025-11-26 13:50:51,135 - INFO - validation complete for stocks_raw: valid=3099, invalid=0
2025-11-26 13:50:51,162 - INFO - Valid: 3099, Invalid: 0
2025-11-26 13:50:51,172 - INFO - Table stocks_raw created
2025-11-26 13:50:51,440 - INFO - Inserted 3099 rows into stocks_raw
2025-11-26 13:50:51,440 - INFO - Loaded 3099 rows to stocks_raw
2025-11-26 13:50:51,441 - INFO - Base table established with 3099 records
2025-11-26 13:50:51,441 - INFO - Found 92 unique tickers: 601336.SS, AAL, ABBV, ACI, ADM, ALL, AMZN, APLE, ATT.L, AVGO, AXP, BA, BAC, CAH, CAT, CHTR, CI, CITI.NE, CMCSA, CNC, COLA.WA, COP, COR, COST, CSCO, CVS, CVX, DAL, DE, DELL, DIS, ELV, EPD, ET, F, FDX, FMCC, FNMA, GD, GM, GOOGL, GSBD, HCA, HD, HP, HUM.ST, IBM, INGM, INTC, JNJ, JPM, KR, LLY, LMT, MCK, MET, META, MPC, MRK, MS, MSFT, NKE, NVDA, ORCL, PAGP, PEP, PFGC, PFIZER.NS, PG, PGR, PRU, PSX, RTX, SNEX, SNX, SYY, TGT, TILIX, TJX, TRV, TSLA, TSN, UAL, UIPMX, UNH, UPS, VLO, VZ, WFC, WMT, X1G.PA, XOM
2025-11-26 13:50:51,441 - INFO - 
============================================================
2025-11-26 13:50:51,441 - INFO - Processing DEPENDENT TABLES
2025-11-26 13:50:51,441 - INFO - Processing company_metadata
2025-11-26 13:50:51,441 - INFO - Read 93 rows from 2025/company_details.csv
2025-11-26 13:50:51,442 - INFO - Merged 93 rows for company_metadata
2025-11-26 13:50:51,446 - INFO - validation complete for company_metadata: valid=93, invalid=0
2025-11-26 13:50:51,448 - INFO - Valid: 93, Invalid: 0
2025-11-26 13:50:51,451 - INFO - Table company_metadata created successfully
2025-11-26 13:50:51,451 - ERROR - failed to insert row 0: {'rank': 1, 'company': 'Walmart', 'industry': 'General Merchandisers', 'revenue': '$681,000,000,000', 'employees': '2,100,000', 'ticker': 'WMT', 'marketCap': 840497627136.0, 'sector': 'Consumer Defensive', 'country': 'United States', 'exchange': 'NYQ', 'currency': 'USD'}
2025-11-26 13:50:51,451 - ERROR - failed bcoz: could not convert string to float: '$681,000,000,000'
2025-11-26 13:50:51,451 - ERROR - failed to insert row 1: {'rank': 2, 'company': 'Amazon', 'industry': 'Internet Services and Retailing', 'revenue': '$638,000,000,000', 'employees': '1,556,000', 'ticker': 'AMZN', 'marketCap': 2359223910400.0, 'sector': 'Consumer Cyclical', 'country': 'United States', 'exchange': 'NMS', 'currency': 'USD'}
2025-11-26 13:50:51,451 - ERROR - failed bcoz: could not convert string to float: '$638,000,000,000'
2025-11-26 13:50:51,451 - ERROR - failed to insert row 2: {'rank': 3, 'company': 'UnitedHealth', 'industry': 'Health Care: Insurance and Managed Care', 'revenue': '$400,300,000,000', 'employees': '400,000', 'ticker': 'UNH', 'marketCap': 289841184768.0, 'sector': 'Healthcare', 'country': 'United States', 'exchange': 'NYQ', 'currency': 'USD'}
2025-11-26 13:50:51,451 - ERROR - failed bcoz: could not convert string to float: '$400,300,000,000'
2025-11-26 13:50:51,451 - ERROR - failed to insert row 3: {'rank': 4, 'company': 'Apple', 'industry': 'Computers, Office Equipment', 'revenue': '$391,000,000,000', 'employees': '164,000', 'ticker': 'APLE', 'marketCap': 2784630528.0, 'sector': 'Real Estate', 'country': 'United States', 'exchange': 'NYQ', 'currency': 'USD'}
2025-11-26 13:50:51,451 - ERROR - failed bcoz: could not convert string to float: '$391,000,000,000'
2025-11-26 13:50:51,452 - ERROR - failed to insert row 4: {'rank': 5, 'company': 'CVS Health', 'industry': 'Health Care: Pharmacy and Other Services', 'revenue': '$372,800,000,000', 'employees': '259,500', 'ticker': 'CVS', 'marketCap': 99053813760.0, 'sector': 'Healthcare', 'country': 'United States', 'exchange': 'NYQ', 'currency': 'USD'}
2025-11-26 13:50:51,452 - ERROR - failed bcoz: could not convert string to float: '$372,800,000,000'
2025-11-26 13:50:51,452 - ERROR - failed to insert row 5: {'rank': 7, 'company': 'Alphabet', 'industry': 'Internet Services and Retailing', 'revenue': '$350,000,000,000', 'employees': '183,300', 'ticker': 'GOOGL', 'marketCap': 3629518422016.0, 'sector': 'Communication Services', 'country': 'United States', 'exchange': 'NMS', 'currency': 'USD'}
2025-11-26 13:50:51,452 - ERROR - failed bcoz: could not convert string to float: '$350,000,000,000'
2025-11-26 13:50:51,452 - ERROR - failed to insert row 6: {'rank': 8, 'company': 'Exxon Mobil', 'industry': 'Petroleum Refining', 'revenue': '$349,600,000,000', 'employees': '60,900', 'ticker': 'XOM', 'marketCap': 499140984832.0, 'sector': 'Energy', 'country': 'United States', 'exchange': 'NYQ', 'currency': 'USD'}
2025-11-26 13:50:51,452 - ERROR - failed bcoz: could not convert string to float: '$349,600,000,000'
2025-11-26 13:50:51,452 - ERROR - failed to insert row 7: {'rank': 9, 'company': 'McKesson', 'industry': 'Wholesalers: Health Care', 'revenue': '$309,000,000,000', 'employees': '48,000', 'ticker': 'MCK', 'marketCap': 107720622080.0, 'sector': 'Healthcare', 'country': 'United States', 'exchange': 'NYQ', 'currency': 'USD'}
2025-11-26 13:50:51,452 - ERROR - failed bcoz: could not convert string to float: '$309,000,000,000'
2025-11-26 13:50:51,452 - ERROR - failed to insert row 8: {'rank': 10, 'company': 'Cencora', 'industry': 'Wholesalers: Health Care', 'revenue': '$294,000,000,000', 'employees': '44,000', 'ticker': 'COR', 'marketCap': 70897262592.0, 'sector': 'Healthcare', 'country': 'United States', 'exchange': 'NYQ', 'currency': 'USD'}
2025-11-26 13:50:51,452 - ERROR - failed bcoz: could not convert string to float: '$294,000,000,000'
2025-11-26 13:50:51,452 - ERROR - failed to insert row 9: {'rank': 11, 'company': 'JPMorgan Chase', 'industry': 'Commercial Banks', 'revenue': '$278,900,000,000', 'employees': '317,200', 'ticker': 'JPM', 'marketCap': 819481608192.0, 'sector': 'Financial Services', 'country': 'United States', 'exchange': 'NYQ', 'currency': 'USD'}
2025-11-26 13:50:51,452 - ERROR - failed bcoz: could not convert string to float: '$278,900,000,000'
2025-11-26 13:50:51,452 - ERROR - failed to insert row 10: {'rank': 12, 'company': 'Costco', 'industry': 'General Merchandisers', 'revenue': '$254,500,000,000', 'employees': '333,000', 'ticker': 'COST', 'marketCap': 398690353152.0, 'sector': 'Consumer Defensive', 'country': 'United States', 'exchange': 'NMS', 'currency': 'USD'}
2025-11-26 13:50:51,452 - ERROR - failed bcoz: could not convert string to float: '$254,500,000,000'
2025-11-26 13:50:51,452 - ERROR - failed to insert row 11: {'rank': 13, 'company': 'Cigna', 'industry': 'Health Care: Pharmacy and Other Services', 'revenue': '$247,100,000,000', 'employees': '72,400', 'ticker': 'CI', 'marketCap': 74285023232.0, 'sector': 'Healthcare', 'country': 'United States', 'exchange': 'NYQ', 'currency': 'USD'}
2025-11-26 13:50:51,452 - ERROR - failed bcoz: could not convert string to float: '$247,100,000,000'
2025-11-26 13:50:51,452 - ERROR - failed to insert row 12: {'rank': 14, 'company': 'Microsoft', 'industry': 'Computer Software', 'revenue': '$245,100,000,000', 'employees': '228,000', 'ticker': 'MSFT', 'marketCap': 3509346369536.0, 'sector': 'Technology', 'country': 'United States', 'exchange': 'NMS', 'currency': 'USD'}
2025-11-26 13:50:51,452 - ERROR - failed bcoz: could not convert string to float: '$245,100,000,000'
2025-11-26 13:50:51,452 - ERROR - failed to insert row 13: {'rank': 15, 'company': 'Cardinal Health', 'industry': 'Wholesalers: Health Care', 'revenue': '$226,800,000,000', 'employees': '48,400', 'ticker': 'CAH', 'marketCap': 49771409408.0, 'sector': 'Healthcare', 'country': 'United States', 'exchange': 'NYQ', 'currency': 'USD'}
2025-11-26 13:50:51,452 - ERROR - failed bcoz: could not convert string to float: '$226,800,000,000'
2025-11-26 13:50:51,452 - ERROR - failed to insert row 14: {'rank': 16, 'company': 'Chevron', 'industry': 'Petroleum Refining', 'revenue': '$202,800,000,000', 'employees': '45,300', 'ticker': 'CVX', 'marketCap': 302183055360.0, 'sector': 'Energy', 'country': 'United States', 'exchange': 'NYQ', 'currency': 'USD'}
2025-11-26 13:50:51,452 - ERROR - failed bcoz: could not convert string to float: '$202,800,000,000'
2025-11-26 13:50:51,452 - ERROR - failed to insert row 15: {'rank': 17, 'company': 'Bank of America', 'industry': 'Commercial Banks', 'revenue': '$192,400,000,000', 'employees': '213,200', 'ticker': 'BAC', 'marketCap': 381902225408.0, 'sector': 'Financial Services', 'country': 'United States', 'exchange': 'NYQ', 'currency': 'USD'}
2025-11-26 13:50:51,452 - ERROR - failed bcoz: could not convert string to float: '$192,400,000,000'
2025-11-26 13:50:51,452 - ERROR - failed to insert row 16: {'rank': 18, 'company': 'General Motors', 'industry': 'Motor Vehicles & Parts', 'revenue': '$187,400,000,000', 'employees': '162,000', 'ticker': 'GM', 'marketCap': 66959634432.0, 'sector': 'Consumer Cyclical', 'country': 'United States', 'exchange': 'NYQ', 'currency': 'USD'}
2025-11-26 13:50:51,452 - ERROR - failed bcoz: could not convert string to float: '$187,400,000,000'
2025-11-26 13:50:51,452 - ERROR - failed to insert row 17: {'rank': 19, 'company': 'Ford Motor', 'industry': 'Motor Vehicles & Parts', 'revenue': '$185,000,000,000', 'employees': '171,000', 'ticker': 'F', 'marketCap': 51121119232.0, 'sector': 'Consumer Cyclical', 'country': 'United States', 'exchange': 'NYQ', 'currency': 'USD'}
2025-11-26 13:50:51,452 - ERROR - failed bcoz: could not convert string to float: '$185,000,000,000'
2025-11-26 13:50:51,452 - ERROR - failed to insert row 18: {'rank': 20, 'company': 'Elevance Health', 'industry': 'Health Care: Insurance and Managed Care', 'revenue': '$177,000,000,000', 'employees': '103,700', 'ticker': 'ELV', 'marketCap': 72446615552.0, 'sector': 'Healthcare', 'country': 'United States', 'exchange': 'NYQ', 'currency': 'USD'}
2025-11-26 13:50:51,452 - ERROR - failed bcoz: could not convert string to float: '$177,000,000,000'
2025-11-26 13:50:51,452 - ERROR - failed to insert row 19: {'rank': 21, 'company': 'Citi', 'industry': 'Commercial Banks', 'revenue': '$170,800,000,000', 'employees': '227,900', 'ticker': 'CITI.NE', 'marketCap': 252190228480.0, 'sector': nan, 'country': nan, 'exchange': 'NEO', 'currency': 'CAD'}
2025-11-26 13:50:51,452 - ERROR - failed bcoz: could not convert string to float: '$170,800,000,000'
2025-11-26 13:50:51,452 - ERROR - failed to insert row 20: {'rank': 22, 'company': 'Meta', 'industry': 'Internet Services and Retailing', 'revenue': '$164,500,000,000', 'employees': '74,100', 'ticker': 'META', 'marketCap': 1497823576064.0, 'sector': 'Communication Services', 'country': 'United States', 'exchange': 'NMS', 'currency': 'USD'}
2025-11-26 13:50:51,452 - ERROR - failed bcoz: could not convert string to float: '$164,500,000,000'
2025-11-26 13:50:51,452 - ERROR - failed to insert row 21: {'rank': 23, 'company': 'Centene', 'industry': 'Health Care: Insurance and Managed Care', 'revenue': '$163,100,000,000', 'employees': '60,500', 'ticker': 'CNC', 'marketCap': 17940408320.0, 'sector': 'Healthcare', 'country': 'United States', 'exchange': 'NYQ', 'currency': 'USD'}
2025-11-26 13:50:51,452 - ERROR - failed bcoz: could not convert string to float: '$163,100,000,000'
2025-11-26 13:50:51,453 - ERROR - failed to insert row 22: {'rank': 24, 'company': 'Home Depot', 'industry': 'Specialty Retailers: Other', 'revenue': '$159,500,000,000', 'employees': '470,100', 'ticker': 'HD', 'marketCap': 341736128512.0, 'sector': 'Consumer Cyclical', 'country': 'United States', 'exchange': 'NYQ', 'currency': 'USD'}
2025-11-26 13:50:51,453 - ERROR - failed bcoz: could not convert string to float: '$159,500,000,000'
2025-11-26 13:50:51,453 - ERROR - failed to insert row 23: {'rank': 25, 'company': 'Fannie Mae', 'industry': 'Diversified Financials', 'revenue': '$152,700,000,000', 'employees': '8,200', 'ticker': 'FNMA', 'marketCap': 10654405632.0, 'sector': 'Financial Services', 'country': 'United States', 'exchange': 'OQB', 'currency': 'USD'}
2025-11-26 13:50:51,453 - ERROR - failed bcoz: could not convert string to float: '$152,700,000,000'
2025-11-26 13:50:51,453 - ERROR - failed to insert row 24: {'rank': 27, 'company': 'Kroger', 'industry': 'Food & Drug Stores', 'revenue': '$147,100,000,000', 'employees': '409,000', 'ticker': 'KR', 'marketCap': 43776520192.0, 'sector': 'Consumer Defensive', 'country': 'United States', 'exchange': 'NYQ', 'currency': 'USD'}
2025-11-26 13:50:51,453 - ERROR - failed bcoz: could not convert string to float: '$147,100,000,000'
2025-11-26 13:50:51,453 - ERROR - failed to insert row 25: {'rank': 28, 'company': 'Phillips 66', 'industry': 'Petroleum Refining', 'revenue': '$145,500,000,000', 'employees': '13,200', 'ticker': 'PSX', 'marketCap': 54039494656.0, 'sector': 'Energy', 'country': 'United States', 'exchange': 'NYQ', 'currency': 'USD'}
2025-11-26 13:50:51,453 - ERROR - failed bcoz: could not convert string to float: '$145,500,000,000'
2025-11-26 13:50:51,453 - ERROR - failed to insert row 26: {'rank': 29, 'company': 'Marathon Petroleum', 'industry': 'Petroleum Refining', 'revenue': '$140,400,000,000', 'employees': '18,300', 'ticker': 'MPC', 'marketCap': 57952350208.0, 'sector': 'Energy', 'country': 'United States', 'exchange': 'NYQ', 'currency': 'USD'}
2025-11-26 13:50:51,453 - ERROR - failed bcoz: could not convert string to float: '$140,400,000,000'
2025-11-26 13:50:51,453 - ERROR - failed to insert row 27: {'rank': 30, 'company': 'Verizon', 'industry': 'Telecommunications', 'revenue': '$134,800,000,000', 'employees': '99,600', 'ticker': 'VZ', 'marketCap': 173843218432.0, 'sector': 'Communication Services', 'country': 'United States', 'exchange': 'NYQ', 'currency': 'USD'}
2025-11-26 13:50:51,453 - ERROR - failed bcoz: could not convert string to float: '$134,800,000,000'
2025-11-26 13:50:51,453 - ERROR - failed to insert row 28: {'rank': 31, 'company': 'Nvidia', 'industry': 'Semiconductors and Other Electronic Components', 'revenue': '$130,500,000,000', 'employees': '36,000', 'ticker': 'NVDA', 'marketCap': 4347678687232.0, 'sector': 'Technology', 'country': 'United States', 'exchange': 'NMS', 'currency': 'USD'}
2025-11-26 13:50:51,453 - ERROR - failed bcoz: could not convert string to float: '$130,500,000,000'
2025-11-26 13:50:51,453 - ERROR - failed to insert row 29: {'rank': 32, 'company': 'Goldman Sachs', 'industry': 'Commercial Banks', 'revenue': '$126,900,000,000', 'employees': '46,500', 'ticker': 'GSBD', 'marketCap': 1096626816.0, 'sector': 'Financial Services', 'country': 'United States', 'exchange': 'NYQ', 'currency': 'USD'}
2025-11-26 13:50:51,453 - ERROR - failed bcoz: could not convert string to float: '$126,900,000,000'
2025-11-26 13:50:51,453 - ERROR - failed to insert row 30: {'rank': 33, 'company': 'Wells Fargo', 'industry': 'Commercial Banks', 'revenue': '$125,400,000,000', 'employees': '217,500', 'ticker': 'WFC', 'marketCap': 266238001152.0, 'sector': 'Financial Services', 'country': 'United States', 'exchange': 'NYQ', 'currency': 'USD'}
2025-11-26 13:50:51,453 - ERROR - failed bcoz: could not convert string to float: '$125,400,000,000'
2025-11-26 13:50:51,453 - ERROR - failed to insert row 31: {'rank': 34, 'company': 'Valero Energy', 'industry': 'Petroleum Refining', 'revenue': '$124,000,000,000', 'employees': '9,900', 'ticker': 'VLO', 'marketCap': 53882544128.0, 'sector': 'Energy', 'country': 'United States', 'exchange': 'NYQ', 'currency': 'USD'}
2025-11-26 13:50:51,453 - ERROR - failed bcoz: could not convert string to float: '$124,000,000,000'
2025-11-26 13:50:51,453 - ERROR - failed to insert row 32: {'rank': 35, 'company': 'Comcast', 'industry': 'Telecommunications', 'revenue': '$123,700,000,000', 'employees': '182,000', 'ticker': 'CMCSA', 'marketCap': 100981850112.0, 'sector': 'Communication Services', 'country': 'United States', 'exchange': 'NMS', 'currency': 'USD'}
2025-11-26 13:50:51,453 - ERROR - failed bcoz: could not convert string to float: '$123,700,000,000'
2025-11-26 13:50:51,453 - ERROR - failed to insert row 33: {'rank': 36, 'company': 'State Farm', 'industry': 'Insurance: Property and Casualty (Mutual)', 'revenue': '$123,000,000,000', 'employees': '67,400', 'ticker': 'ALL', 'marketCap': 56474464256.0, 'sector': 'Financial Services', 'country': 'United States', 'exchange': 'NYQ', 'currency': 'USD'}
2025-11-26 13:50:51,453 - ERROR - failed bcoz: could not convert string to float: '$123,000,000,000'
2025-11-26 13:50:51,453 - ERROR - failed to insert row 34: {'rank': 37, 'company': 'AT&T', 'industry': 'Telecommunications', 'revenue': '$122,300,000,000', 'employees': '141,000', 'ticker': 'ATT.L', 'marketCap': 1773942016.0, 'sector': 'Financial Services', 'country': 'Germany', 'exchange': 'LSE', 'currency': 'GBp'}
2025-11-26 13:50:51,453 - ERROR - failed bcoz: could not convert string to float: '$122,300,000,000'
2025-11-26 13:50:51,453 - ERROR - failed to insert row 35: {'rank': 38, 'company': 'Freddie Mac', 'industry': 'Diversified Financials', 'revenue': '$122,100,000,000', 'employees': '8,100', 'ticker': 'FMCC', 'marketCap': 5714023936.0, 'sector': 'Financial Services', 'country': 'United States', 'exchange': 'OQB', 'currency': 'USD'}
2025-11-26 13:50:51,453 - ERROR - failed bcoz: could not convert string to float: '$122,100,000,000'
2025-11-26 13:50:51,453 - ERROR - failed to insert row 36: {'rank': 39, 'company': 'Humana', 'industry': 'Health Care: Insurance and Managed Care', 'revenue': '$117,800,000,000', 'employees': '65,700', 'ticker': 'HUM.ST', 'marketCap': 2288498688.0, 'sector': 'Healthcare', 'country': 'Sweden', 'exchange': 'STO', 'currency': 'SEK'}
2025-11-26 13:50:51,453 - ERROR - failed bcoz: could not convert string to float: '$117,800,000,000'
2025-11-26 13:50:51,453 - ERROR - failed to insert row 37: {'rank': 40, 'company': 'Morgan Stanley', 'industry': 'Commercial Banks', 'revenue': '$107,300,000,000', 'employees': '80,500', 'ticker': 'MS', 'marketCap': 252492414976.0, 'sector': 'Financial Services', 'country': 'United States', 'exchange': 'NYQ', 'currency': 'USD'}
2025-11-26 13:50:51,453 - ERROR - failed bcoz: could not convert string to float: '$107,300,000,000'
2025-11-26 13:50:51,453 - ERROR - failed to insert row 38: {'rank': 41, 'company': 'Target', 'industry': 'General Merchandisers', 'revenue': '$106,600,000,000', 'employees': '440,000', 'ticker': 'TGT', 'marketCap': 39674032128.0, 'sector': 'Consumer Defensive', 'country': 'United States', 'exchange': 'NYQ', 'currency': 'USD'}
2025-11-26 13:50:51,453 - ERROR - failed bcoz: could not convert string to float: '$106,600,000,000'
2025-11-26 13:50:51,453 - ERROR - failed to insert row 39: {'rank': 42, 'company': 'StoneX', 'industry': 'Diversified Financials', 'revenue': '$99,900,000,000', 'employees': '4,500', 'ticker': 'SNEX', 'marketCap': 4367472640.0, 'sector': 'Financial Services', 'country': 'United States', 'exchange': 'NMS', 'currency': 'USD'}
2025-11-26 13:50:51,453 - ERROR - failed bcoz: could not convert string to float: '$99,900,000,000'
2025-11-26 13:50:51,453 - ERROR - failed to insert row 40: {'rank': 43, 'company': 'Tesla', 'industry': 'Motor Vehicles & Parts', 'revenue': '$97,700,000,000', 'employees': '125,700', 'ticker': 'TSLA', 'marketCap': 1300694564864.0, 'sector': 'Consumer Cyclical', 'country': 'United States', 'exchange': 'NMS', 'currency': 'USD'}
2025-11-26 13:50:51,453 - ERROR - failed bcoz: could not convert string to float: '$97,700,000,000'
2025-11-26 13:50:51,454 - ERROR - failed to insert row 41: {'rank': 44, 'company': 'Dell Technologies', 'industry': 'Computers, Office Equipment', 'revenue': '$95,600,000,000', 'employees': '108,000', 'ticker': 'DELL', 'marketCap': 82372435968.0, 'sector': 'Technology', 'country': 'United States', 'exchange': 'NYQ', 'currency': 'USD'}
2025-11-26 13:50:51,454 - ERROR - failed bcoz: could not convert string to float: '$95,600,000,000'
2025-11-26 13:50:51,454 - ERROR - failed to insert row 42: {'rank': 45, 'company': 'PepsiCo', 'industry': 'Food Consumer Products', 'revenue': '$91,900,000,000', 'employees': '319,000', 'ticker': 'PEP', 'marketCap': 200337080320.0, 'sector': 'Consumer Defensive', 'country': 'United States', 'exchange': 'NMS', 'currency': 'USD'}
2025-11-26 13:50:51,454 - ERROR - failed bcoz: could not convert string to float: '$91,900,000,000'
2025-11-26 13:50:51,454 - ERROR - failed to insert row 43: {'rank': 46, 'company': 'Walt Disney', 'industry': 'Entertainment', 'revenue': '$91,400,000,000', 'employees': '205,000', 'ticker': 'DIS', 'marketCap': 187488534528.0, 'sector': 'Communication Services', 'country': 'United States', 'exchange': 'NYQ', 'currency': 'USD'}
2025-11-26 13:50:51,454 - ERROR - failed bcoz: could not convert string to float: '$91,400,000,000'
2025-11-26 13:50:51,454 - ERROR - failed to insert row 44: {'rank': 47, 'company': 'UPS', 'industry': 'Mail, Package and Freight Delivery', 'revenue': '$91,100,000,000', 'employees': '372,200', 'ticker': 'UPS', 'marketCap': 80308183040.0, 'sector': 'Industrials', 'country': 'United States', 'exchange': 'NYQ', 'currency': 'USD'}
2025-11-26 13:50:51,454 - ERROR - failed bcoz: could not convert string to float: '$91,100,000,000'
2025-11-26 13:50:51,454 - ERROR - failed to insert row 45: {'rank': 48, 'company': 'Johnson & Johnson', 'industry': 'Pharmaceuticals', 'revenue': '$88,800,000,000', 'employees': '138,100', 'ticker': 'JNJ', 'marketCap': 491255267328.0, 'sector': 'Healthcare', 'country': 'United States', 'exchange': 'NYQ', 'currency': 'USD'}
2025-11-26 13:50:51,454 - ERROR - failed bcoz: could not convert string to float: '$88,800,000,000'
2025-11-26 13:50:51,454 - ERROR - failed to insert row 46: {'rank': 49, 'company': 'FedEx', 'industry': 'Mail, Package and Freight Delivery', 'revenue': '$87,700,000,000', 'employees': '422,100', 'ticker': 'FDX', 'marketCap': 63573475328.0, 'sector': 'Industrials', 'country': 'United States', 'exchange': 'NYQ', 'currency': 'USD'}
2025-11-26 13:50:51,454 - ERROR - failed bcoz: could not convert string to float: '$87,700,000,000'
2025-11-26 13:50:51,454 - ERROR - failed to insert row 47: {'rank': 50, 'company': 'Archer Daniels Midland', 'industry': 'Food Production', 'revenue': '$85,500,000,000', 'employees': '43,200', 'ticker': 'ADM', 'marketCap': 28175804416.0, 'sector': 'Consumer Defensive', 'country': 'United States', 'exchange': 'NYQ', 'currency': 'USD'}
2025-11-26 13:50:51,454 - ERROR - failed bcoz: could not convert string to float: '$85,500,000,000'
2025-11-26 13:50:51,454 - ERROR - failed to insert row 48: {'rank': 51, 'company': 'Procter & Gamble', 'industry': 'Household and Personal Products', 'revenue': '$84,000,000,000', 'employees': '108,000', 'ticker': 'PG', 'marketCap': 353226063872.0, 'sector': 'Consumer Defensive', 'country': 'United States', 'exchange': 'NYQ', 'currency': 'USD'}
2025-11-26 13:50:51,454 - ERROR - failed bcoz: could not convert string to float: '$84,000,000,000'
2025-11-26 13:50:51,454 - ERROR - failed to insert row 49: {'rank': 52, 'company': "Lowe's", 'industry': 'Specialty Retailers: Other', 'revenue': '$83,700,000,000', 'employees': '215,500', 'ticker': 'X1G.PA', 'marketCap': nan, 'sector': nan, 'country': nan, 'exchange': 'PAR', 'currency': 'EUR'}
2025-11-26 13:50:51,454 - ERROR - failed bcoz: could not convert string to float: '$83,700,000,000'
2025-11-26 13:50:51,454 - ERROR - failed to insert row 50: {'rank': 53, 'company': 'Energy Transfer', 'industry': 'Pipelines', 'revenue': '$82,700,000,000', 'employees': '16,200', 'ticker': 'ET', 'marketCap': 56685215744.0, 'sector': 'Energy', 'country': 'United States', 'exchange': 'NYQ', 'currency': 'USD'}
2025-11-26 13:50:51,454 - ERROR - failed bcoz: could not convert string to float: '$82,700,000,000'
2025-11-26 13:50:51,454 - ERROR - failed to insert row 51: {'rank': 54, 'company': 'RTX', 'industry': 'Aerospace & Defense', 'revenue': '$80,700,000,000', 'employees': '186,000', 'ticker': 'RTX', 'marketCap': 227502178304.0, 'sector': 'Industrials', 'country': 'United States', 'exchange': 'NYQ', 'currency': 'USD'}
2025-11-26 13:50:51,454 - ERROR - failed bcoz: could not convert string to float: '$80,700,000,000'
2025-11-26 13:50:51,454 - ERROR - failed to insert row 52: {'rank': 55, 'company': 'Albertsons', 'industry': 'Food & Drug Stores', 'revenue': '$79,200,000,000', 'employees': '196,600', 'ticker': 'ACI', 'marketCap': 9858896896.0, 'sector': 'Consumer Defensive', 'country': 'United States', 'exchange': 'NYQ', 'currency': 'USD'}
2025-11-26 13:50:51,454 - ERROR - failed bcoz: could not convert string to float: '$79,200,000,000'
2025-11-26 13:50:51,454 - ERROR - failed to insert row 53: {'rank': 56, 'company': 'Sysco', 'industry': 'Wholesalers: Food and Grocery', 'revenue': '$78,800,000,000', 'employees': '76,000', 'ticker': 'SYY', 'marketCap': 36695121920.0, 'sector': 'Consumer Defensive', 'country': 'United States', 'exchange': 'NYQ', 'currency': 'USD'}
2025-11-26 13:50:51,454 - ERROR - failed bcoz: could not convert string to float: '$78,800,000,000'
2025-11-26 13:50:51,454 - ERROR - failed to insert row 54: {'rank': 57, 'company': 'Progressive', 'industry': 'Insurance: Property and Casualty (Stock)', 'revenue': '$75,400,000,000', 'employees': '66,300', 'ticker': 'PGR', 'marketCap': 133060026368.0, 'sector': 'Financial Services', 'country': 'United States', 'exchange': 'NYQ', 'currency': 'USD'}
2025-11-26 13:50:51,454 - ERROR - failed bcoz: could not convert string to float: '$75,400,000,000'
2025-11-26 13:50:51,454 - ERROR - failed to insert row 55: {'rank': 58, 'company': 'American Express', 'industry': 'Diversified Financials', 'revenue': '$74,200,000,000', 'employees': '75,100', 'ticker': 'AXP', 'marketCap': 245569896448.0, 'sector': 'Financial Services', 'country': 'United States', 'exchange': 'NYQ', 'currency': 'USD'}
2025-11-26 13:50:51,454 - ERROR - failed bcoz: could not convert string to float: '$74,200,000,000'
2025-11-26 13:50:51,454 - ERROR - failed to insert row 56: {'rank': 59, 'company': 'Lockheed Martin', 'industry': 'Aerospace & Defense', 'revenue': '$71,000,000,000', 'employees': '121,000', 'ticker': 'LMT', 'marketCap': 107576025088.0, 'sector': 'Industrials', 'country': 'United States', 'exchange': 'NYQ', 'currency': 'USD'}
2025-11-26 13:50:51,454 - ERROR - failed bcoz: could not convert string to float: '$71,000,000,000'
2025-11-26 13:50:51,454 - ERROR - failed to insert row 57: {'rank': 60, 'company': 'MetLife', 'industry': 'Insurance: Life, Health (Stock)', 'revenue': '$71,000,000,000', 'employees': '45,000', 'ticker': 'MET', 'marketCap': 49923506176.0, 'sector': 'Financial Services', 'country': 'United States', 'exchange': 'NYQ', 'currency': 'USD'}
2025-11-26 13:50:51,454 - ERROR - failed bcoz: could not convert string to float: '$71,000,000,000'
2025-11-26 13:50:51,454 - ERROR - failed to insert row 58: {'rank': 61, 'company': 'HCA Healthcare', 'industry': 'Health Care: Medical Facilities', 'revenue': '$70,600,000,000', 'employees': '271,000', 'ticker': 'HCA', 'marketCap': 114890809344.0, 'sector': 'Healthcare', 'country': 'United States', 'exchange': 'NYQ', 'currency': 'USD'}
2025-11-26 13:50:51,454 - ERROR - failed bcoz: could not convert string to float: '$70,600,000,000'
2025-11-26 13:50:51,454 - ERROR - failed to insert row 59: {'rank': 62, 'company': 'Prudential Financial', 'industry': 'Insurance: Life, Health (Stock)', 'revenue': '$70,400,000,000', 'employees': '37,900', 'ticker': 'PRU', 'marketCap': 37569908736.0, 'sector': 'Financial Services', 'country': 'United States', 'exchange': 'NYQ', 'currency': 'USD'}
2025-11-26 13:50:51,454 - ERROR - failed bcoz: could not convert string to float: '$70,400,000,000'
2025-11-26 13:50:51,455 - ERROR - failed to insert row 60: {'rank': 63, 'company': 'Boeing', 'industry': 'Aerospace & Defense', 'revenue': '$66,500,000,000', 'employees': '172,000', 'ticker': 'BA', 'marketCap': 136589156352.0, 'sector': 'Industrials', 'country': 'United States', 'exchange': 'NYQ', 'currency': 'USD'}
2025-11-26 13:50:51,455 - ERROR - failed bcoz: could not convert string to float: '$66,500,000,000'
2025-11-26 13:50:51,455 - ERROR - failed to insert row 61: {'rank': 64, 'company': 'Caterpillar', 'industry': 'Construction and Farm Machinery', 'revenue': '$64,800,000,000', 'employees': '112,900', 'ticker': 'CAT', 'marketCap': 258875473920.0, 'sector': 'Industrials', 'country': 'United States', 'exchange': 'NYQ', 'currency': 'USD'}
2025-11-26 13:50:51,455 - ERROR - failed bcoz: could not convert string to float: '$64,800,000,000'
2025-11-26 13:50:51,455 - ERROR - failed to insert row 62: {'rank': 65, 'company': 'Merck', 'industry': 'Pharmaceuticals', 'revenue': '$64,200,000,000', 'employees': '74,000', 'ticker': 'MRK', 'marketCap': 244183302144.0, 'sector': 'Healthcare', 'country': 'United States', 'exchange': 'NYQ', 'currency': 'USD'}
2025-11-26 13:50:51,455 - ERROR - failed bcoz: could not convert string to float: '$64,200,000,000'
2025-11-26 13:50:51,455 - ERROR - failed to insert row 63: {'rank': 66, 'company': 'Allstate', 'industry': 'Insurance: Property and Casualty (Stock)', 'revenue': '$64,100,000,000', 'employees': '55,200', 'ticker': 'ALL', 'marketCap': 56474464256.0, 'sector': 'Financial Services', 'country': 'United States', 'exchange': 'NYQ', 'currency': 'USD'}
2025-11-26 13:50:51,455 - ERROR - failed bcoz: could not convert string to float: '$64,100,000,000'
2025-11-26 13:50:51,455 - ERROR - failed to insert row 64: {'rank': 67, 'company': 'Pfizer', 'industry': 'Pharmaceuticals', 'revenue': '$63,600,000,000', 'employees': '81,000', 'ticker': 'PFIZER.NS', 'marketCap': 228761534464.0, 'sector': 'Healthcare', 'country': 'India', 'exchange': 'NSI', 'currency': 'INR'}
2025-11-26 13:50:51,455 - ERROR - failed bcoz: could not convert string to float: '$63,600,000,000'
2025-11-26 13:50:51,455 - ERROR - failed to insert row 65: {'rank': 68, 'company': 'IBM', 'industry': 'Information Technology Services', 'revenue': '$62,800,000,000', 'employees': '284,500', 'ticker': 'IBM', 'marketCap': 278027665408.0, 'sector': 'Technology', 'country': 'United States', 'exchange': 'NYQ', 'currency': 'USD'}
2025-11-26 13:50:51,455 - ERROR - failed bcoz: could not convert string to float: '$62,800,000,000'
2025-11-26 13:50:51,455 - ERROR - failed to insert row 66: {'rank': 69, 'company': 'New York Life Insurance', 'industry': 'Insurance: Life, Health (Mutual)', 'revenue': '$62,600,000,000', 'employees': '15,100', 'ticker': '601336.SS', 'marketCap': 204018352128.0, 'sector': 'Financial Services', 'country': 'China', 'exchange': 'SHH', 'currency': 'CNY'}
2025-11-26 13:50:51,455 - ERROR - failed bcoz: could not convert string to float: '$62,600,000,000'
2025-11-26 13:50:51,455 - ERROR - failed to insert row 67: {'rank': 70, 'company': 'Delta Airlines', 'industry': 'Airlines', 'revenue': '$61,600,000,000', 'employees': '103,000', 'ticker': 'DAL', 'marketCap': 38244028416.0, 'sector': 'Industrials', 'country': 'United States', 'exchange': 'NYQ', 'currency': 'USD'}
2025-11-26 13:50:51,455 - ERROR - failed bcoz: could not convert string to float: '$61,600,000,000'
2025-11-26 13:50:51,455 - ERROR - failed to insert row 68: {'rank': 73, 'company': 'TD Synnex', 'industry': 'Wholesalers: Electronics and Office Equipment', 'revenue': '$58,500,000,000', 'employees': '25,800', 'ticker': 'SNX', 'marketCap': 12059985920.0, 'sector': 'Technology', 'country': 'United States', 'exchange': 'NYQ', 'currency': 'USD'}
2025-11-26 13:50:51,455 - ERROR - failed bcoz: could not convert string to float: '$58,500,000,000'
2025-11-26 13:50:51,455 - ERROR - failed to insert row 69: {'rank': 74, 'company': 'United Airlines', 'industry': 'Airlines', 'revenue': '$57,100,000,000', 'employees': '107,300', 'ticker': 'UAL', 'marketCap': 29848641536.0, 'sector': 'Industrials', 'country': 'United States', 'exchange': 'NMS', 'currency': 'USD'}
2025-11-26 13:50:51,455 - ERROR - failed bcoz: could not convert string to float: '$57,100,000,000'
2025-11-26 13:50:51,455 - ERROR - failed to insert row 70: {'rank': 75, 'company': 'ConocoPhillips', 'industry': 'Mining, Crude-Oil Production', 'revenue': '$57,000,000,000', 'employees': '11,800', 'ticker': 'COP', 'marketCap': 109120094208.0, 'sector': 'Energy', 'country': 'United States', 'exchange': 'NYQ', 'currency': 'USD'}
2025-11-26 13:50:51,455 - ERROR - failed bcoz: could not convert string to float: '$57,000,000,000'
2025-11-26 13:50:51,455 - ERROR - failed to insert row 71: {'rank': 76, 'company': 'TJX', 'industry': 'Specialty Retailers: Apparel', 'revenue': '$56,400,000,000', 'employees': '364,000', 'ticker': 'TJX', 'marketCap': 168937668608.0, 'sector': 'Consumer Cyclical', 'country': 'United States', 'exchange': 'NYQ', 'currency': 'USD'}
2025-11-26 13:50:51,455 - ERROR - failed bcoz: could not convert string to float: '$56,400,000,000'
2025-11-26 13:50:51,455 - ERROR - failed to insert row 72: {'rank': 77, 'company': 'AbbVie', 'industry': 'Pharmaceuticals', 'revenue': '$56,300,000,000', 'employees': '55,000', 'ticker': 'ABBV', 'marketCap': 417597620224.0, 'sector': 'Healthcare', 'country': 'United States', 'exchange': 'NYQ', 'currency': 'USD'}
2025-11-26 13:50:51,455 - ERROR - failed bcoz: could not convert string to float: '$56,300,000,000'
2025-11-26 13:50:51,455 - ERROR - failed to insert row 73: {'rank': 78, 'company': 'Enterprise Products Partners', 'industry': 'Pipelines', 'revenue': '$56,200,000,000', 'employees': '7,800', 'ticker': 'EPD', 'marketCap': 70240624640.0, 'sector': 'Energy', 'country': 'United States', 'exchange': 'NYQ', 'currency': 'USD'}
2025-11-26 13:50:51,455 - ERROR - failed bcoz: could not convert string to float: '$56,200,000,000'
2025-11-26 13:50:51,455 - ERROR - failed to insert row 74: {'rank': 79, 'company': 'Charter Communications', 'industry': 'Telecommunications', 'revenue': '$55,100,000,000', 'employees': '94,500', 'ticker': 'CHTR', 'marketCap': 27727972352.0, 'sector': 'Communication Services', 'country': 'United States', 'exchange': 'NMS', 'currency': 'USD'}
2025-11-26 13:50:51,455 - ERROR - failed bcoz: could not convert string to float: '$55,100,000,000'
2025-11-26 13:50:51,455 - ERROR - failed to insert row 75: {'rank': 80, 'company': 'Performance Food', 'industry': 'Wholesalers: Food and Grocery', 'revenue': '$54,700,000,000', 'employees': '36,800', 'ticker': 'PFGC', 'marketCap': 15155894272.0, 'sector': 'Consumer Defensive', 'country': 'United States', 'exchange': 'NYQ', 'currency': 'USD'}
2025-11-26 13:50:51,455 - ERROR - failed bcoz: could not convert string to float: '$54,700,000,000'
2025-11-26 13:50:51,455 - ERROR - failed to insert row 76: {'rank': 81, 'company': 'American Airlines', 'industry': 'Airlines', 'revenue': '$54,200,000,000', 'employees': '133,300', 'ticker': 'AAL', 'marketCap': 8495312896.0, 'sector': 'Industrials', 'country': 'United States', 'exchange': 'NMS', 'currency': 'USD'}
2025-11-26 13:50:51,455 - ERROR - failed bcoz: could not convert string to float: '$54,200,000,000'
2025-11-26 13:50:51,455 - ERROR - failed to insert row 77: {'rank': 83, 'company': 'Cisco Systems', 'industry': 'Network and Other Communications Equipment', 'revenue': '$53,800,000,000', 'employees': '90,400', 'ticker': 'CSCO', 'marketCap': 300678283264.0, 'sector': 'Technology', 'country': 'United States', 'exchange': 'NMS', 'currency': 'USD'}
2025-11-26 13:50:51,455 - ERROR - failed bcoz: could not convert string to float: '$53,800,000,000'
2025-11-26 13:50:51,455 - ERROR - failed to insert row 78: {'rank': 84, 'company': 'HP', 'industry': 'Computers, Office Equipment', 'revenue': '$53,600,000,000', 'employees': '58,000', 'ticker': 'HP', 'marketCap': 2659201536.0, 'sector': 'Energy', 'country': 'United States', 'exchange': 'NYQ', 'currency': 'USD'}
2025-11-26 13:50:51,455 - ERROR - failed bcoz: could not convert string to float: '$53,600,000,000'
2025-11-26 13:50:51,455 - ERROR - failed to insert row 79: {'rank': 85, 'company': 'Tyson Foods', 'industry': 'Food Production', 'revenue': '$53,300,000,000', 'employees': '138,000', 'ticker': 'TSN', 'marketCap': 18948411392.0, 'sector': 'Consumer Defensive', 'country': 'United States', 'exchange': 'NYQ', 'currency': 'USD'}
2025-11-26 13:50:51,456 - ERROR - failed bcoz: could not convert string to float: '$53,300,000,000'
2025-11-26 13:50:51,456 - ERROR - failed to insert row 80: {'rank': 86, 'company': 'Intel', 'industry': 'Semiconductors and Other Electronic Components', 'revenue': '$53,100,000,000', 'employees': '108,900', 'ticker': 'INTC', 'marketCap': 164564992000.0, 'sector': 'Technology', 'country': 'United States', 'exchange': 'NMS', 'currency': 'USD'}
2025-11-26 13:50:51,456 - ERROR - failed bcoz: could not convert string to float: '$53,100,000,000'
2025-11-26 13:50:51,456 - ERROR - failed to insert row 81: {'rank': 87, 'company': 'Oracle', 'industry': 'Computer Software', 'revenue': '$53,000,000,000', 'employees': '159,000', 'ticker': 'ORCL', 'marketCap': 566623535104.0, 'sector': 'Technology', 'country': 'United States', 'exchange': 'NYQ', 'currency': 'USD'}
2025-11-26 13:50:51,456 - ERROR - failed bcoz: could not convert string to float: '$53,000,000,000'
2025-11-26 13:50:51,456 - ERROR - failed to insert row 82: {'rank': 88, 'company': 'Broadcom', 'industry': 'Semiconductors and Other Electronic Components', 'revenue': '$52,400,000,000', 'employees': '37,000', 'ticker': 'AVGO', 'marketCap': 1606548586496.0, 'sector': 'Technology', 'country': 'United States', 'exchange': 'NMS', 'currency': 'USD'}
2025-11-26 13:50:51,456 - ERROR - failed bcoz: could not convert string to float: '$52,400,000,000'
2025-11-26 13:50:51,456 - ERROR - failed to insert row 83: {'rank': 89, 'company': 'Deere', 'industry': 'Construction and Farm Machinery', 'revenue': '$51,700,000,000', 'employees': '55,500', 'ticker': 'DE', 'marketCap': 131715301376.0, 'sector': 'Industrials', 'country': 'United States', 'exchange': 'NYQ', 'currency': 'USD'}
2025-11-26 13:50:51,456 - ERROR - failed bcoz: could not convert string to float: '$51,700,000,000'
2025-11-26 13:50:51,456 - ERROR - failed to insert row 84: {'rank': 90, 'company': 'Nike', 'industry': 'Apparel', 'revenue': '$51,400,000,000', 'employees': '79,400', 'ticker': 'NKE', 'marketCap': 92831039488.0, 'sector': 'Consumer Cyclical', 'country': 'United States', 'exchange': 'NYQ', 'currency': 'USD'}
2025-11-26 13:50:51,456 - ERROR - failed bcoz: could not convert string to float: '$51,400,000,000'
2025-11-26 13:50:51,456 - ERROR - failed to insert row 85: {'rank': 92, 'company': 'Plains GP', 'industry': 'Pipelines', 'revenue': '$50,100,000,000', 'employees': '4,200', 'ticker': 'PAGP', 'marketCap': 4196337920.0, 'sector': 'Energy', 'country': 'United States', 'exchange': 'NMS', 'currency': 'USD'}
2025-11-26 13:50:51,456 - ERROR - failed bcoz: could not convert string to float: '$50,100,000,000'
2025-11-26 13:50:51,456 - ERROR - failed to insert row 86: {'rank': 93, 'company': 'USAA', 'industry': 'Insurance: Property and Casualty (Stock)', 'revenue': '$48,600,000,000', 'employees': '38,000', 'ticker': 'UIPMX', 'marketCap': nan, 'sector': nan, 'country': nan, 'exchange': 'NAS', 'currency': 'USD'}
2025-11-26 13:50:51,456 - ERROR - failed bcoz: could not convert string to float: '$48,600,000,000'
2025-11-26 13:50:51,456 - ERROR - failed to insert row 87: {'rank': 95, 'company': 'Ingram Micro', 'industry': 'Wholesalers: Electronics and Office Equipment', 'revenue': '$48,000,000,000', 'employees': '26,100', 'ticker': 'INGM', 'marketCap': 4844847616.0, 'sector': 'Technology', 'country': 'United States', 'exchange': 'NYQ', 'currency': 'USD'}
2025-11-26 13:50:51,456 - ERROR - failed bcoz: could not convert string to float: '$48,000,000,000'
2025-11-26 13:50:51,456 - ERROR - failed to insert row 88: {'rank': 96, 'company': 'General Dynamics', 'industry': 'Aerospace & Defense', 'revenue': '$47,700,000,000', 'employees': '117,000', 'ticker': 'GD', 'marketCap': 91932794880.0, 'sector': 'Industrials', 'country': 'United States', 'exchange': 'NYQ', 'currency': 'USD'}
2025-11-26 13:50:51,456 - ERROR - failed bcoz: could not convert string to float: '$47,700,000,000'
2025-11-26 13:50:51,456 - ERROR - failed to insert row 89: {'rank': 97, 'company': 'Coca-Cola', 'industry': 'Beverages', 'revenue': '$47,100,000,000', 'employees': '69,700', 'ticker': 'COLA.WA', 'marketCap': nan, 'sector': nan, 'country': 'United States', 'exchange': 'WSE', 'currency': 'PLN'}
2025-11-26 13:50:51,456 - ERROR - failed bcoz: could not convert string to float: '$47,100,000,000'
2025-11-26 13:50:51,456 - ERROR - failed to insert row 90: {'rank': 98, 'company': 'TIAA', 'industry': 'Insurance: Life, Health (Mutual)', 'revenue': '$46,900,000,000', 'employees': '15,600', 'ticker': 'TILIX', 'marketCap': 14876947456.0, 'sector': nan, 'country': nan, 'exchange': 'NAS', 'currency': 'USD'}
2025-11-26 13:50:51,456 - ERROR - failed bcoz: could not convert string to float: '$46,900,000,000'
2025-11-26 13:50:51,456 - ERROR - failed to insert row 91: {'rank': 99, 'company': 'Travelers', 'industry': 'Insurance: Property and Casualty (Stock)', 'revenue': '$46,400,000,000', 'employees': '34,000', 'ticker': 'TRV', 'marketCap': 65304576000.0, 'sector': 'Financial Services', 'country': 'United States', 'exchange': 'NYQ', 'currency': 'USD'}
2025-11-26 13:50:51,456 - ERROR - failed bcoz: could not convert string to float: '$46,400,000,000'
2025-11-26 13:50:51,456 - ERROR - failed to insert row 92: {'rank': 100, 'company': 'Eli Lilly', 'industry': 'Pharmaceuticals', 'revenue': '$45,000,000,000', 'employees': '47,000', 'ticker': 'LLY', 'marketCap': 949975187456.0, 'sector': 'Healthcare', 'country': 'United States', 'exchange': 'NYQ', 'currency': 'USD'}
2025-11-26 13:50:51,456 - ERROR - failed bcoz: could not convert string to float: '$45,000,000,000'
2025-11-26 13:50:51,456 - INFO - successfully inserted 0/93 rows into company_metadata
2025-11-26 13:50:51,456 - INFO - Loaded 93 rows to company_metadata
2025-11-26 13:50:51,456 - INFO - company_metadata processed and linked to stocks_raw
2025-11-26 13:50:51,456 - INFO - 
============================================================
2025-11-26 13:50:51,456 - INFO - Processing INDEPENDENT TABLES
2025-11-26 13:50:51,456 - INFO - Processing exchange_rates
2025-11-26 13:50:51,457 - INFO - Read 219 rows from 2025.csv
2025-11-26 13:50:51,457 - INFO - Merged 219 rows for exchange_rates
2025-11-26 13:50:51,487 - INFO - validation complete for exchange_rates: valid=219, invalid=0
2025-11-26 13:50:51,489 - INFO - Valid: 219, Invalid: 0
2025-11-26 13:50:51,494 - INFO - Table exchange_rates created
2025-11-26 13:50:51,508 - INFO - Inserted 219 rows into exchange_rates
2025-11-26 13:50:51,508 - INFO - Loaded 219 rows to exchange_rates
2025-11-26 13:50:51,508 - INFO - exchange_rates processed
2025-11-26 13:50:51,508 - INFO - Processing macro_raw
2025-11-26 13:50:51,509 - INFO - Read 4 rows from 2025.csv
2025-11-26 13:50:51,510 - INFO - Merged 1 rows for macro_raw from Q2 2025 to Q2 2025
2025-11-26 13:50:51,510 - INFO - Years included: [np.int64(2025)]
2025-11-26 13:50:51,510 - INFO - Quarters included: ['2025-Q2']
2025-11-26 13:50:51,510 - INFO - validation complete for macro_raw: valid=1, invalid=0
2025-11-26 13:50:51,511 - INFO - Valid: 1, Invalid: 0
2025-11-26 13:50:51,513 - INFO - Table macro_raw created
2025-11-26 13:50:51,514 - INFO - Inserted 1 rows into macro_raw
2025-11-26 13:50:51,514 - INFO - Loaded 1 rows to macro_raw
2025-11-26 13:50:51,514 - INFO - macro_raw processed
2025-11-26 13:50:51,514 - INFO - 
============================================================
2025-11-26 13:50:51,514 - INFO - Processing SENTIMENT DATA
2025-11-26 13:50:51,514 - INFO - Processing sentiment
2025-11-26 13:50:51,514 - WARNING - No historical data available for sentiment - only live data exists
2025-11-26 13:50:51,514 - WARNING - sentiment not available
2025-11-26 13:50:51,514 - INFO - 
============================================================
2025-11-26 13:50:51,514 - INFO - KPI CALCULATIONS AND FACT TABLE GENERATION
2025-11-26 13:50:51,514 - INFO - Starting KPI calculations
2025-11-26 13:50:51,516 - INFO - Loaded stocks_raw: 3099 rows
2025-11-26 13:50:51,516 - INFO - Loaded macro_raw: 1 rows
2025-11-26 13:50:51,516 - INFO - Loaded company_metadata: 93 rows
2025-11-26 13:50:51,516 - INFO - Loaded exchange_rates: 219 rows
2025-11-26 13:50:51,517 - INFO - calculating stock_facts metrics...
2025-11-26 13:50:51,552 - INFO - stock facts calculated: 3099 rows
2025-11-26 13:50:51,552 - INFO - calculating macro_facts metrics...
2025-11-26 13:50:51,556 - INFO - Macro facts calculated: 1 rows
2025-11-26 13:50:51,556 - INFO - Creating sector_lookup...
2025-11-26 13:50:51,557 - INFO - Sector lookup created: 38 sectors
2025-11-26 13:50:51,557 - INFO - Calculating analytics_summary metrics...
2025-11-26 13:50:51,559 - INFO - avg_return stats - Mean: 0.1128, Min: -1.2857, Max: 0.9844, NaN count: 0
2025-11-26 13:50:51,562 - INFO - Calculating correlations for each ticker...
2025-11-26 13:50:51,563 - INFO - Computing correlations for 92 tickers...
2025-11-26 13:50:51,563 - INFO - Processing ticker 1/92: 601336.SS
2025-11-26 13:50:51,574 - INFO - Processing ticker 11/92: AXP
2025-11-26 13:50:51,584 - INFO - Processing ticker 21/92: COLA.WA
2025-11-26 13:50:51,594 - INFO - Processing ticker 31/92: DIS
2025-11-26 13:50:51,603 - INFO - Processing ticker 41/92: GOOGL
2025-11-26 13:50:51,612 - INFO - Processing ticker 51/92: JPM
2025-11-26 13:50:51,621 - INFO - Processing ticker 61/92: MSFT
2025-11-26 13:50:51,631 - INFO - Processing ticker 71/92: PRU
2025-11-26 13:50:51,641 - INFO - Processing ticker 81/92: TSLA
2025-11-26 13:50:51,650 - INFO - Processing ticker 91/92: X1G.PA
2025-11-26 13:50:51,653 - INFO - Correlation stats - GDP: 0.0000, Inflation: 0.0000, Currency: 0.0000
2025-11-26 13:50:51,654 - WARNING - No recession periods found in data - setting all recession_resilience_score to 0
2025-11-26 13:50:51,655 - INFO - Removed 1 duplicate analytics_summary records based on ticker-year-quarter
2025-11-26 13:50:51,655 - INFO - 
============================================================
2025-11-26 13:50:51,655 - INFO - ANALYTICS SUMMARY FINAL STATISTICS:
2025-11-26 13:50:51,655 - INFO - avg_return                     - Mean:   0.1128, Min:  -1.2857, Max:   0.9844, Zero%:   0.0%
2025-11-26 13:50:51,655 - INFO - avg_volatility                 - Mean:   3.7348, Min:   0.2433, Max:   8.2810, Zero%:   0.0%
2025-11-26 13:50:51,655 - INFO - correlation_gdp                - Mean:   0.0000, Min:  -0.0000, Max:   0.0000, Zero%:  22.8%
2025-11-26 13:50:51,655 - INFO - correlation_inflation          - Mean:   0.0000, Min:  -0.0000, Max:   0.0000, Zero%:  22.8%
2025-11-26 13:50:51,655 - INFO - currency_impact                - Mean:   0.0000, Min:  -0.0000, Max:   0.0000, Zero%:  96.7%
2025-11-26 13:50:51,655 - INFO - sector_rank                    - Mean:   2.0870, Min:   1.0000, Max:   6.0000, Zero%:   0.0%
2025-11-26 13:50:51,656 - INFO - sector_avg_return              - Mean:   0.1128, Min:  -0.3938, Max:   0.5632, Zero%:   0.0%
2025-11-26 13:50:51,656 - INFO - recession_resilience_score     - Mean:   0.0000, Min:   0.0000, Max:   0.0000, Zero%: 100.0%
2025-11-26 13:50:51,656 - INFO - ============================================================

2025-11-26 13:50:51,657 - INFO - Analytics summary calculated: 92 rows
2025-11-26 13:50:51,657 - INFO - 
============================================================
2025-11-26 13:50:51,657 - INFO - KPI calculations completed successfully
2025-11-26 13:50:51,657 - INFO - Generated files: stock_facts.csv, macro_facts.csv, sector_lookup.csv, analytics_summary.csv, pipeline_logs.csv
2025-11-26 13:50:51,658 - INFO - KPI calculations completed successfully
2025-11-26 13:50:51,663 - INFO - Table stock_facts created
2025-11-26 13:50:51,972 - INFO - Inserted 3099 rows into stock_facts
2025-11-26 13:50:51,972 - INFO - Loaded stock_facts to database
2025-11-26 13:50:51,974 - INFO - Table macro_facts created
2025-11-26 13:50:51,975 - INFO - Inserted 1 rows into macro_facts
2025-11-26 13:50:51,975 - INFO - Loaded macro_facts to database
2025-11-26 13:50:51,977 - INFO - Table sector_lookup created
2025-11-26 13:50:51,979 - INFO - Inserted 38 rows into sector_lookup
2025-11-26 13:50:51,979 - INFO - Loaded sector_lookup to database
2025-11-26 13:50:51,981 - INFO - Table analytics_summary created
2025-11-26 13:50:51,990 - INFO - Inserted 92 rows into analytics_summary
2025-11-26 13:50:51,990 - INFO - Loaded analytics_summary to database
2025-11-26 13:50:51,990 - INFO - 
============================================================
2025-11-26 13:50:51,990 - INFO - GENERATING REPORTS
2025-11-26 13:50:51,990 - INFO - Date Range: 2025-04-02 to 2025-05-20
2025-11-26 13:50:51,990 - INFO - ============================================================
2025-11-26 13:50:51,990 - INFO - 
================================================================================
2025-11-26 13:50:51,990 - INFO - REPORT GENERATION STARTED
2025-11-26 13:50:51,990 - INFO - 
============================================================
2025-11-26 13:50:51,990 - INFO - Generating Report 1: Annual Market Intelligence Report
2025-11-26 13:50:52,167 - INFO - Fetched 1 rows for yearly performance
2025-11-26 13:50:52,291 - INFO - Fetched 20 rows for company performance
2025-11-26 13:50:52,292 - INFO - Saved intermediate CSV: /Users/shalinitata/Desktop/stocks/Execution/2025/11/26/13:50/r1_yearly_performance.csv
2025-11-26 13:50:52,292 - INFO - Saved intermediate CSV: /Users/shalinitata/Desktop/stocks/Execution/2025/11/26/13:50/r1_company_performance.csv
2025-11-26 13:50:52,318 - INFO - saved PDF: /Users/shalinitata/Desktop/stocks/Execution/2025/11/26/13:50/reports/report1_annual_market_intelligence.pdf
2025-11-26 13:50:52,318 - INFO - Report 1 completed: {'csv': ['/Users/shalinitata/Desktop/stocks/Execution/2025/11/26/13:50/r1_yearly_performance.csv', '/Users/shalinitata/Desktop/stocks/Execution/2025/11/26/13:50/r1_company_performance.csv'], 'pdf': '/Users/shalinitata/Desktop/stocks/Execution/2025/11/26/13:50/reports/report1_annual_market_intelligence.pdf'}
2025-11-26 13:50:52,318 - INFO - 
============================================================
2025-11-26 13:50:52,318 - INFO - Generating Report 2: Sector Stability & Volatility Report
2025-11-26 13:50:52,322 - INFO - fetched 25 rows for sector metrics
2025-11-26 13:50:52,323 - INFO - saved intermediate CSV: /Users/shalinitata/Desktop/stocks/Execution/2025/11/26/13:50/r2_sector_stability.csv
2025-11-26 13:50:52,370 - INFO - saved Excel: /Users/shalinitata/Desktop/stocks/Execution/2025/11/26/13:50/reports/r2_sector_stability.xlsx
2025-11-26 13:50:52,391 - INFO - Saved PDF: /Users/shalinitata/Desktop/stocks/Execution/2025/11/26/13:50/reports/report2_sector_stability.pdf
2025-11-26 13:50:52,391 - INFO - Report 2 completed: {'csv': '/Users/shalinitata/Desktop/stocks/Execution/2025/11/26/13:50/r2_sector_stability.csv', 'excel': '/Users/shalinitata/Desktop/stocks/Execution/2025/11/26/13:50/reports/r2_sector_stability.xlsx', 'pdf': '/Users/shalinitata/Desktop/stocks/Execution/2025/11/26/13:50/reports/report2_sector_stability.pdf'}
2025-11-26 13:50:52,391 - INFO - 
============================================================
2025-11-26 13:50:52,391 - INFO - Generating Report 3: Cross-Market Analysis Report
2025-11-26 13:50:52,506 - INFO - Fetched 1 rows for yearly currency data
2025-11-26 13:50:52,508 - INFO - Fetched 20 rows for company currency data
2025-11-26 13:50:52,509 - INFO - saved intermediate CSV: /Users/shalinitata/Desktop/stocks/Execution/2025/11/26/13:50/r3_currency_yearly.csv
2025-11-26 13:50:52,509 - INFO - saved intermediate CSV: /Users/shalinitata/Desktop/stocks/Execution/2025/11/26/13:50/r3_company_currency.csv
2025-11-26 13:50:52,582 - INFO - saved PDF: /Users/shalinitata/Desktop/stocks/Execution/2025/11/26/13:50/reports/report3_cross_market.pdf
2025-11-26 13:50:52,583 - INFO - Report 3 completed: {'csv': ['/Users/shalinitata/Desktop/stocks/Execution/2025/11/26/13:50/r3_currency_yearly.csv', '/Users/shalinitata/Desktop/stocks/Execution/2025/11/26/13:50/r3_company_currency.csv'], 'pdf': '/Users/shalinitata/Desktop/stocks/Execution/2025/11/26/13:50/reports/report3_cross_market.pdf'}
2025-11-26 13:50:52,583 - INFO - 
============================================================
2025-11-26 13:50:52,583 - INFO - Generating Report 4: Forecasting & Prediction Summary
2025-11-26 13:50:52,586 - INFO - Fetched 4 rows for historical quarterly data
2025-11-26 13:50:52,588 - INFO - Fetched 100 rows for sector data
2025-11-26 13:50:52,589 - INFO - Calculating forecasts using moving average method...
2025-11-26 13:50:52,593 - INFO - Saved market forecast CSV: /Users/shalinitata/Desktop/stocks/Execution/2025/11/26/13:50/r4_market_forecast.csv
2025-11-26 13:50:52,593 - INFO - Saved sector forecast CSV: /Users/shalinitata/Desktop/stocks/Execution/2025/11/26/13:50/r4_sector_forecast.csv
2025-11-26 13:50:52,593 - INFO - Saved historical data CSV: /Users/shalinitata/Desktop/stocks/Execution/2025/11/26/13:50/r4_historical_data.csv
2025-11-26 13:50:52,616 - INFO - Saved PDF: /Users/shalinitata/Desktop/stocks/Execution/2025/11/26/13:50/reports/report4_forecasting.pdf
2025-11-26 13:50:52,616 - INFO - Report 4 completed: {'csv': ['/Users/shalinitata/Desktop/stocks/Execution/2025/11/26/13:50/r4_market_forecast.csv', '/Users/shalinitata/Desktop/stocks/Execution/2025/11/26/13:50/r4_sector_forecast.csv', '/Users/shalinitata/Desktop/stocks/Execution/2025/11/26/13:50/r4_historical_data.csv'], 'pdf': '/Users/shalinitata/Desktop/stocks/Execution/2025/11/26/13:50/reports/report4_forecasting.pdf', 'forecast_summary': {'avg_predicted_return': 0.08691639185097973, 'trend': 'Upward', 'quarters_forecasted': 4}}
2025-11-26 13:50:52,616 - INFO - 
================================================================================
2025-11-26 13:50:52,616 - INFO - REPORT GENERATION COMPLETED SUCCESSFULLY
2025-11-26 13:50:52,616 - INFO - 
================================================================================
2025-11-26 13:50:52,616 - INFO - Reports generated successfully
2025-11-26 13:50:52,616 - INFO - Reports saved to: /Users/shalinitata/Desktop/stocks/Execution/2025/11/26/13:50/reports

********** END OF LOG FILE **********
