
********** Local Data Warehouse and Analytical Reporting System **********
Filename: Stock Market and Macroeconomic Intelligence
User ID: 800338
Username: Shalini Tata
File Path: /Users/shalinitata/Desktop/stocks/watcher.py
********** Stock Market and Macroeconomic Intelligence **********
2025-11-26 13:31:19,211 - INFO - ===== started running the process ======
2025-11-26 13:31:41,034 - INFO - Created config file: watch_folder/config_20251126_133141_935d71bd.json
2025-11-26 13:31:41,035 - INFO - Date range: 2025-10-27 to 2025-11-25
2025-11-26 13:31:41,043 - INFO - Reports directory does not exist yet: Execution/2025/11/26/13:30/reports
2025-11-26 13:31:41,046 - INFO - Reports directory does not exist yet: Execution/2025/11/26/13:31/reports
2025-11-26 13:31:41,048 - INFO - Reports directory does not exist yet: Execution/2025/11/26/13:32/reports
2025-11-26 13:31:41,050 - INFO - Reports directory does not exist yet: Execution/2025/11/26/13:33/reports
2025-11-26 13:31:41,052 - INFO - Reports directory does not exist yet: Execution/2025/11/26/13:34/reports
2025-11-26 13:31:41,053 - INFO - Reports directory does not exist yet: Execution/2025/11/26/13:35/reports
2025-11-26 13:31:41,055 - INFO - Reports directory does not exist yet: Execution/2025/11/26/13:36/reports
2025-11-26 13:31:41,056 - INFO - Reports directory does not exist yet: Execution/2025/11/26/13:37/reports
2025-11-26 13:31:44,062 - INFO - Reports directory does not exist yet: Execution/2025/11/26/13:30/reports
2025-11-26 13:31:44,068 - INFO - Reports directory does not exist yet: Execution/2025/11/26/13:31/reports
2025-11-26 13:31:44,071 - INFO - Reports directory does not exist yet: Execution/2025/11/26/13:32/reports
2025-11-26 13:31:44,074 - INFO - Reports directory does not exist yet: Execution/2025/11/26/13:33/reports
2025-11-26 13:31:44,076 - INFO - Reports directory does not exist yet: Execution/2025/11/26/13:34/reports
2025-11-26 13:31:44,078 - INFO - Reports directory does not exist yet: Execution/2025/11/26/13:35/reports
2025-11-26 13:31:44,080 - INFO - Reports directory does not exist yet: Execution/2025/11/26/13:36/reports
2025-11-26 13:31:44,082 - INFO - Reports directory does not exist yet: Execution/2025/11/26/13:37/reports
2025-11-26 13:31:47,345 - INFO - Reports directory does not exist yet: Execution/2025/11/26/13:30/reports
2025-11-26 13:31:47,348 - INFO - Reports directory does not exist yet: Execution/2025/11/26/13:31/reports
2025-11-26 13:31:47,350 - INFO - Reports directory does not exist yet: Execution/2025/11/26/13:32/reports
2025-11-26 13:31:47,352 - INFO - Reports directory does not exist yet: Execution/2025/11/26/13:33/reports
2025-11-26 13:31:47,354 - INFO - Reports directory does not exist yet: Execution/2025/11/26/13:34/reports
2025-11-26 13:31:47,355 - INFO - Reports directory does not exist yet: Execution/2025/11/26/13:35/reports
2025-11-26 13:31:47,357 - INFO - Reports directory does not exist yet: Execution/2025/11/26/13:36/reports
2025-11-26 13:31:47,359 - INFO - Reports directory does not exist yet: Execution/2025/11/26/13:37/reports
2025-11-26 13:31:50,347 - INFO - Reports directory does not exist yet: Execution/2025/11/26/13:30/reports
2025-11-26 13:31:50,350 - INFO - Reports directory does not exist yet: Execution/2025/11/26/13:31/reports
2025-11-26 13:31:50,353 - INFO - Reports directory does not exist yet: Execution/2025/11/26/13:32/reports
2025-11-26 13:31:50,355 - INFO - Reports directory does not exist yet: Execution/2025/11/26/13:33/reports
2025-11-26 13:31:50,357 - INFO - Reports directory does not exist yet: Execution/2025/11/26/13:34/reports
2025-11-26 13:31:50,359 - INFO - Reports directory does not exist yet: Execution/2025/11/26/13:35/reports
2025-11-26 13:31:50,360 - INFO - Reports directory does not exist yet: Execution/2025/11/26/13:36/reports
2025-11-26 13:31:50,361 - INFO - Reports directory does not exist yet: Execution/2025/11/26/13:37/reports
2025-11-26 13:31:53,347 - INFO - Reports directory does not exist yet: Execution/2025/11/26/13:30/reports
2025-11-26 13:31:53,352 - INFO - Reports directory does not exist yet: Execution/2025/11/26/13:31/reports
2025-11-26 13:31:53,355 - INFO - Reports directory does not exist yet: Execution/2025/11/26/13:32/reports
2025-11-26 13:31:53,360 - INFO - Reports directory does not exist yet: Execution/2025/11/26/13:33/reports
2025-11-26 13:31:53,363 - INFO - Reports directory does not exist yet: Execution/2025/11/26/13:34/reports
2025-11-26 13:31:53,370 - INFO - Reports directory does not exist yet: Execution/2025/11/26/13:35/reports
2025-11-26 13:31:53,375 - INFO - Reports directory does not exist yet: Execution/2025/11/26/13:36/reports
2025-11-26 13:31:53,379 - INFO - Reports directory does not exist yet: Execution/2025/11/26/13:37/reports
2025-11-26 13:31:56,347 - INFO - Reports directory does not exist yet: Execution/2025/11/26/13:30/reports
2025-11-26 13:31:56,352 - INFO - Reports directory does not exist yet: Execution/2025/11/26/13:31/reports
2025-11-26 13:31:56,357 - INFO - Reports directory does not exist yet: Execution/2025/11/26/13:32/reports
2025-11-26 13:31:56,362 - INFO - Reports directory does not exist yet: Execution/2025/11/26/13:33/reports
2025-11-26 13:31:56,365 - INFO - Reports directory does not exist yet: Execution/2025/11/26/13:34/reports
2025-11-26 13:31:56,367 - INFO - Reports directory does not exist yet: Execution/2025/11/26/13:35/reports
2025-11-26 13:31:56,369 - INFO - Reports directory does not exist yet: Execution/2025/11/26/13:36/reports
2025-11-26 13:31:56,372 - INFO - Reports directory does not exist yet: Execution/2025/11/26/13:37/reports
2025-11-26 13:32:00,168 - INFO - Reports directory does not exist yet: Execution/2025/11/26/13:30/reports
2025-11-26 13:32:00,665 - INFO - Found 4 reports in Execution/2025/11/26/13:31/reports
2025-11-26 13:33:07,315 - INFO - Created config file: watch_folder/config_20251126_133307_530adf13.json
2025-11-26 13:33:07,316 - INFO - Date range: 2025-11-26 to 2025-11-26
2025-11-26 13:33:07,322 - INFO - Found 4 reports in Execution/2025/11/26/13:32/reports
2025-11-26 13:33:09,891 - INFO - Created config file: watch_folder/config_20251126_133309_a5f02c7a.json
2025-11-26 13:33:09,891 - INFO - Date range: 2025-11-26 to 2025-11-26
2025-11-26 13:33:09,898 - INFO - Found 4 reports in Execution/2025/11/26/13:32/reports
2025-11-26 13:33:12,583 - INFO - Created config file: watch_folder/config_20251126_133312_0a29b212.json
2025-11-26 13:33:12,583 - INFO - Date range: 2025-11-26 to 2025-11-26
2025-11-26 13:33:12,589 - INFO - Found 4 reports in Execution/2025/11/26/13:32/reports
2025-11-26 13:38:24,454 - INFO - Created config file: watch_folder/config_20251126_133824_e024541b.json
2025-11-26 13:38:24,455 - INFO - Date range: 2025-10-30 to 2025-11-26
2025-11-26 13:38:24,458 - INFO - Reports directory does not exist yet: Execution/2025/11/26/13:37/reports
2025-11-26 13:38:24,460 - INFO - Reports directory does not exist yet: Execution/2025/11/26/13:38/reports
2025-11-26 13:38:24,463 - INFO - Reports directory does not exist yet: Execution/2025/11/26/13:39/reports
2025-11-26 13:38:24,465 - INFO - Reports directory does not exist yet: Execution/2025/11/26/13:40/reports
2025-11-26 13:38:24,466 - INFO - Reports directory does not exist yet: Execution/2025/11/26/13:41/reports
2025-11-26 13:38:24,468 - INFO - Reports directory does not exist yet: Execution/2025/11/26/13:42/reports
2025-11-26 13:38:24,470 - INFO - Reports directory does not exist yet: Execution/2025/11/26/13:43/reports
2025-11-26 13:38:24,471 - INFO - Reports directory does not exist yet: Execution/2025/11/26/13:44/reports
2025-11-26 13:38:27,477 - INFO - Reports directory does not exist yet: Execution/2025/11/26/13:37/reports
2025-11-26 13:38:27,482 - INFO - Reports directory does not exist yet: Execution/2025/11/26/13:38/reports
2025-11-26 13:38:27,484 - INFO - Reports directory does not exist yet: Execution/2025/11/26/13:39/reports
2025-11-26 13:38:27,486 - INFO - Reports directory does not exist yet: Execution/2025/11/26/13:40/reports
2025-11-26 13:38:27,488 - INFO - Reports directory does not exist yet: Execution/2025/11/26/13:41/reports
2025-11-26 13:38:27,489 - INFO - Reports directory does not exist yet: Execution/2025/11/26/13:42/reports
2025-11-26 13:38:27,491 - INFO - Reports directory does not exist yet: Execution/2025/11/26/13:43/reports
2025-11-26 13:38:27,492 - INFO - Reports directory does not exist yet: Execution/2025/11/26/13:44/reports
2025-11-26 13:38:30,477 - INFO - Reports directory does not exist yet: Execution/2025/11/26/13:37/reports
2025-11-26 13:38:30,482 - INFO - Reports directory does not exist yet: Execution/2025/11/26/13:38/reports
2025-11-26 13:38:30,485 - INFO - Reports directory does not exist yet: Execution/2025/11/26/13:39/reports
2025-11-26 13:38:30,488 - INFO - Reports directory does not exist yet: Execution/2025/11/26/13:40/reports
2025-11-26 13:38:30,489 - INFO - Reports directory does not exist yet: Execution/2025/11/26/13:41/reports
2025-11-26 13:38:30,491 - INFO - Reports directory does not exist yet: Execution/2025/11/26/13:42/reports
2025-11-26 13:38:30,492 - INFO - Reports directory does not exist yet: Execution/2025/11/26/13:43/reports
2025-11-26 13:38:30,493 - INFO - Reports directory does not exist yet: Execution/2025/11/26/13:44/reports
2025-11-26 13:38:33,478 - INFO - Reports directory does not exist yet: Execution/2025/11/26/13:37/reports
2025-11-26 13:38:33,482 - INFO - Reports directory does not exist yet: Execution/2025/11/26/13:38/reports
2025-11-26 13:38:33,485 - INFO - Reports directory does not exist yet: Execution/2025/11/26/13:39/reports
2025-11-26 13:38:33,488 - INFO - Reports directory does not exist yet: Execution/2025/11/26/13:40/reports
2025-11-26 13:38:33,490 - INFO - Reports directory does not exist yet: Execution/2025/11/26/13:41/reports
2025-11-26 13:38:33,492 - INFO - Reports directory does not exist yet: Execution/2025/11/26/13:42/reports
2025-11-26 13:38:33,494 - INFO - Reports directory does not exist yet: Execution/2025/11/26/13:43/reports
2025-11-26 13:38:33,496 - INFO - Reports directory does not exist yet: Execution/2025/11/26/13:44/reports
2025-11-26 13:38:36,478 - INFO - Reports directory does not exist yet: Execution/2025/11/26/13:37/reports
2025-11-26 13:38:36,483 - INFO - Reports directory does not exist yet: Execution/2025/11/26/13:38/reports
2025-11-26 13:38:36,485 - INFO - Reports directory does not exist yet: Execution/2025/11/26/13:39/reports
2025-11-26 13:38:36,487 - INFO - Reports directory does not exist yet: Execution/2025/11/26/13:40/reports
2025-11-26 13:38:36,489 - INFO - Reports directory does not exist yet: Execution/2025/11/26/13:41/reports
2025-11-26 13:38:36,491 - INFO - Reports directory does not exist yet: Execution/2025/11/26/13:42/reports
2025-11-26 13:38:36,493 - INFO - Reports directory does not exist yet: Execution/2025/11/26/13:43/reports
2025-11-26 13:38:36,494 - INFO - Reports directory does not exist yet: Execution/2025/11/26/13:44/reports
2025-11-26 13:38:39,477 - INFO - Reports directory does not exist yet: Execution/2025/11/26/13:37/reports
2025-11-26 13:38:39,482 - INFO - Reports directory does not exist yet: Execution/2025/11/26/13:38/reports
2025-11-26 13:38:39,485 - INFO - Reports directory does not exist yet: Execution/2025/11/26/13:39/reports
2025-11-26 13:38:39,487 - INFO - Reports directory does not exist yet: Execution/2025/11/26/13:40/reports
2025-11-26 13:38:39,489 - INFO - Reports directory does not exist yet: Execution/2025/11/26/13:41/reports
2025-11-26 13:38:39,490 - INFO - Reports directory does not exist yet: Execution/2025/11/26/13:42/reports
2025-11-26 13:38:39,491 - INFO - Reports directory does not exist yet: Execution/2025/11/26/13:43/reports
2025-11-26 13:38:39,493 - INFO - Reports directory does not exist yet: Execution/2025/11/26/13:44/reports
2025-11-26 13:38:42,476 - INFO - Reports directory does not exist yet: Execution/2025/11/26/13:37/reports
2025-11-26 13:38:42,482 - INFO - Found 4 reports in Execution/2025/11/26/13:38/reports
