
********** Local Data Warehouse and Analytical Reporting System **********
Filename: Stock Market and Macroeconomic Intelligence
User ID: 800338
Username: Shalini Tata
File Path: /Users/shalinitata/Desktop/stocks/watcher.py
********** Stock Market and Macroeconomic Intelligence **********
2025-11-26 15:41:05,468 - INFO - ===== started running the process ======
2025-11-26 15:41:05,468 - INFO - ============================================================
2025-11-26 15:41:05,468 - INFO - Stock Data Watcher Started
2025-11-26 15:41:05,468 - INFO - ============================================================
2025-11-26 15:41:05,468 - INFO - Starting live data scheduler...
2025-11-26 15:41:05,469 - INFO - Live scheduler started successfully
2025-11-26 15:41:05,470 - INFO - Watching 'watch_folder/' for config files...
2025-11-26 15:41:05,470 - INFO - Drop JSON configs with start_date and end_date for historical processing
2025-11-26 15:41:49,950 - INFO - New config detected: /Users/shalinitata/Desktop/stocks/watch_folder/config_20251126_154149_a953ca77.json
2025-11-26 15:41:49,956 - INFO - Processing historical range: 2025-10-27 to 2025-11-26
2025-11-26 15:41:49,957 - INFO - Triggering check.py for historical processing
2025-11-26 15:41:49,960 - INFO - Modified config detected: /Users/shalinitata/Desktop/stocks/watch_folder/config_20251126_154149_a953ca77.json
2025-11-26 15:41:49,960 - INFO - Processing historical range: 2025-10-27 to 2025-11-26
2025-11-26 15:41:49,960 - INFO - Triggering check.py for historical processing
2025-11-26 15:41:50,355 - INFO - Modified config detected: /Users/shalinitata/Desktop/stocks/watch_folder/config_20251126_154149_a953ca77.json
2025-11-26 15:41:50,356 - INFO - Processing historical range: 2025-10-27 to 2025-11-26
2025-11-26 15:41:50,356 - INFO - Triggering check.py for historical processing
2025-11-26 15:41:50,402 - INFO - Modified config detected: /Users/shalinitata/Desktop/stocks/watch_folder/config_20251126_154149_a953ca77.json
2025-11-26 15:41:50,402 - INFO - Processing historical range: 2025-10-27 to 2025-11-26
2025-11-26 15:41:50,402 - INFO - Triggering check.py for historical processing
2025-11-26 15:43:33,141 - INFO - 
Shutting down watcher...
2025-11-26 15:43:33,144 - INFO - Live scheduler stopped
2025-11-26 15:43:33,144 - INFO - Watcher stopped
