
********** Local Data Warehouse and Analytical Reporting System **********
Filename: Stock Market and Macroeconomic Intelligence
User ID: 800338
Username: Shalini Tata
File Path: /Users/shalinitata/Desktop/stocks/watcher.py
********** Stock Market and Macroeconomic Intelligence **********
2025-11-26 14:31:40,902 - INFO - ===== started running the process ======
2025-11-26 14:31:40,902 - INFO - ============================================================
2025-11-26 14:31:40,902 - INFO - Stock Data Watcher Started
2025-11-26 14:31:40,902 - INFO - ============================================================
2025-11-26 14:31:40,902 - INFO - Starting live data scheduler...
2025-11-26 14:31:40,903 - INFO - Live scheduler started successfully
2025-11-26 14:31:40,904 - INFO - Watching 'watch_folder/' for config files...
2025-11-26 14:31:40,904 - INFO - Drop JSON configs with start_date and end_date for historical processing
2025-11-26 14:31:57,534 - INFO - New config detected: /Users/shalinitata/Desktop/stocks/watch_folder/config_20251126_143157_86f0bca9.json
2025-11-26 14:31:57,538 - INFO - Processing historical range: 2025-10-27 to 2025-11-26
2025-11-26 14:31:57,538 - INFO - Triggering check.py for historical processing
2025-11-26 14:31:57,541 - INFO - Modified config detected: /Users/shalinitata/Desktop/stocks/watch_folder/config_20251126_143157_86f0bca9.json
2025-11-26 14:31:57,541 - INFO - Processing historical range: 2025-10-27 to 2025-11-26
2025-11-26 14:31:57,541 - INFO - Triggering check.py for historical processing
2025-11-26 14:31:57,816 - INFO - Modified config detected: /Users/shalinitata/Desktop/stocks/watch_folder/config_20251126_143157_86f0bca9.json
2025-11-26 14:31:57,816 - INFO - Processing historical range: 2025-10-27 to 2025-11-26
2025-11-26 14:31:57,816 - INFO - Triggering check.py for historical processing
2025-11-26 14:31:57,889 - INFO - Modified config detected: /Users/shalinitata/Desktop/stocks/watch_folder/config_20251126_143157_86f0bca9.json
2025-11-26 14:31:57,889 - INFO - Processing historical range: 2025-10-27 to 2025-11-26
2025-11-26 14:31:57,889 - INFO - Triggering check.py for historical processing
2025-11-26 14:34:49,984 - INFO - 
Shutting down watcher...
2025-11-26 14:34:49,987 - INFO - Live scheduler stopped
2025-11-26 14:34:49,988 - INFO - Watcher stopped
