
********** Local Data Warehouse and Analytical Reporting System **********
Filename: Stock Market and Macroeconomic Intelligence
User ID: 800338
Username: Shalini Tata
File Path: /Users/shalinitata/Desktop/stocks/watcher.py
********** Stock Market and Macroeconomic Intelligence **********
2025-11-26 13:31:15,184 - INFO - ===== started running the process ======
2025-11-26 13:31:15,184 - INFO - ============================================================
2025-11-26 13:31:15,184 - INFO - Stock Data Watcher Started
2025-11-26 13:31:15,184 - INFO - ============================================================
2025-11-26 13:31:15,184 - INFO - Starting live data scheduler...
2025-11-26 13:31:15,186 - INFO - Live scheduler started successfully
2025-11-26 13:31:15,186 - INFO - Watching 'watch_folder/' for config files...
2025-11-26 13:31:15,186 - INFO - Drop JSON configs with start_date and end_date for historical processing
2025-11-26 13:31:41,056 - INFO - New config detected: /Users/shalinitata/Desktop/stocks/watch_folder/config_20251126_133141_935d71bd.json
2025-11-26 13:31:41,059 - INFO - Processing historical range: 2025-10-27 to 2025-11-25
2025-11-26 13:31:41,059 - INFO - Triggering check.py for historical processing
2025-11-26 13:31:41,063 - INFO - Modified config detected: /Users/shalinitata/Desktop/stocks/watch_folder/config_20251126_133141_935d71bd.json
2025-11-26 13:31:41,063 - INFO - Processing historical range: 2025-10-27 to 2025-11-25
2025-11-26 13:31:41,063 - INFO - Triggering check.py for historical processing
2025-11-26 13:31:41,460 - INFO - Modified config detected: /Users/shalinitata/Desktop/stocks/watch_folder/config_20251126_133141_935d71bd.json
2025-11-26 13:31:41,461 - INFO - Processing historical range: 2025-10-27 to 2025-11-25
2025-11-26 13:31:41,461 - INFO - Triggering check.py for historical processing
2025-11-26 13:31:41,509 - INFO - Modified config detected: /Users/shalinitata/Desktop/stocks/watch_folder/config_20251126_133141_935d71bd.json
2025-11-26 13:31:41,509 - INFO - Processing historical range: 2025-10-27 to 2025-11-25
2025-11-26 13:31:41,509 - INFO - Triggering check.py for historical processing
2025-11-26 13:33:07,338 - INFO - New config detected: /Users/shalinitata/Desktop/stocks/watch_folder/config_20251126_133307_530adf13.json
2025-11-26 13:33:07,339 - INFO - Processing historical range: 2025-11-26 to 2025-11-26
2025-11-26 13:33:07,339 - INFO - Triggering check.py for historical processing
2025-11-26 13:33:07,343 - INFO - Modified config detected: /Users/shalinitata/Desktop/stocks/watch_folder/config_20251126_133307_530adf13.json
2025-11-26 13:33:07,343 - INFO - Processing historical range: 2025-11-26 to 2025-11-26
2025-11-26 13:33:07,343 - INFO - Triggering check.py for historical processing
2025-11-26 13:33:07,741 - INFO - Modified config detected: /Users/shalinitata/Desktop/stocks/watch_folder/config_20251126_133307_530adf13.json
2025-11-26 13:33:07,741 - INFO - Processing historical range: 2025-11-26 to 2025-11-26
2025-11-26 13:33:07,741 - INFO - Triggering check.py for historical processing
2025-11-26 13:33:07,777 - INFO - Modified config detected: /Users/shalinitata/Desktop/stocks/watch_folder/config_20251126_133307_530adf13.json
2025-11-26 13:33:07,777 - INFO - Processing historical range: 2025-11-26 to 2025-11-26
2025-11-26 13:33:07,777 - INFO - Triggering check.py for historical processing
2025-11-26 13:33:09,902 - INFO - New config detected: /Users/shalinitata/Desktop/stocks/watch_folder/config_20251126_133309_a5f02c7a.json
2025-11-26 13:33:09,903 - INFO - Processing historical range: 2025-11-26 to 2025-11-26
2025-11-26 13:33:09,904 - INFO - Triggering check.py for historical processing
2025-11-26 13:33:09,908 - INFO - Modified config detected: /Users/shalinitata/Desktop/stocks/watch_folder/config_20251126_133309_a5f02c7a.json
2025-11-26 13:33:09,909 - INFO - Processing historical range: 2025-11-26 to 2025-11-26
2025-11-26 13:33:09,909 - INFO - Triggering check.py for historical processing
2025-11-26 13:33:10,042 - INFO - Modified config detected: /Users/shalinitata/Desktop/stocks/watch_folder/config_20251126_133309_a5f02c7a.json
2025-11-26 13:33:10,042 - INFO - Processing historical range: 2025-11-26 to 2025-11-26
2025-11-26 13:33:10,042 - INFO - Triggering check.py for historical processing
2025-11-26 13:33:10,071 - INFO - Modified config detected: /Users/shalinitata/Desktop/stocks/watch_folder/config_20251126_133309_a5f02c7a.json
2025-11-26 13:33:10,071 - INFO - Processing historical range: 2025-11-26 to 2025-11-26
2025-11-26 13:33:10,071 - INFO - Triggering check.py for historical processing
2025-11-26 13:33:12,594 - INFO - New config detected: /Users/shalinitata/Desktop/stocks/watch_folder/config_20251126_133312_0a29b212.json
2025-11-26 13:33:12,595 - INFO - Processing historical range: 2025-11-26 to 2025-11-26
2025-11-26 13:33:12,596 - INFO - Triggering check.py for historical processing
2025-11-26 13:33:12,601 - INFO - Modified config detected: /Users/shalinitata/Desktop/stocks/watch_folder/config_20251126_133312_0a29b212.json
2025-11-26 13:33:12,601 - INFO - Processing historical range: 2025-11-26 to 2025-11-26
2025-11-26 13:33:12,601 - INFO - Triggering check.py for historical processing
2025-11-26 13:33:12,608 - INFO - Modified config detected: /Users/shalinitata/Desktop/stocks/watch_folder/config_20251126_133312_0a29b212.json
2025-11-26 13:33:12,608 - INFO - Processing historical range: 2025-11-26 to 2025-11-26
2025-11-26 13:33:12,609 - INFO - Triggering check.py for historical processing
2025-11-26 13:33:12,631 - INFO - Modified config detected: /Users/shalinitata/Desktop/stocks/watch_folder/config_20251126_133312_0a29b212.json
2025-11-26 13:33:12,631 - INFO - Processing historical range: 2025-11-26 to 2025-11-26
2025-11-26 13:33:12,631 - INFO - Triggering check.py for historical processing
2025-11-26 13:38:24,476 - INFO - New config detected: /Users/shalinitata/Desktop/stocks/watch_folder/config_20251126_133824_e024541b.json
2025-11-26 13:38:24,477 - INFO - Processing historical range: 2025-10-30 to 2025-11-26
2025-11-26 13:38:24,477 - INFO - Triggering check.py for historical processing
2025-11-26 13:38:24,479 - INFO - Modified config detected: /Users/shalinitata/Desktop/stocks/watch_folder/config_20251126_133824_e024541b.json
2025-11-26 13:38:24,480 - INFO - Processing historical range: 2025-10-30 to 2025-11-26
2025-11-26 13:38:24,480 - INFO - Triggering check.py for historical processing
2025-11-26 13:38:24,794 - INFO - Modified config detected: /Users/shalinitata/Desktop/stocks/watch_folder/config_20251126_133824_e024541b.json
2025-11-26 13:38:24,794 - INFO - Processing historical range: 2025-10-30 to 2025-11-26
2025-11-26 13:38:24,794 - INFO - Triggering check.py for historical processing
2025-11-26 13:38:24,830 - INFO - Modified config detected: /Users/shalinitata/Desktop/stocks/watch_folder/config_20251126_133824_e024541b.json
2025-11-26 13:38:24,830 - INFO - Processing historical range: 2025-10-30 to 2025-11-26
2025-11-26 13:38:24,830 - INFO - Triggering check.py for historical processing
2025-11-26 13:42:31,088 - INFO - 
Shutting down watcher...
2025-11-26 13:42:31,091 - INFO - Live scheduler stopped
2025-11-26 13:42:31,091 - INFO - Watcher stopped
