
********** Local Data Warehouse and Analytical Reporting System **********
Filename: Stock Market and Macroeconomic Intelligence
User ID: 800338
Username: Shalini Tata
File Path: /Users/shalinitata/Desktop/stocks/watcher.py
********** Stock Market and Macroeconomic Intelligence **********
2025-11-26 13:45:16,633 - INFO - ===== started running the process ======
2025-11-26 13:45:16,633 - INFO - ============================================================
2025-11-26 13:45:16,633 - INFO - Stock Data Watcher Started
2025-11-26 13:45:16,633 - INFO - ============================================================
2025-11-26 13:45:16,633 - INFO - Starting live data scheduler...
2025-11-26 13:45:16,634 - INFO - Live scheduler started successfully
2025-11-26 13:45:16,635 - INFO - Watching 'watch_folder/' for config files...
2025-11-26 13:45:16,635 - INFO - Drop JSON configs with start_date and end_date for historical processing
2025-11-26 13:45:44,680 - INFO - New config detected: /Users/shalinitata/Desktop/stocks/watch_folder/config_20251126_134544_53e0e24d.json
2025-11-26 13:45:44,684 - INFO - Processing historical range: 2025-10-27 to 2025-11-26
2025-11-26 13:45:44,685 - INFO - Triggering check.py for historical processing
2025-11-26 13:45:44,688 - INFO - Modified config detected: /Users/shalinitata/Desktop/stocks/watch_folder/config_20251126_134544_53e0e24d.json
2025-11-26 13:45:44,689 - INFO - Processing historical range: 2025-10-27 to 2025-11-26
2025-11-26 13:45:44,689 - INFO - Triggering check.py for historical processing
2025-11-26 13:45:44,882 - INFO - Modified config detected: /Users/shalinitata/Desktop/stocks/watch_folder/config_20251126_134544_53e0e24d.json
2025-11-26 13:45:44,882 - INFO - Processing historical range: 2025-10-27 to 2025-11-26
2025-11-26 13:45:44,882 - INFO - Triggering check.py for historical processing
2025-11-26 13:45:44,906 - INFO - Modified config detected: /Users/shalinitata/Desktop/stocks/watch_folder/config_20251126_134544_53e0e24d.json
2025-11-26 13:45:44,906 - INFO - Processing historical range: 2025-10-27 to 2025-11-26
2025-11-26 13:45:44,906 - INFO - Triggering check.py for historical processing
2025-11-26 13:49:42,777 - INFO - 
Shutting down watcher...
2025-11-26 13:49:42,779 - INFO - Live scheduler stopped
2025-11-26 13:49:42,780 - INFO - Watcher stopped
