
********** Local Data Warehouse and Analytical Reporting System **********
Filename: Stock Market and Macroeconomic Intelligence
User ID: 800338
Username: Shalini Tata
File Path: /Users/shalinitata/Desktop/stocks/watcher.py
********** Stock Market and Macroeconomic Intelligence **********
2025-11-26 07:02:47,316 - INFO - ===== started running the process ======
2025-11-26 07:02:47,359 - INFO - ============================================================
2025-11-26 07:02:47,359 - INFO - HISTORICAL PROCESSING FROM CONFIG
2025-11-26 07:02:47,359 - INFO - Range: 2024-04-02 to 2025-05-20
2025-11-26 07:02:47,359 - INFO - ============================================================
2025-11-26 07:02:47,359 - INFO - 
============================================================
2025-11-26 07:02:47,359 - INFO - Fetching HISTORICAL data for 2024
2025-11-26 07:02:47,359 - INFO - Period: 2024-04-02 to 2024-12-31
2025-11-26 07:02:47,360 - INFO - total companies with tickers: 95
2025-11-26 07:02:47,364 - INFO - found 261 days already saved
2025-11-26 07:02:47,365 - INFO - 
[1] ->  Walmart (WMT)
2025-11-26 07:02:47,876 - INFO - Got 189 days of data
2025-11-26 07:02:47,887 - INFO - 
[2] ->  Amazon (AMZN)
2025-11-26 07:02:47,972 - INFO - Got 189 days of data
2025-11-26 07:02:47,985 - INFO - 
[3] ->  Apple (AAPL)
2025-11-26 07:02:48,106 - INFO - Got 189 days of data
2025-11-26 07:02:48,117 - INFO - 
[4] ->  Unitedhealth Group (UNH)
2025-11-26 07:02:48,234 - INFO - Got 189 days of data
2025-11-26 07:02:48,247 - INFO - 
[5] ->  Berkshire Hathaway (BRK.A)
2025-11-26 07:02:49,324 - INFO - No data available
2025-11-26 07:02:49,325 - INFO - 
[6] ->  Cvs (CVS)
2025-11-26 07:02:49,457 - INFO - Got 189 days of data
2025-11-26 07:02:49,467 - INFO - 
[7] ->  Exxon Mobil (XOM)
2025-11-26 07:02:49,628 - INFO - Got 189 days of data
2025-11-26 07:02:49,641 - INFO - 
[8] ->  Alphabet (GOOGL)
2025-11-26 07:02:49,724 - INFO - Got 189 days of data
2025-11-26 07:02:49,734 - INFO - 
[9] ->  Mckesson (MCK)
2025-11-26 07:02:49,850 - INFO - Got 189 days of data
2025-11-26 07:02:49,863 - INFO - 
[10] ->  Cencora (COR)
2025-11-26 07:02:49,990 - INFO - Got 189 days of data
2025-11-26 07:02:50,003 - INFO - 
[11] ->  Costco (COST)
2025-11-26 07:02:50,115 - INFO - Got 189 days of data
2025-11-26 07:02:50,128 - INFO - 
[12] ->  Jp Morgan Chase (JPM)
2025-11-26 07:02:50,263 - INFO - Got 189 days of data
2025-11-26 07:02:50,276 - INFO - 
[13] ->  Microsoft (MSFT)
2025-11-26 07:02:50,385 - INFO - Got 189 days of data
2025-11-26 07:02:50,398 - INFO - 
[14] ->  Cardinal Health (CAH)
2025-11-26 07:02:50,529 - INFO - Got 189 days of data
2025-11-26 07:02:50,542 - INFO - 
[15] ->  Chevron (CVX)
2025-11-26 07:02:50,721 - INFO - Got 189 days of data
2025-11-26 07:02:50,734 - INFO - 
[16] ->  Cigna (CI)
2025-11-26 07:02:50,929 - INFO - Got 189 days of data
2025-11-26 07:02:50,941 - INFO - 
[17] ->  Ford Motor (F)
2025-11-26 07:02:51,084 - INFO - Got 189 days of data
2025-11-26 07:02:51,097 - INFO - 
[18] ->  Bank Of America (BAC)
2025-11-26 07:02:51,239 - INFO - Got 189 days of data
2025-11-26 07:02:51,251 - INFO - 
[19] ->  General Motors (GM)
2025-11-26 07:02:51,345 - INFO - Got 189 days of data
2025-11-26 07:02:51,358 - INFO - 
[20] ->  Elevance Health (ELV)
2025-11-26 07:02:51,454 - INFO - Got 189 days of data
2025-11-26 07:02:51,467 - INFO - 
[21] ->  Citigroup (C)
2025-11-26 07:02:51,599 - INFO - Got 189 days of data
2025-11-26 07:02:51,612 - INFO - 
[22] ->  Centene (CNC)
2025-11-26 07:02:51,696 - INFO - Got 189 days of data
2025-11-26 07:02:51,709 - INFO - 
[23] ->  Home Depot (HD)
2025-11-26 07:02:51,837 - INFO - Got 189 days of data
2025-11-26 07:02:51,850 - INFO - 
[24] ->  Marathon Petroleum (MPC)
2025-11-26 07:02:51,953 - INFO - Got 189 days of data
2025-11-26 07:02:51,966 - INFO - 
[25] ->  Kroger (KR)
2025-11-26 07:02:52,272 - INFO - Got 189 days of data
2025-11-26 07:02:52,285 - INFO - 
[26] ->  Phillips 66 (PSX)
2025-11-26 07:02:52,395 - INFO - Got 189 days of data
2025-11-26 07:02:52,408 - INFO - 
[27] ->  Fannie Mae (FNMA)
2025-11-26 07:02:52,518 - INFO - Got 189 days of data
2025-11-26 07:02:52,531 - INFO - 
[29] ->  Valero Energy (VLO)
2025-11-26 07:02:52,667 - INFO - Got 189 days of data
2025-11-26 07:02:52,680 - INFO - 
[30] ->  Meta Platforms (META)
2025-11-26 07:02:52,767 - INFO - Got 189 days of data
2025-11-26 07:02:52,780 - INFO - 
[31] ->  Verizon Communications (VZ)
2025-11-26 07:02:52,945 - INFO - Got 189 days of data
2025-11-26 07:02:52,958 - INFO - 
[32] ->  At&T (ATT.L)
2025-11-26 07:02:53,041 - INFO - Got 190 days of data
2025-11-26 07:02:53,054 - INFO - 
[33] ->  Comcast (CMCSA)
2025-11-26 07:02:53,176 - INFO - Got 189 days of data
2025-11-26 07:02:53,188 - INFO - 
[34] ->  Wells Fargo (WFC)
2025-11-26 07:02:53,411 - INFO - Got 189 days of data
2025-11-26 07:02:53,422 - INFO - 
[35] ->  Goldman Sachs Group (GS)
2025-11-26 07:02:53,540 - INFO - Got 189 days of data
2025-11-26 07:02:53,552 - INFO - 
[36] ->  Freddie Mac (FMCC)
2025-11-26 07:02:53,656 - INFO - Got 189 days of data
2025-11-26 07:02:53,667 - INFO - 
[37] ->  Target (TGT)
2025-11-26 07:02:53,801 - INFO - Got 189 days of data
2025-11-26 07:02:53,814 - INFO - 
[38] ->  Humana (HUM.ST)
2025-11-26 07:02:53,921 - INFO - Got 188 days of data
2025-11-26 07:02:53,934 - INFO - 
[40] ->  Tesla (TSLA)
2025-11-26 07:02:54,056 - INFO - Got 189 days of data
2025-11-26 07:02:54,067 - INFO - 
[41] ->  Morgan Stanley (MS)
2025-11-26 07:02:54,212 - INFO - Got 189 days of data
2025-11-26 07:02:54,225 - INFO - 
[42] ->  Johnson & Johnson (JNJ)
2025-11-26 07:02:54,413 - INFO - Got 189 days of data
2025-11-26 07:02:54,425 - INFO - 
[43] ->  Archer Daniels Midland (ADM)
2025-11-26 07:02:54,574 - INFO - Got 189 days of data
2025-11-26 07:02:54,587 - INFO - 
[44] ->  Pepsico (PEP)
2025-11-26 07:02:54,735 - INFO - Got 189 days of data
2025-11-26 07:02:54,748 - INFO - 
[45] ->  United Parcel Service (UPS)
2025-11-26 07:02:54,877 - INFO - Got 189 days of data
2025-11-26 07:02:54,890 - INFO - 
[46] ->  Fedex (FDX)
2025-11-26 07:02:55,001 - INFO - Got 189 days of data
2025-11-26 07:02:55,014 - INFO - 
[47] ->  Walt Disney (DIS)
2025-11-26 07:02:55,168 - INFO - Got 189 days of data
2025-11-26 07:02:55,181 - INFO - 
[48] ->  Dell Technologies (DELL)
2025-11-26 07:02:55,579 - INFO - Got 189 days of data
2025-11-26 07:02:55,592 - INFO - 
[49] ->  Lowe'S (X1G.PA)
2025-11-26 07:02:55,683 - INFO - Got 192 days of data
2025-11-26 07:02:55,696 - INFO - 
[50] ->  Procter & Gamble (PG)
2025-11-26 07:02:55,858 - INFO - Got 189 days of data
2025-11-26 07:02:55,871 - INFO - 
[51] ->  Energy Transfer (ET)
2025-11-26 07:02:55,973 - INFO - Got 189 days of data
2025-11-26 07:02:55,986 - INFO - 
[52] ->  Boeing (BA)
2025-11-26 07:02:56,131 - INFO - Got 189 days of data
2025-11-26 07:02:56,143 - INFO - 
[53] ->  Albertsons (ACI)
2025-11-26 07:02:56,234 - INFO - Got 189 days of data
2025-11-26 07:02:56,247 - INFO - 
[54] ->  Sysco (SYY)
2025-11-26 07:02:56,397 - INFO - Got 189 days of data
2025-11-26 07:02:56,410 - INFO - 
[55] ->  Rtx (RTX)
2025-11-26 07:02:56,575 - INFO - Got 189 days of data
2025-11-26 07:02:56,588 - INFO - 
[56] ->  General Electric (GE)
2025-11-26 07:02:56,767 - INFO - Got 189 days of data
2025-11-26 07:02:56,780 - INFO - 
[57] ->  Lockheed Martin (LMT)
2025-11-26 07:02:56,997 - INFO - Got 189 days of data
2025-11-26 07:02:57,010 - INFO - 
[58] ->  American Express (AXP)
2025-11-26 07:02:57,142 - INFO - Got 189 days of data
2025-11-26 07:02:57,155 - INFO - 
[59] ->  Caterpillar (CAT)
2025-11-26 07:02:57,317 - INFO - Got 189 days of data
2025-11-26 07:02:57,330 - INFO - 
[60] ->  Metlife (MET)
2025-11-26 07:02:57,450 - INFO - Got 189 days of data
2025-11-26 07:02:57,463 - INFO - 
[61] ->  Hca Healthcare (HCA)
2025-11-26 07:02:57,556 - INFO - Got 189 days of data
2025-11-26 07:02:57,568 - INFO - 
[62] ->  Progressive (PGR)
2025-11-26 07:02:57,698 - INFO - Got 189 days of data
2025-11-26 07:02:57,710 - INFO - 
[63] ->  Ibm (IBM)
2025-11-26 07:02:57,881 - INFO - Got 189 days of data
2025-11-26 07:02:57,894 - INFO - 
[64] ->  Deere (DE)
2025-11-26 07:02:58,027 - INFO - Got 189 days of data
2025-11-26 07:02:58,040 - INFO - 
[65] ->  Nvidia (NVDA)
2025-11-26 07:02:58,142 - INFO - Got 189 days of data
2025-11-26 07:02:58,154 - INFO - 
[66] ->  Stonex Group (SNEX)
2025-11-26 07:02:58,233 - INFO - Got 189 days of data
2025-11-26 07:02:58,246 - INFO - 
[67] ->  Merck (MRK)
2025-11-26 07:02:58,416 - INFO - Got 189 days of data
2025-11-26 07:02:58,427 - INFO - 
[68] ->  Conocophillips (COP)
2025-11-26 07:02:58,562 - INFO - Got 189 days of data
2025-11-26 07:02:58,573 - INFO - 
[69] ->  Pfizer (PFIZER.NS)
2025-11-26 07:02:58,669 - INFO - Got 184 days of data
2025-11-26 07:02:58,682 - INFO - 
[70] ->  Delta Air Lines (DAL)
2025-11-26 07:02:58,783 - INFO - Got 189 days of data
2025-11-26 07:02:58,796 - INFO - 
[71] ->  Td Synnex (SNX)
2025-11-26 07:02:58,888 - INFO - Got 189 days of data
2025-11-26 07:02:58,901 - INFO - 
[73] ->  Allstate (ALL)
2025-11-26 07:02:59,111 - INFO - Got 189 days of data
2025-11-26 07:02:59,124 - INFO - 
[74] ->  Cisco Systems (CSCO)
2025-11-26 07:02:59,220 - INFO - Got 189 days of data
2025-11-26 07:02:59,232 - INFO - 
[75] ->  Nationwide (NATWIDE.KL)
2025-11-26 07:02:59,826 - INFO - No data available
2025-11-26 07:02:59,827 - INFO - 
[76] ->  Charter Communications (CHTR)
2025-11-26 07:02:59,909 - INFO - Got 189 days of data
2025-11-26 07:02:59,922 - INFO - 
[77] ->  Abbvie (ABBV)
2025-11-26 07:03:00,015 - INFO - Got 189 days of data
2025-11-26 07:03:00,028 - INFO - 
[78] ->  New York Life Insurance (601336.SS)
2025-11-26 07:03:00,128 - INFO - Got 182 days of data
2025-11-26 07:03:00,141 - INFO - 
[79] ->  Intel (INTC)
2025-11-26 07:03:00,274 - INFO - Got 189 days of data
2025-11-26 07:03:00,287 - INFO - 
[80] ->  Tjx (TJX)
2025-11-26 07:03:00,428 - INFO - Got 189 days of data
2025-11-26 07:03:00,441 - INFO - 
[81] ->  Prudential Financial (PRU)
2025-11-26 07:03:00,550 - INFO - Got 189 days of data
2025-11-26 07:03:00,563 - INFO - 
[83] ->  United Airlines Holdings (UAL)
2025-11-26 07:03:00,643 - INFO - Got 189 days of data
2025-11-26 07:03:00,655 - INFO - 
[84] ->  Performance Food Group (PFGC)
2025-11-26 07:03:00,733 - INFO - Got 189 days of data
2025-11-26 07:03:00,745 - INFO - 
[85] ->  Tyson Foods (TSN)
2025-11-26 07:03:00,877 - INFO - Got 189 days of data
2025-11-26 07:03:00,890 - INFO - 
[86] ->  American Airlines Group (AAL)
2025-11-26 07:03:00,969 - INFO - Got 189 days of data
2025-11-26 07:03:00,982 - INFO - 
[87] ->  Liberty Mutual Insurance Group (LFG.AX)
2025-11-26 07:03:01,068 - INFO - Got 191 days of data
2025-11-26 07:03:01,079 - INFO - 
[88] ->  Nike (NKE)
2025-11-26 07:03:01,213 - INFO - Got 189 days of data
2025-11-26 07:03:01,225 - INFO - 
[89] ->  Oracle (ORCL)
2025-11-26 07:03:01,329 - INFO - Got 189 days of data
2025-11-26 07:03:01,342 - INFO - 
[90] ->  Enterprise Products Partners (EPD)
2025-11-26 07:03:01,458 - INFO - Got 189 days of data
2025-11-26 07:03:01,471 - INFO - 
[91] ->  Capital One Financial (COF)
2025-11-26 07:03:01,593 - INFO - Got 189 days of data
2025-11-26 07:03:01,606 - INFO - 
[92] ->  Plains Gp Holdings (PAGP)
2025-11-26 07:03:01,730 - INFO - Got 189 days of data
2025-11-26 07:03:01,741 - INFO - 
[93] ->  World Kinect (WKC)
2025-11-26 07:03:01,858 - INFO - Got 189 days of data
2025-11-26 07:03:01,871 - INFO - 
[94] ->  Aig (AIG)
2025-11-26 07:03:02,075 - INFO - Got 189 days of data
2025-11-26 07:03:02,088 - INFO - 
[95] ->  Coca-Cola (COLA.WA)
2025-11-26 07:03:02,261 - INFO - Got 15 days of data
2025-11-26 07:03:02,274 - INFO - 
[96] ->  Tiaa (TILIX)
2025-11-26 07:03:02,382 - INFO - Got 189 days of data
2025-11-26 07:03:02,395 - INFO - 
[97] ->  Chs (CHS.V)
2025-11-26 07:03:02,469 - INFO - Got 188 days of data
2025-11-26 07:03:02,482 - INFO - 
[99] ->  Dow (DOW)
2025-11-26 07:03:02,646 - INFO - Got 189 days of data
2025-11-26 07:03:02,658 - INFO - 
[100] ->  Best Buy (BBY)
2025-11-26 07:03:02,789 - INFO - Got 189 days of data
2025-11-26 07:03:02,801 - INFO - Historic stocks data collected
2025-11-26 07:03:02,802 - INFO - 
============================================================
2025-11-26 07:03:02,802 - INFO - Fetching HISTORICAL data for 2025
2025-11-26 07:03:02,802 - INFO - Period: 2025-01-01 to 2025-05-20
2025-11-26 07:03:02,804 - INFO - total companies with tickers: 96
2025-11-26 07:03:02,812 - INFO - found 238 days already saved
2025-11-26 07:03:02,812 - INFO - 
[1] ->  Walmart (WMT)
2025-11-26 07:03:02,958 - INFO - Got 94 days of data
2025-11-26 07:03:02,971 - INFO - 
[2] ->  Amazon (AMZN)
2025-11-26 07:03:03,048 - INFO - Got 94 days of data
2025-11-26 07:03:03,061 - INFO - 
[3] ->  UnitedHealth (UNH)
2025-11-26 07:03:03,183 - INFO - Got 94 days of data
2025-11-26 07:03:03,196 - INFO - 
[4] ->  Apple (APLE)
2025-11-26 07:03:03,285 - INFO - Got 94 days of data
2025-11-26 07:03:03,298 - INFO - 
[5] ->  CVS Health (CVS)
2025-11-26 07:03:03,422 - INFO - Got 94 days of data
2025-11-26 07:03:03,434 - INFO - 
[6] ->  Berkshire Hathaway (BRK.A)
2025-11-26 07:03:04,251 - INFO - No data available
2025-11-26 07:03:04,251 - INFO - 
[7] ->  Alphabet (GOOGL)
2025-11-26 07:03:04,337 - INFO - Got 94 days of data
2025-11-26 07:03:04,350 - INFO - 
[8] ->  Exxon Mobil (XOM)
2025-11-26 07:03:04,495 - INFO - Got 94 days of data
2025-11-26 07:03:04,508 - INFO - 
[9] ->  McKesson (MCK)
2025-11-26 07:03:04,696 - INFO - Got 94 days of data
2025-11-26 07:03:04,709 - INFO - 
[10] ->  Cencora (COR)
2025-11-26 07:03:04,815 - INFO - Got 94 days of data
2025-11-26 07:03:04,827 - INFO - 
[11] ->  JPMorgan Chase (JPM)
2025-11-26 07:03:04,973 - INFO - Got 94 days of data
2025-11-26 07:03:04,984 - INFO - 
[12] ->  Costco (COST)
2025-11-26 07:03:05,098 - INFO - Got 94 days of data
2025-11-26 07:03:05,111 - INFO - 
[13] ->  Cigna (CI)
2025-11-26 07:03:05,235 - INFO - Got 94 days of data
2025-11-26 07:03:05,247 - INFO - 
[14] ->  Microsoft (MSFT)
2025-11-26 07:03:05,349 - INFO - Got 94 days of data
2025-11-26 07:03:05,362 - INFO - 
[15] ->  Cardinal Health (CAH)
2025-11-26 07:03:05,535 - INFO - Got 94 days of data
2025-11-26 07:03:05,548 - INFO - 
[16] ->  Chevron (CVX)
2025-11-26 07:03:05,712 - INFO - Got 94 days of data
2025-11-26 07:03:05,724 - INFO - 
[17] ->  Bank of America (BAC)
2025-11-26 07:03:05,866 - INFO - Got 94 days of data
2025-11-26 07:03:05,877 - INFO - 
[18] ->  General Motors (GM)
2025-11-26 07:03:05,982 - INFO - Got 94 days of data
2025-11-26 07:03:05,994 - INFO - 
[19] ->  Ford Motor (F)
2025-11-26 07:03:06,161 - INFO - Got 94 days of data
2025-11-26 07:03:06,174 - INFO - 
[20] ->  Elevance Health (ELV)
2025-11-26 07:03:06,303 - INFO - Got 94 days of data
2025-11-26 07:03:06,316 - INFO - 
[21] ->  Citi (CITI.NE)
2025-11-26 07:03:06,398 - INFO - Got 95 days of data
2025-11-26 07:03:06,410 - INFO - 
[22] ->  Meta (META)
2025-11-26 07:03:06,490 - INFO - Got 94 days of data
2025-11-26 07:03:06,503 - INFO - 
[23] ->  Centene (CNC)
2025-11-26 07:03:06,606 - INFO - Got 94 days of data
2025-11-26 07:03:06,619 - INFO - 
[24] ->  Home Depot (HD)
2025-11-26 07:03:06,742 - INFO - Got 94 days of data
2025-11-26 07:03:06,755 - INFO - 
[25] ->  Fannie Mae (FNMA)
2025-11-26 07:03:06,863 - INFO - Got 94 days of data
2025-11-26 07:03:06,876 - INFO - 
[27] ->  Kroger (KR)
2025-11-26 07:03:07,223 - INFO - Got 94 days of data
2025-11-26 07:03:07,236 - INFO - 
[28] ->  Phillips 66 (PSX)
2025-11-26 07:03:07,344 - INFO - Got 94 days of data
2025-11-26 07:03:07,355 - INFO - 
[29] ->  Marathon Petroleum (MPC)
2025-11-26 07:03:07,461 - INFO - Got 94 days of data
2025-11-26 07:03:07,474 - INFO - 
[30] ->  Verizon (VZ)
2025-11-26 07:03:07,601 - INFO - Got 94 days of data
2025-11-26 07:03:07,614 - INFO - 
[31] ->  Nvidia (NVDA)
2025-11-26 07:03:07,713 - INFO - Got 94 days of data
2025-11-26 07:03:07,726 - INFO - 
[32] ->  Goldman Sachs (GSBD)
2025-11-26 07:03:07,883 - INFO - Got 94 days of data
2025-11-26 07:03:07,896 - INFO - 
[33] ->  Wells Fargo (WFC)
2025-11-26 07:03:08,104 - INFO - Got 94 days of data
2025-11-26 07:03:08,117 - INFO - 
[34] ->  Valero Energy (VLO)
2025-11-26 07:03:08,227 - INFO - Got 94 days of data
2025-11-26 07:03:08,240 - INFO - 
[35] ->  Comcast (CMCSA)
2025-11-26 07:03:08,366 - INFO - Got 94 days of data
2025-11-26 07:03:08,379 - INFO - 
[36] ->  State Farm (ALL)
2025-11-26 07:03:08,492 - INFO - Got 94 days of data
2025-11-26 07:03:08,505 - INFO - 
[37] ->  AT&T (ATT.L)
2025-11-26 07:03:08,583 - INFO - Got 95 days of data
2025-11-26 07:03:08,596 - INFO - 
[38] ->  Freddie Mac (FMCC)
2025-11-26 07:03:08,769 - INFO - Got 94 days of data
2025-11-26 07:03:08,782 - INFO - 
[39] ->  Humana (HUM.ST)
2025-11-26 07:03:08,879 - INFO - Got 94 days of data
2025-11-26 07:03:08,892 - INFO - 
[40] ->  Morgan Stanley (MS)
2025-11-26 07:03:09,022 - INFO - Got 94 days of data
2025-11-26 07:03:09,034 - INFO - 
[41] ->  Target (TGT)
2025-11-26 07:03:09,170 - INFO - Got 94 days of data
2025-11-26 07:03:09,183 - INFO - 
[42] ->  StoneX (SNEX)
2025-11-26 07:03:09,265 - INFO - Got 94 days of data
2025-11-26 07:03:09,277 - INFO - 
[43] ->  Tesla (TSLA)
2025-11-26 07:03:09,360 - INFO - Got 94 days of data
2025-11-26 07:03:09,372 - INFO - 
[44] ->  Dell Technologies (DELL)
2025-11-26 07:03:09,470 - INFO - Got 94 days of data
2025-11-26 07:03:09,483 - INFO - 
[45] ->  PepsiCo (PEP)
2025-11-26 07:03:09,654 - INFO - Got 94 days of data
2025-11-26 07:03:09,667 - INFO - 
[46] ->  Walt Disney (DIS)
2025-11-26 07:03:09,892 - INFO - Got 94 days of data
2025-11-26 07:03:09,903 - INFO - 
[47] ->  UPS (UPS)
2025-11-26 07:03:10,030 - INFO - Got 94 days of data
2025-11-26 07:03:10,042 - INFO - 
[48] ->  Johnson & Johnson (JNJ)
2025-11-26 07:03:10,239 - INFO - Got 94 days of data
2025-11-26 07:03:10,250 - INFO - 
[49] ->  FedEx (FDX)
2025-11-26 07:03:10,388 - INFO - Got 94 days of data
2025-11-26 07:03:10,400 - INFO - 
[50] ->  Archer Daniels Midland (ADM)
2025-11-26 07:03:10,532 - INFO - Got 94 days of data
2025-11-26 07:03:10,545 - INFO - 
[51] ->  Procter & Gamble (PG)
2025-11-26 07:03:10,721 - INFO - Got 94 days of data
2025-11-26 07:03:10,734 - INFO - 
[52] ->  Lowe's (X1G.PA)
2025-11-26 07:03:10,811 - INFO - Got 95 days of data
2025-11-26 07:03:10,824 - INFO - 
[53] ->  Energy Transfer (ET)
2025-11-26 07:03:10,961 - INFO - Got 94 days of data
2025-11-26 07:03:10,971 - INFO - 
[54] ->  RTX (RTX)
2025-11-26 07:03:11,149 - INFO - Got 94 days of data
2025-11-26 07:03:11,161 - INFO - 
[55] ->  Albertsons (ACI)
2025-11-26 07:03:11,255 - INFO - Got 94 days of data
2025-11-26 07:03:11,268 - INFO - 
[56] ->  Sysco (SYY)
2025-11-26 07:03:11,397 - INFO - Got 94 days of data
2025-11-26 07:03:11,410 - INFO - 
[57] ->  Progressive (PGR)
2025-11-26 07:03:11,530 - INFO - Got 94 days of data
2025-11-26 07:03:11,543 - INFO - 
[58] ->  American Express (AXP)
2025-11-26 07:03:11,696 - INFO - Got 94 days of data
2025-11-26 07:03:11,709 - INFO - 
[59] ->  Lockheed Martin (LMT)
2025-11-26 07:03:11,889 - INFO - Got 94 days of data
2025-11-26 07:03:11,902 - INFO - 
[60] ->  MetLife (MET)
2025-11-26 07:03:12,018 - INFO - Got 94 days of data
2025-11-26 07:03:12,031 - INFO - 
[61] ->  HCA Healthcare (HCA)
2025-11-26 07:03:12,124 - INFO - Got 94 days of data
2025-11-26 07:03:12,134 - INFO - 
[62] ->  Prudential Financial (PRU)
2025-11-26 07:03:12,233 - INFO - Got 94 days of data
2025-11-26 07:03:12,246 - INFO - 
[63] ->  Boeing (BA)
2025-11-26 07:03:12,399 - INFO - Got 94 days of data
2025-11-26 07:03:12,412 - INFO - 
[64] ->  Caterpillar (CAT)
2025-11-26 07:03:12,583 - INFO - Got 94 days of data
2025-11-26 07:03:12,596 - INFO - 
[65] ->  Merck (MRK)
2025-11-26 07:03:12,818 - INFO - Got 94 days of data
2025-11-26 07:03:12,831 - INFO - 
[66] ->  Allstate (ALL)
2025-11-26 07:03:12,838 - INFO - Got 94 days of data
2025-11-26 07:03:12,851 - INFO - 
[67] ->  Pfizer (PFIZER.NS)
2025-11-26 07:03:12,953 - INFO - Got 93 days of data
2025-11-26 07:03:12,966 - INFO - 
[68] ->  IBM (IBM)
2025-11-26 07:03:13,140 - INFO - Got 94 days of data
2025-11-26 07:03:13,153 - INFO - 
[69] ->  New York Life Insurance (601336.SS)
2025-11-26 07:03:13,253 - INFO - Got 88 days of data
2025-11-26 07:03:13,265 - INFO - 
[70] ->  Delta Airlines (DAL)
2025-11-26 07:03:13,368 - INFO - Got 94 days of data
2025-11-26 07:03:13,381 - INFO - 
[72] ->  Nationwide (NATWIDE.KL)
2025-11-26 07:03:13,755 - INFO - No data available
2025-11-26 07:03:13,756 - INFO - 
[73] ->  TD Synnex (SNX)
2025-11-26 07:03:13,845 - INFO - Got 94 days of data
2025-11-26 07:03:13,858 - INFO - 
[74] ->  United Airlines (UAL)
2025-11-26 07:03:13,933 - INFO - Got 94 days of data
2025-11-26 07:03:13,946 - INFO - 
[75] ->  ConocoPhillips (COP)
2025-11-26 07:03:14,076 - INFO - Got 94 days of data
2025-11-26 07:03:14,088 - INFO - 
[76] ->  TJX (TJX)
2025-11-26 07:03:14,312 - INFO - Got 94 days of data
2025-11-26 07:03:14,325 - INFO - 
[77] ->  AbbVie (ABBV)
2025-11-26 07:03:14,445 - INFO - Got 94 days of data
2025-11-26 07:03:14,457 - INFO - 
[78] ->  Enterprise Products Partners (EPD)
2025-11-26 07:03:14,566 - INFO - Got 94 days of data
2025-11-26 07:03:14,579 - INFO - 
[79] ->  Charter Communications (CHTR)
2025-11-26 07:03:14,658 - INFO - Got 94 days of data
2025-11-26 07:03:14,671 - INFO - 
[80] ->  Performance Food (PFGC)
2025-11-26 07:03:14,747 - INFO - Got 94 days of data
2025-11-26 07:03:14,760 - INFO - 
[81] ->  American Airlines (AAL)
2025-11-26 07:03:14,889 - INFO - Got 94 days of data
2025-11-26 07:03:14,902 - INFO - 
[82] ->  Capital One (VALC.TA)
2025-11-26 07:03:15,669 - INFO - No data available
2025-11-26 07:03:15,669 - INFO - 
[83] ->  Cisco Systems (CSCO)
2025-11-26 07:03:15,762 - INFO - Got 94 days of data
2025-11-26 07:03:15,774 - INFO - 
[84] ->  HP (HP)
2025-11-26 07:03:15,910 - INFO - Got 94 days of data
2025-11-26 07:03:15,922 - INFO - 
[85] ->  Tyson Foods (TSN)
2025-11-26 07:03:16,066 - INFO - Got 94 days of data
2025-11-26 07:03:16,079 - INFO - 
[86] ->  Intel (INTC)
2025-11-26 07:03:16,217 - INFO - Got 94 days of data
2025-11-26 07:03:16,230 - INFO - 
[87] ->  Oracle (ORCL)
2025-11-26 07:03:16,340 - INFO - Got 94 days of data
2025-11-26 07:03:16,353 - INFO - 
[88] ->  Broadcom (AVGO)
2025-11-26 07:03:16,522 - INFO - Got 94 days of data
2025-11-26 07:03:16,534 - INFO - 
[89] ->  Deere (DE)
2025-11-26 07:03:16,678 - INFO - Got 94 days of data
2025-11-26 07:03:16,689 - INFO - 
[90] ->  Nike (NKE)
2025-11-26 07:03:16,806 - INFO - Got 94 days of data
2025-11-26 07:03:16,819 - INFO - 
[92] ->  Plains GP (PAGP)
2025-11-26 07:03:16,921 - INFO - Got 94 days of data
2025-11-26 07:03:16,933 - INFO - 
[93] ->  USAA (UIPMX)
2025-11-26 07:03:17,037 - INFO - Got 94 days of data
2025-11-26 07:03:17,048 - INFO - 
[95] ->  Ingram Micro (INGM)
2025-11-26 07:03:17,128 - INFO - Got 94 days of data
2025-11-26 07:03:17,141 - INFO - 
[96] ->  General Dynamics (GD)
2025-11-26 07:03:17,310 - INFO - Got 94 days of data
2025-11-26 07:03:17,323 - INFO - 
[97] ->  Coca-Cola (COLA.WA)
2025-11-26 07:03:17,412 - INFO - Got 59 days of data
2025-11-26 07:03:17,425 - INFO - 
[98] ->  TIAA (TILIX)
2025-11-26 07:03:17,602 - INFO - Got 94 days of data
2025-11-26 07:03:17,615 - INFO - 
[99] ->  Travelers (TRV)
2025-11-26 07:03:17,724 - INFO - Got 94 days of data
2025-11-26 07:03:17,737 - INFO - 
[100] ->  Eli Lilly (LLY)
2025-11-26 07:03:17,944 - INFO - Got 94 days of data
2025-11-26 07:03:17,957 - INFO - Historic stocks data collected
2025-11-26 07:03:17,958 - INFO - 
============================================================
2025-11-26 07:03:17,958 - INFO - Creating HISTORICAL company metadata
2025-11-26 07:03:17,958 - INFO - Years: 2024 to 2025
2025-11-26 07:03:17,959 - INFO - 
2024: Metadata already exists — skipping
2025-11-26 07:03:17,959 - INFO - 
2025: Metadata already exists — skipping
2025-11-26 07:03:17,959 - INFO - 
Metadata creation completed
2025-11-26 07:03:17,959 - INFO - 
============================================================
2025-11-26 07:03:17,959 - INFO - Creating HISTORICAL macro data
2025-11-26 07:03:17,959 - INFO - Years: 2024 to 2025
2025-11-26 07:03:17,959 - INFO - 
2024: already exists — skipping
2025-11-26 07:03:17,959 - INFO - 
2025: already exists — skipping
2025-11-26 07:03:17,959 - INFO - 
Macro data creation complete
2025-11-26 07:03:17,959 - INFO - 
============================================================
2025-11-26 07:03:17,959 - INFO - Fetching HISTORICAL exchange rates (USD-INR) from FRED
2025-11-26 07:03:17,959 - INFO - Years: 2024 to 2025
2025-11-26 07:03:17,959 - INFO - 
2024: Already exists — skipping
2025-11-26 07:03:17,959 - INFO - 
2025: Already exists — skipping
2025-11-26 07:03:17,959 - INFO - 
Exchange rate data complete
2025-11-26 07:03:17,960 - INFO - Starting merge process
2025-11-26 07:03:17,960 - INFO - Mode: Historical
2025-11-26 07:03:17,960 - INFO - Date range: 2024-04-02 to 2025-05-20
2025-11-26 07:03:17,960 - INFO - Execution dir: /Users/shalinitata/Desktop/stocks/Execution/2025/11/26/07:03
2025-11-26 07:03:17,960 - INFO - 
============================================================
2025-11-26 07:03:17,960 - INFO - Processing BASE TABLE (stocks_raw)
2025-11-26 07:03:17,960 - INFO - Processing stocks_raw (BASE TABLE)
2025-11-26 07:03:17,961 - INFO - Read 91 rows from 2025/03/03/stocks.csv
2025-11-26 07:03:17,962 - INFO - Read 92 rows from 2025/03/04/stocks.csv
2025-11-26 07:03:17,963 - INFO - Read 92 rows from 2025/03/05/stocks.csv
2025-11-26 07:03:17,964 - INFO - Read 92 rows from 2025/03/20/stocks.csv
2025-11-26 07:03:17,965 - INFO - Read 92 rows from 2025/03/18/stocks.csv
2025-11-26 07:03:17,966 - INFO - Read 92 rows from 2025/03/27/stocks.csv
2025-11-26 07:03:17,967 - INFO - Read 91 rows from 2025/03/11/stocks.csv
2025-11-26 07:03:17,968 - INFO - Read 92 rows from 2025/03/28/stocks.csv
2025-11-26 07:03:17,968 - INFO - Read 92 rows from 2025/03/17/stocks.csv
2025-11-26 07:03:17,969 - INFO - Read 92 rows from 2025/03/10/stocks.csv
2025-11-26 07:03:17,970 - INFO - Read 92 rows from 2025/03/19/stocks.csv
2025-11-26 07:03:17,970 - INFO - Read 92 rows from 2025/03/26/stocks.csv
2025-11-26 07:03:17,971 - INFO - Read 92 rows from 2025/03/21/stocks.csv
2025-11-26 07:03:17,971 - INFO - Read 92 rows from 2025/03/07/stocks.csv
2025-11-26 07:03:17,972 - INFO - Read 91 rows from 2025/03/31/stocks.csv
2025-11-26 07:03:17,973 - INFO - Read 92 rows from 2025/03/06/stocks.csv
2025-11-26 07:03:17,974 - INFO - Read 92 rows from 2025/03/24/stocks.csv
2025-11-26 07:03:17,974 - INFO - Read 92 rows from 2025/03/12/stocks.csv
2025-11-26 07:03:17,975 - INFO - Read 92 rows from 2025/03/13/stocks.csv
2025-11-26 07:03:17,975 - INFO - Read 91 rows from 2025/03/14/stocks.csv
2025-11-26 07:03:17,976 - INFO - Read 92 rows from 2025/03/25/stocks.csv
2025-11-26 07:03:17,976 - INFO - Read 92 rows from 2025/04/03/stocks.csv
2025-11-26 07:03:17,977 - INFO - Read 91 rows from 2025/04/04/stocks.csv
2025-11-26 07:03:17,977 - INFO - Read 92 rows from 2025/04/02/stocks.csv
2025-11-26 07:03:17,978 - INFO - Read 1 rows from 2025/04/18/stocks.csv
2025-11-26 07:03:17,978 - INFO - Read 92 rows from 2025/04/11/stocks.csv
2025-11-26 07:03:17,979 - INFO - Read 92 rows from 2025/04/29/stocks.csv
2025-11-26 07:03:17,979 - INFO - Read 91 rows from 2025/04/16/stocks.csv
2025-11-26 07:03:17,980 - INFO - Read 92 rows from 2025/04/28/stocks.csv
2025-11-26 07:03:17,981 - INFO - Read 91 rows from 2025/04/17/stocks.csv
2025-11-26 07:03:17,982 - INFO - Read 91 rows from 2025/04/10/stocks.csv
2025-11-26 07:03:17,982 - INFO - Read 88 rows from 2025/04/21/stocks.csv
2025-11-26 07:03:17,983 - INFO - Read 92 rows from 2025/04/07/stocks.csv
2025-11-26 07:03:17,983 - INFO - Read 91 rows from 2025/04/09/stocks.csv
2025-11-26 07:03:17,983 - INFO - Read 91 rows from 2025/04/30/stocks.csv
2025-11-26 07:03:17,984 - INFO - Read 91 rows from 2025/04/08/stocks.csv
2025-11-26 07:03:17,984 - INFO - Read 92 rows from 2025/04/01/stocks.csv
2025-11-26 07:03:17,985 - INFO - Read 91 rows from 2025/04/24/stocks.csv
2025-11-26 07:03:17,985 - INFO - Read 92 rows from 2025/04/23/stocks.csv
2025-11-26 07:03:17,986 - INFO - Read 91 rows from 2025/04/15/stocks.csv
2025-11-26 07:03:17,986 - INFO - Read 90 rows from 2025/04/14/stocks.csv
2025-11-26 07:03:17,986 - INFO - Read 92 rows from 2025/04/22/stocks.csv
2025-11-26 07:03:17,987 - INFO - Read 92 rows from 2025/04/25/stocks.csv
2025-11-26 07:03:17,988 - INFO - Read 90 rows from 2025/05/05/stocks.csv
2025-11-26 07:03:17,988 - INFO - Read 90 rows from 2025/05/02/stocks.csv
2025-11-26 07:03:17,989 - INFO - Read 91 rows from 2025/05/20/stocks.csv
2025-11-26 07:03:17,989 - INFO - Read 92 rows from 2025/05/16/stocks.csv
2025-11-26 07:03:17,989 - INFO - Read 90 rows from 2025/05/19/stocks.csv
2025-11-26 07:03:17,990 - INFO - Read 91 rows from 2025/05/07/stocks.csv
2025-11-26 07:03:17,990 - INFO - Read 92 rows from 2025/05/09/stocks.csv
2025-11-26 07:03:17,991 - INFO - Read 91 rows from 2025/05/08/stocks.csv
2025-11-26 07:03:17,991 - INFO - Read 87 rows from 2025/05/01/stocks.csv
2025-11-26 07:03:17,991 - INFO - Read 91 rows from 2025/05/06/stocks.csv
2025-11-26 07:03:17,992 - INFO - Read 92 rows from 2025/05/15/stocks.csv
2025-11-26 07:03:17,992 - INFO - Read 92 rows from 2025/05/12/stocks.csv
2025-11-26 07:03:17,993 - INFO - Read 92 rows from 2025/05/13/stocks.csv
2025-11-26 07:03:17,993 - INFO - Read 92 rows from 2025/05/14/stocks.csv
2025-11-26 07:03:17,994 - INFO - Read 91 rows from 2025/02/03/stocks.csv
2025-11-26 07:03:17,994 - INFO - Read 90 rows from 2025/02/04/stocks.csv
2025-11-26 07:03:17,995 - INFO - Read 91 rows from 2025/02/05/stocks.csv
2025-11-26 07:03:17,995 - INFO - Read 92 rows from 2025/02/20/stocks.csv
2025-11-26 07:03:17,996 - INFO - Read 91 rows from 2025/02/18/stocks.csv
2025-11-26 07:03:17,996 - INFO - Read 92 rows from 2025/02/27/stocks.csv
2025-11-26 07:03:17,996 - INFO - Read 92 rows from 2025/02/11/stocks.csv
2025-11-26 07:03:17,997 - INFO - Read 91 rows from 2025/02/28/stocks.csv
2025-11-26 07:03:17,997 - INFO - Read 5 rows from 2025/02/17/stocks.csv
2025-11-26 07:03:17,998 - INFO - Read 92 rows from 2025/02/10/stocks.csv
2025-11-26 07:03:17,998 - INFO - Read 91 rows from 2025/02/19/stocks.csv
2025-11-26 07:03:17,998 - INFO - Read 91 rows from 2025/02/26/stocks.csv
2025-11-26 07:03:17,999 - INFO - Read 91 rows from 2025/02/21/stocks.csv
2025-11-26 07:03:17,999 - INFO - Read 92 rows from 2025/02/07/stocks.csv
2025-11-26 07:03:17,999 - INFO - Read 1 rows from 2025/02/01/stocks.csv
2025-11-26 07:03:18,000 - INFO - Read 91 rows from 2025/02/06/stocks.csv
2025-11-26 07:03:18,000 - INFO - Read 91 rows from 2025/02/24/stocks.csv
2025-11-26 07:03:18,001 - INFO - Read 92 rows from 2025/02/12/stocks.csv
2025-11-26 07:03:18,001 - INFO - Read 91 rows from 2025/02/13/stocks.csv
2025-11-26 07:03:18,001 - INFO - Read 91 rows from 2025/02/14/stocks.csv
2025-11-26 07:03:18,002 - INFO - Read 91 rows from 2025/02/25/stocks.csv
2025-11-26 07:03:18,002 - INFO - Read 91 rows from 2025/01/03/stocks.csv
2025-11-26 07:03:18,003 - INFO - Read 92 rows from 2025/01/02/stocks.csv
2025-11-26 07:03:18,003 - INFO - Read 6 rows from 2025/01/20/stocks.csv
2025-11-26 07:03:18,003 - INFO - Read 92 rows from 2025/01/27/stocks.csv
2025-11-26 07:03:18,004 - INFO - Read 90 rows from 2025/01/29/stocks.csv
2025-11-26 07:03:18,004 - INFO - Read 92 rows from 2025/01/16/stocks.csv
2025-11-26 07:03:18,005 - INFO - Read 91 rows from 2025/01/28/stocks.csv
2025-11-26 07:03:18,005 - INFO - Read 91 rows from 2025/01/17/stocks.csv
2025-11-26 07:03:18,005 - INFO - Read 92 rows from 2025/01/10/stocks.csv
2025-11-26 07:03:18,006 - INFO - Read 91 rows from 2025/01/21/stocks.csv
2025-11-26 07:03:18,006 - INFO - Read 92 rows from 2025/01/07/stocks.csv
2025-11-26 07:03:18,006 - INFO - Read 7 rows from 2025/01/09/stocks.csv
2025-11-26 07:03:18,007 - INFO - Read 90 rows from 2025/01/31/stocks.csv
2025-11-26 07:03:18,007 - INFO - Read 91 rows from 2025/01/30/stocks.csv
2025-11-26 07:03:18,007 - INFO - Read 92 rows from 2025/01/08/stocks.csv
2025-11-26 07:03:18,008 - INFO - Read 1 rows from 2025/01/01/stocks.csv
2025-11-26 07:03:18,008 - INFO - Read 90 rows from 2025/01/06/stocks.csv
2025-11-26 07:03:18,008 - INFO - Read 92 rows from 2025/01/24/stocks.csv
2025-11-26 07:03:18,009 - INFO - Read 91 rows from 2025/01/23/stocks.csv
2025-11-26 07:03:18,009 - INFO - Read 91 rows from 2025/01/15/stocks.csv
2025-11-26 07:03:18,010 - INFO - Read 92 rows from 2025/01/13/stocks.csv
2025-11-26 07:03:18,010 - INFO - Read 92 rows from 2025/01/14/stocks.csv
2025-11-26 07:03:18,011 - INFO - Read 92 rows from 2025/01/22/stocks.csv
2025-11-26 07:03:18,011 - INFO - Read 92 rows from 2024/04/03/stocks.csv
2025-11-26 07:03:18,012 - INFO - Read 91 rows from 2024/04/04/stocks.csv
2025-11-26 07:03:18,012 - INFO - Read 91 rows from 2024/04/05/stocks.csv
2025-11-26 07:03:18,012 - INFO - Read 92 rows from 2024/04/02/stocks.csv
2025-11-26 07:03:18,013 - INFO - Read 92 rows from 2024/04/18/stocks.csv
2025-11-26 07:03:18,013 - INFO - Read 91 rows from 2024/04/11/stocks.csv
2025-11-26 07:03:18,013 - INFO - Read 92 rows from 2024/04/29/stocks.csv
2025-11-26 07:03:18,014 - INFO - Read 92 rows from 2024/04/16/stocks.csv
2025-11-26 07:03:18,014 - INFO - Read 91 rows from 2024/04/17/stocks.csv
2025-11-26 07:03:18,014 - INFO - Read 92 rows from 2024/04/10/stocks.csv
2025-11-26 07:03:18,015 - INFO - Read 92 rows from 2024/04/19/stocks.csv
2025-11-26 07:03:18,015 - INFO - Read 92 rows from 2024/04/26/stocks.csv
2025-11-26 07:03:18,015 - INFO - Read 92 rows from 2024/04/09/stocks.csv
2025-11-26 07:03:18,016 - INFO - Read 92 rows from 2024/04/30/stocks.csv
2025-11-26 07:03:18,016 - INFO - Read 92 rows from 2024/04/08/stocks.csv
2025-11-26 07:03:18,016 - INFO - Read 92 rows from 2024/04/24/stocks.csv
2025-11-26 07:03:18,017 - INFO - Read 92 rows from 2024/04/23/stocks.csv
2025-11-26 07:03:18,017 - INFO - Read 92 rows from 2024/04/15/stocks.csv
2025-11-26 07:03:18,017 - INFO - Read 92 rows from 2024/04/12/stocks.csv
2025-11-26 07:03:18,018 - INFO - Read 92 rows from 2024/04/22/stocks.csv
2025-11-26 07:03:18,018 - INFO - Read 91 rows from 2024/04/25/stocks.csv
2025-11-26 07:03:18,019 - INFO - Read 91 rows from 2024/05/03/stocks.csv
2025-11-26 07:03:18,019 - INFO - Read 91 rows from 2024/05/02/stocks.csv
2025-11-26 07:03:18,020 - INFO - Read 90 rows from 2024/05/20/stocks.csv
2025-11-26 07:03:18,020 - INFO - Read 6 rows from 2024/05/27/stocks.csv
2025-11-26 07:03:18,020 - INFO - Read 92 rows from 2024/05/29/stocks.csv
2025-11-26 07:03:18,021 - INFO - Read 92 rows from 2024/05/16/stocks.csv
2025-11-26 07:03:18,021 - INFO - Read 92 rows from 2024/05/28/stocks.csv
2025-11-26 07:03:18,021 - INFO - Read 92 rows from 2024/05/17/stocks.csv
2025-11-26 07:03:18,022 - INFO - Read 92 rows from 2024/05/10/stocks.csv
2025-11-26 07:03:18,022 - INFO - Read 92 rows from 2024/05/21/stocks.csv
2025-11-26 07:03:18,022 - INFO - Read 92 rows from 2024/05/07/stocks.csv
2025-11-26 07:03:18,023 - INFO - Read 91 rows from 2024/05/09/stocks.csv
2025-11-26 07:03:18,023 - INFO - Read 92 rows from 2024/05/31/stocks.csv
2025-11-26 07:03:18,023 - INFO - Read 92 rows from 2024/05/30/stocks.csv
2025-11-26 07:03:18,024 - INFO - Read 92 rows from 2024/05/08/stocks.csv
2025-11-26 07:03:18,024 - INFO - Read 88 rows from 2024/05/01/stocks.csv
2025-11-26 07:03:18,024 - INFO - Read 91 rows from 2024/05/06/stocks.csv
2025-11-26 07:03:18,025 - INFO - Read 92 rows from 2024/05/24/stocks.csv
2025-11-26 07:03:18,025 - INFO - Read 92 rows from 2024/05/23/stocks.csv
2025-11-26 07:03:18,025 - INFO - Read 92 rows from 2024/05/15/stocks.csv
2025-11-26 07:03:18,026 - INFO - Read 92 rows from 2024/05/13/stocks.csv
2025-11-26 07:03:18,026 - INFO - Read 92 rows from 2024/05/14/stocks.csv
2025-11-26 07:03:18,026 - INFO - Read 92 rows from 2024/05/22/stocks.csv
2025-11-26 07:03:18,027 - INFO - Read 92 rows from 2024/11/04/stocks.csv
2025-11-26 07:03:18,027 - INFO - Read 92 rows from 2024/11/05/stocks.csv
2025-11-26 07:03:18,027 - INFO - Read 91 rows from 2024/11/20/stocks.csv
2025-11-26 07:03:18,028 - INFO - Read 92 rows from 2024/11/18/stocks.csv
2025-11-26 07:03:18,028 - INFO - Read 92 rows from 2024/11/27/stocks.csv
2025-11-26 07:03:18,028 - INFO - Read 92 rows from 2024/11/11/stocks.csv
2025-11-26 07:03:18,029 - INFO - Read 92 rows from 2024/11/29/stocks.csv
2025-11-26 07:03:18,029 - INFO - Read 7 rows from 2024/11/28/stocks.csv
2025-11-26 07:03:18,029 - INFO - Read 92 rows from 2024/11/19/stocks.csv
2025-11-26 07:03:18,029 - INFO - Read 92 rows from 2024/11/26/stocks.csv
2025-11-26 07:03:18,030 - INFO - Read 92 rows from 2024/11/21/stocks.csv
2025-11-26 07:03:18,030 - INFO - Read 92 rows from 2024/11/07/stocks.csv
2025-11-26 07:03:18,030 - INFO - Read 92 rows from 2024/11/08/stocks.csv
2025-11-26 07:03:18,031 - INFO - Read 92 rows from 2024/11/01/stocks.csv
2025-11-26 07:03:18,031 - INFO - Read 92 rows from 2024/11/06/stocks.csv
2025-11-26 07:03:18,031 - INFO - Read 91 rows from 2024/11/15/stocks.csv
2025-11-26 07:03:18,032 - INFO - Read 92 rows from 2024/11/12/stocks.csv
2025-11-26 07:03:18,032 - INFO - Read 92 rows from 2024/11/13/stocks.csv
2025-11-26 07:03:18,032 - INFO - Read 92 rows from 2024/11/14/stocks.csv
2025-11-26 07:03:18,033 - INFO - Read 92 rows from 2024/11/22/stocks.csv
2025-11-26 07:03:18,033 - INFO - Read 92 rows from 2024/11/25/stocks.csv
2025-11-26 07:03:18,033 - INFO - Read 91 rows from 2024/10/03/stocks.csv
2025-11-26 07:03:18,034 - INFO - Read 91 rows from 2024/10/04/stocks.csv
2025-11-26 07:03:18,034 - INFO - Read 90 rows from 2024/10/02/stocks.csv
2025-11-26 07:03:18,034 - INFO - Read 92 rows from 2024/10/18/stocks.csv
2025-11-26 07:03:18,035 - INFO - Read 92 rows from 2024/10/11/stocks.csv
2025-11-26 07:03:18,035 - INFO - Read 92 rows from 2024/10/29/stocks.csv
2025-11-26 07:03:18,035 - INFO - Read 92 rows from 2024/10/16/stocks.csv
2025-11-26 07:03:18,036 - INFO - Read 92 rows from 2024/10/28/stocks.csv
2025-11-26 07:03:18,036 - INFO - Read 92 rows from 2024/10/17/stocks.csv
2025-11-26 07:03:18,036 - INFO - Read 92 rows from 2024/10/10/stocks.csv
2025-11-26 07:03:18,037 - INFO - Read 92 rows from 2024/10/21/stocks.csv
2025-11-26 07:03:18,037 - INFO - Read 91 rows from 2024/10/07/stocks.csv
2025-11-26 07:03:18,037 - INFO - Read 92 rows from 2024/10/09/stocks.csv
2025-11-26 07:03:18,037 - INFO - Read 92 rows from 2024/10/31/stocks.csv
2025-11-26 07:03:18,038 - INFO - Read 92 rows from 2024/10/30/stocks.csv
2025-11-26 07:03:18,038 - INFO - Read 92 rows from 2024/10/08/stocks.csv
2025-11-26 07:03:18,038 - INFO - Read 91 rows from 2024/10/01/stocks.csv
2025-11-26 07:03:18,039 - INFO - Read 92 rows from 2024/10/24/stocks.csv
2025-11-26 07:03:18,039 - INFO - Read 92 rows from 2024/10/23/stocks.csv
2025-11-26 07:03:18,039 - INFO - Read 92 rows from 2024/10/15/stocks.csv
2025-11-26 07:03:18,040 - INFO - Read 91 rows from 2024/10/14/stocks.csv
2025-11-26 07:03:18,040 - INFO - Read 92 rows from 2024/10/22/stocks.csv
2025-11-26 07:03:18,040 - INFO - Read 92 rows from 2024/10/25/stocks.csv
2025-11-26 07:03:18,040 - INFO - Read 92 rows from 2024/07/03/stocks.csv
2025-11-26 07:03:18,041 - INFO - Read 7 rows from 2024/07/04/stocks.csv
2025-11-26 07:03:18,041 - INFO - Read 92 rows from 2024/07/05/stocks.csv
2025-11-26 07:03:18,041 - INFO - Read 92 rows from 2024/07/02/stocks.csv
2025-11-26 07:03:18,042 - INFO - Read 92 rows from 2024/07/18/stocks.csv
2025-11-26 07:03:18,042 - INFO - Read 92 rows from 2024/07/11/stocks.csv
2025-11-26 07:03:18,042 - INFO - Read 92 rows from 2024/07/29/stocks.csv
2025-11-26 07:03:18,043 - INFO - Read 92 rows from 2024/07/16/stocks.csv
2025-11-26 07:03:18,043 - INFO - Read 91 rows from 2024/07/17/stocks.csv
2025-11-26 07:03:18,043 - INFO - Read 92 rows from 2024/07/10/stocks.csv
2025-11-26 07:03:18,044 - INFO - Read 92 rows from 2024/07/19/stocks.csv
2025-11-26 07:03:18,044 - INFO - Read 92 rows from 2024/07/26/stocks.csv
2025-11-26 07:03:18,044 - INFO - Read 92 rows from 2024/07/09/stocks.csv
2025-11-26 07:03:18,045 - INFO - Read 92 rows from 2024/07/31/stocks.csv
2025-11-26 07:03:18,045 - INFO - Read 92 rows from 2024/07/30/stocks.csv
2025-11-26 07:03:18,045 - INFO - Read 92 rows from 2024/07/08/stocks.csv
2025-11-26 07:03:18,045 - INFO - Read 91 rows from 2024/07/01/stocks.csv
2025-11-26 07:03:18,046 - INFO - Read 92 rows from 2024/07/24/stocks.csv
2025-11-26 07:03:18,046 - INFO - Read 92 rows from 2024/07/23/stocks.csv
2025-11-26 07:03:18,046 - INFO - Read 92 rows from 2024/07/15/stocks.csv
2025-11-26 07:03:18,047 - INFO - Read 92 rows from 2024/07/12/stocks.csv
2025-11-26 07:03:18,047 - INFO - Read 92 rows from 2024/07/22/stocks.csv
2025-11-26 07:03:18,047 - INFO - Read 92 rows from 2024/07/25/stocks.csv
2025-11-26 07:03:18,047 - INFO - Read 92 rows from 2024/09/03/stocks.csv
2025-11-26 07:03:18,048 - INFO - Read 92 rows from 2024/09/04/stocks.csv
2025-11-26 07:03:18,048 - INFO - Read 92 rows from 2024/09/05/stocks.csv
2025-11-26 07:03:18,048 - INFO - Read 6 rows from 2024/09/02/stocks.csv
2025-11-26 07:03:18,049 - INFO - Read 92 rows from 2024/09/20/stocks.csv
2025-11-26 07:03:18,049 - INFO - Read 92 rows from 2024/09/18/stocks.csv
2025-11-26 07:03:18,049 - INFO - Read 92 rows from 2024/09/27/stocks.csv
2025-11-26 07:03:18,050 - INFO - Read 92 rows from 2024/09/11/stocks.csv
2025-11-26 07:03:18,050 - INFO - Read 91 rows from 2024/09/16/stocks.csv
2025-11-26 07:03:18,050 - INFO - Read 91 rows from 2024/09/17/stocks.csv
2025-11-26 07:03:18,050 - INFO - Read 92 rows from 2024/09/10/stocks.csv
2025-11-26 07:03:18,051 - INFO - Read 92 rows from 2024/09/19/stocks.csv
2025-11-26 07:03:18,051 - INFO - Read 92 rows from 2024/09/26/stocks.csv
2025-11-26 07:03:18,052 - INFO - Read 92 rows from 2024/09/09/stocks.csv
2025-11-26 07:03:18,052 - INFO - Read 92 rows from 2024/09/30/stocks.csv
2025-11-26 07:03:18,052 - INFO - Read 92 rows from 2024/09/06/stocks.csv
2025-11-26 07:03:18,052 - INFO - Read 92 rows from 2024/09/24/stocks.csv
2025-11-26 07:03:18,053 - INFO - Read 92 rows from 2024/09/23/stocks.csv
2025-11-26 07:03:18,053 - INFO - Read 92 rows from 2024/09/12/stocks.csv
2025-11-26 07:03:18,053 - INFO - Read 92 rows from 2024/09/13/stocks.csv
2025-11-26 07:03:18,053 - INFO - Read 92 rows from 2024/09/25/stocks.csv
2025-11-26 07:03:18,054 - INFO - Read 91 rows from 2024/08/05/stocks.csv
2025-11-26 07:03:18,054 - INFO - Read 92 rows from 2024/08/02/stocks.csv
2025-11-26 07:03:18,055 - INFO - Read 92 rows from 2024/08/20/stocks.csv
2025-11-26 07:03:18,055 - INFO - Read 92 rows from 2024/08/27/stocks.csv
2025-11-26 07:03:18,056 - INFO - Read 92 rows from 2024/08/29/stocks.csv
2025-11-26 07:03:18,056 - INFO - Read 92 rows from 2024/08/16/stocks.csv
2025-11-26 07:03:18,056 - INFO - Read 92 rows from 2024/08/28/stocks.csv
2025-11-26 07:03:18,056 - INFO - Read 92 rows from 2024/08/19/stocks.csv
2025-11-26 07:03:18,057 - INFO - Read 91 rows from 2024/08/26/stocks.csv
2025-11-26 07:03:18,057 - INFO - Read 92 rows from 2024/08/21/stocks.csv
2025-11-26 07:03:18,057 - INFO - Read 92 rows from 2024/08/07/stocks.csv
2025-11-26 07:03:18,057 - INFO - Read 92 rows from 2024/08/09/stocks.csv
2025-11-26 07:03:18,058 - INFO - Read 92 rows from 2024/08/30/stocks.csv
2025-11-26 07:03:18,058 - INFO - Read 92 rows from 2024/08/08/stocks.csv
2025-11-26 07:03:18,058 - INFO - Read 92 rows from 2024/08/01/stocks.csv
2025-11-26 07:03:18,059 - INFO - Read 92 rows from 2024/08/06/stocks.csv
2025-11-26 07:03:18,059 - INFO - Read 92 rows from 2024/08/23/stocks.csv
2025-11-26 07:03:18,059 - INFO - Read 91 rows from 2024/08/15/stocks.csv
2025-11-26 07:03:18,060 - INFO - Read 92 rows from 2024/08/12/stocks.csv
2025-11-26 07:03:18,060 - INFO - Read 92 rows from 2024/08/13/stocks.csv
2025-11-26 07:03:18,060 - INFO - Read 92 rows from 2024/08/14/stocks.csv
2025-11-26 07:03:18,061 - INFO - Read 92 rows from 2024/08/22/stocks.csv
2025-11-26 07:03:18,061 - INFO - Read 92 rows from 2024/06/03/stocks.csv
2025-11-26 07:03:18,061 - INFO - Read 92 rows from 2024/06/04/stocks.csv
2025-11-26 07:03:18,061 - INFO - Read 92 rows from 2024/06/05/stocks.csv
2025-11-26 07:03:18,062 - INFO - Read 92 rows from 2024/06/20/stocks.csv
2025-11-26 07:03:18,062 - INFO - Read 92 rows from 2024/06/18/stocks.csv
2025-11-26 07:03:18,062 - INFO - Read 92 rows from 2024/06/27/stocks.csv
2025-11-26 07:03:18,063 - INFO - Read 92 rows from 2024/06/11/stocks.csv
2025-11-26 07:03:18,063 - INFO - Read 92 rows from 2024/06/28/stocks.csv
2025-11-26 07:03:18,063 - INFO - Read 91 rows from 2024/06/17/stocks.csv
2025-11-26 07:03:18,063 - INFO - Read 90 rows from 2024/06/10/stocks.csv
2025-11-26 07:03:18,064 - INFO - Read 7 rows from 2024/06/19/stocks.csv
2025-11-26 07:03:18,064 - INFO - Read 92 rows from 2024/06/26/stocks.csv
2025-11-26 07:03:18,064 - INFO - Read 91 rows from 2024/06/21/stocks.csv
2025-11-26 07:03:18,065 - INFO - Read 92 rows from 2024/06/07/stocks.csv
2025-11-26 07:03:18,065 - INFO - Read 91 rows from 2024/06/06/stocks.csv
2025-11-26 07:03:18,065 - INFO - Read 92 rows from 2024/06/24/stocks.csv
2025-11-26 07:03:18,066 - INFO - Read 92 rows from 2024/06/12/stocks.csv
2025-11-26 07:03:18,066 - INFO - Read 92 rows from 2024/06/13/stocks.csv
2025-11-26 07:03:18,066 - INFO - Read 92 rows from 2024/06/14/stocks.csv
2025-11-26 07:03:18,066 - INFO - Read 92 rows from 2024/06/25/stocks.csv
2025-11-26 07:03:18,067 - INFO - Read 93 rows from 2024/12/03/stocks.csv
2025-11-26 07:03:18,067 - INFO - Read 93 rows from 2024/12/04/stocks.csv
2025-11-26 07:03:18,067 - INFO - Read 93 rows from 2024/12/05/stocks.csv
2025-11-26 07:03:18,068 - INFO - Read 92 rows from 2024/12/02/stocks.csv
2025-11-26 07:03:18,068 - INFO - Read 92 rows from 2024/12/20/stocks.csv
2025-11-26 07:03:18,068 - INFO - Read 93 rows from 2024/12/18/stocks.csv
2025-11-26 07:03:18,069 - INFO - Read 93 rows from 2024/12/27/stocks.csv
2025-11-26 07:03:18,069 - INFO - Read 92 rows from 2024/12/11/stocks.csv
2025-11-26 07:03:18,069 - INFO - Read 93 rows from 2024/12/16/stocks.csv
2025-11-26 07:03:18,069 - INFO - Read 93 rows from 2024/12/17/stocks.csv
2025-11-26 07:03:18,070 - INFO - Read 93 rows from 2024/12/10/stocks.csv
2025-11-26 07:03:18,070 - INFO - Read 93 rows from 2024/12/19/stocks.csv
2025-11-26 07:03:18,070 - INFO - Read 87 rows from 2024/12/26/stocks.csv
2025-11-26 07:03:18,071 - INFO - Read 93 rows from 2024/12/09/stocks.csv
2025-11-26 07:03:18,071 - INFO - Read 93 rows from 2024/12/30/stocks.csv
2025-11-26 07:03:18,071 - INFO - Read 93 rows from 2024/12/06/stocks.csv
2025-11-26 07:03:18,071 - INFO - Read 91 rows from 2024/12/24/stocks.csv
2025-11-26 07:03:18,072 - INFO - Read 93 rows from 2024/12/23/stocks.csv
2025-11-26 07:03:18,072 - INFO - Read 93 rows from 2024/12/12/stocks.csv
2025-11-26 07:03:18,072 - INFO - Read 93 rows from 2024/12/13/stocks.csv
2025-11-26 07:03:18,073 - INFO - Read 1 rows from 2024/12/25/stocks.csv
2025-11-26 07:03:18,116 - INFO - Merged 26095 rows for stocks_raw
2025-11-26 07:03:21,624 - INFO - validation complete for stocks_raw: valid=26095, invalid=0
2025-11-26 07:03:21,834 - INFO - Valid: 26095, Invalid: 0
2025-11-26 07:03:21,846 - INFO - Table stocks_raw created
2025-11-26 07:03:23,704 - INFO - Inserted 26095 rows into stocks_raw
2025-11-26 07:03:23,705 - INFO - Loaded 26095 rows to stocks_raw
2025-11-26 07:03:23,706 - INFO - Base table established with 26095 records
2025-11-26 07:03:23,706 - INFO - Found 103 unique tickers: 601336.SS, AAL, AAPL, ABBV, ACI, ADM, AIG, ALL, AMZN, APLE, ATT.L, AVGO, AXP, BA, BAC, BBY, C, CAH, CAT, CHS.V, CHTR, CI, CITI.NE, CMCSA, CNC, COF, COLA.WA, COP, COR, COST, CSCO, CVS, CVX, DAL, DE, DELL, DIS, DOW, ELV, EPD, ET, F, FDX, FMCC, FNMA, GD, GE, GM, GOOGL, GS, GSBD, HCA, HD, HP, HUM.ST, IBM, INGM, INTC, JNJ, JPM, KR, LFG.AX, LLY, LMT, MCK, MET, META, MPC, MRK, MS, MSFT, NKE, NVDA, ORCL, PAGP, PEP, PFGC, PFIZER.NS, PG, PGR, PRU, PSX, RTX, SNEX, SNX, SYY, TGT, TILIX, TJX, TRV, TSLA, TSN, UAL, UIPMX, UNH, UPS, VLO, VZ, WFC, WKC, WMT, X1G.PA, XOM
2025-11-26 07:03:23,706 - INFO - 
============================================================
2025-11-26 07:03:23,706 - INFO - Processing DEPENDENT TABLES
2025-11-26 07:03:23,707 - INFO - Processing company_metadata
2025-11-26 07:03:23,707 - INFO - Read 93 rows from 2025/company_details.csv
2025-11-26 07:03:23,708 - INFO - Read 93 rows from 2024/company_details.csv
2025-11-26 07:03:23,709 - INFO - Merged 186 rows for company_metadata
2025-11-26 07:03:23,719 - INFO - validation complete for company_metadata: valid=186, invalid=0
2025-11-26 07:03:23,721 - INFO - Removed 88 duplicate records based on rank
2025-11-26 07:03:23,722 - INFO - Valid: 98, Invalid: 0
2025-11-26 07:03:23,724 - INFO - Table company_metadata created successfully
2025-11-26 07:03:23,724 - ERROR - failed to insert row 4: {'rank': 5, 'company': 'CVS Health', 'industry': 'Health Care: Pharmacy and Other Services', 'revenue': '$372,800,000,000', 'employees': '259,500', 'ticker': 'CVS', 'marketCap': 99053813760.0, 'sector': 'Healthcare', 'country': 'United States', 'exchange': 'NYQ', 'currency': 'USD'}
2025-11-26 07:03:23,724 - ERROR - failed bcoz: could not convert string to float: '$372,800,000,000'
2025-11-26 07:03:23,724 - ERROR - failed to insert row 25: {'rank': 28, 'company': 'Phillips 66', 'industry': 'Petroleum Refining', 'revenue': '$145,500,000,000', 'employees': '13,200', 'ticker': 'PSX', 'marketCap': 54039494656.0, 'sector': 'Energy', 'country': 'United States', 'exchange': 'NYQ', 'currency': 'USD'}
2025-11-26 07:03:23,724 - ERROR - failed bcoz: could not convert string to float: '$145,500,000,000'
2025-11-26 07:03:23,725 - ERROR - failed to insert row 36: {'rank': 39, 'company': 'Humana', 'industry': 'Health Care: Insurance and Managed Care', 'revenue': '$117,800,000,000', 'employees': '65,700', 'ticker': 'HUM.ST', 'marketCap': 2288498688.0, 'sector': 'Healthcare', 'country': 'Sweden', 'exchange': 'STO', 'currency': 'SEK'}
2025-11-26 07:03:23,725 - ERROR - failed bcoz: could not convert string to float: '$117,800,000,000'
2025-11-26 07:03:23,725 - ERROR - failed to insert row 70: {'rank': 75, 'company': 'ConocoPhillips', 'industry': 'Mining, Crude-Oil Production', 'revenue': '$57,000,000,000', 'employees': '11,800', 'ticker': 'COP', 'marketCap': 109120094208.0, 'sector': 'Energy', 'country': 'United States', 'exchange': 'NYQ', 'currency': 'USD'}
2025-11-26 07:03:23,725 - ERROR - failed bcoz: could not convert string to float: '$57,000,000,000'
2025-11-26 07:03:23,725 - ERROR - failed to insert row 90: {'rank': 98, 'company': 'TIAA', 'industry': 'Insurance: Life, Health (Mutual)', 'revenue': '$46,900,000,000', 'employees': '15,600', 'ticker': 'TILIX', 'marketCap': 14876947456.0, 'sector': nan, 'country': nan, 'exchange': 'NAS', 'currency': 'USD'}
2025-11-26 07:03:23,725 - ERROR - failed bcoz: could not convert string to float: '$46,900,000,000'
2025-11-26 07:03:23,730 - INFO - successfully inserted 93/98 rows into company_metadata
2025-11-26 07:03:23,730 - INFO - Loaded 98 rows to company_metadata
2025-11-26 07:03:23,730 - INFO - company_metadata processed and linked to stocks_raw
2025-11-26 07:03:23,730 - INFO - 
============================================================
2025-11-26 07:03:23,730 - INFO - Processing INDEPENDENT TABLES
2025-11-26 07:03:23,731 - INFO - Processing exchange_rates
2025-11-26 07:03:23,731 - INFO - Read 219 rows from 2025.csv
2025-11-26 07:03:23,731 - INFO - Read 251 rows from 2024.csv
2025-11-26 07:03:23,732 - INFO - Merged 470 rows for exchange_rates
2025-11-26 07:03:23,787 - INFO - validation complete for exchange_rates: valid=470, invalid=0
2025-11-26 07:03:23,791 - INFO - Valid: 470, Invalid: 0
2025-11-26 07:03:23,796 - INFO - Table exchange_rates created
2025-11-26 07:03:23,837 - INFO - Inserted 470 rows into exchange_rates
2025-11-26 07:03:23,837 - INFO - Loaded 470 rows to exchange_rates
2025-11-26 07:03:23,837 - INFO - exchange_rates processed
2025-11-26 07:03:23,837 - INFO - Processing macro_raw
2025-11-26 07:03:23,838 - INFO - Read 4 rows from 2025.csv
2025-11-26 07:03:23,838 - INFO - Read 4 rows from 2024.csv
2025-11-26 07:03:23,839 - INFO - Merged 5 rows for macro_raw from Q2 2024 to Q2 2025
2025-11-26 07:03:23,839 - INFO - Years included: [np.int64(2024), np.int64(2025)]
2025-11-26 07:03:23,839 - INFO - Quarters included: ['2024-Q2', '2024-Q3', '2024-Q4', '2025-Q1', '2025-Q2']
2025-11-26 07:03:23,840 - INFO - validation complete for macro_raw: valid=5, invalid=0
2025-11-26 07:03:23,840 - INFO - Valid: 5, Invalid: 0
2025-11-26 07:03:23,843 - INFO - Table macro_raw created
2025-11-26 07:03:23,843 - INFO - Inserted 5 rows into macro_raw
2025-11-26 07:03:23,843 - INFO - Loaded 5 rows to macro_raw
2025-11-26 07:03:23,844 - INFO - macro_raw processed
2025-11-26 07:03:23,844 - INFO - 
============================================================
2025-11-26 07:03:23,844 - INFO - Processing SENTIMENT DATA
2025-11-26 07:03:23,844 - INFO - Processing sentiment
2025-11-26 07:03:23,844 - WARNING - No historical data available for sentiment - only live data exists
2025-11-26 07:03:23,844 - WARNING - sentiment not available
2025-11-26 07:03:23,844 - INFO - 
============================================================
2025-11-26 07:03:23,844 - INFO - KPI CALCULATIONS AND FACT TABLE GENERATION
2025-11-26 07:03:23,844 - INFO - Starting KPI calculations
2025-11-26 07:03:23,853 - INFO - Loaded stocks_raw: 26095 rows
2025-11-26 07:03:23,853 - INFO - Loaded macro_raw: 5 rows
2025-11-26 07:03:23,853 - INFO - Loaded company_metadata: 98 rows
2025-11-26 07:03:23,853 - INFO - Loaded exchange_rates: 470 rows
2025-11-26 07:03:23,854 - INFO - calculating stock_facts metrics...
2025-11-26 07:03:23,992 - INFO - stock facts calculated: 26095 rows
2025-11-26 07:03:23,992 - INFO - calculating macro_facts metrics...
2025-11-26 07:03:23,996 - INFO - Macro facts calculated: 5 rows
2025-11-26 07:03:23,996 - INFO - Creating sector_lookup...
2025-11-26 07:03:23,997 - INFO - Sector lookup created: 39 sectors
2025-11-26 07:03:23,997 - INFO - Calculating analytics_summary metrics...
2025-11-26 07:03:24,000 - INFO - avg_return stats - Mean: 0.0539, Min: -4.7619, Max: 2.0683, NaN count: 0
2025-11-26 07:03:24,003 - INFO - Calculating correlations for each ticker...
2025-11-26 07:03:24,006 - INFO - Computing correlations for 103 tickers...
2025-11-26 07:03:24,006 - INFO - Processing ticker 1/103: 601336.SS
2025-11-26 07:03:24,021 - INFO - Processing ticker 11/103: ATT.L
2025-11-26 07:03:24,035 - INFO - Processing ticker 21/103: CHTR
2025-11-26 07:03:24,047 - INFO - Processing ticker 31/103: CSCO
2025-11-26 07:03:24,061 - INFO - Processing ticker 41/103: ET
2025-11-26 07:03:24,073 - INFO - Processing ticker 51/103: GSBD
2025-11-26 07:03:24,086 - INFO - Processing ticker 61/103: KR
2025-11-26 07:03:24,099 - INFO - Processing ticker 71/103: MSFT
2025-11-26 07:03:24,112 - INFO - Processing ticker 81/103: PRU
2025-11-26 07:03:24,124 - INFO - Processing ticker 91/103: TSLA
2025-11-26 07:03:24,137 - INFO - Processing ticker 101/103: WMT
2025-11-26 07:03:24,141 - INFO - Correlation stats - GDP: 0.0059, Inflation: 0.0059, Currency: 0.0059
2025-11-26 07:03:24,144 - WARNING - No recession periods found in data - setting all recession_resilience_score to 0
2025-11-26 07:03:24,145 - INFO - Removed 25 duplicate analytics_summary records based on ticker-year-quarter
2025-11-26 07:03:24,145 - INFO - 
============================================================
2025-11-26 07:03:24,145 - INFO - ANALYTICS SUMMARY FINAL STATISTICS:
2025-11-26 07:03:24,145 - INFO - avg_return                     - Mean:   0.0539, Min:  -4.7619, Max:   2.0683, Zero%:   0.2%
2025-11-26 07:03:24,145 - INFO - avg_volatility                 - Mean:   2.0629, Min:   0.2833, Max:  17.1754, Zero%:   0.0%
2025-11-26 07:03:24,145 - INFO - correlation_gdp                - Mean:   0.0064, Min:  -0.0834, Max:   0.1262, Zero%:   3.9%
2025-11-26 07:03:24,145 - INFO - correlation_inflation          - Mean:   0.0064, Min:  -0.0834, Max:   0.1262, Zero%:   8.0%
2025-11-26 07:03:24,146 - INFO - currency_impact                - Mean:   0.0064, Min:  -0.0834, Max:   0.1262, Zero%:   1.1%
2025-11-26 07:03:24,146 - INFO - sector_rank                    - Mean:   2.2842, Min:   0.0000, Max:   8.0000, Zero%:   4.3%
2025-11-26 07:03:24,146 - INFO - sector_avg_return              - Mean:   0.0552, Min:  -1.5959, Max:   1.1472, Zero%:   0.0%
2025-11-26 07:03:24,146 - INFO - recession_resilience_score     - Mean:   0.0000, Min:   0.0000, Max:   0.0000, Zero%: 100.0%
2025-11-26 07:03:24,146 - INFO - ============================================================

2025-11-26 07:03:24,149 - INFO - Analytics summary calculated: 461 rows
2025-11-26 07:03:24,149 - INFO - 
============================================================
2025-11-26 07:03:24,149 - INFO - KPI calculations completed successfully
2025-11-26 07:03:24,149 - INFO - Generated files: stock_facts.csv, macro_facts.csv, sector_lookup.csv, analytics_summary.csv, pipeline_logs.csv
2025-11-26 07:03:24,150 - INFO - KPI calculations completed successfully
2025-11-26 07:03:24,157 - INFO - Table stock_facts created
2025-11-26 07:03:26,497 - INFO - Inserted 26095 rows into stock_facts
2025-11-26 07:03:26,499 - INFO - Loaded stock_facts to database
2025-11-26 07:03:26,501 - INFO - Table macro_facts created
2025-11-26 07:03:26,501 - INFO - Inserted 5 rows into macro_facts
2025-11-26 07:03:26,502 - INFO - Loaded macro_facts to database
2025-11-26 07:03:26,504 - INFO - Table sector_lookup created
2025-11-26 07:03:26,506 - INFO - Inserted 39 rows into sector_lookup
2025-11-26 07:03:26,506 - INFO - Loaded sector_lookup to database
2025-11-26 07:03:26,508 - INFO - Table analytics_summary created
2025-11-26 07:03:26,547 - INFO - Inserted 461 rows into analytics_summary
2025-11-26 07:03:26,547 - INFO - Loaded analytics_summary to database
2025-11-26 07:03:26,550 - INFO - 
============================================================
2025-11-26 07:03:26,550 - INFO - GENERATING REPORTS
2025-11-26 07:03:26,550 - INFO - Date Range: 2024-04-02 to 2025-05-20
2025-11-26 07:03:26,550 - INFO - ============================================================
2025-11-26 07:03:26,550 - INFO - 
================================================================================
2025-11-26 07:03:26,550 - INFO - REPORT GENERATION STARTED
2025-11-26 07:03:26,550 - INFO - Created directory: /Users/shalinitata/Desktop/stocks/Execution/2025/11/26/07:03/reports
2025-11-26 07:03:26,550 - INFO - 
============================================================
2025-11-26 07:03:26,550 - INFO - Generating Report 1: Annual Market Intelligence Report
2025-11-26 07:03:26,757 - INFO - Fetched 2 rows for yearly performance
2025-11-26 07:03:26,878 - INFO - Fetched 20 rows for company performance
2025-11-26 07:03:26,882 - INFO - Saved intermediate CSV: /Users/shalinitata/Desktop/stocks/Execution/2025/11/26/07:03/r1_yearly_performance.csv
2025-11-26 07:03:26,883 - INFO - Saved intermediate CSV: /Users/shalinitata/Desktop/stocks/Execution/2025/11/26/07:03/r1_company_performance.csv
2025-11-26 07:03:26,925 - INFO - saved PDF: /Users/shalinitata/Desktop/stocks/Execution/2025/11/26/07:03/reports/r1_annual_market_intelligence.pdf
2025-11-26 07:03:26,925 - INFO - Report 1 completed: {'csv': ['/Users/shalinitata/Desktop/stocks/Execution/2025/11/26/07:03/r1_yearly_performance.csv', '/Users/shalinitata/Desktop/stocks/Execution/2025/11/26/07:03/r1_company_performance.csv'], 'pdf': '/Users/shalinitata/Desktop/stocks/Execution/2025/11/26/07:03/reports/r1_annual_market_intelligence.pdf'}
2025-11-26 07:03:26,925 - INFO - 
============================================================
2025-11-26 07:03:26,925 - INFO - Generating Report 2: Sector Stability & Volatility Report
2025-11-26 07:03:26,929 - INFO - fetched 36 rows for sector metrics
2025-11-26 07:03:26,930 - INFO - saved intermediate CSV: /Users/shalinitata/Desktop/stocks/Execution/2025/11/26/07:03/r2_sector_stability.csv
2025-11-26 07:03:26,965 - INFO - saved Excel: /Users/shalinitata/Desktop/stocks/Execution/2025/11/26/07:03/reports/r2_sector_stability.xlsx
2025-11-26 07:03:26,986 - INFO - Saved PDF: /Users/shalinitata/Desktop/stocks/Execution/2025/11/26/07:03/reports/r2_sector_stability.pdf
2025-11-26 07:03:26,987 - INFO - Report 2 completed: {'csv': '/Users/shalinitata/Desktop/stocks/Execution/2025/11/26/07:03/r2_sector_stability.csv', 'excel': '/Users/shalinitata/Desktop/stocks/Execution/2025/11/26/07:03/reports/r2_sector_stability.xlsx', 'pdf': '/Users/shalinitata/Desktop/stocks/Execution/2025/11/26/07:03/reports/r2_sector_stability.pdf'}
2025-11-26 07:03:26,987 - INFO - 
============================================================
2025-11-26 07:03:26,987 - INFO - Generating Report 3: Cross-Market Analysis Report
2025-11-26 07:03:27,122 - INFO - Fetched 2 rows for yearly currency data
2025-11-26 07:03:27,123 - INFO - Fetched 20 rows for company currency data
2025-11-26 07:03:27,124 - INFO - saved intermediate CSV: /Users/shalinitata/Desktop/stocks/Execution/2025/11/26/07:03/r3_currency_yearly.csv
2025-11-26 07:03:27,124 - INFO - saved intermediate CSV: /Users/shalinitata/Desktop/stocks/Execution/2025/11/26/07:03/r3_company_currency.csv
2025-11-26 07:03:27,212 - INFO - saved PDF: /Users/shalinitata/Desktop/stocks/Execution/2025/11/26/07:03/reports/r3_cross_market.pdf
2025-11-26 07:03:27,212 - INFO - Report 3 completed: {'csv': ['/Users/shalinitata/Desktop/stocks/Execution/2025/11/26/07:03/r3_currency_yearly.csv', '/Users/shalinitata/Desktop/stocks/Execution/2025/11/26/07:03/r3_company_currency.csv'], 'pdf': '/Users/shalinitata/Desktop/stocks/Execution/2025/11/26/07:03/reports/r3_cross_market.pdf'}
2025-11-26 07:03:27,212 - INFO - 
============================================================
2025-11-26 07:03:27,212 - INFO - Generating Report 4: Forecasting & Prediction Summary
2025-11-26 07:03:27,215 - INFO - Fetched 5 rows for historical quarterly data
2025-11-26 07:03:27,216 - INFO - Fetched 172 rows for sector data
2025-11-26 07:03:27,218 - INFO - Calculating forecasts using moving average method...
2025-11-26 07:03:27,222 - INFO - Saved market forecast CSV: /Users/shalinitata/Desktop/stocks/Execution/2025/11/26/07:03/r4_market_forecast.csv
2025-11-26 07:03:27,223 - INFO - Saved sector forecast CSV: /Users/shalinitata/Desktop/stocks/Execution/2025/11/26/07:03/r4_sector_forecast.csv
2025-11-26 07:03:27,223 - INFO - Saved historical data CSV: /Users/shalinitata/Desktop/stocks/Execution/2025/11/26/07:03/r4_historical_data.csv
2025-11-26 07:03:27,249 - INFO - Saved PDF: /Users/shalinitata/Desktop/stocks/Execution/2025/11/26/07:03/reports/report4_forecasting.pdf
2025-11-26 07:03:27,250 - INFO - Report 4 completed: {'csv': ['/Users/shalinitata/Desktop/stocks/Execution/2025/11/26/07:03/r4_market_forecast.csv', '/Users/shalinitata/Desktop/stocks/Execution/2025/11/26/07:03/r4_sector_forecast.csv', '/Users/shalinitata/Desktop/stocks/Execution/2025/11/26/07:03/r4_historical_data.csv'], 'pdf': '/Users/shalinitata/Desktop/stocks/Execution/2025/11/26/07:03/reports/report4_forecasting.pdf', 'forecast_summary': {'avg_predicted_return': 0.08340177848880183, 'trend': 'Downward', 'quarters_forecasted': 4}}
2025-11-26 07:03:27,250 - INFO - 
================================================================================
2025-11-26 07:03:27,250 - INFO - REPORT GENERATION COMPLETED SUCCESSFULLY
2025-11-26 07:03:27,250 - INFO - 
================================================================================
2025-11-26 07:03:27,250 - INFO - Reports generated successfully
2025-11-26 07:03:27,250 - INFO - Reports saved to: /Users/shalinitata/Desktop/stocks/Execution/2025/11/26/07:03/reports

********** END OF LOG FILE **********
